#
# There is insufficient memory for the Java Runtime Environment to continue.
# Native memory allocation (mmap) failed to map 370147328 bytes. Error detail: G1 virtual space
# Possible reasons:
#   The system is out of physical RAM or swap space
#   This process is running with CompressedOops enabled, and the Java Heap may be blocking the growth of the native heap
# Possible solutions:
#   Reduce memory load on the system
#   Increase physical memory or swap space
#   Check if swap backing store is full
#   Decrease Java heap size (-Xmx/-Xms)
#   Decrease number of Java threads
#   Decrease Java thread stack sizes (-Xss)
#   Set larger code cache with -XX:ReservedCodeCacheSize=
#   JVM is running with Unscaled Compressed Oops mode in which the Java heap is
#     placed in the first 4GB address space. The Java Heap base address is the
#     maximum limit for the native heap growth. Please use -XX:HeapBaseMinAddress
#     to set the Java Heap base and to place the Java Heap above 4GB virtual address.
# This output file may be truncated or incomplete.
#
#  Out of Memory Error (os_windows.cpp:3830), pid=15604, tid=15628
#
# JRE version: OpenJDK Runtime Environment JBR-17.0.14+1-1367.22-nomod (17.0.14+1) (build 17.0.14+1-b1367.22)
# Java VM: OpenJDK 64-Bit Server VM JBR-17.0.14+1-1367.22-nomod (17.0.14+1-b1367.22, mixed mode, emulated-client, sharing, tiered, compressed oops, compressed class ptrs, g1 gc, windows-amd64)
# No core dump will be written. Minidumps are not enabled by default on client versions of Windows
#

---------------  S U M M A R Y ------------

Command Line: -XX:TieredStopAtLevel=1 -Dspring.output.ansi.enabled=always -Dcom.sun.management.jmxremote -Dspring.jmx.enabled=true -Dspring.liveBeansView.mbeanDomain -Dspring.application.admin.enabled=true -Dmanagement.endpoints.jmx.exposure.include=* -javaagent:C:\Program Files\JetBrains\IntelliJ IDEA 2024.3.2.1\lib\idea_rt.jar=62907:C:\Program Files\JetBrains\IntelliJ IDEA 2024.3.2.1\bin -Dfile.encoding=UTF-8 tn.esprit.projetintegre.ProjetIntegreApplication

Host: Intel(R) Core(TM) i5-8250U CPU @ 1.60GHz, 8 cores, 7G,  Windows 10 , 64 bit Build 19041 (10.0.19041.1348)
Time: Tue Mar  3 13:25:28 2026 Paris, Madrid elapsed time: 12.792520 seconds (0d 0h 0m 12s)

---------------  T H R E A D  ---------------

Current thread (0x00000223772e70e0):  VMThread "VM Thread" [stack: 0x000000491f100000,0x000000491f200000] [id=15628]

Stack: [0x000000491f100000,0x000000491f200000]
Native frames: (J=compiled Java code, j=interpreted, Vv=VM code, C=native code)
V  [jvm.dll+0x68b969]  os::platform_print_native_stack+0xd9  (os_windows_x86.cpp:235)
V  [jvm.dll+0x84572a]  VMError::report+0xc6a  (vmError.cpp:868)
V  [jvm.dll+0x8473ae]  VMError::report_and_die+0x78e  (vmError.cpp:1766)
V  [jvm.dll+0x847a13]  VMError::report_and_die+0x43  (vmError.cpp:1552)
V  [jvm.dll+0x24a83f]  report_vm_out_of_memory+0x8f  (debug.cpp:321)
V  [jvm.dll+0x688629]  os::pd_commit_memory_or_exit+0xc9  (os_windows.cpp:3838)
V  [jvm.dll+0x67cf3a]  os::commit_memory_or_exit+0x2a  (os.cpp:1768)
V  [jvm.dll+0x30b83b]  G1PageBasedVirtualSpace::commit+0x19b  (g1PageBasedVirtualSpace.cpp:204)
V  [jvm.dll+0x312d26]  G1RegionsLargerThanCommitSizeMapper::commit_regions+0x96  (g1RegionToSpaceMapper.cpp:100)
V  [jvm.dll+0x3630fe]  HeapRegionManager::expand_any+0xee  (heapRegionManager.cpp:363)
V  [jvm.dll+0x36333f]  HeapRegionManager::expand_by+0x7f  (heapRegionManager.cpp:380)
V  [jvm.dll+0x2e18cc]  G1CollectedHeap::expand+0xbc  (g1CollectedHeap.cpp:1292)
V  [jvm.dll+0x2dfc8f]  G1CollectedHeap::do_collection_pause_at_safepoint_helper+0x8bf  (g1CollectedHeap.cpp:3094)
V  [jvm.dll+0x2df3bc]  G1CollectedHeap::do_collection_pause_at_safepoint+0x5c  (g1CollectedHeap.cpp:2898)
V  [jvm.dll+0x323a7b]  VM_G1CollectForAllocation::doit+0x6b  (g1VMOperations.cpp:147)
V  [jvm.dll+0x84c11d]  VM_Operation::evaluate+0xfd  (vmOperations.cpp:73)
V  [jvm.dll+0x84ce62]  VMThread::evaluate_operation+0xd2  (vmThread.cpp:269)
V  [jvm.dll+0x84d38f]  VMThread::inner_execute+0x1af  (vmThread.cpp:417)
V  [jvm.dll+0x84d774]  VMThread::loop+0x254  (vmThread.cpp:481)
V  [jvm.dll+0x84d840]  VMThread::run+0x70  (vmThread.cpp:167)
V  [jvm.dll+0x7f3a1c]  Thread::call_run+0x8c  (thread.cpp:405)
V  [jvm.dll+0x68a7c7]  thread_native_entry+0x77  (os_windows.cpp:551)
C  [ucrtbase.dll+0x21bb2]
C  [KERNEL32.DLL+0x17034]
C  [ntdll.dll+0x52651]

VM_Operation (0x0000004920dfb940): G1CollectForAllocation, mode: safepoint, requested by thread 0x000002237c7428d0


---------------  P R O C E S S  ---------------

Threads class SMR info:
_java_thread_list=0x000002237ecc12c0, length=29, elements={
0x0000022369487f10, 0x00000223772ed040, 0x00000223772edec0, 0x00000223772fdf10,
0x00000223772fed90, 0x0000022377302b70, 0x0000022377308550, 0x0000022377308fc0,
0x00000223773099c0, 0x00000223772d2e90, 0x000002237764e390, 0x000002237764e8b0,
0x00000223779a9410, 0x000002237c0f69e0, 0x000002237c2de6b0, 0x000002237c2dfc10,
0x000002237c4ac6d0, 0x000002237c4b3ec0, 0x000002237c743d10, 0x000002237c7428d0,
0x000002237c7432f0, 0x000002237cf218c0, 0x000002237c745150, 0x000002237c742de0,
0x000002237c744c40, 0x000002237c744730, 0x000002237e43ad30, 0x000002237e43bc60,
0x000002237e43cb90
}

Java Threads: ( => current thread )
  0x0000022369487f10 JavaThread "main" [_thread_blocked, id=14852, stack(0x000000491eb00000,0x000000491ec00000)]
  0x00000223772ed040 JavaThread "Reference Handler" daemon [_thread_blocked, id=13888, stack(0x000000491f200000,0x000000491f300000)]
  0x00000223772edec0 JavaThread "Finalizer" daemon [_thread_blocked, id=16268, stack(0x000000491f300000,0x000000491f400000)]
  0x00000223772fdf10 JavaThread "Signal Dispatcher" daemon [_thread_blocked, id=788, stack(0x000000491f400000,0x000000491f500000)]
  0x00000223772fed90 JavaThread "Attach Listener" daemon [_thread_blocked, id=12568, stack(0x000000491f500000,0x000000491f600000)]
  0x0000022377302b70 JavaThread "Service Thread" daemon [_thread_blocked, id=2320, stack(0x000000491f600000,0x000000491f700000)]
  0x0000022377308550 JavaThread "Monitor Deflation Thread" daemon [_thread_blocked, id=13656, stack(0x000000491f700000,0x000000491f800000)]
  0x0000022377308fc0 JavaThread "C1 CompilerThread0" daemon [_thread_blocked, id=15904, stack(0x000000491f800000,0x000000491f900000)]
  0x00000223773099c0 JavaThread "Sweeper thread" daemon [_thread_blocked, id=15836, stack(0x000000491f900000,0x000000491fa00000)]
  0x00000223772d2e90 JavaThread "Common-Cleaner" daemon [_thread_blocked, id=16180, stack(0x000000491fa00000,0x000000491fb00000)]
  0x000002237764e390 JavaThread "C1 CompilerThread1" daemon [_thread_blocked, id=14060, stack(0x000000491fb00000,0x000000491fc00000)]
  0x000002237764e8b0 JavaThread "C1 CompilerThread2" daemon [_thread_blocked, id=12320, stack(0x000000491fc00000,0x000000491fd00000)]
  0x00000223779a9410 JavaThread "Monitor Ctrl-Break" daemon [_thread_in_native, id=10304, stack(0x000000491fd00000,0x000000491fe00000)]
  0x000002237c0f69e0 JavaThread "Notification Thread" daemon [_thread_blocked, id=9440, stack(0x000000491fe00000,0x000000491ff00000)]
  0x000002237c2de6b0 JavaThread "RMI TCP Accept-0" daemon [_thread_in_native, id=15848, stack(0x000000491ff00000,0x0000004920000000)]
  0x000002237c2dfc10 JavaThread "RMI TCP Connection(1)-192.168.56.1" daemon [_thread_in_native, id=13532, stack(0x0000004920100000,0x0000004920200000)]
  0x000002237c4ac6d0 JavaThread "RMI Scheduler(0)" daemon [_thread_blocked, id=5496, stack(0x0000004920200000,0x0000004920300000)]
  0x000002237c4b3ec0 JavaThread "JMX server connection timeout 20" daemon [_thread_blocked, id=14496, stack(0x0000004920300000,0x0000004920400000)]
  0x000002237c743d10 JavaThread "Thread-0" [_thread_blocked, id=14628, stack(0x0000004920c00000,0x0000004920d00000)]
  0x000002237c7428d0 JavaThread "restartedMain" [_thread_blocked, id=2888, stack(0x0000004920d00000,0x0000004920e00000)]
  0x000002237c7432f0 JavaThread "RMI TCP Connection(2)-192.168.56.1" daemon [_thread_in_native, id=2848, stack(0x0000004920e00000,0x0000004920f00000)]
  0x000002237cf218c0 JavaThread "C1 CompilerThread3" daemon [_thread_blocked, id=13548, stack(0x0000004921000000,0x0000004921100000)]
  0x000002237c745150 JavaThread "mysql-cj-abandoned-connection-cleanup" daemon [_thread_blocked, id=1776, stack(0x0000004920f00000,0x0000004921000000)]
  0x000002237c742de0 JavaThread "SIGINT handler" daemon [_thread_blocked, id=212, stack(0x0000004921200000,0x0000004921300000)]
  0x000002237c744c40 JavaThread "SpringApplicationShutdownHook" [_thread_blocked, id=1488, stack(0x0000004921400000,0x0000004921500000)]
  0x000002237c744730 JavaThread "HikariPool-1 housekeeper" daemon [_thread_blocked, id=15272, stack(0x0000004921500000,0x0000004921600000)]
  0x000002237e43ad30 JavaThread "Catalina-utility-1" [_thread_blocked, id=11720, stack(0x0000004921600000,0x0000004921700000)]
  0x000002237e43bc60 JavaThread "Catalina-utility-2" [_thread_blocked, id=16084, stack(0x0000004921700000,0x0000004921800000)]
  0x000002237e43cb90 JavaThread "container-0" [_thread_blocked, id=15420, stack(0x0000004921800000,0x0000004921900000)]

Other Threads:
=>0x00000223772e70e0 VMThread "VM Thread" [stack: 0x000000491f100000,0x000000491f200000] [id=15628]
  0x00000223694890e0 WatcherThread [stack: 0x0000004920000000,0x0000004920100000] [id=14452]
  0x00000223694e0e60 GCTaskThread "GC Thread#0" [stack: 0x000000491ec00000,0x000000491ed00000] [id=15624]
  0x000002237c6cf2c0 GCTaskThread "GC Thread#1" [stack: 0x0000004920400000,0x0000004920500000] [id=14908]
  0x000002237c6d01f0 GCTaskThread "GC Thread#2" [stack: 0x0000004920500000,0x0000004920600000] [id=15820]
  0x000002237c77fbd0 GCTaskThread "GC Thread#3" [stack: 0x0000004920600000,0x0000004920700000] [id=16272]
  0x000002237c735400 GCTaskThread "GC Thread#4" [stack: 0x0000004920700000,0x0000004920800000] [id=15408]
  0x000002237c735ed0 GCTaskThread "GC Thread#5" [stack: 0x0000004920800000,0x0000004920900000] [id=15992]
  0x000002237c736190 GCTaskThread "GC Thread#6" [stack: 0x0000004920900000,0x0000004920a00000] [id=10040]
  0x000002237c736450 GCTaskThread "GC Thread#7" [stack: 0x0000004920a00000,0x0000004920b00000] [id=13016]
  0x00000223694f29c0 ConcurrentGCThread "G1 Main Marker" [stack: 0x000000491ed00000,0x000000491ee00000] [id=12432]
  0x00000223694f3b80 ConcurrentGCThread "G1 Conc#0" [stack: 0x000000491ee00000,0x000000491ef00000] [id=12272]
  0x000002237ced8ab0 ConcurrentGCThread "G1 Conc#1" [stack: 0x0000004921100000,0x0000004921200000] [id=2232]
  0x00000223771a20d0 ConcurrentGCThread "G1 Refine#0" [stack: 0x000000491ef00000,0x000000491f000000] [id=8820]
  0x000002237c6e1920 ConcurrentGCThread "G1 Refine#1" [stack: 0x0000004920b00000,0x0000004920c00000] [id=7428]
  0x00000223771a3b10 ConcurrentGCThread "G1 Service" [stack: 0x000000491f000000,0x000000491f100000] [id=15612]

Threads with active compile tasks:

VM state: at safepoint (normal execution)

VM Mutex/Monitor currently owned by a thread:  ([mutex/lock_event])
[0x0000022369483890] Threads_lock - owner thread: 0x00000223772e70e0
[0x0000022369483f50] Heap_lock - owner thread: 0x000002237c7428d0

Heap address: 0x0000000082000000, size: 2016 MB, Compressed Oops mode: 32-bit

CDS archive(s) mapped at: [0x0000022300000000-0x0000022300c00000-0x0000022300c00000), size 12582912, SharedBaseAddress: 0x0000022300000000, ArchiveRelocationMode: 1.
Compressed class space mapped at: 0x0000022301000000-0x0000022341000000, reserved size: 1073741824
Narrow klass base: 0x0000022300000000, Narrow klass shift: 0, Narrow klass range: 0x100000000

GC Precious Log:
 CPUs: 8 total, 8 available
 Memory: 8058M
 Large Page Support: Disabled
 NUMA Support: Disabled
 Compressed Oops: Enabled (32-bit)
 Heap Region Size: 1M
 Heap Min Capacity: 8M
 Heap Initial Capacity: 126M
 Heap Max Capacity: 2016M
 Pre-touch: Disabled
 Parallel Workers: 8
 Concurrent Workers: 2
 Concurrent Refinement Workers: 8
 Periodic GC: Disabled

Heap:
 garbage-first heap   total 183296K, used 87128K [0x0000000082000000, 0x0000000100000000)
  region size 1024K, 4 young (4096K), 4 survivors (4096K)
 Metaspace       used 76236K, committed 76992K, reserved 1179648K
  class space    used 11122K, committed 11456K, reserved 1048576K

Heap Regions: E=young(eden), S=young(survivor), O=old, HS=humongous(starts), HC=humongous(continues), CS=collection set, F=free, OA=open archive, CA=closed archive, TAMS=top-at-mark-start (previous, next)
|   0|0x0000000082000000, 0x0000000082100000, 0x0000000082100000|100%|HS|  |TAMS 0x0000000082100000, 0x0000000082100000| Complete 
|   1|0x0000000082100000, 0x0000000082200000, 0x0000000082200000|100%| O|  |TAMS 0x0000000082200000, 0x0000000082200000| Untracked 
|   2|0x0000000082200000, 0x0000000082300000, 0x0000000082300000|100%| O|  |TAMS 0x0000000082300000, 0x0000000082300000| Untracked 
|   3|0x0000000082300000, 0x0000000082400000, 0x0000000082400000|100%| O|  |TAMS 0x0000000082400000, 0x0000000082400000| Untracked 
|   4|0x0000000082400000, 0x0000000082500000, 0x0000000082500000|100%| O|  |TAMS 0x0000000082500000, 0x0000000082500000| Untracked 
|   5|0x0000000082500000, 0x0000000082600000, 0x0000000082600000|100%| O|  |TAMS 0x0000000082600000, 0x0000000082600000| Untracked 
|   6|0x0000000082600000, 0x0000000082700000, 0x0000000082700000|100%| O|  |TAMS 0x0000000082700000, 0x0000000082700000| Untracked 
|   7|0x0000000082700000, 0x0000000082800000, 0x0000000082800000|100%| O|  |TAMS 0x0000000082800000, 0x0000000082800000| Untracked 
|   8|0x0000000082800000, 0x0000000082900000, 0x0000000082900000|100%| O|  |TAMS 0x0000000082900000, 0x0000000082900000| Untracked 
|   9|0x0000000082900000, 0x0000000082a00000, 0x0000000082a00000|100%| O|  |TAMS 0x0000000082a00000, 0x0000000082a00000| Untracked 
|  10|0x0000000082a00000, 0x0000000082b00000, 0x0000000082b00000|100%| O|  |TAMS 0x0000000082b00000, 0x0000000082b00000| Untracked 
|  11|0x0000000082b00000, 0x0000000082c00000, 0x0000000082c00000|100%| O|  |TAMS 0x0000000082c00000, 0x0000000082c00000| Untracked 
|  12|0x0000000082c00000, 0x0000000082d00000, 0x0000000082d00000|100%| O|  |TAMS 0x0000000082d00000, 0x0000000082d00000| Untracked 
|  13|0x0000000082d00000, 0x0000000082e00000, 0x0000000082e00000|100%| O|  |TAMS 0x0000000082e00000, 0x0000000082e00000| Untracked 
|  14|0x0000000082e00000, 0x0000000082f00000, 0x0000000082f00000|100%| O|  |TAMS 0x0000000082f00000, 0x0000000082f00000| Untracked 
|  15|0x0000000082f00000, 0x0000000083000000, 0x0000000083000000|100%| O|  |TAMS 0x0000000083000000, 0x0000000083000000| Untracked 
|  16|0x0000000083000000, 0x0000000083100000, 0x0000000083100000|100%| O|  |TAMS 0x0000000083100000, 0x0000000083100000| Untracked 
|  17|0x0000000083100000, 0x0000000083200000, 0x0000000083200000|100%| O|  |TAMS 0x0000000083200000, 0x0000000083200000| Untracked 
|  18|0x0000000083200000, 0x0000000083300000, 0x0000000083300000|100%| O|  |TAMS 0x0000000083300000, 0x0000000083300000| Untracked 
|  19|0x0000000083300000, 0x0000000083400000, 0x0000000083400000|100%| O|  |TAMS 0x0000000083400000, 0x0000000083400000| Untracked 
|  20|0x0000000083400000, 0x0000000083500000, 0x0000000083500000|100%| O|  |TAMS 0x0000000083400000, 0x0000000083500000| Untracked 
|  21|0x0000000083500000, 0x0000000083600000, 0x0000000083600000|100%| O|  |TAMS 0x0000000083600000, 0x0000000083600000| Untracked 
|  22|0x0000000083600000, 0x0000000083700000, 0x0000000083700000|100%| O|  |TAMS 0x0000000083700000, 0x0000000083700000| Untracked 
|  23|0x0000000083700000, 0x0000000083800000, 0x0000000083800000|100%| O|  |TAMS 0x0000000083800000, 0x0000000083800000| Untracked 
|  24|0x0000000083800000, 0x0000000083900000, 0x0000000083900000|100%| O|  |TAMS 0x0000000083900000, 0x0000000083900000| Untracked 
|  25|0x0000000083900000, 0x0000000083a00000, 0x0000000083a00000|100%| O|  |TAMS 0x0000000083a00000, 0x0000000083a00000| Untracked 
|  26|0x0000000083a00000, 0x0000000083b00000, 0x0000000083b00000|100%| O|  |TAMS 0x0000000083b00000, 0x0000000083b00000| Untracked 
|  27|0x0000000083b00000, 0x0000000083c00000, 0x0000000083c00000|100%| O|  |TAMS 0x0000000083c00000, 0x0000000083c00000| Untracked 
|  28|0x0000000083c00000, 0x0000000083d00000, 0x0000000083d00000|100%| O|  |TAMS 0x0000000083d00000, 0x0000000083d00000| Untracked 
|  29|0x0000000083d00000, 0x0000000083e00000, 0x0000000083e00000|100%| O|  |TAMS 0x0000000083e00000, 0x0000000083e00000| Untracked 
|  30|0x0000000083e00000, 0x0000000083f00000, 0x0000000083f00000|100%| O|  |TAMS 0x0000000083f00000, 0x0000000083f00000| Untracked 
|  31|0x0000000083f00000, 0x0000000084000000, 0x0000000084000000|100%| O|  |TAMS 0x0000000084000000, 0x0000000084000000| Untracked 
|  32|0x0000000084000000, 0x0000000084100000, 0x0000000084100000|100%| O|  |TAMS 0x0000000084100000, 0x0000000084100000| Untracked 
|  33|0x0000000084100000, 0x0000000084200000, 0x0000000084200000|100%| O|  |TAMS 0x0000000084200000, 0x0000000084200000| Untracked 
|  34|0x0000000084200000, 0x0000000084300000, 0x0000000084300000|100%| O|  |TAMS 0x0000000084300000, 0x0000000084300000| Untracked 
|  35|0x0000000084300000, 0x0000000084300000, 0x0000000084400000|  0%| F|  |TAMS 0x0000000084300000, 0x0000000084300000| Untracked 
|  36|0x0000000084400000, 0x0000000084500000, 0x0000000084500000|100%| O|  |TAMS 0x0000000084500000, 0x0000000084500000| Untracked 
|  37|0x0000000084500000, 0x0000000084600000, 0x0000000084600000|100%| O|  |TAMS 0x0000000084600000, 0x0000000084600000| Untracked 
|  38|0x0000000084600000, 0x0000000084700000, 0x0000000084700000|100%| O|  |TAMS 0x0000000084700000, 0x0000000084700000| Untracked 
|  39|0x0000000084700000, 0x0000000084800000, 0x0000000084800000|100%| O|  |TAMS 0x0000000084800000, 0x0000000084800000| Untracked 
|  40|0x0000000084800000, 0x0000000084900000, 0x0000000084900000|100%| O|  |TAMS 0x0000000084900000, 0x0000000084900000| Untracked 
|  41|0x0000000084900000, 0x0000000084a00000, 0x0000000084a00000|100%| O|  |TAMS 0x0000000084a00000, 0x0000000084a00000| Untracked 
|  42|0x0000000084a00000, 0x0000000084b00000, 0x0000000084b00000|100%| O|  |TAMS 0x0000000084b00000, 0x0000000084b00000| Untracked 
|  43|0x0000000084b00000, 0x0000000084c00000, 0x0000000084c00000|100%| O|  |TAMS 0x0000000084c00000, 0x0000000084c00000| Untracked 
|  44|0x0000000084c00000, 0x0000000084d00000, 0x0000000084d00000|100%| O|  |TAMS 0x0000000084d00000, 0x0000000084d00000| Untracked 
|  45|0x0000000084d00000, 0x0000000084e00000, 0x0000000084e00000|100%| O|  |TAMS 0x0000000084e00000, 0x0000000084e00000| Untracked 
|  46|0x0000000084e00000, 0x0000000084f00000, 0x0000000084f00000|100%| O|  |TAMS 0x0000000084f00000, 0x0000000084f00000| Untracked 
|  47|0x0000000084f00000, 0x0000000085000000, 0x0000000085000000|100%| O|  |TAMS 0x0000000085000000, 0x0000000085000000| Untracked 
|  48|0x0000000085000000, 0x0000000085100000, 0x0000000085100000|100%| O|  |TAMS 0x0000000085100000, 0x0000000085100000| Untracked 
|  49|0x0000000085100000, 0x0000000085200000, 0x0000000085200000|100%| O|  |TAMS 0x0000000085200000, 0x0000000085200000| Untracked 
|  50|0x0000000085200000, 0x0000000085300000, 0x0000000085300000|100%| O|  |TAMS 0x0000000085300000, 0x0000000085300000| Untracked 
|  51|0x0000000085300000, 0x0000000085400000, 0x0000000085400000|100%| O|  |TAMS 0x0000000085400000, 0x0000000085400000| Untracked 
|  52|0x0000000085400000, 0x0000000085500000, 0x0000000085500000|100%| O|  |TAMS 0x0000000085500000, 0x0000000085500000| Untracked 
|  53|0x0000000085500000, 0x0000000085600000, 0x0000000085600000|100%| O|  |TAMS 0x0000000085600000, 0x0000000085600000| Untracked 
|  54|0x0000000085600000, 0x0000000085700000, 0x0000000085700000|100%| O|  |TAMS 0x0000000085700000, 0x0000000085700000| Untracked 
|  55|0x0000000085700000, 0x0000000085800000, 0x0000000085800000|100%| O|  |TAMS 0x0000000085800000, 0x0000000085800000| Untracked 
|  56|0x0000000085800000, 0x0000000085900000, 0x0000000085900000|100%| O|  |TAMS 0x0000000085900000, 0x0000000085900000| Untracked 
|  57|0x0000000085900000, 0x0000000085a00000, 0x0000000085a00000|100%| O|  |TAMS 0x0000000085a00000, 0x0000000085a00000| Untracked 
|  58|0x0000000085a00000, 0x0000000085b00000, 0x0000000085b00000|100%| O|  |TAMS 0x0000000085b00000, 0x0000000085b00000| Untracked 
|  59|0x0000000085b00000, 0x0000000085c00000, 0x0000000085c00000|100%| O|  |TAMS 0x0000000085b81a00, 0x0000000085c00000| Untracked 
|  60|0x0000000085c00000, 0x0000000085d00000, 0x0000000085d00000|100%| O|  |TAMS 0x0000000085c00000, 0x0000000085d00000| Untracked 
|  61|0x0000000085d00000, 0x0000000085e00000, 0x0000000085e00000|100%| O|  |TAMS 0x0000000085d00000, 0x0000000085e00000| Untracked 
|  62|0x0000000085e00000, 0x0000000085f00000, 0x0000000085f00000|100%| O|  |TAMS 0x0000000085e00000, 0x0000000085f00000| Untracked 
|  63|0x0000000085f00000, 0x0000000086000000, 0x0000000086000000|100%| O|  |TAMS 0x0000000085f00000, 0x0000000086000000| Untracked 
|  64|0x0000000086000000, 0x0000000086100000, 0x0000000086100000|100%| O|  |TAMS 0x0000000086000000, 0x0000000086100000| Untracked 
|  65|0x0000000086100000, 0x0000000086200000, 0x0000000086200000|100%| O|  |TAMS 0x0000000086100000, 0x0000000086200000| Untracked 
|  66|0x0000000086200000, 0x0000000086300000, 0x0000000086300000|100%| O|  |TAMS 0x0000000086200000, 0x0000000086300000| Untracked 
|  67|0x0000000086300000, 0x0000000086400000, 0x0000000086400000|100%| O|  |TAMS 0x0000000086300000, 0x0000000086400000| Untracked 
|  68|0x0000000086400000, 0x0000000086500000, 0x0000000086500000|100%| O|  |TAMS 0x0000000086400000, 0x0000000086500000| Untracked 
|  69|0x0000000086500000, 0x0000000086600000, 0x0000000086600000|100%| O|  |TAMS 0x0000000086500000, 0x0000000086600000| Untracked 
|  70|0x0000000086600000, 0x0000000086700000, 0x0000000086700000|100%| O|  |TAMS 0x0000000086600000, 0x0000000086700000| Untracked 
|  71|0x0000000086700000, 0x0000000086800000, 0x0000000086800000|100%| O|  |TAMS 0x0000000086700000, 0x0000000086800000| Untracked 
|  72|0x0000000086800000, 0x0000000086900000, 0x0000000086900000|100%| O|  |TAMS 0x0000000086800000, 0x0000000086900000| Untracked 
|  73|0x0000000086900000, 0x0000000086a00000, 0x0000000086a00000|100%| O|  |TAMS 0x0000000086900000, 0x0000000086a00000| Untracked 
|  74|0x0000000086a00000, 0x0000000086b00000, 0x0000000086b00000|100%| O|  |TAMS 0x0000000086a00000, 0x0000000086b00000| Untracked 
|  75|0x0000000086b00000, 0x0000000086c00000, 0x0000000086c00000|100%| O|  |TAMS 0x0000000086b00000, 0x0000000086c00000| Untracked 
|  76|0x0000000086c00000, 0x0000000086d00000, 0x0000000086d00000|100%| O|  |TAMS 0x0000000086c00000, 0x0000000086d00000| Untracked 
|  77|0x0000000086d00000, 0x0000000086e00000, 0x0000000086e00000|100%| O|  |TAMS 0x0000000086d00000, 0x0000000086e00000| Untracked 
|  78|0x0000000086e00000, 0x0000000086f00000, 0x0000000086f00000|100%| O|  |TAMS 0x0000000086e00000, 0x0000000086f00000| Untracked 
|  79|0x0000000086f00000, 0x0000000087000000, 0x0000000087000000|100%| O|  |TAMS 0x0000000086f00000, 0x0000000087000000| Untracked 
|  80|0x0000000087000000, 0x0000000087100000, 0x0000000087100000|100%| O|  |TAMS 0x0000000087000000, 0x0000000087100000| Untracked 
|  81|0x0000000087100000, 0x0000000087200000, 0x0000000087200000|100%| O|  |TAMS 0x0000000087100000, 0x0000000087200000| Untracked 
|  82|0x0000000087200000, 0x00000000872ad600, 0x0000000087300000| 67%| O|  |TAMS 0x0000000087200000, 0x00000000872ad600| Untracked 
|  83|0x0000000087300000, 0x0000000087300000, 0x0000000087400000|  0%| F|  |TAMS 0x0000000087300000, 0x0000000087300000| Untracked 
|  84|0x0000000087400000, 0x0000000087400000, 0x0000000087500000|  0%| F|  |TAMS 0x0000000087400000, 0x0000000087400000| Untracked 
|  85|0x0000000087500000, 0x0000000087500000, 0x0000000087600000|  0%| F|  |TAMS 0x0000000087500000, 0x0000000087500000| Untracked 
|  86|0x0000000087600000, 0x0000000087600000, 0x0000000087700000|  0%| F|  |TAMS 0x0000000087600000, 0x0000000087600000| Untracked 
|  87|0x0000000087700000, 0x0000000087700000, 0x0000000087800000|  0%| F|  |TAMS 0x0000000087700000, 0x0000000087700000| Untracked 
|  88|0x0000000087800000, 0x0000000087800000, 0x0000000087900000|  0%| F|  |TAMS 0x0000000087800000, 0x0000000087800000| Untracked 
|  89|0x0000000087900000, 0x0000000087900000, 0x0000000087a00000|  0%| F|  |TAMS 0x0000000087900000, 0x0000000087900000| Untracked 
|  90|0x0000000087a00000, 0x0000000087a00000, 0x0000000087b00000|  0%| F|  |TAMS 0x0000000087a00000, 0x0000000087a00000| Untracked 
|  91|0x0000000087b00000, 0x0000000087b00000, 0x0000000087c00000|  0%| F|  |TAMS 0x0000000087b00000, 0x0000000087b00000| Untracked 
|  92|0x0000000087c00000, 0x0000000087c00000, 0x0000000087d00000|  0%| F|  |TAMS 0x0000000087c00000, 0x0000000087c00000| Untracked 
|  93|0x0000000087d00000, 0x0000000087d00000, 0x0000000087e00000|  0%| F|  |TAMS 0x0000000087d00000, 0x0000000087d00000| Untracked 
|  94|0x0000000087e00000, 0x0000000087e00000, 0x0000000087f00000|  0%| F|  |TAMS 0x0000000087e00000, 0x0000000087e00000| Untracked 
|  95|0x0000000087f00000, 0x0000000087f00000, 0x0000000088000000|  0%| F|  |TAMS 0x0000000087f00000, 0x0000000087f00000| Untracked 
|  96|0x0000000088000000, 0x0000000088000000, 0x0000000088100000|  0%| F|  |TAMS 0x0000000088000000, 0x0000000088000000| Untracked 
|  97|0x0000000088100000, 0x0000000088100000, 0x0000000088200000|  0%| F|  |TAMS 0x0000000088100000, 0x0000000088100000| Untracked 
|  98|0x0000000088200000, 0x0000000088200000, 0x0000000088300000|  0%| F|  |TAMS 0x0000000088200000, 0x0000000088200000| Untracked 
|  99|0x0000000088300000, 0x0000000088300000, 0x0000000088400000|  0%| F|  |TAMS 0x0000000088300000, 0x0000000088300000| Untracked 
| 100|0x0000000088400000, 0x0000000088400000, 0x0000000088500000|  0%| F|  |TAMS 0x0000000088400000, 0x0000000088400000| Untracked 
| 101|0x0000000088500000, 0x0000000088500000, 0x0000000088600000|  0%| F|  |TAMS 0x0000000088500000, 0x0000000088500000| Untracked 
| 102|0x0000000088600000, 0x0000000088600000, 0x0000000088700000|  0%| F|  |TAMS 0x0000000088600000, 0x0000000088600000| Untracked 
| 103|0x0000000088700000, 0x0000000088700000, 0x0000000088800000|  0%| F|  |TAMS 0x0000000088700000, 0x0000000088700000| Untracked 
| 104|0x0000000088800000, 0x0000000088800000, 0x0000000088900000|  0%| F|  |TAMS 0x0000000088800000, 0x0000000088800000| Untracked 
| 105|0x0000000088900000, 0x0000000088900000, 0x0000000088a00000|  0%| F|  |TAMS 0x0000000088900000, 0x0000000088900000| Untracked 
| 106|0x0000000088a00000, 0x0000000088a00000, 0x0000000088b00000|  0%| F|  |TAMS 0x0000000088a00000, 0x0000000088a00000| Untracked 
| 107|0x0000000088b00000, 0x0000000088b00000, 0x0000000088c00000|  0%| F|  |TAMS 0x0000000088b00000, 0x0000000088b00000| Untracked 
| 108|0x0000000088c00000, 0x0000000088c00000, 0x0000000088d00000|  0%| F|  |TAMS 0x0000000088c00000, 0x0000000088c00000| Untracked 
| 109|0x0000000088d00000, 0x0000000088d00000, 0x0000000088e00000|  0%| F|  |TAMS 0x0000000088d00000, 0x0000000088d00000| Untracked 
| 110|0x0000000088e00000, 0x0000000088e00000, 0x0000000088f00000|  0%| F|  |TAMS 0x0000000088e00000, 0x0000000088e00000| Untracked 
| 111|0x0000000088f00000, 0x0000000088f00000, 0x0000000089000000|  0%| F|  |TAMS 0x0000000088f00000, 0x0000000088f00000| Untracked 
| 112|0x0000000089000000, 0x0000000089000000, 0x0000000089100000|  0%| F|  |TAMS 0x0000000089000000, 0x0000000089000000| Untracked 
| 113|0x0000000089100000, 0x0000000089100000, 0x0000000089200000|  0%| F|  |TAMS 0x0000000089100000, 0x0000000089100000| Untracked 
| 114|0x0000000089200000, 0x0000000089200000, 0x0000000089300000|  0%| F|  |TAMS 0x0000000089200000, 0x0000000089200000| Untracked 
| 115|0x0000000089300000, 0x0000000089368dc0, 0x0000000089400000| 40%| S|CS|TAMS 0x0000000089300000, 0x0000000089300000| Complete 
| 116|0x0000000089400000, 0x0000000089500000, 0x0000000089500000|100%| S|CS|TAMS 0x0000000089400000, 0x0000000089400000| Complete 
| 117|0x0000000089500000, 0x0000000089600000, 0x0000000089600000|100%| S|CS|TAMS 0x0000000089500000, 0x0000000089500000| Complete 
| 118|0x0000000089600000, 0x0000000089700000, 0x0000000089700000|100%| S|CS|TAMS 0x0000000089600000, 0x0000000089600000| Complete 
| 119|0x0000000089700000, 0x0000000089700000, 0x0000000089800000|  0%| F|  |TAMS 0x0000000089700000, 0x0000000089700000| Untracked 
| 120|0x0000000089800000, 0x0000000089800000, 0x0000000089900000|  0%| F|  |TAMS 0x0000000089800000, 0x0000000089800000| Untracked 
| 121|0x0000000089900000, 0x0000000089900000, 0x0000000089a00000|  0%| F|  |TAMS 0x0000000089900000, 0x0000000089900000| Untracked 
| 122|0x0000000089a00000, 0x0000000089a00000, 0x0000000089b00000|  0%| F|  |TAMS 0x0000000089a00000, 0x0000000089a00000| Untracked 
| 123|0x0000000089b00000, 0x0000000089b00000, 0x0000000089c00000|  0%| F|  |TAMS 0x0000000089b00000, 0x0000000089b00000| Untracked 
| 124|0x0000000089c00000, 0x0000000089c00000, 0x0000000089d00000|  0%| F|  |TAMS 0x0000000089c00000, 0x0000000089c00000| Untracked 
| 125|0x0000000089d00000, 0x0000000089d00000, 0x0000000089e00000|  0%| F|  |TAMS 0x0000000089d00000, 0x0000000089d00000| Untracked 
| 126|0x0000000089e00000, 0x0000000089e00000, 0x0000000089f00000|  0%| F|  |TAMS 0x0000000089e00000, 0x0000000089e00000| Untracked 
| 127|0x0000000089f00000, 0x0000000089f00000, 0x000000008a000000|  0%| F|  |TAMS 0x0000000089f00000, 0x0000000089f00000| Untracked 
| 128|0x000000008a000000, 0x000000008a000000, 0x000000008a100000|  0%| F|  |TAMS 0x000000008a000000, 0x000000008a000000| Untracked 
| 129|0x000000008a100000, 0x000000008a100000, 0x000000008a200000|  0%| F|  |TAMS 0x000000008a100000, 0x000000008a100000| Untracked 
| 130|0x000000008a200000, 0x000000008a200000, 0x000000008a300000|  0%| F|  |TAMS 0x000000008a200000, 0x000000008a200000| Untracked 
| 131|0x000000008a300000, 0x000000008a300000, 0x000000008a400000|  0%| F|  |TAMS 0x000000008a300000, 0x000000008a300000| Untracked 
| 132|0x000000008a400000, 0x000000008a400000, 0x000000008a500000|  0%| F|  |TAMS 0x000000008a400000, 0x000000008a400000| Untracked 
| 133|0x000000008a500000, 0x000000008a500000, 0x000000008a600000|  0%| F|  |TAMS 0x000000008a500000, 0x000000008a500000| Untracked 
| 134|0x000000008a600000, 0x000000008a600000, 0x000000008a700000|  0%| F|  |TAMS 0x000000008a600000, 0x000000008a600000| Untracked 
| 135|0x000000008a700000, 0x000000008a700000, 0x000000008a800000|  0%| F|  |TAMS 0x000000008a700000, 0x000000008a700000| Untracked 
| 136|0x000000008a800000, 0x000000008a800000, 0x000000008a900000|  0%| F|  |TAMS 0x000000008a800000, 0x000000008a800000| Untracked 
| 137|0x000000008a900000, 0x000000008a900000, 0x000000008aa00000|  0%| F|  |TAMS 0x000000008a900000, 0x000000008a900000| Untracked 
| 138|0x000000008aa00000, 0x000000008aa00000, 0x000000008ab00000|  0%| F|  |TAMS 0x000000008aa00000, 0x000000008aa00000| Untracked 
| 139|0x000000008ab00000, 0x000000008ab00000, 0x000000008ac00000|  0%| F|  |TAMS 0x000000008ab00000, 0x000000008ab00000| Untracked 
| 140|0x000000008ac00000, 0x000000008ac00000, 0x000000008ad00000|  0%| F|  |TAMS 0x000000008ac00000, 0x000000008ac00000| Untracked 
| 141|0x000000008ad00000, 0x000000008ad00000, 0x000000008ae00000|  0%| F|  |TAMS 0x000000008ad00000, 0x000000008ad00000| Untracked 
| 142|0x000000008ae00000, 0x000000008ae00000, 0x000000008af00000|  0%| F|  |TAMS 0x000000008ae00000, 0x000000008ae00000| Untracked 
| 143|0x000000008af00000, 0x000000008af00000, 0x000000008b000000|  0%| F|  |TAMS 0x000000008af00000, 0x000000008af00000| Untracked 
| 144|0x000000008b000000, 0x000000008b000000, 0x000000008b100000|  0%| F|  |TAMS 0x000000008b000000, 0x000000008b000000| Untracked 
| 145|0x000000008b100000, 0x000000008b100000, 0x000000008b200000|  0%| F|  |TAMS 0x000000008b100000, 0x000000008b100000| Untracked 
| 146|0x000000008b200000, 0x000000008b200000, 0x000000008b300000|  0%| F|  |TAMS 0x000000008b200000, 0x000000008b200000| Untracked 
| 147|0x000000008b300000, 0x000000008b300000, 0x000000008b400000|  0%| F|  |TAMS 0x000000008b300000, 0x000000008b300000| Untracked 
| 148|0x000000008b400000, 0x000000008b400000, 0x000000008b500000|  0%| F|  |TAMS 0x000000008b400000, 0x000000008b400000| Untracked 
| 149|0x000000008b500000, 0x000000008b500000, 0x000000008b600000|  0%| F|  |TAMS 0x000000008b500000, 0x000000008b500000| Untracked 
| 150|0x000000008b600000, 0x000000008b600000, 0x000000008b700000|  0%| F|  |TAMS 0x000000008b600000, 0x000000008b600000| Untracked 
| 151|0x000000008b700000, 0x000000008b700000, 0x000000008b800000|  0%| F|  |TAMS 0x000000008b700000, 0x000000008b700000| Untracked 
| 152|0x000000008b800000, 0x000000008b800000, 0x000000008b900000|  0%| F|  |TAMS 0x000000008b800000, 0x000000008b800000| Untracked 
| 153|0x000000008b900000, 0x000000008b900000, 0x000000008ba00000|  0%| F|  |TAMS 0x000000008b900000, 0x000000008b900000| Untracked 
| 154|0x000000008ba00000, 0x000000008ba00000, 0x000000008bb00000|  0%| F|  |TAMS 0x000000008ba00000, 0x000000008ba00000| Untracked 
| 155|0x000000008bb00000, 0x000000008bb00000, 0x000000008bc00000|  0%| F|  |TAMS 0x000000008bb00000, 0x000000008bb00000| Untracked 
| 156|0x000000008bc00000, 0x000000008bc00000, 0x000000008bd00000|  0%| F|  |TAMS 0x000000008bc00000, 0x000000008bc00000| Untracked 
| 157|0x000000008bd00000, 0x000000008bd00000, 0x000000008be00000|  0%| F|  |TAMS 0x000000008bd00000, 0x000000008bd00000| Untracked 
| 158|0x000000008be00000, 0x000000008be00000, 0x000000008bf00000|  0%| F|  |TAMS 0x000000008be00000, 0x000000008be00000| Untracked 
| 159|0x000000008bf00000, 0x000000008bf00000, 0x000000008c000000|  0%| F|  |TAMS 0x000000008bf00000, 0x000000008bf00000| Untracked 
| 160|0x000000008c000000, 0x000000008c000000, 0x000000008c100000|  0%| F|  |TAMS 0x000000008c000000, 0x000000008c000000| Untracked 
| 161|0x000000008c100000, 0x000000008c100000, 0x000000008c200000|  0%| F|  |TAMS 0x000000008c100000, 0x000000008c100000| Untracked 
| 162|0x000000008c200000, 0x000000008c200000, 0x000000008c300000|  0%| F|  |TAMS 0x000000008c200000, 0x000000008c200000| Untracked 
| 163|0x000000008c300000, 0x000000008c300000, 0x000000008c400000|  0%| F|  |TAMS 0x000000008c300000, 0x000000008c300000| Untracked 
| 164|0x000000008c400000, 0x000000008c400000, 0x000000008c500000|  0%| F|  |TAMS 0x000000008c400000, 0x000000008c400000| Untracked 
| 165|0x000000008c500000, 0x000000008c500000, 0x000000008c600000|  0%| F|  |TAMS 0x000000008c500000, 0x000000008c500000| Untracked 
| 166|0x000000008c600000, 0x000000008c600000, 0x000000008c700000|  0%| F|  |TAMS 0x000000008c600000, 0x000000008c600000| Untracked 
| 167|0x000000008c700000, 0x000000008c700000, 0x000000008c800000|  0%| F|  |TAMS 0x000000008c700000, 0x000000008c700000| Untracked 
| 168|0x000000008c800000, 0x000000008c800000, 0x000000008c900000|  0%| F|  |TAMS 0x000000008c800000, 0x000000008c800000| Untracked 
| 169|0x000000008c900000, 0x000000008c900000, 0x000000008ca00000|  0%| F|  |TAMS 0x000000008c900000, 0x000000008c900000| Untracked 
| 170|0x000000008ca00000, 0x000000008ca00000, 0x000000008cb00000|  0%| F|  |TAMS 0x000000008ca00000, 0x000000008ca00000| Untracked 
| 171|0x000000008cb00000, 0x000000008cb00000, 0x000000008cc00000|  0%| F|  |TAMS 0x000000008cb00000, 0x000000008cb00000| Untracked 
| 172|0x000000008cc00000, 0x000000008cc00000, 0x000000008cd00000|  0%| F|  |TAMS 0x000000008cc00000, 0x000000008cc00000| Untracked 
| 173|0x000000008cd00000, 0x000000008cd00000, 0x000000008ce00000|  0%| F|  |TAMS 0x000000008cd00000, 0x000000008cd00000| Untracked 
| 174|0x000000008ce00000, 0x000000008ce00000, 0x000000008cf00000|  0%| F|  |TAMS 0x000000008ce00000, 0x000000008ce00000| Untracked 
| 175|0x000000008cf00000, 0x000000008cf00000, 0x000000008d000000|  0%| F|  |TAMS 0x000000008cf00000, 0x000000008cf00000| Untracked 
| 176|0x000000008d000000, 0x000000008d000000, 0x000000008d100000|  0%| F|  |TAMS 0x000000008d000000, 0x000000008d000000| Untracked 
| 177|0x000000008d100000, 0x000000008d100000, 0x000000008d200000|  0%| F|  |TAMS 0x000000008d100000, 0x000000008d100000| Untracked 
| 178|0x000000008d200000, 0x000000008d200000, 0x000000008d300000|  0%| F|  |TAMS 0x000000008d200000, 0x000000008d200000| Untracked 

Card table byte_map: [0x0000022370170000,0x0000022370560000] _byte_map_base: 0x000002236fd60000

Marking Bits (Prev, Next): (CMBitMap*) 0x00000223694e14c0, (CMBitMap*) 0x00000223694e1480
 Prev Bits: [0x00000223728d0000, 0x0000022374850000)
 Next Bits: [0x0000022370950000, 0x00000223728d0000)

Polling page: 0x00000223672d0000

Metaspace:

Usage:
  Non-class:     63.59 MB used.
      Class:     10.86 MB used.
       Both:     74.45 MB used.

Virtual space:
  Non-class space:      128.00 MB reserved,      64.00 MB ( 50%) committed,  2 nodes.
      Class space:        1.00 GB reserved,      11.19 MB (  1%) committed,  1 nodes.
             Both:        1.12 GB reserved,      75.19 MB (  7%) committed. 

Chunk freelists:
   Non-Class:  15.24 MB
       Class:  4.79 MB
        Both:  20.02 MB

MaxMetaspaceSize: unlimited
CompressedClassSpaceSize: 1.00 GB
Initial GC threshold: 21.00 MB
Current GC threshold: 122.00 MB
CDS: on
MetaspaceReclaimPolicy: balanced
 - commit_granule_bytes: 65536.
 - commit_granule_words: 8192.
 - virtual_space_node_default_size: 8388608.
 - enlarge_chunks_in_place: 1.
 - new_chunks_are_fully_committed: 0.
 - uncommit_free_chunks: 1.
 - use_allocation_guard: 0.
 - handle_deallocations: 1.


Internal statistics:

num_allocs_failed_limit: 18.
num_arena_births: 1110.
num_arena_deaths: 0.
num_vsnodes_births: 3.
num_vsnodes_deaths: 0.
num_space_committed: 1203.
num_space_uncommitted: 0.
num_chunks_returned_to_freelist: 18.
num_chunks_taken_from_freelist: 4087.
num_chunk_merges: 18.
num_chunk_splits: 2910.
num_chunks_enlarged: 2140.
num_inconsistent_stats: 0.

CodeCache: size=49152Kb used=20851Kb max_used=20851Kb free=28300Kb
 bounds [0x000002236cc70000, 0x000002236e0d0000, 0x000002236fc70000]
 total_blobs=11871 nmethods=11196 adapters=598
 compilation: enabled
              stopped_count=0, restarted_count=0
 full_count=0

Compilation events (20 events):
Event: 12.763 Thread 0x000002237764e390 11189       1       org.springframework.core.annotation.AnnotationAttributes::getEnum (11 bytes)
Event: 12.763 Thread 0x000002237764e390 nmethod 11189 0x000002236e0c7390 code [0x000002236e0c7520, 0x000002236e0c7648]
Event: 12.775 Thread 0x000002237764e390 11190       1       java.io.ObjectOutputStream::writeTypeString (40 bytes)
Event: 12.776 Thread 0x000002237764e390 nmethod 11190 0x000002236e0c7710 code [0x000002236e0c78e0, 0x000002236e0c7ae8]
Event: 12.776 Thread 0x000002237764e8b0 11191       1       org.hibernate.query.sqm.tree.predicate.AbstractNegatableSqmPredicate::<init> (12 bytes)
Event: 12.777 Thread 0x000002237764e8b0 nmethod 11191 0x000002236e0c7c90 code [0x000002236e0c7e20, 0x000002236e0c7f98]
Event: 12.777 Thread 0x000002237cf218c0 11192       1       org.springframework.data.repository.util.ClassUtils::hasParameterAssignableToType (29 bytes)
Event: 12.777 Thread 0x0000022377308fc0 11193       1       org.springframework.data.repository.util.ClassUtils$$Lambda$1400/0x00000223019f0de0::<init> (10 bytes)
Event: 12.777 Thread 0x000002237764e8b0 11194       1       org.springframework.data.jpa.repository.query.JpaQueryMethod::getNamedQueryName (29 bytes)
Event: 12.777 Thread 0x000002237764e390 11195       1       org.springframework.data.repository.query.QueryMethod::getNamedQueryName (31 bytes)
Event: 12.777 Thread 0x0000022377308fc0 nmethod 11193 0x000002236e0c8090 code [0x000002236e0c8220, 0x000002236e0c8338]
Event: 12.778 Thread 0x000002237cf218c0 nmethod 11192 0x000002236e0c8390 code [0x000002236e0c85e0, 0x000002236e0c8cb8]
Event: 12.778 Thread 0x000002237764e390 nmethod 11195 0x000002236e0c9090 code [0x000002236e0c92e0, 0x000002236e0c9ac8]
Event: 12.778 Thread 0x000002237764e8b0 nmethod 11194 0x000002236e0c9f10 code [0x000002236e0ca180, 0x000002236e0caaf8]
Event: 12.778 Thread 0x000002237cf218c0 11196       1       org.springframework.data.jpa.repository.query.QueryParameterSetter$QueryMetadataCache::<init> (12 bytes)
Event: 12.778 Thread 0x000002237cf218c0 nmethod 11196 0x000002236e0cb010 code [0x000002236e0cb1a0, 0x000002236e0cb2b8]
Event: 12.785 Thread 0x000002237764e390 11197       1       sun.reflect.annotation.AnnotationInvocationHandler::asOneOfUs (29 bytes)
Event: 12.785 Thread 0x000002237764e8b0 11198       1       sun.reflect.annotation.AnnotationInvocationHandler::memberValueEquals (212 bytes)
Event: 12.785 Thread 0x000002237764e8b0 nmethod 11198 0x000002236e0cb390 code [0x000002236e0cb640, 0x000002236e0cbfc8]
Event: 12.786 Thread 0x000002237764e390 nmethod 11197 0x000002236e0cc310 code [0x000002236e0cc540, 0x000002236e0ccaf8]

GC Heap History (20 events):
Event: 7.303 GC heap after
{Heap after GC invocations=19 (full 0):
 garbage-first heap   total 152576K, used 46138K [0x0000000082000000, 0x0000000100000000)
  region size 1024K, 7 young (7168K), 7 survivors (7168K)
 Metaspace       used 59655K, committed 60224K, reserved 1114112K
  class space    used 8607K, committed 8896K, reserved 1048576K
}
Event: 7.740 GC heap before
{Heap before GC invocations=19 (full 0):
 garbage-first heap   total 152576K, used 120890K [0x0000000082000000, 0x0000000100000000)
  region size 1024K, 80 young (81920K), 7 survivors (7168K)
 Metaspace       used 60172K, committed 60736K, reserved 1114112K
  class space    used 8660K, committed 8960K, reserved 1048576K
}
Event: 7.747 GC heap after
{Heap after GC invocations=20 (full 0):
 garbage-first heap   total 152576K, used 47130K [0x0000000082000000, 0x0000000100000000)
  region size 1024K, 3 young (3072K), 3 survivors (3072K)
 Metaspace       used 60172K, committed 60736K, reserved 1114112K
  class space    used 8660K, committed 8960K, reserved 1048576K
}
Event: 8.196 GC heap before
{Heap before GC invocations=20 (full 0):
 garbage-first heap   total 152576K, used 123930K [0x0000000082000000, 0x0000000100000000)
  region size 1024K, 78 young (79872K), 3 survivors (3072K)
 Metaspace       used 60721K, committed 61312K, reserved 1114112K
  class space    used 8715K, committed 9024K, reserved 1048576K
}
Event: 8.207 GC heap after
{Heap after GC invocations=21 (full 0):
 garbage-first heap   total 152576K, used 47783K [0x0000000082000000, 0x0000000100000000)
  region size 1024K, 4 young (4096K), 4 survivors (4096K)
 Metaspace       used 60721K, committed 61312K, reserved 1114112K
  class space    used 8715K, committed 9024K, reserved 1048576K
}
Event: 10.499 GC heap before
{Heap before GC invocations=21 (full 0):
 garbage-first heap   total 152576K, used 125607K [0x0000000082000000, 0x0000000100000000)
  region size 1024K, 80 young (81920K), 4 survivors (4096K)
 Metaspace       used 65978K, committed 66624K, reserved 1114112K
  class space    used 9497K, committed 9792K, reserved 1048576K
}
Event: 10.506 GC heap after
{Heap after GC invocations=22 (full 0):
 garbage-first heap   total 183296K, used 53851K [0x0000000082000000, 0x0000000100000000)
  region size 1024K, 10 young (10240K), 10 survivors (10240K)
 Metaspace       used 65978K, committed 66624K, reserved 1114112K
  class space    used 9497K, committed 9792K, reserved 1048576K
}
Event: 10.583 GC heap before
{Heap before GC invocations=22 (full 0):
 garbage-first heap   total 183296K, used 59995K [0x0000000082000000, 0x0000000100000000)
  region size 1024K, 17 young (17408K), 10 survivors (10240K)
 Metaspace       used 67036K, committed 67648K, reserved 1114112K
  class space    used 9606K, committed 9920K, reserved 1048576K
}
Event: 10.603 GC heap after
{Heap after GC invocations=23 (full 0):
 garbage-first heap   total 183296K, used 54790K [0x0000000082000000, 0x0000000100000000)
  region size 1024K, 8 young (8192K), 8 survivors (8192K)
 Metaspace       used 67036K, committed 67648K, reserved 1114112K
  class space    used 9606K, committed 9920K, reserved 1048576K
}
Event: 11.385 GC heap before
{Heap before GC invocations=24 (full 0):
 garbage-first heap   total 183296K, used 148998K [0x0000000082000000, 0x0000000100000000)
  region size 1024K, 101 young (103424K), 8 survivors (8192K)
 Metaspace       used 73508K, committed 74176K, reserved 1114112K
  class space    used 10855K, committed 11136K, reserved 1048576K
}
Event: 11.406 GC heap after
{Heap after GC invocations=25 (full 0):
 garbage-first heap   total 183296K, used 60631K [0x0000000082000000, 0x0000000100000000)
  region size 1024K, 7 young (7168K), 7 survivors (7168K)
 Metaspace       used 73508K, committed 74176K, reserved 1114112K
  class space    used 10855K, committed 11136K, reserved 1048576K
}
Event: 11.413 GC heap before
{Heap before GC invocations=25 (full 0):
 garbage-first heap   total 183296K, used 61655K [0x0000000082000000, 0x0000000100000000)
  region size 1024K, 8 young (8192K), 7 survivors (7168K)
 Metaspace       used 73511K, committed 74176K, reserved 1114112K
  class space    used 10855K, committed 11136K, reserved 1048576K
}
Event: 11.419 GC heap after
{Heap after GC invocations=26 (full 0):
 garbage-first heap   total 183296K, used 60934K [0x0000000082000000, 0x0000000100000000)
  region size 1024K, 1 young (1024K), 1 survivors (1024K)
 Metaspace       used 73511K, committed 74176K, reserved 1114112K
  class space    used 10855K, committed 11136K, reserved 1048576K
}
Event: 11.773 GC heap before
{Heap before GC invocations=26 (full 0):
 garbage-first heap   total 183296K, used 147974K [0x0000000082000000, 0x0000000100000000)
  region size 1024K, 86 young (88064K), 1 survivors (1024K)
 Metaspace       used 74196K, committed 74880K, reserved 1114112K
  class space    used 10927K, committed 11264K, reserved 1048576K
}
Event: 11.797 GC heap after
{Heap after GC invocations=27 (full 0):
 garbage-first heap   total 183296K, used 75691K [0x0000000082000000, 0x0000000100000000)
  region size 1024K, 11 young (11264K), 11 survivors (11264K)
 Metaspace       used 74196K, committed 74880K, reserved 1114112K
  class space    used 10927K, committed 11264K, reserved 1048576K
}
Event: 12.353 GC heap before
{Heap before GC invocations=28 (full 0):
 garbage-first heap   total 183296K, used 143275K [0x0000000082000000, 0x0000000100000000)
  region size 1024K, 77 young (78848K), 11 survivors (11264K)
 Metaspace       used 75420K, committed 76160K, reserved 1179648K
  class space    used 11069K, committed 11392K, reserved 1048576K
}
Event: 12.376 GC heap after
{Heap after GC invocations=29 (full 0):
 garbage-first heap   total 183296K, used 84183K [0x0000000082000000, 0x0000000100000000)
  region size 1024K, 9 young (9216K), 9 survivors (9216K)
 Metaspace       used 75420K, committed 76160K, reserved 1179648K
  class space    used 11069K, committed 11392K, reserved 1048576K
}
Event: 12.385 GC heap before
{Heap before GC invocations=29 (full 0):
 garbage-first heap   total 183296K, used 85207K [0x0000000082000000, 0x0000000100000000)
  region size 1024K, 10 young (10240K), 9 survivors (9216K)
 Metaspace       used 75426K, committed 76160K, reserved 1179648K
  class space    used 11070K, committed 11392K, reserved 1048576K
}
Event: 12.397 GC heap after
{Heap after GC invocations=30 (full 0):
 garbage-first heap   total 183296K, used 85244K [0x0000000082000000, 0x0000000100000000)
  region size 1024K, 2 young (2048K), 2 survivors (2048K)
 Metaspace       used 75426K, committed 76160K, reserved 1179648K
  class space    used 11070K, committed 11392K, reserved 1048576K
}
Event: 12.786 GC heap before
{Heap before GC invocations=30 (full 0):
 garbage-first heap   total 183296K, used 144636K [0x0000000082000000, 0x0000000100000000)
  region size 1024K, 60 young (61440K), 2 survivors (2048K)
 Metaspace       used 76236K, committed 76992K, reserved 1179648K
  class space    used 11122K, committed 11456K, reserved 1048576K
}

Dll operation events (4 events):
Event: 0.012 Loaded shared library C:\Users\LENOVO\.jdks\jbr-17.0.14-1\bin\java.dll
Event: 0.038 Loaded shared library C:\Users\LENOVO\.jdks\jbr-17.0.14-1\bin\jsvml.dll
Event: 0.185 Loaded shared library C:\Users\LENOVO\.jdks\jbr-17.0.14-1\bin\zip.dll
Event: 4.459 Loaded shared library C:\Users\LENOVO\.jdks\jbr-17.0.14-1\bin\verify.dll

Deoptimization events (6 events):
Event: 6.869 Thread 0x000002237c7428d0 DEOPT PACKING pc=0x000002236d9d5e74 sp=0x0000004920df83f0
Event: 6.869 Thread 0x000002237c7428d0 DEOPT UNPACKING pc=0x000002236ccc7143 sp=0x0000004920df7878 mode 0
Event: 10.657 Thread 0x000002237c7428d0 DEOPT PACKING pc=0x000002236d1c0e1c sp=0x0000004920dfab10
Event: 10.657 Thread 0x000002237c7428d0 DEOPT UNPACKING pc=0x000002236ccc7143 sp=0x0000004920dfa068 mode 0
Event: 11.269 Thread 0x000002237c7428d0 DEOPT PACKING pc=0x000002236d22fb92 sp=0x0000004920dfc570
Event: 11.269 Thread 0x000002237c7428d0 DEOPT UNPACKING pc=0x000002236ccc7143 sp=0x0000004920dfba78 mode 3

Classes loaded (20 events):
Event: 12.016 Loading class java/net/URL$1
Event: 12.017 Loading class java/net/URL$1 done
Event: 12.017 Loading class java/net/spi/URLStreamHandlerProvider
Event: 12.017 Loading class java/net/spi/URLStreamHandlerProvider done
Event: 12.017 Loading class sun/net/www/protocol/http/Handler
Event: 12.017 Loading class sun/net/www/protocol/http/Handler done
Event: 12.018 Loading class javax/crypto/JceSecurity$WeakIdentityWrapper
Event: 12.018 Loading class javax/crypto/JceSecurity$WeakIdentityWrapper done
Event: 12.018 Loading class javax/crypto/JceSecurity$2
Event: 12.018 Loading class javax/crypto/JceSecurity$2 done
Event: 12.018 Loading class javax/crypto/JceSecurity$3
Event: 12.018 Loading class javax/crypto/JceSecurity$3 done
Event: 12.018 Loading class javax/crypto/ProviderVerifier
Event: 12.019 Loading class javax/crypto/ProviderVerifier done
Event: 12.019 Loading class com/sun/crypto/provider/PBKDF2Core$HmacSHA256
Event: 12.019 Loading class com/sun/crypto/provider/PBKDF2Core
Event: 12.019 Loading class javax/crypto/SecretKeyFactorySpi
Event: 12.019 Loading class javax/crypto/SecretKeyFactorySpi done
Event: 12.019 Loading class com/sun/crypto/provider/PBKDF2Core done
Event: 12.019 Loading class com/sun/crypto/provider/PBKDF2Core$HmacSHA256 done

Classes unloaded (0 events):
No events

Classes redefined (0 events):
No events

Internal exceptions (20 events):
Event: 11.206 Thread 0x000002237c7428d0 Exception <a 'java/lang/reflect/InvocationTargetException'{0x0000000087f58eb8}> (0x0000000087f58eb8) 
thrown [s\src\hotspot\share\runtime\reflection.cpp, line 1134]
Event: 11.214 Thread 0x000002237c7428d0 Exception <a 'java/lang/NoSuchMethodError'{0x0000000087fb63a0}: 'int java.lang.invoke.DirectMethodHandle$Holder.invokeStatic(java.lang.Object, java.lang.Object, int)'> (0x0000000087fb63a0) 
thrown [s\src\hotspot\share\interpreter\linkResolver.cpp, line 771]
Event: 11.219 Thread 0x000002237c7428d0 Exception <a 'java/lang/IncompatibleClassChangeError'{0x0000000087fff6f0}: Found class java.lang.Object, but interface was expected> (0x0000000087fff6f0) 
thrown [s\src\hotspot\share\interpreter\linkResolver.cpp, line 838]
Event: 11.231 Thread 0x000002237c7428d0 Exception <a 'java/lang/reflect/InvocationTargetException'{0x0000000087eccc98}> (0x0000000087eccc98) 
thrown [s\src\hotspot\share\runtime\reflection.cpp, line 1134]
Event: 11.232 Thread 0x000002237c7428d0 Exception <a 'java/lang/reflect/InvocationTargetException'{0x0000000087eda5d0}> (0x0000000087eda5d0) 
thrown [s\src\hotspot\share\runtime\reflection.cpp, line 1134]
Event: 11.233 Thread 0x000002237c7428d0 Exception <a 'java/lang/reflect/InvocationTargetException'{0x0000000087ee78d0}> (0x0000000087ee78d0) 
thrown [s\src\hotspot\share\runtime\reflection.cpp, line 1134]
Event: 11.235 Thread 0x000002237c7428d0 Exception <a 'java/lang/reflect/InvocationTargetException'{0x0000000087efe4b8}> (0x0000000087efe4b8) 
thrown [s\src\hotspot\share\runtime\reflection.cpp, line 1134]
Event: 11.239 Thread 0x000002237c7428d0 Exception <a 'java/lang/reflect/InvocationTargetException'{0x0000000087d6d5e0}> (0x0000000087d6d5e0) 
thrown [s\src\hotspot\share\runtime\reflection.cpp, line 1134]
Event: 11.252 Thread 0x000002237c7428d0 Exception <a 'java/lang/reflect/InvocationTargetException'{0x0000000087a73c08}> (0x0000000087a73c08) 
thrown [s\src\hotspot\share\runtime\reflection.cpp, line 1134]
Event: 11.253 Thread 0x000002237c7428d0 Exception <a 'java/lang/reflect/InvocationTargetException'{0x0000000087a7f708}> (0x0000000087a7f708) 
thrown [s\src\hotspot\share\runtime\reflection.cpp, line 1134]
Event: 11.307 Thread 0x000002237c7428d0 Exception <a 'java/lang/NoSuchMethodError'{0x0000000087543b70}: 'long java.lang.invoke.DirectMethodHandle$Holder.invokeVirtual(java.lang.Object, java.lang.Object)'> (0x0000000087543b70) 
thrown [s\src\hotspot\share\interpreter\linkResolver.cpp, line 771]
Event: 11.310 Thread 0x000002237c7428d0 Exception <a 'java/io/FileNotFoundException'{0x00000000875742f8}> (0x00000000875742f8) 
thrown [s\src\hotspot\share\prims\jni.cpp, line 531]
Event: 11.351 Thread 0x000002237c7428d0 Exception <a 'java/lang/reflect/InvocationTargetException'{0x000000008700f540}> (0x000000008700f540) 
thrown [s\src\hotspot\share\runtime\reflection.cpp, line 1134]
Event: 11.353 Thread 0x000002237c7428d0 Exception <a 'java/lang/reflect/InvocationTargetException'{0x0000000087026300}> (0x0000000087026300) 
thrown [s\src\hotspot\share\runtime\reflection.cpp, line 1134]
Event: 11.374 Thread 0x000002237c7428d0 Exception <a 'java/lang/reflect/InvocationTargetException'{0x0000000086e75b98}> (0x0000000086e75b98) 
thrown [s\src\hotspot\share\runtime\reflection.cpp, line 1134]
Event: 11.376 Thread 0x000002237c7428d0 Exception <a 'java/lang/reflect/InvocationTargetException'{0x0000000086e86cb0}> (0x0000000086e86cb0) 
thrown [s\src\hotspot\share\runtime\reflection.cpp, line 1134]
Event: 11.380 Thread 0x000002237c7428d0 Exception <a 'java/lang/reflect/InvocationTargetException'{0x0000000086e9cfc8}> (0x0000000086e9cfc8) 
thrown [s\src\hotspot\share\runtime\reflection.cpp, line 1134]
Event: 11.381 Thread 0x000002237c7428d0 Exception <a 'java/lang/reflect/InvocationTargetException'{0x0000000086eade00}> (0x0000000086eade00) 
thrown [s\src\hotspot\share\runtime\reflection.cpp, line 1134]
Event: 11.410 Thread 0x000002237c7428d0 Exception <a 'java/lang/reflect/InvocationTargetException'{0x000000008d280e98}> (0x000000008d280e98) 
thrown [s\src\hotspot\share\runtime\reflection.cpp, line 1134]
Event: 12.013 Thread 0x000002237c7428d0 Exception <a 'sun/nio/fs/WindowsException'{0x000000008b9c6b40}> (0x000000008b9c6b40) 
thrown [s\src\hotspot\share\prims\jni.cpp, line 531]

VM Operations (20 events):
Event: 11.406 Executing VM operation: G1CollectForAllocation done
Event: 11.413 Executing VM operation: G1CollectForAllocation
Event: 11.419 Executing VM operation: G1CollectForAllocation done
Event: 11.773 Executing VM operation: G1CollectForAllocation
Event: 11.797 Executing VM operation: G1CollectForAllocation done
Event: 11.882 Executing VM operation: G1PauseRemark
Event: 11.894 Executing VM operation: G1PauseRemark done
Event: 11.949 Executing VM operation: G1PauseCleanup
Event: 11.949 Executing VM operation: G1PauseCleanup done
Event: 12.012 Executing VM operation: HandshakeAllThreads
Event: 12.012 Executing VM operation: HandshakeAllThreads done
Event: 12.014 Executing VM operation: HandshakeAllThreads
Event: 12.015 Executing VM operation: HandshakeAllThreads done
Event: 12.018 Executing VM operation: HandshakeAllThreads
Event: 12.018 Executing VM operation: HandshakeAllThreads done
Event: 12.353 Executing VM operation: G1CollectForAllocation
Event: 12.376 Executing VM operation: G1CollectForAllocation done
Event: 12.385 Executing VM operation: G1CollectForAllocation
Event: 12.397 Executing VM operation: G1CollectForAllocation done
Event: 12.786 Executing VM operation: G1CollectForAllocation

Memory protections (0 events):
No events

Nmethod flushes (0 events):
No events

Events (20 events):
Event: 2.209 Thread 0x000002237c742de0 Thread exited: 0x000002237c742de0
Event: 2.716 Thread 0x000002237c7432f0 Thread added: 0x000002237c744220
Event: 2.719 Thread 0x000002237c744220 Thread exited: 0x000002237c744220
Event: 3.221 Thread 0x000002237c7432f0 Thread added: 0x000002237c744730
Event: 3.225 Thread 0x000002237c744730 Thread exited: 0x000002237c744730
Event: 3.726 Thread 0x000002237c7432f0 Thread added: 0x000002237c742de0
Event: 3.730 Thread 0x000002237c742de0 Thread exited: 0x000002237c742de0
Event: 4.101 Thread 0x000002237c7428d0 Thread added: 0x000002237c745150
Event: 4.232 Thread 0x000002237c7432f0 Thread added: 0x000002237c744730
Event: 4.235 Thread 0x000002237c744730 Thread exited: 0x000002237c744730
Event: 4.608 Thread 0x00000223772fdf10 Thread added: 0x000002237c742de0
Event: 4.609 Thread 0x000002237c742de0 Thread added: 0x000002237c744730
Event: 4.609 Thread 0x000002237c742de0 Thread added: 0x000002237c744c40
Event: 4.611 Thread 0x000002237c744730 Thread exited: 0x000002237c744730
Event: 4.826 Thread 0x000002237c7428d0 Thread added: 0x000002237c744730
Event: 4.936 Thread 0x000002237c744730 Thread added: 0x000002237c741eb0
Event: 10.110 Thread 0x000002237c741eb0 Thread exited: 0x000002237c741eb0
Event: 11.319 Thread 0x000002237c7428d0 Thread added: 0x000002237e43ad30
Event: 11.320 Thread 0x000002237e43ad30 Thread added: 0x000002237e43bc60
Event: 11.322 Thread 0x000002237c7428d0 Thread added: 0x000002237e43cb90


Dynamic libraries:
0x00007ff67c8f0000 - 0x00007ff67c8fa000 	C:\Users\LENOVO\.jdks\jbr-17.0.14-1\bin\java.exe
0x00007fffd5450000 - 0x00007fffd5645000 	C:\Windows\SYSTEM32\ntdll.dll
0x00007fffd5270000 - 0x00007fffd532e000 	C:\Windows\System32\KERNEL32.DLL
0x00007fffd2b60000 - 0x00007fffd2e28000 	C:\Windows\System32\KERNELBASE.dll
0x00007fffd3390000 - 0x00007fffd3490000 	C:\Windows\System32\ucrtbase.dll
0x00007fffce640000 - 0x00007fffce657000 	C:\Users\LENOVO\.jdks\jbr-17.0.14-1\bin\jli.dll
0x00007fffc6c90000 - 0x00007fffc6cab000 	C:\Users\LENOVO\.jdks\jbr-17.0.14-1\bin\VCRUNTIME140.dll
0x00007fffd3600000 - 0x00007fffd37a1000 	C:\Windows\System32\USER32.dll
0x00007fffd2ff0000 - 0x00007fffd3012000 	C:\Windows\System32\win32u.dll
0x00007fffc00b0000 - 0x00007fffc034a000 	C:\Windows\WinSxS\amd64_microsoft.windows.common-controls_6595b64144ccf1df_6.0.19041.1110_none_60b5254171f9507e\COMCTL32.dll
0x00007fffd3570000 - 0x00007fffd359b000 	C:\Windows\System32\GDI32.dll
0x00007fffd3d00000 - 0x00007fffd3d9e000 	C:\Windows\System32\msvcrt.dll
0x00007fffd2e30000 - 0x00007fffd2f3d000 	C:\Windows\System32\gdi32full.dll
0x00007fffd3020000 - 0x00007fffd30bd000 	C:\Windows\System32\msvcp_win.dll
0x00007fffd45e0000 - 0x00007fffd4610000 	C:\Windows\System32\IMM32.DLL
0x00007fffce630000 - 0x00007fffce63c000 	C:\Users\LENOVO\.jdks\jbr-17.0.14-1\bin\vcruntime140_1.dll
0x00007fff9e4a0000 - 0x00007fff9e52d000 	C:\Users\LENOVO\.jdks\jbr-17.0.14-1\bin\msvcp140.dll
0x00007fff67670000 - 0x00007fff682fe000 	C:\Users\LENOVO\.jdks\jbr-17.0.14-1\bin\server\jvm.dll
0x00007fffd4440000 - 0x00007fffd44ec000 	C:\Windows\System32\ADVAPI32.dll
0x00007fffd4d60000 - 0x00007fffd4dfb000 	C:\Windows\System32\sechost.dll
0x00007fffd37e0000 - 0x00007fffd390a000 	C:\Windows\System32\RPCRT4.dll
0x00007fffd3da0000 - 0x00007fffd3e0b000 	C:\Windows\System32\WS2_32.dll
0x00007fffd2120000 - 0x00007fffd216b000 	C:\Windows\SYSTEM32\POWRPROF.dll
0x00007fffc68b0000 - 0x00007fffc68d7000 	C:\Windows\SYSTEM32\WINMM.dll
0x00007fffcc660000 - 0x00007fffcc66a000 	C:\Windows\SYSTEM32\VERSION.dll
0x00007fffd1f90000 - 0x00007fffd1fa2000 	C:\Windows\SYSTEM32\UMPDC.dll
0x00007fffd0a50000 - 0x00007fffd0a62000 	C:\Windows\SYSTEM32\kernel.appcore.dll
0x00007fffcab20000 - 0x00007fffcab2a000 	C:\Users\LENOVO\.jdks\jbr-17.0.14-1\bin\jimage.dll
0x00007fffc9b30000 - 0x00007fffc9d14000 	C:\Windows\SYSTEM32\DBGHELP.DLL
0x00007fffca600000 - 0x00007fffca62c000 	C:\Windows\SYSTEM32\dbgcore.DLL
0x00007fffd32d0000 - 0x00007fffd3352000 	C:\Windows\System32\bcryptPrimitives.dll
0x00007fffbf690000 - 0x00007fffbf69e000 	C:\Users\LENOVO\.jdks\jbr-17.0.14-1\bin\instrument.dll
0x00007fffbfea0000 - 0x00007fffbfec5000 	C:\Users\LENOVO\.jdks\jbr-17.0.14-1\bin\java.dll
0x00007fff9e3c0000 - 0x00007fff9e497000 	C:\Users\LENOVO\.jdks\jbr-17.0.14-1\bin\jsvml.dll
0x00007fffd4610000 - 0x00007fffd4d54000 	C:\Windows\System32\SHELL32.dll
0x00007fffd0c50000 - 0x00007fffd13e4000 	C:\Windows\SYSTEM32\windows.storage.dll
0x00007fffd4e60000 - 0x00007fffd51b5000 	C:\Windows\System32\combase.dll
0x00007fffd25b0000 - 0x00007fffd25de000 	C:\Windows\SYSTEM32\Wldp.dll
0x00007fffd51c0000 - 0x00007fffd526d000 	C:\Windows\System32\SHCORE.dll
0x00007fffd4580000 - 0x00007fffd45d5000 	C:\Windows\System32\shlwapi.dll
0x00007fffd2aa0000 - 0x00007fffd2abf000 	C:\Windows\SYSTEM32\profapi.dll
0x00007fffbfba0000 - 0x00007fffbfbb8000 	C:\Users\LENOVO\.jdks\jbr-17.0.14-1\bin\zip.dll
0x00007fffbf760000 - 0x00007fffbf779000 	C:\Users\LENOVO\.jdks\jbr-17.0.14-1\bin\net.dll
0x00007fffc70a0000 - 0x00007fffc71ac000 	C:\Windows\SYSTEM32\WINHTTP.dll
0x00007fffd2310000 - 0x00007fffd237a000 	C:\Windows\system32\mswsock.dll
0x00007fffbf740000 - 0x00007fffbf756000 	C:\Users\LENOVO\.jdks\jbr-17.0.14-1\bin\nio.dll
0x00007fffbeb60000 - 0x00007fffbeb7a000 	C:\Program Files\JetBrains\IntelliJ IDEA 2024.3.2.1\bin\breakgen64.dll
0x00007fffd1ff0000 - 0x00007fffd20bb000 	C:\Windows\SYSTEM32\DNSAPI.dll
0x00007fffd1fb0000 - 0x00007fffd1feb000 	C:\Windows\SYSTEM32\IPHLPAPI.DLL
0x00007fffd37c0000 - 0x00007fffd37c8000 	C:\Windows\System32\NSI.dll
0x00007fffc4a70000 - 0x00007fffc4a7a000 	C:\Windows\System32\rasadhlp.dll
0x00007fffc50b0000 - 0x00007fffc512f000 	C:\Windows\System32\fwpuclnt.dll
0x00007fffd3360000 - 0x00007fffd3387000 	C:\Windows\System32\bcrypt.dll
0x00007fffb8900000 - 0x00007fffb8909000 	C:\Users\LENOVO\.jdks\jbr-17.0.14-1\bin\extnet.dll
0x00007fffb7770000 - 0x00007fffb7779000 	C:\Users\LENOVO\.jdks\jbr-17.0.14-1\bin\management.dll
0x00007fffb7760000 - 0x00007fffb776b000 	C:\Users\LENOVO\.jdks\jbr-17.0.14-1\bin\management_ext.dll
0x00007fffd37b0000 - 0x00007fffd37b8000 	C:\Windows\System32\PSAPI.DLL
0x00007fffd2500000 - 0x00007fffd2518000 	C:\Windows\SYSTEM32\CRYPTSP.dll
0x00007fffd1c20000 - 0x00007fffd1c54000 	C:\Windows\system32\rsaenh.dll
0x00007fffd2a60000 - 0x00007fffd2a8e000 	C:\Windows\SYSTEM32\USERENV.dll
0x00007fffd2520000 - 0x00007fffd252c000 	C:\Windows\SYSTEM32\CRYPTBASE.dll
0x00007fffcb900000 - 0x00007fffcb917000 	C:\Windows\SYSTEM32\dhcpcsvc6.DLL
0x00007fffcb870000 - 0x00007fffcb88d000 	C:\Windows\SYSTEM32\dhcpcsvc.DLL
0x00007fffae4a0000 - 0x00007fffae4b7000 	C:\Windows\system32\napinsp.dll
0x00007fffae480000 - 0x00007fffae49b000 	C:\Windows\system32\pnrpnsp.dll
0x00007fffcc5d0000 - 0x00007fffcc5e5000 	C:\Windows\system32\wshbth.dll
0x00007fffce530000 - 0x00007fffce54d000 	C:\Windows\system32\NLAapi.dll
0x00007fffae460000 - 0x00007fffae472000 	C:\Windows\System32\winrnr.dll
0x00007fffb9b80000 - 0x00007fffb9bc9000 	C:\Windows\SYSTEM32\pdh.dll
0x00007fffb43f0000 - 0x00007fffb43ff000 	C:\Windows\System32\perfproc.dll
0x00007fffb3dc0000 - 0x00007fffb3dcf000 	C:\Windows\System32\perfos.dll
0x00007fffbf670000 - 0x00007fffbf67e000 	C:\Users\LENOVO\.jdks\jbr-17.0.14-1\bin\sunmscapi.dll
0x00007fffd30c0000 - 0x00007fffd3216000 	C:\Windows\System32\CRYPT32.dll
0x00007fffd2620000 - 0x00007fffd2647000 	C:\Windows\SYSTEM32\ncrypt.dll
0x00007fffd25e0000 - 0x00007fffd261b000 	C:\Windows\SYSTEM32\NTASN1.dll
0x00007fffb71b0000 - 0x00007fffb71c0000 	C:\Users\LENOVO\.jdks\jbr-17.0.14-1\bin\verify.dll

dbghelp: loaded successfully - version: 4.0.5 - missing functions: none
symbol engine: initialized successfully - sym options: 0x614 - pdb path: .;C:\Users\LENOVO\.jdks\jbr-17.0.14-1\bin;C:\Windows\SYSTEM32;C:\Windows\WinSxS\amd64_microsoft.windows.common-controls_6595b64144ccf1df_6.0.19041.1110_none_60b5254171f9507e;C:\Users\LENOVO\.jdks\jbr-17.0.14-1\bin\server;C:\Program Files\JetBrains\IntelliJ IDEA 2024.3.2.1\bin

VM Arguments:
jvm_args: -XX:TieredStopAtLevel=1 -Dspring.output.ansi.enabled=always -Dcom.sun.management.jmxremote -Dspring.jmx.enabled=true -Dspring.liveBeansView.mbeanDomain -Dspring.application.admin.enabled=true -Dmanagement.endpoints.jmx.exposure.include=* -javaagent:C:\Program Files\JetBrains\IntelliJ IDEA 2024.3.2.1\lib\idea_rt.jar=62907:C:\Program Files\JetBrains\IntelliJ IDEA 2024.3.2.1\bin -Dfile.encoding=UTF-8 
java_command: tn.esprit.projetintegre.ProjetIntegreApplication
java_class_path (initial): C:\Users\LENOVO\OneDrive - ESPRIT\Bureau\integrationback\backConnect\target\classes;C:\Users\LENOVO\.m2\repository\org\springframework\boot\spring-boot-starter-web\3.2.5\spring-boot-starter-web-3.2.5.jar;C:\Users\LENOVO\.m2\repository\org\springframework\boot\spring-boot-starter\3.2.5\spring-boot-starter-3.2.5.jar;C:\Users\LENOVO\.m2\repository\org\springframework\boot\spring-boot-starter-logging\3.2.5\spring-boot-starter-logging-3.2.5.jar;C:\Users\LENOVO\.m2\repository\ch\qos\logback\logback-classic\1.4.14\logback-classic-1.4.14.jar;C:\Users\LENOVO\.m2\repository\ch\qos\logback\logback-core\1.4.14\logback-core-1.4.14.jar;C:\Users\LENOVO\.m2\repository\org\apache\logging\log4j\log4j-to-slf4j\2.21.1\log4j-to-slf4j-2.21.1.jar;C:\Users\LENOVO\.m2\repository\org\apache\logging\log4j\log4j-api\2.21.1\log4j-api-2.21.1.jar;C:\Users\LENOVO\.m2\repository\org\slf4j\jul-to-slf4j\2.0.13\jul-to-slf4j-2.0.13.jar;C:\Users\LENOVO\.m2\repository\jakarta\annotation\jakarta.annotation-api\2.1.1\jakarta.annotation-api-2.1.1.jar;C:\Users\LENOVO\.m2\repository\org\yaml\snakeyaml\2.2\snakeyaml-2.2.jar;C:\Users\LENOVO\.m2\repository\org\springframework\boot\spring-boot-starter-json\3.2.5\spring-boot-starter-json-3.2.5.jar;C:\Users\LENOVO\.m2\repository\com\fasterxml\jackson\datatype\jackson-datatype-jdk8\2.15.4\jackson-datatype-jdk8-2.15.4.jar;C:\Users\LENOVO\.m2\repository\com\fasterxml\jackson\datatype\jackson-datatype-jsr310\2.15.4\jackson-datatype-jsr310-2.15.4.jar;C:\Users\LENOVO\.m2\repository\com\fasterxml\jackson\module\jackson-module-parameter-names\2.15.4\jackson-module-parameter-names-2.15.4.jar;C:\Users\LENOVO\.m2\repository\org\springframework\boot\spring-boot-starter-tomcat\3.2.5\spring-boot-starter-tomcat-3.2.5.jar;C:\Users\LENOVO\.m2\repository\org\apache\tomcat\embed\tomcat-embed-core\10.1.20\tomcat-embed-core-10.1.20.jar;C:\Users\LENOVO\.m2\repository\org\apache\tomcat\embed\tomcat-embed-websocket\10.1.20\tomcat-embed-websocket-10.1.20.jar;C:
Launcher Type: SUN_STANDARD

[Global flags]
     intx CICompilerCount                          = 4                                         {product} {ergonomic}
     uint ConcGCThreads                            = 2                                         {product} {ergonomic}
     uint G1ConcRefinementThreads                  = 8                                         {product} {ergonomic}
   size_t G1HeapRegionSize                         = 1048576                                   {product} {ergonomic}
    uintx GCDrainStackTargetSize                   = 64                                        {product} {ergonomic}
   size_t InitialHeapSize                          = 132120576                                 {product} {ergonomic}
     bool ManagementServer                         = true                                      {product} {command line}
   size_t MarkStackSize                            = 4194304                                   {product} {ergonomic}
   size_t MaxHeapSize                              = 2113929216                                {product} {ergonomic}
   size_t MaxNewSize                               = 1267728384                                {product} {ergonomic}
   size_t MinHeapDeltaBytes                        = 1048576                                   {product} {ergonomic}
   size_t MinHeapSize                              = 8388608                                   {product} {ergonomic}
    uintx NonProfiledCodeHeapSize                  = 0                                      {pd product} {ergonomic}
     bool ProfileInterpreter                       = false                                  {pd product} {command line}
    uintx ProfiledCodeHeapSize                     = 0                                      {pd product} {ergonomic}
   size_t SoftMaxHeapSize                          = 2113929216                             {manageable} {ergonomic}
     intx TieredStopAtLevel                        = 1                                         {product} {command line}
     bool UseCompressedClassPointers               = true                           {product lp64_product} {ergonomic}
     bool UseCompressedOops                        = true                           {product lp64_product} {ergonomic}
     bool UseG1GC                                  = true                                      {product} {ergonomic}
     bool UseLargePagesIndividualAllocation        = false                                  {pd product} {ergonomic}

Logging:
Log output configuration:
 #0: stdout all=warning uptime,level,tags
 #1: stderr all=off uptime,level,tags

Environment Variables:
JAVA_HOME=C:\Program Files\Java\jdk-25
PATH=C:\Program Files\Java\jdk-25\bin;C:\Program Files\Common Files\Oracle\Java\javapath;C:\oraclexe\app\oracle\product\11.2.0\server\bin;C:\Program Files (x86)\VMware\VMware Workstation\bin\;C:\Windows\system32;C:\Windows;C:\Windows\System32\Wbem;C:\Windows\System32\WindowsPowerShell\v1.0\;C:\Windows\System32\OpenSSH\;C:\Program Files\Git\cmd;C:\ProgramData\ComposerSetup\bin;C:\Program Files\nodejs\;C:\Program Files\Vagrant\bin;C:\Users\LENOVO\Downloads\apache-maven-3.9.12-bin\bin;C:\Users\LENOVO\AppData\Local\Programs\Python\Python314\Scripts\;C:\Users\LENOVO\AppData\Local\Programs\Python\Python314\;C:\Users\LENOVO\AppData\Local\Programs\Python\Launcher\;C:\Users\LENOVO\scoop\shims;C:\Users\LENOVO\AppData\Local\Microsoft\WindowsApps;C:\Users\LENOVO\AppData\Local\Programs\Microsoft VS Code\bin;C:\xampp\php;C:\Users\LENOVO\AppData\Roaming\Composer\vendor\bin;C:\Users\LENOVO\AppData\Roaming\npm;C:\Users\LENOVO\AppData\Local\Programs\Antigravity\bin
USERNAME=LENOVO
OS=Windows_NT
PROCESSOR_IDENTIFIER=Intel64 Family 6 Model 142 Stepping 10, GenuineIntel
TMP=C:\PROGRA~1\KMSpico\temp
TEMP=C:\PROGRA~1\KMSpico\temp



Periodic native trim disabled

JNI global refs:
JNI global refs: 18, weak refs: 0

JNI global refs memory usage: 843, weak refs: 841

Process memory usage:
Resident Set Size: 398952K (4% of 8251700K total physical memory with 817856K free physical memory)

OOME stack traces (most recent first):
Classloader memory used:
Loader jdk.internal.loader.ClassLoaders$AppClassLoader                                 : 7328K
Loader bootstrap                                                                       : 1170K
Loader org.springframework.boot.devtools.restart.classloader.RestartClassLoader        : 879K
Loader jdk.internal.reflect.DelegatingClassLoader                                      : 85044B
Loader jdk.internal.loader.ClassLoaders$PlatformClassLoader                            : 68419B
Loader sun.reflect.misc.MethodUtil                                                     : 373B
Loader net.bytebuddy.utility.dispatcher.JavaDispatcher$DynamicClassLoader              : 231B

Classes loaded by more than one classloader:
Class tn.esprit.projetintegre.ProjetIntegreApplication                                : loaded 2 times (x 69B)


---------------  S Y S T E M  ---------------

OS:
 Windows 10 , 64 bit Build 19041 (10.0.19041.1348)
OS uptime: 0 days 1:16 hours

CPU: total 8 (initial active 8) (4 cores per cpu, 2 threads per core) family 6 model 142 stepping 10 microcode 0xb4, cx8, cmov, fxsr, ht, mmx, 3dnowpref, sse, sse2, sse3, ssse3, sse4.1, sse4.2, popcnt, lzcnt, tsc, tscinvbit, avx, avx2, aes, erms, clmul, bmi1, bmi2, adx, fma, vzeroupper, clflush, clflushopt
Processor Information for processor 0
  Max Mhz: 1801, Current Mhz: 1801, Mhz Limit: 1801
Processor Information for processor 1
  Max Mhz: 1801, Current Mhz: 1500, Mhz Limit: 1801
Processor Information for processor 2
  Max Mhz: 1801, Current Mhz: 1500, Mhz Limit: 1801
Processor Information for processor 3
  Max Mhz: 1801, Current Mhz: 1500, Mhz Limit: 1801
Processor Information for processor 4
  Max Mhz: 1801, Current Mhz: 1500, Mhz Limit: 1801
Processor Information for processor 5
  Max Mhz: 1801, Current Mhz: 1500, Mhz Limit: 1801
Processor Information for processor 6
  Max Mhz: 1801, Current Mhz: 1500, Mhz Limit: 1801
Processor Information for processor 7
  Max Mhz: 1801, Current Mhz: 1500, Mhz Limit: 1801

Memory: 4k page, system-wide physical 8058M (798M free)
TotalPageFile size 12495M (AvailPageFile size 41M)
current process WorkingSet (physical memory assigned to process): 390M, peak: 390M
current process commit charge ("private bytes"): 428M, peak: 759M

vm_info: OpenJDK 64-Bit Server VM (17.0.14+1-b1367.22) for windows-amd64 JRE (17.0.14+1-b1367.22), built on 2025-01-30 by "builduser" with MS VC++ 16.10 / 16.11 (VS2019)

END.
