#
# There is insufficient memory for the Java Runtime Environment to continue.
# Native memory allocation (malloc) failed to allocate 697152 bytes for Chunk::new
# Possible reasons:
#   The system is out of physical RAM or swap space
#   The process is running with CompressedOops enabled, and the Java Heap may be blocking the growth of the native heap
# Possible solutions:
#   Reduce memory load on the system
#   Increase physical memory or swap space
#   Check if swap backing store is full
#   Decrease Java heap size (-Xmx/-Xms)
#   Decrease number of Java threads
#   Decrease Java thread stack sizes (-Xss)
#   Set larger code cache with -XX:ReservedCodeCacheSize=
#   JVM is running with Unscaled Compressed Oops mode in which the Java heap is
#     placed in the first 4GB address space. The Java Heap base address is the
#     maximum limit for the native heap growth. Please use -XX:HeapBaseMinAddress
#     to set the Java Heap base and to place the Java Heap above 4GB virtual address.
# This output file may be truncated or incomplete.
#
#  Out of Memory Error (arena.cpp:189), pid=1364, tid=15676
#
# JRE version: OpenJDK Runtime Environment Temurin-17.0.4.1+1 (17.0.4.1+1) (build 17.0.4.1+1)
# Java VM: OpenJDK 64-Bit Server VM Temurin-17.0.4.1+1 (17.0.4.1+1, mixed mode, tiered, compressed oops, compressed class ptrs, parallel gc, windows-amd64)
# No core dump will be written. Minidumps are not enabled by default on client versions of Windows
#

---------------  S U M M A R Y ------------

Command Line: --add-modules=ALL-SYSTEM --add-opens=java.base/java.util=ALL-UNNAMED --add-opens=java.base/java.lang=ALL-UNNAMED --add-opens=java.base/sun.nio.fs=ALL-UNNAMED -Declipse.application=org.eclipse.jdt.ls.core.id1 -Dosgi.bundles.defaultStartLevel=4 -Declipse.product=org.eclipse.jdt.ls.core.product -Djava.import.generatesMetadataFilesAtProjectRoot=false -Dfile.encoding=utf8 -XX:+UseParallelGC -XX:GCTimeRatio=4 -XX:AdaptiveSizePolicyWeight=90 -Dsun.zip.disableMemoryMapping=true -Xmx1G -Xms100m -Xlog:disable -javaagent:c:\Users\LENOVO\.antigravity\extensions\redhat.java-1.12.0-win32-x64\lombok\lombok-1.18.24.jar -XX:+HeapDumpOnOutOfMemoryError -XX:HeapDumpPath=c:\Users\LENOVO\AppData\Roaming\Antigravity\User\workspaceStorage\5095996a89609635f6bad224ed7bf7e0\redhat.java c:\Users\LENOVO\.antigravity\extensions\redhat.java-1.12.0-win32-x64\server\plugins\org.eclipse.equinox.launcher_1.6.400.v20210924-0641.jar -configuration c:\Users\LENOVO\AppData\Roaming\Antigravity\User\globalStorage\redhat.java\1.12.0\config_win -data c:\Users\LENOVO\AppData\Roaming\Antigravity\User\workspaceStorage\5095996a89609635f6bad224ed7bf7e0\redhat.java\jdt_ws

Host: Intel(R) Core(TM) i5-8250U CPU @ 1.60GHz, 8 cores, 7G,  Windows 10 , 64 bit Build 19041 (10.0.19041.1348)
Time: Fri Feb 27 04:12:15 2026 Paris, Madrid elapsed time: 6.311179 seconds (0d 0h 0m 6s)

---------------  T H R E A D  ---------------

Current thread (0x0000022359d4e7a0):  JavaThread "C2 CompilerThread1" daemon [_thread_in_native, id=15676, stack(0x000000868aa00000,0x000000868ab00000)]


Current CompileTask:
C2:   6311 2935 %     4       java.io.WinNTFileSystem::normalize @ 22 (143 bytes)

Stack: [0x000000868aa00000,0x000000868ab00000]
Native frames: (J=compiled Java code, j=interpreted, Vv=VM code, C=native code)
V  [jvm.dll+0x67731a]
V  [jvm.dll+0x832284]
V  [jvm.dll+0x833a2e]
V  [jvm.dll+0x834093]
V  [jvm.dll+0x245775]
V  [jvm.dll+0xabd7b]
V  [jvm.dll+0xac30c]
V  [jvm.dll+0x363a97]
V  [jvm.dll+0x1bbf38]
V  [jvm.dll+0x2187d9]
V  [jvm.dll+0x217aa1]
V  [jvm.dll+0x1a3f8d]
V  [jvm.dll+0x227498]
V  [jvm.dll+0x2255e5]
V  [jvm.dll+0x7e7e9b]
V  [jvm.dll+0x7e240a]
V  [jvm.dll+0x6761a5]
C  [ucrtbase.dll+0x21bb2]
C  [KERNEL32.DLL+0x17034]
C  [ntdll.dll+0x52651]


---------------  P R O C E S S  ---------------

Threads class SMR info:
_java_thread_list=0x0000022359ea30f0, length=22, elements={
0x0000022341908350, 0x0000022357cb3b70, 0x0000022357cb47b0, 0x0000022357ccee50,
0x0000022357ce5ac0, 0x0000022357cecfb0, 0x0000022357cef160, 0x0000022357cf51a0,
0x0000022357cf8260, 0x0000022357cfaf20, 0x0000022357dca610, 0x00000223580a9af0,
0x0000022359466cd0, 0x00000223594fc4b0, 0x000002235944a880, 0x0000022359be9820,
0x0000022359543f30, 0x00000223597c03c0, 0x00000223586e3e00, 0x0000022359564920,
0x0000022359567470, 0x0000022359d4e7a0
}

Java Threads: ( => current thread )
  0x0000022341908350 JavaThread "main" [_thread_blocked, id=4340, stack(0x0000008688b00000,0x0000008688c00000)]
  0x0000022357cb3b70 JavaThread "Reference Handler" daemon [_thread_blocked, id=9656, stack(0x0000008688e00000,0x0000008688f00000)]
  0x0000022357cb47b0 JavaThread "Finalizer" daemon [_thread_blocked, id=11560, stack(0x0000008688f00000,0x0000008689000000)]
  0x0000022357ccee50 JavaThread "Signal Dispatcher" daemon [_thread_blocked, id=3160, stack(0x0000008689000000,0x0000008689100000)]
  0x0000022357ce5ac0 JavaThread "Attach Listener" daemon [_thread_blocked, id=15864, stack(0x0000008689100000,0x0000008689200000)]
  0x0000022357cecfb0 JavaThread "Service Thread" daemon [_thread_blocked, id=9276, stack(0x0000008689200000,0x0000008689300000)]
  0x0000022357cef160 JavaThread "Monitor Deflation Thread" daemon [_thread_blocked, id=14280, stack(0x0000008689300000,0x0000008689400000)]
  0x0000022357cf51a0 JavaThread "C2 CompilerThread0" daemon [_thread_blocked, id=17748, stack(0x0000008689400000,0x0000008689500000)]
  0x0000022357cf8260 JavaThread "C1 CompilerThread0" daemon [_thread_in_vm, id=1752, stack(0x0000008689500000,0x0000008689600000)]
  0x0000022357cfaf20 JavaThread "Sweeper thread" daemon [_thread_blocked, id=15308, stack(0x0000008689600000,0x0000008689700000)]
  0x0000022357dca610 JavaThread "Common-Cleaner" daemon [_thread_blocked, id=17152, stack(0x0000008689700000,0x0000008689800000)]
  0x00000223580a9af0 JavaThread "Notification Thread" daemon [_thread_blocked, id=14656, stack(0x0000008689800000,0x0000008689900000)]
  0x0000022359466cd0 JavaThread "Active Thread: Equinox Container: 245b9421-61e7-41b3-8bb8-0220036fb421" [_thread_blocked, id=7776, stack(0x000000868a100000,0x000000868a200000)]
  0x00000223594fc4b0 JavaThread "Framework Event Dispatcher: Equinox Container: 245b9421-61e7-41b3-8bb8-0220036fb421" daemon [_thread_blocked, id=13752, stack(0x000000868a200000,0x000000868a300000)]
  0x000002235944a880 JavaThread "Start Level: Equinox Container: 245b9421-61e7-41b3-8bb8-0220036fb421" daemon [_thread_in_vm, id=10424, stack(0x000000868a300000,0x000000868a400000)]
  0x0000022359be9820 JavaThread "SCR Component Actor" daemon [_thread_blocked, id=18332, stack(0x000000868a400000,0x000000868a500000)]
  0x0000022359543f30 JavaThread "SCR Component Registry" daemon [_thread_blocked, id=8240, stack(0x000000868a700000,0x000000868a800000)]
  0x00000223597c03c0 JavaThread "Worker-JM" [_thread_blocked, id=12124, stack(0x000000868a000000,0x000000868a100000)]
  0x00000223586e3e00 JavaThread "Worker-0" [_thread_blocked, id=8712, stack(0x0000008689f00000,0x000000868a000000)]
  0x0000022359564920 JavaThread "Worker-1: Refreshing workspace" [_thread_in_Java, id=10628, stack(0x000000868a800000,0x000000868a900000)]
  0x0000022359567470 JavaThread "Worker-2" [_thread_blocked, id=15536, stack(0x000000868a900000,0x000000868aa00000)]
=>0x0000022359d4e7a0 JavaThread "C2 CompilerThread1" daemon [_thread_in_native, id=15676, stack(0x000000868aa00000,0x000000868ab00000)]

Other Threads:
  0x000002235578ce60 VMThread "VM Thread" [stack: 0x0000008688d00000,0x0000008688e00000] [id=1728]
  0x00000223580333a0 WatcherThread [stack: 0x0000008689900000,0x0000008689a00000] [id=7072]
  0x0000022341919fa0 GCTaskThread "GC Thread#0" [stack: 0x0000008688c00000,0x0000008688d00000] [id=16488]
  0x0000022358492e70 GCTaskThread "GC Thread#1" [stack: 0x0000008689a00000,0x0000008689b00000] [id=8724]
  0x0000022358493520 GCTaskThread "GC Thread#2" [stack: 0x0000008689b00000,0x0000008689c00000] [id=5668]
  0x00000223589c9e60 GCTaskThread "GC Thread#3" [stack: 0x0000008689c00000,0x0000008689d00000] [id=5584]
  0x00000223589ca110 GCTaskThread "GC Thread#4" [stack: 0x0000008689d00000,0x0000008689e00000] [id=8504]
  0x00000223589ca3c0 GCTaskThread "GC Thread#5" [stack: 0x0000008689e00000,0x0000008689f00000] [id=16956]
  0x0000022359be8960 GCTaskThread "GC Thread#6" [stack: 0x000000868a500000,0x000000868a600000] [id=17852]
  0x0000022359810590 GCTaskThread "GC Thread#7" [stack: 0x000000868a600000,0x000000868a700000] [id=5896]

Threads with active compile tasks:
C1 CompilerThread0     6409 3053   !   3       sun.nio.fs.WindowsLinkSupport::getRealPath (500 bytes)
C2 CompilerThread1     6409 2935 %     4       java.io.WinNTFileSystem::normalize @ 22 (143 bytes)

VM state: not at safepoint (normal execution)

VM Mutex/Monitor currently owned by a thread:  ([mutex/lock_event])
[0x0000022341901bc0] Metaspace_lock - owner thread: 0x000002235944a880
[0x00000223419041d0] MethodData_lock - owner thread: 0x0000022357cf8260

Heap address: 0x00000000c0000000, size: 1024 MB, Compressed Oops mode: 32-bit

CDS archive(s) not mapped
Compressed class space mapped at: 0x0000000100000000-0x0000000140000000, reserved size: 1073741824
Narrow klass base: 0x0000000000000000, Narrow klass shift: 3, Narrow klass range: 0x140000000

GC Precious Log:
 CPUs: 8 total, 8 available
 Memory: 8058M
 Large Page Support: Disabled
 NUMA Support: Disabled
 Compressed Oops: Enabled (32-bit)
 Alignments: Space 512K, Generation 512K, Heap 2M
 Heap Min Capacity: 100M
 Heap Initial Capacity: 100M
 Heap Max Capacity: 1G
 Pre-touch: Disabled
 Parallel Workers: 8

Heap:
 PSYoungGen      total 27648K, used 22600K [0x00000000eab00000, 0x00000000eca80000, 0x0000000100000000)
  eden space 25088K, 81% used [0x00000000eab00000,0x00000000ebeed9e8,0x00000000ec380000)
  from space 2560K, 85% used [0x00000000ec400000,0x00000000ec624878,0x00000000ec680000)
  to   space 3584K, 0% used [0x00000000ec700000,0x00000000ec700000,0x00000000eca80000)
 ParOldGen       total 68608K, used 8439K [0x00000000c0000000, 0x00000000c4300000, 0x00000000eab00000)
  object space 68608K, 12% used [0x00000000c0000000,0x00000000c083dcb0,0x00000000c4300000)
 Metaspace       used 26486K, committed 27072K, reserved 1081344K
  class space    used 2668K, committed 2944K, reserved 1048576K

Card table byte_map: [0x00000223412d0000,0x00000223414e0000] _byte_map_base: 0x0000022340cd0000

Marking Bits: (ParMarkBitMap*) 0x00007fffe58d2cc0
 Begin Bits: [0x00000223535a0000, 0x00000223545a0000)
 End Bits:   [0x00000223545a0000, 0x00000223555a0000)

Polling page: 0x000002233f910000

Metaspace:

Usage:
  Non-class:     23.26 MB used.
      Class:      2.61 MB used.
       Both:     25.87 MB used.

Virtual space:
  Non-class space:       32.00 MB reserved,      23.56 MB ( 74%) committed,  4 nodes.
      Class space:        1.00 GB reserved,       2.88 MB ( <1%) committed,  1 nodes.
             Both:        1.03 GB reserved,      26.44 MB (  3%) committed. 

Chunk freelists:
   Non-Class:  3.61 MB
       Class:  1.02 MB
        Both:  4.63 MB

MaxMetaspaceSize: unlimited
CompressedClassSpaceSize: 1.00 GB
Initial GC threshold: 21.00 MB
Current GC threshold: 35.00 MB
CDS: off
MetaspaceReclaimPolicy: balanced
 - commit_granule_bytes: 65536.
 - commit_granule_words: 8192.
 - virtual_space_node_default_size: 1048576.
 - enlarge_chunks_in_place: 1.
 - new_chunks_are_fully_committed: 0.
 - uncommit_free_chunks: 1.
 - use_allocation_guard: 0.
 - handle_deallocations: 1.


Internal statistics:

num_allocs_failed_limit: 3.
num_arena_births: 428.
num_arena_deaths: 14.
num_vsnodes_births: 5.
num_vsnodes_deaths: 0.
num_space_committed: 423.
num_space_uncommitted: 0.
num_chunks_returned_to_freelist: 17.
num_chunks_taken_from_freelist: 1193.
num_chunk_merges: 7.
num_chunk_splits: 769.
num_chunks_enlarged: 473.
num_purges: 2.
num_inconsistent_stats: 0.

CodeHeap 'non-profiled nmethods': size=120000Kb used=1232Kb max_used=1232Kb free=118768Kb
 bounds [0x000002234c070000, 0x000002234c2e0000, 0x00000223535a0000]
CodeHeap 'profiled nmethods': size=120000Kb used=6150Kb max_used=6150Kb free=113849Kb
 bounds [0x0000022344b40000, 0x0000022345150000, 0x000002234c070000]
CodeHeap 'non-nmethods': size=5760Kb used=1195Kb max_used=1245Kb free=4564Kb
 bounds [0x00000223445a0000, 0x0000022344810000, 0x0000022344b40000]
 total_blobs=3546 nmethods=3049 adapters=411
 compilation: enabled
              stopped_count=0, restarted_count=0
 full_count=0

Compilation events (20 events):
Event: 6.293 Thread 0x0000022357cf8260 3042   !   3       sun.nio.fs.WindowsNativeDispatcher::GetFileAttributesEx (30 bytes)
Event: 6.293 Thread 0x0000022357cf8260 nmethod 3042 0x000002234513ab90 code [0x000002234513ad80, 0x000002234513b078]
Event: 6.293 Thread 0x0000022357cf8260 3043       3       sun.nio.fs.WindowsFileAttributes::isReparsePoint (14 bytes)
Event: 6.293 Thread 0x0000022357cf8260 nmethod 3043 0x000002234513b290 code [0x000002234513b420, 0x000002234513b578]
Event: 6.294 Thread 0x0000022357cf8260 3044       1       org.eclipse.core.internal.resources.FilterDescription::getType (5 bytes)
Event: 6.294 Thread 0x0000022357cf8260 nmethod 3044 0x000002234c1a3a10 code [0x000002234c1a3ba0, 0x000002234c1a3c78]
Event: 6.294 Thread 0x0000022357cf8260 3046       3       org.eclipse.core.filesystem.provider.FileInfo::compareTo (9 bytes)
Event: 6.295 Thread 0x0000022357cf8260 nmethod 3046 0x000002234513b610 code [0x000002234513b7e0, 0x000002234513bb08]
Event: 6.295 Thread 0x0000022357cf8260 3047       3       org.eclipse.core.internal.resources.Workspace::newResource (190 bytes)
Event: 6.296 Thread 0x0000022357cf8260 nmethod 3047 0x000002234513bc90 code [0x000002234513c0c0, 0x000002234513dbb8]
Event: 6.296 Thread 0x0000022357cf8260 3048       3       org.eclipse.jdt.ls.core.internal.filesystem.JLSFsUtils::shouldStoreInMetadataArea (33 bytes)
Event: 6.296 Thread 0x0000022357cf8260 nmethod 3048 0x000002234513e610 code [0x000002234513e8e0, 0x000002234513f5b8]
Event: 6.296 Thread 0x0000022357cf8260 3045       3       java.util.regex.Matcher::<init> (95 bytes)
Event: 6.297 Thread 0x0000022357cf8260 nmethod 3045 0x000002234513fa10 code [0x000002234513fbe0, 0x00000223451400a8]
Event: 6.298 Thread 0x0000022357cf8260 3049       3       java.nio.file.Files::readAttributes (11 bytes)
Event: 6.298 Thread 0x0000022357cf8260 nmethod 3049 0x0000022345140210 code [0x00000223451403e0, 0x0000022345140688]
Event: 6.298 Thread 0x0000022357cf8260 3050       3       sun.nio.fs.WindowsFileSystemProvider::readAttributes (63 bytes)
Event: 6.298 Thread 0x0000022357cf8260 nmethod 3050 0x0000022345140810 code [0x0000022345140a80, 0x0000022345141498]
Event: 6.298 Thread 0x0000022357cf8260 3051       3       sun.nio.fs.AbstractBasicFileAttributeView::<init> (5 bytes)
Event: 6.299 Thread 0x0000022357cf8260 nmethod 3051 0x0000022345141810 code [0x00000223451419a0, 0x0000022345141af8]

GC Heap History (12 events):
Event: 2.135 GC heap before
{Heap before GC invocations=1 (full 0):
 PSYoungGen      total 29696K, used 25600K [0x00000000eab00000, 0x00000000ecc00000, 0x0000000100000000)
  eden space 25600K, 100% used [0x00000000eab00000,0x00000000ec400000,0x00000000ec400000)
  from space 4096K, 0% used [0x00000000ec800000,0x00000000ec800000,0x00000000ecc00000)
  to   space 4096K, 0% used [0x00000000ec400000,0x00000000ec400000,0x00000000ec800000)
 ParOldGen       total 68608K, used 0K [0x00000000c0000000, 0x00000000c4300000, 0x00000000eab00000)
  object space 68608K, 0% used [0x00000000c0000000,0x00000000c0000000,0x00000000c4300000)
 Metaspace       used 10773K, committed 10944K, reserved 1064960K
  class space    used 1081K, committed 1152K, reserved 1048576K
}
Event: 2.144 GC heap after
{Heap after GC invocations=1 (full 0):
 PSYoungGen      total 29696K, used 3342K [0x00000000eab00000, 0x00000000ecc00000, 0x0000000100000000)
  eden space 25600K, 0% used [0x00000000eab00000,0x00000000eab00000,0x00000000ec400000)
  from space 4096K, 81% used [0x00000000ec400000,0x00000000ec743b28,0x00000000ec800000)
  to   space 4096K, 0% used [0x00000000ec800000,0x00000000ec800000,0x00000000ecc00000)
 ParOldGen       total 68608K, used 16K [0x00000000c0000000, 0x00000000c4300000, 0x00000000eab00000)
  object space 68608K, 0% used [0x00000000c0000000,0x00000000c0004000,0x00000000c4300000)
 Metaspace       used 10773K, committed 10944K, reserved 1064960K
  class space    used 1081K, committed 1152K, reserved 1048576K
}
Event: 3.157 GC heap before
{Heap before GC invocations=2 (full 0):
 PSYoungGen      total 29696K, used 28942K [0x00000000eab00000, 0x00000000ecc00000, 0x0000000100000000)
  eden space 25600K, 100% used [0x00000000eab00000,0x00000000ec400000,0x00000000ec400000)
  from space 4096K, 81% used [0x00000000ec400000,0x00000000ec743b28,0x00000000ec800000)
  to   space 4096K, 0% used [0x00000000ec800000,0x00000000ec800000,0x00000000ecc00000)
 ParOldGen       total 68608K, used 16K [0x00000000c0000000, 0x00000000c4300000, 0x00000000eab00000)
  object space 68608K, 0% used [0x00000000c0000000,0x00000000c0004000,0x00000000c4300000)
 Metaspace       used 14680K, committed 14976K, reserved 1064960K
  class space    used 1490K, committed 1664K, reserved 1048576K
}
Event: 3.164 GC heap after
{Heap after GC invocations=2 (full 0):
 PSYoungGen      total 29696K, used 4071K [0x00000000eab00000, 0x00000000ecc00000, 0x0000000100000000)
  eden space 25600K, 0% used [0x00000000eab00000,0x00000000eab00000,0x00000000ec400000)
  from space 4096K, 99% used [0x00000000ec800000,0x00000000ecbf9ed8,0x00000000ecc00000)
  to   space 4096K, 0% used [0x00000000ec400000,0x00000000ec400000,0x00000000ec800000)
 ParOldGen       total 68608K, used 1490K [0x00000000c0000000, 0x00000000c4300000, 0x00000000eab00000)
  object space 68608K, 2% used [0x00000000c0000000,0x00000000c0174b90,0x00000000c4300000)
 Metaspace       used 14680K, committed 14976K, reserved 1064960K
  class space    used 1490K, committed 1664K, reserved 1048576K
}
Event: 4.087 GC heap before
{Heap before GC invocations=3 (full 0):
 PSYoungGen      total 29696K, used 29671K [0x00000000eab00000, 0x00000000ecc00000, 0x0000000100000000)
  eden space 25600K, 100% used [0x00000000eab00000,0x00000000ec400000,0x00000000ec400000)
  from space 4096K, 99% used [0x00000000ec800000,0x00000000ecbf9ed8,0x00000000ecc00000)
  to   space 4096K, 0% used [0x00000000ec400000,0x00000000ec400000,0x00000000ec800000)
 ParOldGen       total 68608K, used 1490K [0x00000000c0000000, 0x00000000c4300000, 0x00000000eab00000)
  object space 68608K, 2% used [0x00000000c0000000,0x00000000c0174b90,0x00000000c4300000)
 Metaspace       used 19560K, committed 19968K, reserved 1073152K
  class space    used 1986K, committed 2176K, reserved 1048576K
}
Event: 4.091 GC heap after
{Heap after GC invocations=3 (full 0):
 PSYoungGen      total 29696K, used 4064K [0x00000000eab00000, 0x00000000ecc00000, 0x0000000100000000)
  eden space 25600K, 0% used [0x00000000eab00000,0x00000000eab00000,0x00000000ec400000)
  from space 4096K, 99% used [0x00000000ec400000,0x00000000ec7f8208,0x00000000ec800000)
  to   space 4096K, 0% used [0x00000000ec800000,0x00000000ec800000,0x00000000ecc00000)
 ParOldGen       total 68608K, used 3702K [0x00000000c0000000, 0x00000000c4300000, 0x00000000eab00000)
  object space 68608K, 5% used [0x00000000c0000000,0x00000000c039dad0,0x00000000c4300000)
 Metaspace       used 19560K, committed 19968K, reserved 1073152K
  class space    used 1986K, committed 2176K, reserved 1048576K
}
Event: 4.756 GC heap before
{Heap before GC invocations=4 (full 0):
 PSYoungGen      total 29696K, used 15093K [0x00000000eab00000, 0x00000000ecc00000, 0x0000000100000000)
  eden space 25600K, 43% used [0x00000000eab00000,0x00000000eb5c5428,0x00000000ec400000)
  from space 4096K, 99% used [0x00000000ec400000,0x00000000ec7f8208,0x00000000ec800000)
  to   space 4096K, 0% used [0x00000000ec800000,0x00000000ec800000,0x00000000ecc00000)
 ParOldGen       total 68608K, used 3702K [0x00000000c0000000, 0x00000000c4300000, 0x00000000eab00000)
  object space 68608K, 5% used [0x00000000c0000000,0x00000000c039dad0,0x00000000c4300000)
 Metaspace       used 21064K, committed 21504K, reserved 1073152K
  class space    used 2139K, committed 2368K, reserved 1048576K
}
Event: 4.761 GC heap after
{Heap after GC invocations=4 (full 0):
 PSYoungGen      total 29696K, used 4072K [0x00000000eab00000, 0x00000000ecc00000, 0x0000000100000000)
  eden space 25600K, 0% used [0x00000000eab00000,0x00000000eab00000,0x00000000ec400000)
  from space 4096K, 99% used [0x00000000ec800000,0x00000000ecbfa3b8,0x00000000ecc00000)
  to   space 4096K, 0% used [0x00000000ec400000,0x00000000ec400000,0x00000000ec800000)
 ParOldGen       total 68608K, used 4503K [0x00000000c0000000, 0x00000000c4300000, 0x00000000eab00000)
  object space 68608K, 6% used [0x00000000c0000000,0x00000000c0465c90,0x00000000c4300000)
 Metaspace       used 21064K, committed 21504K, reserved 1073152K
  class space    used 2139K, committed 2368K, reserved 1048576K
}
Event: 4.761 GC heap before
{Heap before GC invocations=5 (full 1):
 PSYoungGen      total 29696K, used 4072K [0x00000000eab00000, 0x00000000ecc00000, 0x0000000100000000)
  eden space 25600K, 0% used [0x00000000eab00000,0x00000000eab00000,0x00000000ec400000)
  from space 4096K, 99% used [0x00000000ec800000,0x00000000ecbfa3b8,0x00000000ecc00000)
  to   space 4096K, 0% used [0x00000000ec400000,0x00000000ec400000,0x00000000ec800000)
 ParOldGen       total 68608K, used 4503K [0x00000000c0000000, 0x00000000c4300000, 0x00000000eab00000)
  object space 68608K, 6% used [0x00000000c0000000,0x00000000c0465c90,0x00000000c4300000)
 Metaspace       used 21064K, committed 21504K, reserved 1073152K
  class space    used 2139K, committed 2368K, reserved 1048576K
}
Event: 4.813 GC heap after
{Heap after GC invocations=5 (full 1):
 PSYoungGen      total 29696K, used 0K [0x00000000eab00000, 0x00000000ecc00000, 0x0000000100000000)
  eden space 25600K, 0% used [0x00000000eab00000,0x00000000eab00000,0x00000000ec400000)
  from space 4096K, 0% used [0x00000000ec800000,0x00000000ec800000,0x00000000ecc00000)
  to   space 4096K, 0% used [0x00000000ec400000,0x00000000ec400000,0x00000000ec800000)
 ParOldGen       total 68608K, used 8431K [0x00000000c0000000, 0x00000000c4300000, 0x00000000eab00000)
  object space 68608K, 12% used [0x00000000c0000000,0x00000000c083bcb0,0x00000000c4300000)
 Metaspace       used 21050K, committed 21504K, reserved 1073152K
  class space    used 2136K, committed 2368K, reserved 1048576K
}
Event: 5.993 GC heap before
{Heap before GC invocations=6 (full 1):
 PSYoungGen      total 29696K, used 25600K [0x00000000eab00000, 0x00000000ecc00000, 0x0000000100000000)
  eden space 25600K, 100% used [0x00000000eab00000,0x00000000ec400000,0x00000000ec400000)
  from space 4096K, 0% used [0x00000000ec800000,0x00000000ec800000,0x00000000ecc00000)
  to   space 4096K, 0% used [0x00000000ec400000,0x00000000ec400000,0x00000000ec800000)
 ParOldGen       total 68608K, used 8431K [0x00000000c0000000, 0x00000000c4300000, 0x00000000eab00000)
  object space 68608K, 12% used [0x00000000c0000000,0x00000000c083bcb0,0x00000000c4300000)
 Metaspace       used 24632K, committed 25280K, reserved 1073152K
  class space    used 2550K, committed 2816K, reserved 1048576K
}
Event: 5.996 GC heap after
{Heap after GC invocations=6 (full 1):
 PSYoungGen      total 27648K, used 2194K [0x00000000eab00000, 0x00000000eca80000, 0x0000000100000000)
  eden space 25088K, 0% used [0x00000000eab00000,0x00000000eab00000,0x00000000ec380000)
  from space 2560K, 85% used [0x00000000ec400000,0x00000000ec624878,0x00000000ec680000)
  to   space 3584K, 0% used [0x00000000ec700000,0x00000000ec700000,0x00000000eca80000)
 ParOldGen       total 68608K, used 8439K [0x00000000c0000000, 0x00000000c4300000, 0x00000000eab00000)
  object space 68608K, 12% used [0x00000000c0000000,0x00000000c083dcb0,0x00000000c4300000)
 Metaspace       used 24632K, committed 25280K, reserved 1073152K
  class space    used 2550K, committed 2816K, reserved 1048576K
}

Deoptimization events (20 events):
Event: 5.088 Thread 0x000002235944a880 Uncommon trap: trap_request=0xffffff45 fr.pc=0x000002234c0bbf6c relative=0x00000000000025ac
Event: 5.088 Thread 0x000002235944a880 Uncommon trap: reason=unstable_if action=reinterpret pc=0x000002234c0bbf6c method=java.util.jar.Manifest$FastInputStream.peek()B @ 8 c2
Event: 5.088 Thread 0x000002235944a880 DEOPT PACKING pc=0x000002234c0bbf6c sp=0x000000868a3f3ae0
Event: 5.088 Thread 0x000002235944a880 DEOPT UNPACKING pc=0x00000223445f20a3 sp=0x000000868a3f3a78 mode 2
Event: 5.093 Thread 0x000002235944a880 Uncommon trap: trap_request=0xffffff45 fr.pc=0x000002234c0c0e08 relative=0x0000000000000088
Event: 5.093 Thread 0x000002235944a880 Uncommon trap: reason=unstable_if action=reinterpret pc=0x000002234c0c0e08 method=java.util.jar.Manifest$FastInputStream.peek()B @ 8 c2
Event: 5.093 Thread 0x000002235944a880 DEOPT PACKING pc=0x000002234c0c0e08 sp=0x000000868a3f3ae0
Event: 5.093 Thread 0x000002235944a880 DEOPT UNPACKING pc=0x00000223445f20a3 sp=0x000000868a3f3a78 mode 2
Event: 5.205 Thread 0x000002235944a880 Uncommon trap: trap_request=0xffffffcc fr.pc=0x000002234c16c388 relative=0x0000000000000368
Event: 5.205 Thread 0x000002235944a880 Uncommon trap: reason=intrinsic_or_type_checked_inlining action=make_not_entrant pc=0x000002234c16c388 method=java.util.Arrays.copyOf([Ljava/lang/Object;ILjava/lang/Class;)[Ljava/lang/Object; @ 35 c2
Event: 5.205 Thread 0x000002235944a880 DEOPT PACKING pc=0x000002234c16c388 sp=0x000000868a3f3840
Event: 5.205 Thread 0x000002235944a880 DEOPT UNPACKING pc=0x00000223445f20a3 sp=0x000000868a3f37d0 mode 2
Event: 5.208 Thread 0x000002235944a880 DEOPT PACKING pc=0x000002234500d456 sp=0x000000868a3efb70
Event: 5.208 Thread 0x000002235944a880 DEOPT UNPACKING pc=0x00000223445f2843 sp=0x000000868a3eeff8 mode 0
Event: 5.906 Thread 0x00000223586e3e00 DEOPT PACKING pc=0x0000022344e54114 sp=0x0000008689ffe4d0
Event: 5.906 Thread 0x0000022359564920 DEOPT PACKING pc=0x0000022344e54114 sp=0x000000868a8fe380
Event: 5.906 Thread 0x00000223586e3e00 DEOPT UNPACKING pc=0x00000223445f2843 sp=0x0000008689ffda28 mode 0
Event: 5.906 Thread 0x000002235944a880 DEOPT PACKING pc=0x0000022344e54114 sp=0x000000868a3fad20
Event: 5.906 Thread 0x0000022359564920 DEOPT UNPACKING pc=0x00000223445f2843 sp=0x000000868a8fd8d8 mode 0
Event: 5.906 Thread 0x000002235944a880 DEOPT UNPACKING pc=0x00000223445f2843 sp=0x000000868a3fa278 mode 0

Classes unloaded (7 events):
Event: 4.766 Thread 0x000002235578ce60 Unloading class 0x0000000100211400 'java/lang/invoke/LambdaForm$MH+0x0000000100211400'
Event: 4.766 Thread 0x000002235578ce60 Unloading class 0x0000000100211000 'java/lang/invoke/LambdaForm$MH+0x0000000100211000'
Event: 4.766 Thread 0x000002235578ce60 Unloading class 0x0000000100210c00 'java/lang/invoke/LambdaForm$MH+0x0000000100210c00'
Event: 4.766 Thread 0x000002235578ce60 Unloading class 0x0000000100210400 'java/lang/invoke/LambdaForm$MH+0x0000000100210400'
Event: 4.766 Thread 0x000002235578ce60 Unloading class 0x0000000100210000 'java/lang/invoke/LambdaForm$BMH+0x0000000100210000'
Event: 4.766 Thread 0x000002235578ce60 Unloading class 0x000000010020fc00 'java/lang/invoke/LambdaForm$DMH+0x000000010020fc00'
Event: 4.766 Thread 0x000002235578ce60 Unloading class 0x000000010020c400 'java/lang/invoke/LambdaForm$DMH+0x000000010020c400'

Classes redefined (0 events):
No events

Internal exceptions (20 events):
Event: 5.655 Thread 0x000002235944a880 Exception <a 'java/lang/NoSuchMethodError'{0x00000000ebbb4f48}: 'java.lang.Object java.lang.invoke.Invokers$Holder.invoke_MT(java.lang.Object, java.lang.Object, java.lang.Object, java.lang.Object, java.lang.Object, java.lang.Object, java.lang.Object, java.lang.Object, java.lang.Object, java.lang.Object, java.lang.Object)'> (0x00000000ebbb4f48) 
thrown [s\src\hotspot\share\interpreter\linkResolver.cpp, line 759]
Event: 5.662 Thread 0x000002235944a880 Exception <a 'java/lang/NoSuchMethodError'{0x00000000ebbefe90}: 'int java.lang.invoke.DirectMethodHandle$Holder.invokeVirtual(java.lang.Object, java.lang.Object, java.lang.Object)'> (0x00000000ebbefe90) 
thrown [s\src\hotspot\share\interpreter\linkResolver.cpp, line 759]
Event: 5.663 Thread 0x000002235944a880 Exception <a 'java/lang/NoSuchMethodError'{0x00000000ebbf4490}: 'int java.lang.invoke.DirectMethodHandle$Holder.invokeVirtual(java.lang.Object, java.lang.Object)'> (0x00000000ebbf4490) 
thrown [s\src\hotspot\share\interpreter\linkResolver.cpp, line 759]
Event: 5.664 Thread 0x000002235944a880 Exception <a 'java/lang/NoSuchMethodError'{0x00000000ebbf93f0}: 'int java.lang.invoke.DirectMethodHandle$Holder.invokeStaticInit(java.lang.Object, int, int)'> (0x00000000ebbf93f0) 
thrown [s\src\hotspot\share\interpreter\linkResolver.cpp, line 759]
Event: 5.668 Thread 0x000002235944a880 Exception <a 'java/lang/NoSuchMethodError'{0x00000000ebc01928}: 'int java.lang.invoke.DirectMethodHandle$Holder.invokeStaticInit(java.lang.Object, long, long)'> (0x00000000ebc01928) 
thrown [s\src\hotspot\share\interpreter\linkResolver.cpp, line 759]
Event: 5.670 Thread 0x000002235944a880 Exception <a 'java/lang/NoSuchMethodError'{0x00000000ebc094c0}: 'int java.lang.invoke.DirectMethodHandle$Holder.invokeStaticInit(java.lang.Object, float, float)'> (0x00000000ebc094c0) 
thrown [s\src\hotspot\share\interpreter\linkResolver.cpp, line 759]
Event: 5.670 Thread 0x000002235944a880 Exception <a 'java/lang/NoSuchMethodError'{0x00000000ebc11060}: 'int java.lang.invoke.DirectMethodHandle$Holder.invokeStaticInit(java.lang.Object, double, double)'> (0x00000000ebc11060) 
thrown [s\src\hotspot\share\interpreter\linkResolver.cpp, line 759]
Event: 5.671 Thread 0x000002235944a880 Exception <a 'java/lang/NoSuchMethodError'{0x00000000ebc163b0}: 'int java.lang.invoke.DirectMethodHandle$Holder.invokeStatic(java.lang.Object, long)'> (0x00000000ebc163b0) 
thrown [s\src\hotspot\share\interpreter\linkResolver.cpp, line 759]
Event: 5.680 Thread 0x000002235944a880 Exception <a 'java/lang/NoSuchMethodError'{0x00000000ebc3f0a0}: 'int java.lang.invoke.Invokers$Holder.linkToTargetMethod(java.lang.Object, java.lang.Object)'> (0x00000000ebc3f0a0) 
thrown [s\src\hotspot\share\interpreter\linkResolver.cpp, line 759]
Event: 5.695 Thread 0x000002235944a880 Exception <a 'java/lang/NoSuchMethodError'{0x00000000ebca6138}: 'java.lang.Object java.lang.invoke.DirectMethodHandle$Holder.invokeSpecial(java.lang.Object, java.lang.Object, java.lang.Object, java.lang.Object, java.lang.Object, java.lang.Object, java.lang.Object, java.lang.Object, java.lang.Object, java.lang.Object)'> (0x00000000ebca6138) 
thrown [s\src\hotspot\share\interpreter\linkResolver.cpp, line 759]
Event: 5.695 Thread 0x000002235944a880 Exception <a 'java/lang/NoSuchMethodError'{0x00000000ebcab5d8}: 'java.lang.Object java.lang.invoke.Invokers$Holder.invoke_MT(java.lang.Object, java.lang.Object, java.lang.Object, java.lang.Object, java.lang.Object, java.lang.Object, java.lang.Object, java.lang.Object, java.lang.Object, java.lang.Object)'> (0x00000000ebcab5d8) 
thrown [s\src\hotspot\share\interpreter\linkResolver.cpp, line 759]
Event: 5.720 Thread 0x000002235944a880 Exception <a 'java/lang/NoSuchMethodError'{0x00000000ebd07500}: 'java.lang.Object java.lang.invoke.DirectMethodHandle$Holder.invokeSpecial(java.lang.Object, java.lang.Object, java.lang.Object, java.lang.Object, java.lang.Object, java.lang.Object, java.lang.Object, java.lang.Object, java.lang.Object)'> (0x00000000ebd07500) 
thrown [s\src\hotspot\share\interpreter\linkResolver.cpp, line 759]
Event: 5.723 Thread 0x000002235944a880 Exception <a 'java/lang/NoSuchMethodError'{0x00000000ebd0ce18}: 'java.lang.Object java.lang.invoke.Invokers$Holder.invoke_MT(java.lang.Object, java.lang.Object, java.lang.Object, java.lang.Object, java.lang.Object, java.lang.Object, java.lang.Object, java.lang.Object, java.lang.Object)'> (0x00000000ebd0ce18) 
thrown [s\src\hotspot\share\interpreter\linkResolver.cpp, line 759]
Event: 5.746 Thread 0x000002235944a880 Exception <a 'java/lang/NoSuchMethodError'{0x00000000ebd9c6e8}: 'java.lang.Object java.lang.invoke.DirectMethodHandle$Holder.newInvokeSpecial(java.lang.Object, java.lang.Object, java.lang.Object, java.lang.Object, java.lang.Object, java.lang.Object, java.lang.Object)'> (0x00000000ebd9c6e8) 
thrown [s\src\hotspot\share\interpreter\linkResolver.cpp, line 759]
Event: 5.756 Thread 0x000002235944a880 Exception <a 'java/lang/NoSuchMethodError'{0x00000000ebdf1150}: 'java.lang.Object java.lang.invoke.DirectMethodHandle$Holder.invokeSpecial(java.lang.Object, java.lang.Object, java.lang.Object, java.lang.Object, java.lang.Object, java.lang.Object, java.lang.Object, java.lang.Object, java.lang.Object, java.lang.Object, java.lang.Object, java.lang.Object, java.lang.Object)'> (0x00000000ebdf1150) 
thrown [s\src\hotspot\share\interpreter\linkResolver.cpp, line 759]
Event: 5.756 Thread 0x000002235944a880 Exception <a 'java/lang/NoSuchMethodError'{0x00000000ebdf6c80}: 'java.lang.Object java.lang.invoke.Invokers$Holder.invoker(java.lang.Object, java.lang.Object, java.lang.Object, java.lang.Object, java.lang.Object, java.lang.Object, java.lang.Object, java.lang.Object, java.lang.Object, java.lang.Object, java.lang.Object, java.lang.Object, java.lang.Object)'> (0x00000000ebdf6c80) 
thrown [s\src\hotspot\share\interpreter\linkResolver.cpp, line 759]
Event: 5.756 Thread 0x000002235944a880 Exception <a 'java/lang/NoSuchMethodError'{0x00000000ebdfdbc8}: 'java.lang.Object java.lang.invoke.DirectMethodHandle$Holder.invokeSpecial(java.lang.Object, java.lang.Object, java.lang.Object, java.lang.Object, java.lang.Object, java.lang.Object, java.lang.Object, java.lang.Object, java.lang.Object, java.lang.Object, java.lang.Object, java.lang.Object, java.lang.Object, java.lang.Object)'> (0x00000000ebdfdbc8) 
thrown [s\src\hotspot\share\interpreter\linkResolver.cpp, line 759]
Event: 5.777 Thread 0x000002235944a880 Exception <a 'java/lang/NoSuchMethodError'{0x00000000ebe55490}: static Lorg/eclipse/m2e/core/internal/lifecyclemapping/model/PluginExecutionMetadata;.<clinit>()V> (0x00000000ebe55490) 
thrown [s\src\hotspot\share\prims\jni.cpp, line 1107]
Event: 5.789 Thread 0x000002235944a880 Exception <a 'java/lang/NoSuchMethodError'{0x00000000ebea6f90}: static Lorg/eclipse/m2e/core/internal/lifecyclemapping/model/PluginExecutionFilter;.<clinit>()V> (0x00000000ebea6f90) 
thrown [s\src\hotspot\share\prims\jni.cpp, line 1107]
Event: 5.913 Thread 0x00000223586e3e00 Exception <a 'java/io/FileNotFoundException'{0x00000000ec0d1740}> (0x00000000ec0d1740) 
thrown [s\src\hotspot\share\prims\jni.cpp, line 516]

VM Operations (20 events):
Event: 3.847 Executing VM operation: HandshakeAllThreads
Event: 3.847 Executing VM operation: HandshakeAllThreads done
Event: 4.065 Executing VM operation: HandshakeAllThreads
Event: 4.065 Executing VM operation: HandshakeAllThreads done
Event: 4.086 Executing VM operation: ParallelGCFailedAllocation
Event: 4.091 Executing VM operation: ParallelGCFailedAllocation done
Event: 4.756 Executing VM operation: CollectForMetadataAllocation
Event: 4.819 Executing VM operation: CollectForMetadataAllocation done
Event: 4.863 Executing VM operation: HandshakeAllThreads
Event: 4.863 Executing VM operation: HandshakeAllThreads done
Event: 5.209 Executing VM operation: HandshakeAllThreads
Event: 5.209 Executing VM operation: HandshakeAllThreads done
Event: 5.433 Executing VM operation: HandshakeAllThreads
Event: 5.433 Executing VM operation: HandshakeAllThreads done
Event: 5.434 Executing VM operation: HandshakeAllThreads
Event: 5.434 Executing VM operation: HandshakeAllThreads done
Event: 5.623 Executing VM operation: HandshakeAllThreads
Event: 5.623 Executing VM operation: HandshakeAllThreads done
Event: 5.993 Executing VM operation: ParallelGCFailedAllocation
Event: 5.997 Executing VM operation: ParallelGCFailedAllocation done

Events (20 events):
Event: 5.963 loading class java/util/zip/GZIPInputStream
Event: 5.964 loading class java/util/zip/GZIPInputStream done
Event: 5.965 loading class java/util/zip/GZIPOutputStream
Event: 5.966 loading class java/util/zip/DeflaterOutputStream
Event: 5.966 loading class java/util/zip/DeflaterOutputStream done
Event: 5.966 loading class java/util/zip/GZIPOutputStream done
Event: 6.006 loading class java/net/SocketTimeoutException
Event: 6.006 loading class java/io/InterruptedIOException
Event: 6.007 loading class java/io/InterruptedIOException done
Event: 6.007 loading class java/net/SocketTimeoutException done
Event: 6.007 loading class java/net/SocketException
Event: 6.007 loading class java/net/SocketException done
Event: 6.007 loading class java/net/UnknownHostException
Event: 6.007 loading class java/net/UnknownHostException done
Event: 6.007 loading class java/net/ProtocolException
Event: 6.007 loading class java/net/ProtocolException done
Event: 6.014 loading class java/util/regex/PatternSyntaxException
Event: 6.014 loading class java/util/regex/PatternSyntaxException done
Event: 6.043 loading class java/lang/NegativeArraySizeException
Event: 6.043 loading class java/lang/NegativeArraySizeException done


Dynamic libraries:
0x00007ff6c2180000 - 0x00007ff6c218e000 	c:\Users\LENOVO\.antigravity\extensions\redhat.java-1.12.0-win32-x64\jre\17.0.4.1-win32-x86_64\bin\java.exe
0x00007ff81f0f0000 - 0x00007ff81f2e5000 	C:\Windows\SYSTEM32\ntdll.dll
0x00007ff81d4c0000 - 0x00007ff81d57e000 	C:\Windows\System32\KERNEL32.DLL
0x00007ff81c8b0000 - 0x00007ff81cb78000 	C:\Windows\System32\KERNELBASE.dll
0x00007ff81cb80000 - 0x00007ff81cc80000 	C:\Windows\System32\ucrtbase.dll
0x00007ff814f90000 - 0x00007ff814fa8000 	c:\Users\LENOVO\.antigravity\extensions\redhat.java-1.12.0-win32-x64\jre\17.0.4.1-win32-x86_64\bin\jli.dll
0x00007ff814f70000 - 0x00007ff814f89000 	c:\Users\LENOVO\.antigravity\extensions\redhat.java-1.12.0-win32-x64\jre\17.0.4.1-win32-x86_64\bin\VCRUNTIME140.dll
0x00007ff81d240000 - 0x00007ff81d3e1000 	C:\Windows\System32\USER32.dll
0x00007ff81d100000 - 0x00007ff81d122000 	C:\Windows\System32\win32u.dll
0x00007ff80a3e0000 - 0x00007ff80a67a000 	C:\Windows\WinSxS\amd64_microsoft.windows.common-controls_6595b64144ccf1df_6.0.19041.1110_none_60b5254171f9507e\COMCTL32.dll
0x00007ff81e4d0000 - 0x00007ff81e56e000 	C:\Windows\System32\msvcrt.dll
0x00007ff81f080000 - 0x00007ff81f0ab000 	C:\Windows\System32\GDI32.dll
0x00007ff81cc80000 - 0x00007ff81cd8d000 	C:\Windows\System32\gdi32full.dll
0x00007ff81cfa0000 - 0x00007ff81d03d000 	C:\Windows\System32\msvcp_win.dll
0x00007ff81e440000 - 0x00007ff81e470000 	C:\Windows\System32\IMM32.DLL
0x00007ff818240000 - 0x00007ff81824c000 	c:\Users\LENOVO\.antigravity\extensions\redhat.java-1.12.0-win32-x64\jre\17.0.4.1-win32-x86_64\bin\vcruntime140_1.dll
0x00007fffe7850000 - 0x00007fffe78e1000 	c:\Users\LENOVO\.antigravity\extensions\redhat.java-1.12.0-win32-x64\jre\17.0.4.1-win32-x86_64\bin\msvcp140.dll
0x00007fffe4d50000 - 0x00007fffe5996000 	c:\Users\LENOVO\.antigravity\extensions\redhat.java-1.12.0-win32-x64\jre\17.0.4.1-win32-x86_64\bin\server\jvm.dll
0x00007ff81d190000 - 0x00007ff81d23c000 	C:\Windows\System32\ADVAPI32.dll
0x00007ff81d880000 - 0x00007ff81d91b000 	C:\Windows\System32\sechost.dll
0x00007ff81d590000 - 0x00007ff81d6ba000 	C:\Windows\System32\RPCRT4.dll
0x00007ff809c20000 - 0x00007ff809c29000 	C:\Windows\SYSTEM32\WSOCK32.dll
0x00007ff81e6d0000 - 0x00007ff81e73b000 	C:\Windows\System32\WS2_32.dll
0x00007ff81e7a0000 - 0x00007ff81e7a8000 	C:\Windows\System32\PSAPI.DLL
0x00007ff811130000 - 0x00007ff811157000 	C:\Windows\SYSTEM32\WINMM.dll
0x00007ff816540000 - 0x00007ff81654a000 	C:\Windows\SYSTEM32\VERSION.dll
0x00007ff81a6f0000 - 0x00007ff81a702000 	C:\Windows\SYSTEM32\kernel.appcore.dll
0x00007ff8141d0000 - 0x00007ff8141da000 	c:\Users\LENOVO\.antigravity\extensions\redhat.java-1.12.0-win32-x64\jre\17.0.4.1-win32-x86_64\bin\jimage.dll
0x00007ff812ec0000 - 0x00007ff8130a4000 	C:\Windows\SYSTEM32\DBGHELP.DLL
0x00007ff812e90000 - 0x00007ff812ebc000 	C:\Windows\SYSTEM32\dbgcore.DLL
0x00007ff81d040000 - 0x00007ff81d0c2000 	C:\Windows\System32\bcryptPrimitives.dll
0x00007ff8141c0000 - 0x00007ff8141ce000 	c:\Users\LENOVO\.antigravity\extensions\redhat.java-1.12.0-win32-x64\jre\17.0.4.1-win32-x86_64\bin\instrument.dll
0x00007ffffebf0000 - 0x00007ffffec15000 	c:\Users\LENOVO\.antigravity\extensions\redhat.java-1.12.0-win32-x64\jre\17.0.4.1-win32-x86_64\bin\java.dll
0x00007ffffec70000 - 0x00007ffffec88000 	c:\Users\LENOVO\.antigravity\extensions\redhat.java-1.12.0-win32-x64\jre\17.0.4.1-win32-x86_64\bin\zip.dll
0x00007ff81da60000 - 0x00007ff81e1a4000 	C:\Windows\System32\SHELL32.dll
0x00007ff81a8f0000 - 0x00007ff81b084000 	C:\Windows\SYSTEM32\windows.storage.dll
0x00007ff81e7b0000 - 0x00007ff81eb05000 	C:\Windows\System32\combase.dll
0x00007ff81c250000 - 0x00007ff81c27e000 	C:\Windows\SYSTEM32\Wldp.dll
0x00007ff81e570000 - 0x00007ff81e61d000 	C:\Windows\System32\SHCORE.dll
0x00007ff81e740000 - 0x00007ff81e795000 	C:\Windows\System32\shlwapi.dll
0x00007ff81c740000 - 0x00007ff81c75f000 	C:\Windows\SYSTEM32\profapi.dll
0x00007ffff1ef0000 - 0x00007ffff1f09000 	C:\Users\LENOVO\.antigravity\extensions\redhat.java-1.12.0-win32-x64\jre\17.0.4.1-win32-x86_64\bin\net.dll
0x00007ff811180000 - 0x00007ff81128c000 	C:\Windows\SYSTEM32\WINHTTP.dll
0x00007ff81bfb0000 - 0x00007ff81c01a000 	C:\Windows\system32\mswsock.dll
0x00007ffff1ed0000 - 0x00007ffff1ee5000 	C:\Users\LENOVO\.antigravity\extensions\redhat.java-1.12.0-win32-x64\jre\17.0.4.1-win32-x86_64\bin\nio.dll
0x00007ff8011c0000 - 0x00007ff8011d0000 	c:\Users\LENOVO\.antigravity\extensions\redhat.java-1.12.0-win32-x64\jre\17.0.4.1-win32-x86_64\bin\verify.dll
0x00007fffeb3d0000 - 0x00007fffeb40e000 	C:\Users\LENOVO\AppData\Roaming\Antigravity\User\globalStorage\redhat.java\1.12.0\config_win\org.eclipse.equinox.launcher\org.eclipse.equinox.launcher.win32.win32.x86_64_1.2.600.v20220720-1916\eclipse_11700.dll
0x00007ff81d750000 - 0x00007ff81d87a000 	C:\Windows\System32\ole32.dll

dbghelp: loaded successfully - version: 4.0.5 - missing functions: none
symbol engine: initialized successfully - sym options: 0x614 - pdb path: .;c:\Users\LENOVO\.antigravity\extensions\redhat.java-1.12.0-win32-x64\jre\17.0.4.1-win32-x86_64\bin;C:\Windows\SYSTEM32;C:\Windows\WinSxS\amd64_microsoft.windows.common-controls_6595b64144ccf1df_6.0.19041.1110_none_60b5254171f9507e;c:\Users\LENOVO\.antigravity\extensions\redhat.java-1.12.0-win32-x64\jre\17.0.4.1-win32-x86_64\bin\server;C:\Users\LENOVO\AppData\Roaming\Antigravity\User\globalStorage\redhat.java\1.12.0\config_win\org.eclipse.equinox.launcher\org.eclipse.equinox.launcher.win32.win32.x86_64_1.2.600.v20220720-1916

VM Arguments:
jvm_args: --add-modules=ALL-SYSTEM --add-opens=java.base/java.util=ALL-UNNAMED --add-opens=java.base/java.lang=ALL-UNNAMED --add-opens=java.base/sun.nio.fs=ALL-UNNAMED -Declipse.application=org.eclipse.jdt.ls.core.id1 -Dosgi.bundles.defaultStartLevel=4 -Declipse.product=org.eclipse.jdt.ls.core.product -Djava.import.generatesMetadataFilesAtProjectRoot=false -Dfile.encoding=utf8 -XX:+UseParallelGC -XX:GCTimeRatio=4 -XX:AdaptiveSizePolicyWeight=90 -Dsun.zip.disableMemoryMapping=true -Xmx1G -Xms100m -Xlog:disable -javaagent:c:\Users\LENOVO\.antigravity\extensions\redhat.java-1.12.0-win32-x64\lombok\lombok-1.18.24.jar -XX:+HeapDumpOnOutOfMemoryError -XX:HeapDumpPath=c:\Users\LENOVO\AppData\Roaming\Antigravity\User\workspaceStorage\5095996a89609635f6bad224ed7bf7e0\redhat.java 
java_command: c:\Users\LENOVO\.antigravity\extensions\redhat.java-1.12.0-win32-x64\server\plugins\org.eclipse.equinox.launcher_1.6.400.v20210924-0641.jar -configuration c:\Users\LENOVO\AppData\Roaming\Antigravity\User\globalStorage\redhat.java\1.12.0\config_win -data c:\Users\LENOVO\AppData\Roaming\Antigravity\User\workspaceStorage\5095996a89609635f6bad224ed7bf7e0\redhat.java\jdt_ws
java_class_path (initial): c:\Users\LENOVO\.antigravity\extensions\redhat.java-1.12.0-win32-x64\server\plugins\org.eclipse.equinox.launcher_1.6.400.v20210924-0641.jar
Launcher Type: SUN_STANDARD

[Global flags]
    uintx AdaptiveSizePolicyWeight                 = 90                                        {product} {command line}
     intx CICompilerCount                          = 4                                         {product} {ergonomic}
    uintx GCTimeRatio                              = 4                                         {product} {command line}
     bool HeapDumpOnOutOfMemoryError               = true                                   {manageable} {command line}
    ccstr HeapDumpPath                             = c:\Users\LENOVO\AppData\Roaming\Antigravity\User\workspaceStorage\5095996a89609635f6bad224ed7bf7e0\redhat.java         {manageable} {command line}
   size_t InitialHeapSize                          = 104857600                                 {product} {command line}
   size_t MaxHeapSize                              = 1073741824                                {product} {command line}
   size_t MaxNewSize                               = 357564416                                 {product} {ergonomic}
   size_t MinHeapDeltaBytes                        = 524288                                    {product} {ergonomic}
   size_t MinHeapSize                              = 104857600                                 {product} {command line}
   size_t NewSize                                  = 34603008                                  {product} {ergonomic}
    uintx NonNMethodCodeHeapSize                   = 5839372                                {pd product} {ergonomic}
    uintx NonProfiledCodeHeapSize                  = 122909434                              {pd product} {ergonomic}
   size_t OldSize                                  = 70254592                                  {product} {ergonomic}
    uintx ProfiledCodeHeapSize                     = 122909434                              {pd product} {ergonomic}
    uintx ReservedCodeCacheSize                    = 251658240                              {pd product} {ergonomic}
     bool SegmentedCodeCache                       = true                                      {product} {ergonomic}
   size_t SoftMaxHeapSize                          = 1073741824                             {manageable} {ergonomic}
     bool UseCompressedClassPointers               = true                           {product lp64_product} {ergonomic}
     bool UseCompressedOops                        = true                           {product lp64_product} {ergonomic}
     bool UseLargePagesIndividualAllocation        = false                                  {pd product} {ergonomic}
     bool UseParallelGC                            = true                                      {product} {command line}

Logging:
Log output configuration:
 #0: stdout all=off uptime,level,tags
 #1: stderr all=off uptime,level,tags

Environment Variables:
JAVA_HOME=C:\Program Files\Java\jdk-25
PATH=C:\Program Files\Java\jdk-25\bin;C:\Program Files\Common Files\Oracle\Java\javapath;C:\oraclexe\app\oracle\product\11.2.0\server\bin;C:\Program Files (x86)\VMware\VMware Workstation\bin\;C:\Windows\system32;C:\Windows;C:\Windows\System32\Wbem;C:\Windows\System32\WindowsPowerShell\v1.0\;C:\Windows\System32\OpenSSH\;C:\Program Files\Git\cmd;C:\ProgramData\ComposerSetup\bin;C:\Program Files\nodejs\;C:\Program Files\Vagrant\bin;C:\Users\LENOVO\Downloads\apache-maven-3.9.12-bin\bin;C:\Users\LENOVO\AppData\Local\Programs\Python\Python314\Scripts\;C:\Users\LENOVO\AppData\Local\Programs\Python\Python314\;C:\Users\LENOVO\AppData\Local\Programs\Python\Launcher\;C:\Users\LENOVO\scoop\shims;C:\Users\LENOVO\AppData\Local\Microsoft\WindowsApps;C:\Users\LENOVO\AppData\Local\Programs\Microsoft VS Code\bin;C:\xampp\php;C:\Users\LENOVO\AppData\Roaming\Composer\vendor\bin;C:\Users\LENOVO\AppData\Roaming\npm;C:\Users\LENOVO\Downloads\Antigravity\bin
USERNAME=LENOVO
OS=Windows_NT
PROCESSOR_IDENTIFIER=Intel64 Family 6 Model 142 Stepping 10, GenuineIntel
TMP=C:\PROGRA~1\KMSpico\temp
TEMP=C:\PROGRA~1\KMSpico\temp



---------------  S Y S T E M  ---------------

OS:
 Windows 10 , 64 bit Build 19041 (10.0.19041.1348)
OS uptime: 0 days 12:21 hours

CPU: total 8 (initial active 8) (4 cores per cpu, 2 threads per core) family 6 model 142 stepping 10 microcode 0xb4, cx8, cmov, fxsr, ht, mmx, 3dnowpref, sse, sse2, sse3, ssse3, sse4.1, sse4.2, popcnt, lzcnt, tsc, tscinvbit, avx, avx2, aes, erms, clmul, bmi1, bmi2, adx, fma, vzeroupper, clflush, clflushopt

Memory: 4k page, system-wide physical 8058M (678M free)
TotalPageFile size 16946M (AvailPageFile size 24M)
current process WorkingSet (physical memory assigned to process): 132M, peak: 132M
current process commit charge ("private bytes"): 239M, peak: 240M

vm_info: OpenJDK 64-Bit Server VM (17.0.4.1+1) for windows-amd64 JRE (17.0.4.1+1), built on Aug 17 2022 07:42:43 by "temurin" with MS VC++ 16.7 (VS2019)

END.
