#
# There is insufficient memory for the Java Runtime Environment to continue.
# Native memory allocation (malloc) failed to allocate 1088976 bytes for Chunk::new
# Possible reasons:
#   The system is out of physical RAM or swap space
#   The process is running with CompressedOops enabled, and the Java Heap may be blocking the growth of the native heap
# Possible solutions:
#   Reduce memory load on the system
#   Increase physical memory or swap space
#   Check if swap backing store is full
#   Decrease Java heap size (-Xmx/-Xms)
#   Decrease number of Java threads
#   Decrease Java thread stack sizes (-Xss)
#   Set larger code cache with -XX:ReservedCodeCacheSize=
#   JVM is running with Unscaled Compressed Oops mode in which the Java heap is
#     placed in the first 4GB address space. The Java Heap base address is the
#     maximum limit for the native heap growth. Please use -XX:HeapBaseMinAddress
#     to set the Java Heap base and to place the Java Heap above 4GB virtual address.
# This output file may be truncated or incomplete.
#
#  Out of Memory Error (arena.cpp:189), pid=18072, tid=3240
#
# JRE version: OpenJDK Runtime Environment Temurin-17.0.4.1+1 (17.0.4.1+1) (build 17.0.4.1+1)
# Java VM: OpenJDK 64-Bit Server VM Temurin-17.0.4.1+1 (17.0.4.1+1, mixed mode, tiered, compressed oops, compressed class ptrs, parallel gc, windows-amd64)
# No core dump will be written. Minidumps are not enabled by default on client versions of Windows
#

---------------  S U M M A R Y ------------

Command Line: --add-modules=ALL-SYSTEM --add-opens=java.base/java.util=ALL-UNNAMED --add-opens=java.base/java.lang=ALL-UNNAMED --add-opens=java.base/sun.nio.fs=ALL-UNNAMED -Declipse.application=org.eclipse.jdt.ls.core.id1 -Dosgi.bundles.defaultStartLevel=4 -Declipse.product=org.eclipse.jdt.ls.core.product -Djava.import.generatesMetadataFilesAtProjectRoot=false -Dfile.encoding=utf8 -XX:+UseParallelGC -XX:GCTimeRatio=4 -XX:AdaptiveSizePolicyWeight=90 -Dsun.zip.disableMemoryMapping=true -Xmx1G -Xms100m -Xlog:disable -javaagent:c:\Users\LENOVO\.antigravity\extensions\redhat.java-1.12.0-win32-x64\lombok\lombok-1.18.24.jar -XX:+HeapDumpOnOutOfMemoryError -XX:HeapDumpPath=c:\Users\LENOVO\AppData\Roaming\Antigravity\User\workspaceStorage\5095996a89609635f6bad224ed7bf7e0\redhat.java c:\Users\LENOVO\.antigravity\extensions\redhat.java-1.12.0-win32-x64\server\plugins\org.eclipse.equinox.launcher_1.6.400.v20210924-0641.jar -configuration c:\Users\LENOVO\AppData\Roaming\Antigravity\User\globalStorage\redhat.java\1.12.0\config_win -data c:\Users\LENOVO\AppData\Roaming\Antigravity\User\workspaceStorage\5095996a89609635f6bad224ed7bf7e0\redhat.java\jdt_ws

Host: Intel(R) Core(TM) i5-8250U CPU @ 1.60GHz, 8 cores, 7G,  Windows 10 , 64 bit Build 19041 (10.0.19041.1348)
Time: Fri Feb 27 04:14:39 2026 Paris, Madrid elapsed time: 94.615234 seconds (0d 0h 1m 34s)

---------------  T H R E A D  ---------------

Current thread (0x000001eb3932d600):  JavaThread "C2 CompilerThread0" daemon [_thread_in_native, id=3240, stack(0x0000008014100000,0x0000008014200000)]


Current CompileTask:
C2:  94615 14762       4       org.eclipse.jdt.internal.compiler.lookup.ModuleBinding::getOrCreateDeclaredPackage (136 bytes)

Stack: [0x0000008014100000,0x0000008014200000]
Native frames: (J=compiled Java code, j=interpreted, Vv=VM code, C=native code)
V  [jvm.dll+0x67731a]
V  [jvm.dll+0x832284]
V  [jvm.dll+0x833a2e]
V  [jvm.dll+0x834093]
V  [jvm.dll+0x245775]
V  [jvm.dll+0xabd7b]
V  [jvm.dll+0xac30c]
V  [jvm.dll+0x363a42]
V  [jvm.dll+0x32e011]
V  [jvm.dll+0x32d4ba]
V  [jvm.dll+0x218681]
V  [jvm.dll+0x217aa1]
V  [jvm.dll+0x1a3f8d]
V  [jvm.dll+0x227498]
V  [jvm.dll+0x2255e5]
V  [jvm.dll+0x7e7e9b]
V  [jvm.dll+0x7e240a]
V  [jvm.dll+0x6761a5]
C  [ucrtbase.dll+0x21bb2]
C  [KERNEL32.DLL+0x17034]
C  [ntdll.dll+0x52651]


---------------  P R O C E S S  ---------------

Threads class SMR info:
_java_thread_list=0x000001eb406e1e60, length=30, elements={
0x000001eb254943a0, 0x000001eb393239b0, 0x000001eb39327b00, 0x000001eb3b8f7060,
0x000001eb3b8f7920, 0x000001eb3932c3d0, 0x000001eb3932cc90, 0x000001eb3932d600,
0x000001eb3b940a10, 0x000001eb3b986860, 0x000001eb255513c0, 0x000001eb3be48820,
0x000001eb3d138cb0, 0x000001eb3d1e3760, 0x000001eb3d476430, 0x000001eb3d266250,
0x000001eb3d3740b0, 0x000001eb3c1e4950, 0x000001eb3c1e1460, 0x000001eb3c1e3610,
0x000001eb3c1e3fb0, 0x000001eb3c1e1e00, 0x000001eb3c1e3ae0, 0x000001eb3f49b0e0,
0x000001eb3f4a02b0, 0x000001eb3f49e5d0, 0x000001eb3f49e100, 0x000001eb40db7f30,
0x000001eb40dbd5d0, 0x000001eb40ba8c00
}

Java Threads: ( => current thread )
  0x000001eb254943a0 JavaThread "main" [_thread_blocked, id=1124, stack(0x0000008013800000,0x0000008013900000)]
  0x000001eb393239b0 JavaThread "Reference Handler" daemon [_thread_blocked, id=17576, stack(0x0000008013b00000,0x0000008013c00000)]
  0x000001eb39327b00 JavaThread "Finalizer" daemon [_thread_blocked, id=16116, stack(0x0000008013c00000,0x0000008013d00000)]
  0x000001eb3b8f7060 JavaThread "Signal Dispatcher" daemon [_thread_blocked, id=15116, stack(0x0000008013d00000,0x0000008013e00000)]
  0x000001eb3b8f7920 JavaThread "Attach Listener" daemon [_thread_blocked, id=15384, stack(0x0000008013e00000,0x0000008013f00000)]
  0x000001eb3932c3d0 JavaThread "Service Thread" daemon [_thread_blocked, id=18032, stack(0x0000008013f00000,0x0000008014000000)]
  0x000001eb3932cc90 JavaThread "Monitor Deflation Thread" daemon [_thread_blocked, id=14600, stack(0x0000008014000000,0x0000008014100000)]
=>0x000001eb3932d600 JavaThread "C2 CompilerThread0" daemon [_thread_in_native, id=3240, stack(0x0000008014100000,0x0000008014200000)]
  0x000001eb3b940a10 JavaThread "C1 CompilerThread0" daemon [_thread_blocked, id=17048, stack(0x0000008014200000,0x0000008014300000)]
  0x000001eb3b986860 JavaThread "Sweeper thread" daemon [_thread_blocked, id=15872, stack(0x0000008014300000,0x0000008014400000)]
  0x000001eb255513c0 JavaThread "Common-Cleaner" daemon [_thread_blocked, id=8652, stack(0x0000008014400000,0x0000008014500000)]
  0x000001eb3be48820 JavaThread "Notification Thread" daemon [_thread_blocked, id=17796, stack(0x0000008014500000,0x0000008014600000)]
  0x000001eb3d138cb0 JavaThread "Active Thread: Equinox Container: c5433ea0-898b-4209-8315-5de8194f364d" [_thread_blocked, id=16488, stack(0x0000008014e00000,0x0000008014f00000)]
  0x000001eb3d1e3760 JavaThread "Framework Event Dispatcher: Equinox Container: c5433ea0-898b-4209-8315-5de8194f364d" daemon [_thread_blocked, id=14984, stack(0x0000008014800000,0x0000008014900000)]
  0x000001eb3d476430 JavaThread "Start Level: Equinox Container: c5433ea0-898b-4209-8315-5de8194f364d" daemon [_thread_blocked, id=260, stack(0x0000008014f00000,0x0000008015000000)]
  0x000001eb3d266250 JavaThread "SCR Component Actor" daemon [_thread_blocked, id=11764, stack(0x0000008015000000,0x0000008015100000)]
  0x000001eb3d3740b0 JavaThread "Worker-JM" [_thread_blocked, id=17252, stack(0x0000008015400000,0x0000008015500000)]
  0x000001eb3c1e4950 JavaThread "Worker-0" [_thread_blocked, id=18388, stack(0x0000008014700000,0x0000008014800000)]
  0x000001eb3c1e1460 JavaThread "Worker-1" [_thread_blocked, id=9828, stack(0x0000008015500000,0x0000008015600000)]
  0x000001eb3c1e3610 JavaThread "Worker-2" [_thread_blocked, id=6152, stack(0x0000008015600000,0x0000008015700000)]
  0x000001eb3c1e3fb0 JavaThread "Java indexing" daemon [_thread_blocked, id=1756, stack(0x0000008015900000,0x0000008015a00000)]
  0x000001eb3c1e1e00 JavaThread "Worker-4: Publish Diagnostics" [_thread_in_Java, id=18412, stack(0x0000008015b00000,0x0000008015c00000)]
  0x000001eb3c1e3ae0 JavaThread "JNA Cleaner" daemon [_thread_blocked, id=3668, stack(0x0000008015c00000,0x0000008015d00000)]
  0x000001eb3f49b0e0 JavaThread "pool-2-thread-1" [_thread_blocked, id=14996, stack(0x0000008015f00000,0x0000008016000000)]
  0x000001eb3f4a02b0 JavaThread "pool-1-thread-1" [_thread_blocked, id=4752, stack(0x0000008016000000,0x0000008016100000)]
  0x000001eb3f49e5d0 JavaThread "Worker-5: Initialize workspace" [_thread_blocked, id=14888, stack(0x0000008015300000,0x0000008015400000)]
  0x000001eb3f49e100 JavaThread "ForkJoinPool.commonPool-worker-1" daemon [_thread_blocked, id=15284, stack(0x0000008016100000,0x0000008016200000)]
  0x000001eb40db7f30 JavaThread "ForkJoinPool.commonPool-worker-2" daemon [_thread_blocked, id=4788, stack(0x0000008013700000,0x0000008013800000)]
  0x000001eb40dbd5d0 JavaThread "Worker-6" [_thread_blocked, id=6664, stack(0x0000008016200000,0x0000008016300000)]
  0x000001eb40ba8c00 JavaThread "C2 CompilerThread1" daemon [_thread_blocked, id=13716, stack(0x0000008013500000,0x0000008013600000)]

Other Threads:
  0x000001eb3931ffc0 VMThread "VM Thread" [stack: 0x0000008013a00000,0x0000008013b00000] [id=8356]
  0x000001eb3bbc4350 WatcherThread [stack: 0x0000008014600000,0x0000008014700000] [id=16992]
  0x000001eb254a99b0 GCTaskThread "GC Thread#0" [stack: 0x0000008013900000,0x0000008013a00000] [id=4264]
  0x000001eb3c4abf50 GCTaskThread "GC Thread#1" [stack: 0x0000008014900000,0x0000008014a00000] [id=1244]
  0x000001eb3c4a7f20 GCTaskThread "GC Thread#2" [stack: 0x0000008014a00000,0x0000008014b00000] [id=7972]
  0x000001eb3c095cb0 GCTaskThread "GC Thread#3" [stack: 0x0000008014b00000,0x0000008014c00000] [id=4436]
  0x000001eb3c095f60 GCTaskThread "GC Thread#4" [stack: 0x0000008014c00000,0x0000008014d00000] [id=712]
  0x000001eb3d01b5e0 GCTaskThread "GC Thread#5" [stack: 0x0000008014d00000,0x0000008014e00000] [id=1884]
  0x000001eb3d28efd0 GCTaskThread "GC Thread#6" [stack: 0x0000008015100000,0x0000008015200000] [id=9316]
  0x000001eb3c3573f0 GCTaskThread "GC Thread#7" [stack: 0x0000008015200000,0x0000008015300000] [id=14428]

Threads with active compile tasks:
C2 CompilerThread0    94801 14762       4       org.eclipse.jdt.internal.compiler.lookup.ModuleBinding::getOrCreateDeclaredPackage (136 bytes)

VM state: not at safepoint (normal execution)

VM Mutex/Monitor currently owned by a thread: None

Heap address: 0x00000000c0000000, size: 1024 MB, Compressed Oops mode: 32-bit

CDS archive(s) not mapped
Compressed class space mapped at: 0x0000000100000000-0x0000000140000000, reserved size: 1073741824
Narrow klass base: 0x0000000000000000, Narrow klass shift: 3, Narrow klass range: 0x140000000

GC Precious Log:
 CPUs: 8 total, 8 available
 Memory: 8058M
 Large Page Support: Disabled
 NUMA Support: Disabled
 Compressed Oops: Enabled (32-bit)
 Alignments: Space 512K, Generation 512K, Heap 2M
 Heap Min Capacity: 100M
 Heap Initial Capacity: 100M
 Heap Max Capacity: 1G
 Pre-touch: Disabled
 Parallel Workers: 8

Heap:
 PSYoungGen      total 3584K, used 1589K [0x00000000eab00000, 0x00000000eb000000, 0x0000000100000000)
  eden space 3072K, 47% used [0x00000000eab00000,0x00000000eac6d4f0,0x00000000eae00000)
  from space 512K, 25% used [0x00000000eaf80000,0x00000000eafa0000,0x00000000eb000000)
  to   space 512K, 0% used [0x00000000eae00000,0x00000000eae00000,0x00000000eae80000)
 ParOldGen       total 97792K, used 94688K [0x00000000c0000000, 0x00000000c5f80000, 0x00000000eab00000)
  object space 97792K, 96% used [0x00000000c0000000,0x00000000c5c78050,0x00000000c5f80000)
 Metaspace       used 68732K, committed 69824K, reserved 1114112K
  class space    used 6696K, committed 7232K, reserved 1048576K

Card table byte_map: [0x000001eb24e60000,0x000001eb25070000] _byte_map_base: 0x000001eb24860000

Marking Bits: (ParMarkBitMap*) 0x00007fffe58d2cc0
 Begin Bits: [0x000001eb37130000, 0x000001eb38130000)
 End Bits:   [0x000001eb38130000, 0x000001eb39130000)

Polling page: 0x000001eb23630000

Metaspace:

Usage:
  Non-class:     60.58 MB used.
      Class:      6.54 MB used.
       Both:     67.12 MB used.

Virtual space:
  Non-class space:       64.00 MB reserved,      61.12 MB ( 96%) committed,  8 nodes.
      Class space:        1.00 GB reserved,       7.06 MB ( <1%) committed,  1 nodes.
             Both:        1.06 GB reserved,      68.19 MB (  6%) committed. 

Chunk freelists:
   Non-Class:  2.51 MB
       Class:  933.00 KB
        Both:  3.42 MB

MaxMetaspaceSize: unlimited
CompressedClassSpaceSize: 1.00 GB
Initial GC threshold: 21.00 MB
Current GC threshold: 113.25 MB
CDS: off
MetaspaceReclaimPolicy: balanced
 - commit_granule_bytes: 65536.
 - commit_granule_words: 8192.
 - virtual_space_node_default_size: 1048576.
 - enlarge_chunks_in_place: 1.
 - new_chunks_are_fully_committed: 0.
 - uncommit_free_chunks: 1.
 - use_allocation_guard: 0.
 - handle_deallocations: 1.


Internal statistics:

num_allocs_failed_limit: 8.
num_arena_births: 746.
num_arena_deaths: 14.
num_vsnodes_births: 9.
num_vsnodes_deaths: 0.
num_space_committed: 1091.
num_space_uncommitted: 0.
num_chunks_returned_to_freelist: 22.
num_chunks_taken_from_freelist: 3610.
num_chunk_merges: 12.
num_chunk_splits: 2210.
num_chunks_enlarged: 1248.
num_purges: 2.
num_inconsistent_stats: 0.

CodeHeap 'non-profiled nmethods': size=120000Kb used=10196Kb max_used=10846Kb free=109803Kb
 bounds [0x000001eb2fc00000, 0x000001eb306c0000, 0x000001eb37130000]
CodeHeap 'profiled nmethods': size=120000Kb used=26296Kb max_used=27974Kb free=93703Kb
 bounds [0x000001eb286d0000, 0x000001eb2a230000, 0x000001eb2fc00000]
CodeHeap 'non-nmethods': size=5760Kb used=1351Kb max_used=1551Kb free=4408Kb
 bounds [0x000001eb28130000, 0x000001eb283a0000, 0x000001eb286d0000]
 total_blobs=12107 nmethods=11420 adapters=599
 compilation: enabled
              stopped_count=0, restarted_count=0
 full_count=0

Compilation events (20 events):
Event: 94.159 Thread 0x000001eb3b940a10 14756       1       org.eclipse.jdt.core.dom.Block::getNodeType0 (3 bytes)
Event: 94.160 Thread 0x000001eb3b940a10 nmethod 14756 0x000001eb2fcf7210 code [0x000001eb2fcf73a0, 0x000001eb2fcf7478]
Event: 94.160 Thread 0x000001eb3b940a10 14757       1       org.eclipse.jdt.core.dom.ExpressionStatement::getNodeType0 (3 bytes)
Event: 94.160 Thread 0x000001eb3b940a10 nmethod 14757 0x000001eb3043f810 code [0x000001eb3043f9a0, 0x000001eb3043fa78]
Event: 94.192 Thread 0x000001eb3b940a10 14759       3       org.eclipse.jdt.core.dom.ExpressionStatement::accept0 (25 bytes)
Event: 94.193 Thread 0x000001eb3b940a10 nmethod 14759 0x000001eb28c9e210 code [0x000001eb28c9e3e0, 0x000001eb28c9e7d8]
Event: 94.204 Thread 0x000001eb3b940a10 14760       3       org.eclipse.jdt.internal.core.JavaElementDeltaBuilder$ListItem::<init> (15 bytes)
Event: 94.204 Thread 0x000001eb3b940a10 nmethod 14760 0x000001eb28c56a90 code [0x000001eb28c56c20, 0x000001eb28c56db8]
Event: 94.204 Thread 0x000001eb3b940a10 14761       3       org.eclipse.jdt.internal.core.JavaElementDeltaBuilder::recordElementInfo (196 bytes)
Event: 94.206 Thread 0x000001eb3b940a10 nmethod 14761 0x000001eb286fa590 code [0x000001eb286fa820, 0x000001eb286fb788]
Event: 94.271 Thread 0x000001eb3932d600 nmethod 14740 0x000001eb30513090 code [0x000001eb30513400, 0x000001eb305171e0]
Event: 94.273 Thread 0x000001eb3932d600 14746   !   4       org.eclipse.jdt.internal.compiler.lookup.MethodBinding::sourceMethod (78 bytes)
Event: 94.273 Thread 0x000001eb40ba8c00 nmethod 14718 0x000001eb306a8b90 code [0x000001eb306a9360, 0x000001eb306b4c40]
Event: 94.275 Thread 0x000001eb40ba8c00 14745       4       org.eclipse.jdt.internal.compiler.lookup.Scope::findMethodInSuperInterfaces (404 bytes)
Event: 94.280 Thread 0x000001eb3932d600 nmethod 14746 0x000001eb2fdd0f10 code [0x000001eb2fdd10a0, 0x000001eb2fdd1318]
Event: 94.280 Thread 0x000001eb3932d600 14748       4       org.eclipse.jdt.internal.compiler.lookup.ImplicitNullAnnotationVerifier::findAllOverriddenMethods (100 bytes)
Event: 94.305 Thread 0x000001eb3932d600 nmethod 14748 0x000001eb30270c10 code [0x000001eb30270e00, 0x000001eb30271410]
Event: 94.305 Thread 0x000001eb3932d600 14744       4       org.eclipse.jdt.internal.compiler.lookup.Scope::findExactMethod (277 bytes)
Event: 94.377 Thread 0x000001eb3932d600 nmethod 14744 0x000001eb30378390 code [0x000001eb30378640, 0x000001eb30379c70]
Event: 94.377 Thread 0x000001eb3932d600 14762       4       org.eclipse.jdt.internal.compiler.lookup.ModuleBinding::getOrCreateDeclaredPackage (136 bytes)

GC Heap History (20 events):
Event: 92.888 GC heap before
{Heap before GC invocations=890 (full 11):
 PSYoungGen      total 4608K, used 4256K [0x00000000eab00000, 0x00000000eb080000, 0x0000000100000000)
  eden space 4096K, 100% used [0x00000000eab00000,0x00000000eaf00000,0x00000000eaf00000)
  from space 512K, 31% used [0x00000000eaf00000,0x00000000eaf28000,0x00000000eaf80000)
  to   space 512K, 0% used [0x00000000eb000000,0x00000000eb000000,0x00000000eb080000)
 ParOldGen       total 97792K, used 91577K [0x00000000c0000000, 0x00000000c5f80000, 0x00000000eab00000)
  object space 97792K, 93% used [0x00000000c0000000,0x00000000c596e5f0,0x00000000c5f80000)
 Metaspace       used 68725K, committed 69824K, reserved 1114112K
  class space    used 6696K, committed 7232K, reserved 1048576K
}
Event: 92.890 GC heap after
{Heap after GC invocations=890 (full 11):
 PSYoungGen      total 4608K, used 320K [0x00000000eab00000, 0x00000000eb080000, 0x0000000100000000)
  eden space 4096K, 0% used [0x00000000eab00000,0x00000000eab00000,0x00000000eaf00000)
  from space 512K, 62% used [0x00000000eb000000,0x00000000eb050000,0x00000000eb080000)
  to   space 512K, 0% used [0x00000000eaf00000,0x00000000eaf00000,0x00000000eaf80000)
 ParOldGen       total 97792K, used 91641K [0x00000000c0000000, 0x00000000c5f80000, 0x00000000eab00000)
  object space 97792K, 93% used [0x00000000c0000000,0x00000000c597e5f0,0x00000000c5f80000)
 Metaspace       used 68725K, committed 69824K, reserved 1114112K
  class space    used 6696K, committed 7232K, reserved 1048576K
}
Event: 92.903 GC heap before
{Heap before GC invocations=891 (full 11):
 PSYoungGen      total 4608K, used 4416K [0x00000000eab00000, 0x00000000eb080000, 0x0000000100000000)
  eden space 4096K, 100% used [0x00000000eab00000,0x00000000eaf00000,0x00000000eaf00000)
  from space 512K, 62% used [0x00000000eb000000,0x00000000eb050000,0x00000000eb080000)
  to   space 512K, 0% used [0x00000000eaf00000,0x00000000eaf00000,0x00000000eaf80000)
 ParOldGen       total 97792K, used 91641K [0x00000000c0000000, 0x00000000c5f80000, 0x00000000eab00000)
  object space 97792K, 93% used [0x00000000c0000000,0x00000000c597e5f0,0x00000000c5f80000)
 Metaspace       used 68725K, committed 69824K, reserved 1114112K
  class space    used 6696K, committed 7232K, reserved 1048576K
}
Event: 92.904 GC heap after
{Heap after GC invocations=891 (full 11):
 PSYoungGen      total 4608K, used 288K [0x00000000eab00000, 0x00000000eb080000, 0x0000000100000000)
  eden space 4096K, 0% used [0x00000000eab00000,0x00000000eab00000,0x00000000eaf00000)
  from space 512K, 56% used [0x00000000eaf00000,0x00000000eaf48000,0x00000000eaf80000)
  to   space 512K, 0% used [0x00000000eb000000,0x00000000eb000000,0x00000000eb080000)
 ParOldGen       total 97792K, used 91889K [0x00000000c0000000, 0x00000000c5f80000, 0x00000000eab00000)
  object space 97792K, 93% used [0x00000000c0000000,0x00000000c59bc610,0x00000000c5f80000)
 Metaspace       used 68725K, committed 69824K, reserved 1114112K
  class space    used 6696K, committed 7232K, reserved 1048576K
}
Event: 92.911 GC heap before
{Heap before GC invocations=892 (full 11):
 PSYoungGen      total 4608K, used 4384K [0x00000000eab00000, 0x00000000eb080000, 0x0000000100000000)
  eden space 4096K, 100% used [0x00000000eab00000,0x00000000eaf00000,0x00000000eaf00000)
  from space 512K, 56% used [0x00000000eaf00000,0x00000000eaf48000,0x00000000eaf80000)
  to   space 512K, 0% used [0x00000000eb000000,0x00000000eb000000,0x00000000eb080000)
 ParOldGen       total 97792K, used 91889K [0x00000000c0000000, 0x00000000c5f80000, 0x00000000eab00000)
  object space 97792K, 93% used [0x00000000c0000000,0x00000000c59bc610,0x00000000c5f80000)
 Metaspace       used 68725K, committed 69824K, reserved 1114112K
  class space    used 6696K, committed 7232K, reserved 1048576K
}
Event: 92.912 GC heap after
{Heap after GC invocations=892 (full 11):
 PSYoungGen      total 4608K, used 224K [0x00000000eab00000, 0x00000000eb080000, 0x0000000100000000)
  eden space 4096K, 0% used [0x00000000eab00000,0x00000000eab00000,0x00000000eaf00000)
  from space 512K, 43% used [0x00000000eb000000,0x00000000eb038000,0x00000000eb080000)
  to   space 512K, 0% used [0x00000000eaf00000,0x00000000eaf00000,0x00000000eaf80000)
 ParOldGen       total 97792K, used 92041K [0x00000000c0000000, 0x00000000c5f80000, 0x00000000eab00000)
  object space 97792K, 94% used [0x00000000c0000000,0x00000000c59e2610,0x00000000c5f80000)
 Metaspace       used 68725K, committed 69824K, reserved 1114112K
  class space    used 6696K, committed 7232K, reserved 1048576K
}
Event: 93.964 GC heap before
{Heap before GC invocations=893 (full 11):
 PSYoungGen      total 4608K, used 4320K [0x00000000eab00000, 0x00000000eb080000, 0x0000000100000000)
  eden space 4096K, 100% used [0x00000000eab00000,0x00000000eaf00000,0x00000000eaf00000)
  from space 512K, 43% used [0x00000000eb000000,0x00000000eb038000,0x00000000eb080000)
  to   space 512K, 0% used [0x00000000eaf00000,0x00000000eaf00000,0x00000000eaf80000)
 ParOldGen       total 97792K, used 92041K [0x00000000c0000000, 0x00000000c5f80000, 0x00000000eab00000)
  object space 97792K, 94% used [0x00000000c0000000,0x00000000c59e2610,0x00000000c5f80000)
 Metaspace       used 68725K, committed 69824K, reserved 1114112K
  class space    used 6696K, committed 7232K, reserved 1048576K
}
Event: 93.965 GC heap after
{Heap after GC invocations=893 (full 11):
 PSYoungGen      total 4608K, used 464K [0x00000000eab00000, 0x00000000eb080000, 0x0000000100000000)
  eden space 4096K, 0% used [0x00000000eab00000,0x00000000eab00000,0x00000000eaf00000)
  from space 512K, 90% used [0x00000000eaf00000,0x00000000eaf74010,0x00000000eaf80000)
  to   space 512K, 0% used [0x00000000eb000000,0x00000000eb000000,0x00000000eb080000)
 ParOldGen       total 97792K, used 92121K [0x00000000c0000000, 0x00000000c5f80000, 0x00000000eab00000)
  object space 97792K, 94% used [0x00000000c0000000,0x00000000c59f6610,0x00000000c5f80000)
 Metaspace       used 68725K, committed 69824K, reserved 1114112K
  class space    used 6696K, committed 7232K, reserved 1048576K
}
Event: 94.438 GC heap before
{Heap before GC invocations=894 (full 11):
 PSYoungGen      total 4608K, used 4560K [0x00000000eab00000, 0x00000000eb080000, 0x0000000100000000)
  eden space 4096K, 100% used [0x00000000eab00000,0x00000000eaf00000,0x00000000eaf00000)
  from space 512K, 90% used [0x00000000eaf00000,0x00000000eaf74010,0x00000000eaf80000)
  to   space 512K, 0% used [0x00000000eb000000,0x00000000eb000000,0x00000000eb080000)
 ParOldGen       total 97792K, used 92121K [0x00000000c0000000, 0x00000000c5f80000, 0x00000000eab00000)
  object space 97792K, 94% used [0x00000000c0000000,0x00000000c59f6610,0x00000000c5f80000)
 Metaspace       used 68732K, committed 69824K, reserved 1114112K
  class space    used 6696K, committed 7232K, reserved 1048576K
}
Event: 94.443 GC heap after
{Heap after GC invocations=894 (full 11):
 PSYoungGen      total 3584K, used 512K [0x00000000eab00000, 0x00000000eb300000, 0x0000000100000000)
  eden space 3072K, 0% used [0x00000000eab00000,0x00000000eab00000,0x00000000eae00000)
  from space 512K, 100% used [0x00000000eb000000,0x00000000eb080000,0x00000000eb080000)
  to   space 2048K, 0% used [0x00000000eae00000,0x00000000eae00000,0x00000000eb000000)
 ParOldGen       total 97792K, used 92982K [0x00000000c0000000, 0x00000000c5f80000, 0x00000000eab00000)
  object space 97792K, 95% used [0x00000000c0000000,0x00000000c5acd880,0x00000000c5f80000)
 Metaspace       used 68732K, committed 69824K, reserved 1114112K
  class space    used 6696K, committed 7232K, reserved 1048576K
}
Event: 94.461 GC heap before
{Heap before GC invocations=895 (full 11):
 PSYoungGen      total 3584K, used 3584K [0x00000000eab00000, 0x00000000eb300000, 0x0000000100000000)
  eden space 3072K, 100% used [0x00000000eab00000,0x00000000eae00000,0x00000000eae00000)
  from space 512K, 100% used [0x00000000eb000000,0x00000000eb080000,0x00000000eb080000)
  to   space 2048K, 0% used [0x00000000eae00000,0x00000000eae00000,0x00000000eb000000)
 ParOldGen       total 97792K, used 92982K [0x00000000c0000000, 0x00000000c5f80000, 0x00000000eab00000)
  object space 97792K, 95% used [0x00000000c0000000,0x00000000c5acd880,0x00000000c5f80000)
 Metaspace       used 68732K, committed 69824K, reserved 1114112K
  class space    used 6696K, committed 7232K, reserved 1048576K
}
Event: 94.463 GC heap after
{Heap after GC invocations=895 (full 11):
 PSYoungGen      total 3584K, used 160K [0x00000000eab00000, 0x00000000eb080000, 0x0000000100000000)
  eden space 3072K, 0% used [0x00000000eab00000,0x00000000eab00000,0x00000000eae00000)
  from space 512K, 31% used [0x00000000eae00000,0x00000000eae28000,0x00000000eae80000)
  to   space 1024K, 0% used [0x00000000eaf80000,0x00000000eaf80000,0x00000000eb080000)
 ParOldGen       total 97792K, used 93479K [0x00000000c0000000, 0x00000000c5f80000, 0x00000000eab00000)
  object space 97792K, 95% used [0x00000000c0000000,0x00000000c5b49fd0,0x00000000c5f80000)
 Metaspace       used 68732K, committed 69824K, reserved 1114112K
  class space    used 6696K, committed 7232K, reserved 1048576K
}
Event: 94.497 GC heap before
{Heap before GC invocations=896 (full 11):
 PSYoungGen      total 3584K, used 3232K [0x00000000eab00000, 0x00000000eb080000, 0x0000000100000000)
  eden space 3072K, 100% used [0x00000000eab00000,0x00000000eae00000,0x00000000eae00000)
  from space 512K, 31% used [0x00000000eae00000,0x00000000eae28000,0x00000000eae80000)
  to   space 1024K, 0% used [0x00000000eaf80000,0x00000000eaf80000,0x00000000eb080000)
 ParOldGen       total 97792K, used 93479K [0x00000000c0000000, 0x00000000c5f80000, 0x00000000eab00000)
  object space 97792K, 95% used [0x00000000c0000000,0x00000000c5b49fd0,0x00000000c5f80000)
 Metaspace       used 68732K, committed 69824K, reserved 1114112K
  class space    used 6696K, committed 7232K, reserved 1048576K
}
Event: 94.498 GC heap after
{Heap after GC invocations=896 (full 11):
 PSYoungGen      total 3584K, used 160K [0x00000000eab00000, 0x00000000eb000000, 0x0000000100000000)
  eden space 3072K, 0% used [0x00000000eab00000,0x00000000eab00000,0x00000000eae00000)
  from space 512K, 31% used [0x00000000eaf80000,0x00000000eafa8000,0x00000000eb000000)
  to   space 512K, 0% used [0x00000000eae00000,0x00000000eae00000,0x00000000eae80000)
 ParOldGen       total 97792K, used 93543K [0x00000000c0000000, 0x00000000c5f80000, 0x00000000eab00000)
  object space 97792K, 95% used [0x00000000c0000000,0x00000000c5b59fd0,0x00000000c5f80000)
 Metaspace       used 68732K, committed 69824K, reserved 1114112K
  class space    used 6696K, committed 7232K, reserved 1048576K
}
Event: 94.540 GC heap before
{Heap before GC invocations=897 (full 11):
 PSYoungGen      total 3584K, used 3232K [0x00000000eab00000, 0x00000000eb000000, 0x0000000100000000)
  eden space 3072K, 100% used [0x00000000eab00000,0x00000000eae00000,0x00000000eae00000)
  from space 512K, 31% used [0x00000000eaf80000,0x00000000eafa8000,0x00000000eb000000)
  to   space 512K, 0% used [0x00000000eae00000,0x00000000eae00000,0x00000000eae80000)
 ParOldGen       total 97792K, used 93543K [0x00000000c0000000, 0x00000000c5f80000, 0x00000000eab00000)
  object space 97792K, 95% used [0x00000000c0000000,0x00000000c5b59fd0,0x00000000c5f80000)
 Metaspace       used 68732K, committed 69824K, reserved 1114112K
  class space    used 6696K, committed 7232K, reserved 1048576K
}
Event: 94.543 GC heap after
{Heap after GC invocations=897 (full 11):
 PSYoungGen      total 3584K, used 144K [0x00000000eab00000, 0x00000000eb000000, 0x0000000100000000)
  eden space 3072K, 0% used [0x00000000eab00000,0x00000000eab00000,0x00000000eae00000)
  from space 512K, 28% used [0x00000000eae00000,0x00000000eae24010,0x00000000eae80000)
  to   space 512K, 0% used [0x00000000eaf80000,0x00000000eaf80000,0x00000000eb000000)
 ParOldGen       total 97792K, used 93623K [0x00000000c0000000, 0x00000000c5f80000, 0x00000000eab00000)
  object space 97792K, 95% used [0x00000000c0000000,0x00000000c5b6dfd0,0x00000000c5f80000)
 Metaspace       used 68732K, committed 69824K, reserved 1114112K
  class space    used 6696K, committed 7232K, reserved 1048576K
}
Event: 94.581 GC heap before
{Heap before GC invocations=898 (full 11):
 PSYoungGen      total 3584K, used 3216K [0x00000000eab00000, 0x00000000eb000000, 0x0000000100000000)
  eden space 3072K, 100% used [0x00000000eab00000,0x00000000eae00000,0x00000000eae00000)
  from space 512K, 28% used [0x00000000eae00000,0x00000000eae24010,0x00000000eae80000)
  to   space 512K, 0% used [0x00000000eaf80000,0x00000000eaf80000,0x00000000eb000000)
 ParOldGen       total 97792K, used 93623K [0x00000000c0000000, 0x00000000c5f80000, 0x00000000eab00000)
  object space 97792K, 95% used [0x00000000c0000000,0x00000000c5b6dfd0,0x00000000c5f80000)
 Metaspace       used 68732K, committed 69824K, reserved 1114112K
  class space    used 6696K, committed 7232K, reserved 1048576K
}
Event: 94.582 GC heap after
{Heap after GC invocations=898 (full 11):
 PSYoungGen      total 3584K, used 288K [0x00000000eab00000, 0x00000000eb000000, 0x0000000100000000)
  eden space 3072K, 0% used [0x00000000eab00000,0x00000000eab00000,0x00000000eae00000)
  from space 512K, 56% used [0x00000000eaf80000,0x00000000eafc8000,0x00000000eb000000)
  to   space 512K, 0% used [0x00000000eae00000,0x00000000eae00000,0x00000000eae80000)
 ParOldGen       total 97792K, used 93695K [0x00000000c0000000, 0x00000000c5f80000, 0x00000000eab00000)
  object space 97792K, 95% used [0x00000000c0000000,0x00000000c5b7fff0,0x00000000c5f80000)
 Metaspace       used 68732K, committed 69824K, reserved 1114112K
  class space    used 6696K, committed 7232K, reserved 1048576K
}
Event: 94.596 GC heap before
{Heap before GC invocations=899 (full 11):
 PSYoungGen      total 3584K, used 3360K [0x00000000eab00000, 0x00000000eb000000, 0x0000000100000000)
  eden space 3072K, 100% used [0x00000000eab00000,0x00000000eae00000,0x00000000eae00000)
  from space 512K, 56% used [0x00000000eaf80000,0x00000000eafc8000,0x00000000eb000000)
  to   space 512K, 0% used [0x00000000eae00000,0x00000000eae00000,0x00000000eae80000)
 ParOldGen       total 97792K, used 93695K [0x00000000c0000000, 0x00000000c5f80000, 0x00000000eab00000)
  object space 97792K, 95% used [0x00000000c0000000,0x00000000c5b7fff0,0x00000000c5f80000)
 Metaspace       used 68732K, committed 69824K, reserved 1114112K
  class space    used 6696K, committed 7232K, reserved 1048576K
}
Event: 94.598 GC heap after
{Heap after GC invocations=899 (full 11):
 PSYoungGen      total 3584K, used 160K [0x00000000eab00000, 0x00000000eb000000, 0x0000000100000000)
  eden space 3072K, 0% used [0x00000000eab00000,0x00000000eab00000,0x00000000eae00000)
  from space 512K, 31% used [0x00000000eae00000,0x00000000eae28000,0x00000000eae80000)
  to   space 512K, 0% used [0x00000000eaf80000,0x00000000eaf80000,0x00000000eb000000)
 ParOldGen       total 97792K, used 93847K [0x00000000c0000000, 0x00000000c5f80000, 0x00000000eab00000)
  object space 97792K, 95% used [0x00000000c0000000,0x00000000c5ba5ff0,0x00000000c5f80000)
 Metaspace       used 68732K, committed 69824K, reserved 1114112K
  class space    used 6696K, committed 7232K, reserved 1048576K
}

Deoptimization events (20 events):
Event: 90.146 Thread 0x000001eb3c1e1e00 DEOPT PACKING pc=0x000001eb2a117c30 sp=0x0000008015bfd950
Event: 90.146 Thread 0x000001eb3c1e1e00 DEOPT UNPACKING pc=0x000001eb28182843 sp=0x0000008015bfce50 mode 0
Event: 90.171 Thread 0x000001eb3c1e1e00 DEOPT PACKING pc=0x000001eb2a1173ff sp=0x0000008015bfd950
Event: 90.172 Thread 0x000001eb3c1e1e00 DEOPT UNPACKING pc=0x000001eb28182843 sp=0x0000008015bfce48 mode 0
Event: 90.187 Thread 0x000001eb3c1e1e00 DEOPT PACKING pc=0x000001eb2a1173ff sp=0x0000008015bfdf20
Event: 90.187 Thread 0x000001eb3c1e1e00 DEOPT UNPACKING pc=0x000001eb28182843 sp=0x0000008015bfd418 mode 0
Event: 90.188 Thread 0x000001eb3c1e1e00 DEOPT PACKING pc=0x000001eb2a1173ff sp=0x0000008015bfdf20
Event: 90.188 Thread 0x000001eb3c1e1e00 DEOPT UNPACKING pc=0x000001eb28182843 sp=0x0000008015bfd418 mode 0
Event: 90.395 Thread 0x000001eb3c1e1e00 Uncommon trap: trap_request=0xffffff45 fr.pc=0x000001eb3026e424 relative=0x0000000000002d24
Event: 90.395 Thread 0x000001eb3c1e1e00 Uncommon trap: reason=unstable_if action=reinterpret pc=0x000001eb3026e424 method=java.util.HashMap.getNode(Ljava/lang/Object;)Ljava/util/HashMap$Node; @ 85 c2
Event: 90.395 Thread 0x000001eb3c1e1e00 DEOPT PACKING pc=0x000001eb3026e424 sp=0x0000008015bfcee0
Event: 90.395 Thread 0x000001eb3c1e1e00 DEOPT UNPACKING pc=0x000001eb281820a3 sp=0x0000008015bfcdc0 mode 2
Event: 90.476 Thread 0x000001eb3c1e1e00 DEOPT PACKING pc=0x000001eb28d80e75 sp=0x0000008015bfd420
Event: 90.476 Thread 0x000001eb3c1e1e00 DEOPT UNPACKING pc=0x000001eb28182843 sp=0x0000008015bfc968 mode 0
Event: 91.450 Thread 0x000001eb3c1e1e00 DEOPT PACKING pc=0x000001eb2a02749d sp=0x0000008015bfdc70
Event: 91.450 Thread 0x000001eb3c1e1e00 DEOPT UNPACKING pc=0x000001eb28182843 sp=0x0000008015bfd1a0 mode 0
Event: 92.004 Thread 0x000001eb3c1e1e00 DEOPT PACKING pc=0x000001eb29b9d2ce sp=0x0000008015bfd7f0
Event: 92.004 Thread 0x000001eb3c1e1e00 DEOPT UNPACKING pc=0x000001eb28182843 sp=0x0000008015bfcc58 mode 0
Event: 92.119 Thread 0x000001eb3c1e1e00 DEOPT PACKING pc=0x000001eb2a02749d sp=0x0000008015bfe1c0
Event: 92.119 Thread 0x000001eb3c1e1e00 DEOPT UNPACKING pc=0x000001eb28182843 sp=0x0000008015bfd6f0 mode 0

Classes unloaded (7 events):
Event: 4.826 Thread 0x000001eb3931ffc0 Unloading class 0x000000010020d400 'java/lang/invoke/LambdaForm$MH+0x000000010020d400'
Event: 4.826 Thread 0x000001eb3931ffc0 Unloading class 0x000000010020d000 'java/lang/invoke/LambdaForm$MH+0x000000010020d000'
Event: 4.826 Thread 0x000001eb3931ffc0 Unloading class 0x000000010020cc00 'java/lang/invoke/LambdaForm$MH+0x000000010020cc00'
Event: 4.826 Thread 0x000001eb3931ffc0 Unloading class 0x000000010020c400 'java/lang/invoke/LambdaForm$MH+0x000000010020c400'
Event: 4.826 Thread 0x000001eb3931ffc0 Unloading class 0x000000010020c000 'java/lang/invoke/LambdaForm$BMH+0x000000010020c000'
Event: 4.826 Thread 0x000001eb3931ffc0 Unloading class 0x000000010020bc00 'java/lang/invoke/LambdaForm$DMH+0x000000010020bc00'
Event: 4.826 Thread 0x000001eb3931ffc0 Unloading class 0x0000000100208400 'java/lang/invoke/LambdaForm$DMH+0x0000000100208400'

Classes redefined (0 events):
No events

Internal exceptions (20 events):
Event: 94.606 Thread 0x000001eb3c1e1e00 Implicit null exception at 0x000001eb2a20dfcf to 0x000001eb2a20f31c
Event: 94.606 Thread 0x000001eb3c1e1e00 Exception <a 'java/lang/NullPointerException'{0x00000000eac142d8}> (0x00000000eac142d8) 
thrown [s\src\hotspot\share\runtime\sharedRuntime.cpp, line 628]
Event: 94.606 Thread 0x000001eb3c1e1e00 Implicit null exception at 0x000001eb2a20dfcf to 0x000001eb2a20f31c
Event: 94.606 Thread 0x000001eb3c1e1e00 Exception <a 'java/lang/NullPointerException'{0x00000000eac197d0}> (0x00000000eac197d0) 
thrown [s\src\hotspot\share\runtime\sharedRuntime.cpp, line 628]
Event: 94.607 Thread 0x000001eb3c1e1e00 Implicit null exception at 0x000001eb2a20dfcf to 0x000001eb2a20f31c
Event: 94.608 Thread 0x000001eb3c1e1e00 Exception <a 'java/lang/NullPointerException'{0x00000000eac36260}> (0x00000000eac36260) 
thrown [s\src\hotspot\share\runtime\sharedRuntime.cpp, line 628]
Event: 94.608 Thread 0x000001eb3c1e1e00 Implicit null exception at 0x000001eb2a20dfcf to 0x000001eb2a20f31c
Event: 94.609 Thread 0x000001eb3c1e1e00 Exception <a 'java/lang/NullPointerException'{0x00000000eac3b800}> (0x00000000eac3b800) 
thrown [s\src\hotspot\share\runtime\sharedRuntime.cpp, line 628]
Event: 94.610 Thread 0x000001eb3c1e1e00 Implicit null exception at 0x000001eb2a20dfcf to 0x000001eb2a20f31c
Event: 94.610 Thread 0x000001eb3c1e1e00 Exception <a 'java/lang/NullPointerException'{0x00000000eac58150}> (0x00000000eac58150) 
thrown [s\src\hotspot\share\runtime\sharedRuntime.cpp, line 628]
Event: 94.610 Thread 0x000001eb3c1e1e00 Implicit null exception at 0x000001eb2a20dfcf to 0x000001eb2a20f31c
Event: 94.610 Thread 0x000001eb3c1e1e00 Exception <a 'java/lang/NullPointerException'{0x00000000eac5d748}> (0x00000000eac5d748) 
thrown [s\src\hotspot\share\runtime\sharedRuntime.cpp, line 628]
Event: 94.610 Thread 0x000001eb3c1e1e00 Implicit null exception at 0x000001eb2a20dfcf to 0x000001eb2a20f31c
Event: 94.610 Thread 0x000001eb3c1e1e00 Exception <a 'java/lang/NullPointerException'{0x00000000eac7a1e8}> (0x00000000eac7a1e8) 
thrown [s\src\hotspot\share\runtime\sharedRuntime.cpp, line 628]
Event: 94.610 Thread 0x000001eb3c1e1e00 Implicit null exception at 0x000001eb2a20dfcf to 0x000001eb2a20f31c
Event: 94.610 Thread 0x000001eb3c1e1e00 Exception <a 'java/lang/NullPointerException'{0x00000000eac7fa78}> (0x00000000eac7fa78) 
thrown [s\src\hotspot\share\runtime\sharedRuntime.cpp, line 628]
Event: 94.610 Thread 0x000001eb3c1e1e00 Implicit null exception at 0x000001eb2a20dfcf to 0x000001eb2a20f31c
Event: 94.610 Thread 0x000001eb3c1e1e00 Exception <a 'java/lang/NullPointerException'{0x00000000eac9c308}> (0x00000000eac9c308) 
thrown [s\src\hotspot\share\runtime\sharedRuntime.cpp, line 628]
Event: 94.610 Thread 0x000001eb3c1e1e00 Implicit null exception at 0x000001eb2a20dfcf to 0x000001eb2a20f31c
Event: 94.610 Thread 0x000001eb3c1e1e00 Exception <a 'java/lang/NullPointerException'{0x00000000eaca17f8}> (0x00000000eaca17f8) 
thrown [s\src\hotspot\share\runtime\sharedRuntime.cpp, line 628]

VM Operations (20 events):
Event: 92.888 Executing VM operation: ParallelGCFailedAllocation
Event: 92.890 Executing VM operation: ParallelGCFailedAllocation done
Event: 92.903 Executing VM operation: ParallelGCFailedAllocation
Event: 92.904 Executing VM operation: ParallelGCFailedAllocation done
Event: 92.911 Executing VM operation: ParallelGCFailedAllocation
Event: 92.912 Executing VM operation: ParallelGCFailedAllocation done
Event: 93.964 Executing VM operation: ParallelGCFailedAllocation
Event: 93.965 Executing VM operation: ParallelGCFailedAllocation done
Event: 94.438 Executing VM operation: ParallelGCFailedAllocation
Event: 94.443 Executing VM operation: ParallelGCFailedAllocation done
Event: 94.461 Executing VM operation: ParallelGCFailedAllocation
Event: 94.463 Executing VM operation: ParallelGCFailedAllocation done
Event: 94.497 Executing VM operation: ParallelGCFailedAllocation
Event: 94.498 Executing VM operation: ParallelGCFailedAllocation done
Event: 94.540 Executing VM operation: ParallelGCFailedAllocation
Event: 94.543 Executing VM operation: ParallelGCFailedAllocation done
Event: 94.581 Executing VM operation: ParallelGCFailedAllocation
Event: 94.582 Executing VM operation: ParallelGCFailedAllocation done
Event: 94.596 Executing VM operation: ParallelGCFailedAllocation
Event: 94.598 Executing VM operation: ParallelGCFailedAllocation done

Events (20 events):
Event: 92.456 Thread 0x000001eb3b986860 flushing nmethod 0x000001eb29de7d90
Event: 92.458 Thread 0x000001eb3b986860 flushing nmethod 0x000001eb29f15b90
Event: 92.459 Thread 0x000001eb3b986860 flushing nmethod 0x000001eb2a019910
Event: 92.459 Thread 0x000001eb3b986860 flushing nmethod 0x000001eb2a03f390
Event: 92.460 Thread 0x000001eb3b986860 flushing nmethod 0x000001eb2a04b610
Event: 92.461 Thread 0x000001eb3b986860 flushing nmethod 0x000001eb2a09ea90
Event: 92.461 Thread 0x000001eb3b986860 flushing nmethod 0x000001eb2a0afe90
Event: 92.461 Thread 0x000001eb3b986860 flushing nmethod 0x000001eb2a0cfb90
Event: 92.461 Thread 0x000001eb3b986860 flushing nmethod 0x000001eb2a0d4f90
Event: 92.461 Thread 0x000001eb3b986860 flushing nmethod 0x000001eb2a0de690
Event: 92.461 Thread 0x000001eb3b986860 flushing nmethod 0x000001eb2a0f9f90
Event: 92.461 Thread 0x000001eb3b986860 flushing nmethod 0x000001eb2a110e10
Event: 92.461 Thread 0x000001eb3b986860 flushing nmethod 0x000001eb2a11d290
Event: 92.461 Thread 0x000001eb3b986860 flushing nmethod 0x000001eb2a122c90
Event: 92.461 Thread 0x000001eb3b986860 flushing nmethod 0x000001eb2a139c90
Event: 92.462 Thread 0x000001eb3b986860 flushing nmethod 0x000001eb2a144890
Event: 92.462 Thread 0x000001eb3b986860 flushing nmethod 0x000001eb2a148510
Event: 92.462 Thread 0x000001eb3b986860 flushing nmethod 0x000001eb2a1b0290
Event: 92.462 Thread 0x000001eb3b986860 flushing nmethod 0x000001eb2a1cab10
Event: 92.761 Thread 0x000001eb40baa040 Thread exited: 0x000001eb40baa040


Dynamic libraries:
0x00007ff6c2180000 - 0x00007ff6c218e000 	c:\Users\LENOVO\.antigravity\extensions\redhat.java-1.12.0-win32-x64\jre\17.0.4.1-win32-x86_64\bin\java.exe
0x00007ff81f0f0000 - 0x00007ff81f2e5000 	C:\Windows\SYSTEM32\ntdll.dll
0x00007ff81d4c0000 - 0x00007ff81d57e000 	C:\Windows\System32\KERNEL32.DLL
0x00007ff81c8b0000 - 0x00007ff81cb78000 	C:\Windows\System32\KERNELBASE.dll
0x00007ff81cb80000 - 0x00007ff81cc80000 	C:\Windows\System32\ucrtbase.dll
0x00007ff814f70000 - 0x00007ff814f89000 	c:\Users\LENOVO\.antigravity\extensions\redhat.java-1.12.0-win32-x64\jre\17.0.4.1-win32-x86_64\bin\VCRUNTIME140.dll
0x00007ff814f90000 - 0x00007ff814fa8000 	c:\Users\LENOVO\.antigravity\extensions\redhat.java-1.12.0-win32-x64\jre\17.0.4.1-win32-x86_64\bin\jli.dll
0x00007ff81d240000 - 0x00007ff81d3e1000 	C:\Windows\System32\USER32.dll
0x00007ff80a3e0000 - 0x00007ff80a67a000 	C:\Windows\WinSxS\amd64_microsoft.windows.common-controls_6595b64144ccf1df_6.0.19041.1110_none_60b5254171f9507e\COMCTL32.dll
0x00007ff81d100000 - 0x00007ff81d122000 	C:\Windows\System32\win32u.dll
0x00007ff81f080000 - 0x00007ff81f0ab000 	C:\Windows\System32\GDI32.dll
0x00007ff81e4d0000 - 0x00007ff81e56e000 	C:\Windows\System32\msvcrt.dll
0x00007ff81cc80000 - 0x00007ff81cd8d000 	C:\Windows\System32\gdi32full.dll
0x00007ff81cfa0000 - 0x00007ff81d03d000 	C:\Windows\System32\msvcp_win.dll
0x00007ff81e440000 - 0x00007ff81e470000 	C:\Windows\System32\IMM32.DLL
0x00007ff818240000 - 0x00007ff81824c000 	c:\Users\LENOVO\.antigravity\extensions\redhat.java-1.12.0-win32-x64\jre\17.0.4.1-win32-x86_64\bin\vcruntime140_1.dll
0x00007fffe7850000 - 0x00007fffe78e1000 	c:\Users\LENOVO\.antigravity\extensions\redhat.java-1.12.0-win32-x64\jre\17.0.4.1-win32-x86_64\bin\msvcp140.dll
0x00007fffe4d50000 - 0x00007fffe5996000 	c:\Users\LENOVO\.antigravity\extensions\redhat.java-1.12.0-win32-x64\jre\17.0.4.1-win32-x86_64\bin\server\jvm.dll
0x00007ff81d190000 - 0x00007ff81d23c000 	C:\Windows\System32\ADVAPI32.dll
0x00007ff81d880000 - 0x00007ff81d91b000 	C:\Windows\System32\sechost.dll
0x00007ff81d590000 - 0x00007ff81d6ba000 	C:\Windows\System32\RPCRT4.dll
0x00007ff81e7a0000 - 0x00007ff81e7a8000 	C:\Windows\System32\PSAPI.DLL
0x00007ff811130000 - 0x00007ff811157000 	C:\Windows\SYSTEM32\WINMM.dll
0x00007ff809c20000 - 0x00007ff809c29000 	C:\Windows\SYSTEM32\WSOCK32.dll
0x00007ff81e6d0000 - 0x00007ff81e73b000 	C:\Windows\System32\WS2_32.dll
0x00007ff816540000 - 0x00007ff81654a000 	C:\Windows\SYSTEM32\VERSION.dll
0x00007ff81a6f0000 - 0x00007ff81a702000 	C:\Windows\SYSTEM32\kernel.appcore.dll
0x00007ff8141d0000 - 0x00007ff8141da000 	c:\Users\LENOVO\.antigravity\extensions\redhat.java-1.12.0-win32-x64\jre\17.0.4.1-win32-x86_64\bin\jimage.dll
0x00007ff812ec0000 - 0x00007ff8130a4000 	C:\Windows\SYSTEM32\DBGHELP.DLL
0x00007ff812e90000 - 0x00007ff812ebc000 	C:\Windows\SYSTEM32\dbgcore.DLL
0x00007ff81d040000 - 0x00007ff81d0c2000 	C:\Windows\System32\bcryptPrimitives.dll
0x00007ff8141c0000 - 0x00007ff8141ce000 	c:\Users\LENOVO\.antigravity\extensions\redhat.java-1.12.0-win32-x64\jre\17.0.4.1-win32-x86_64\bin\instrument.dll
0x00007fffff930000 - 0x00007fffff955000 	c:\Users\LENOVO\.antigravity\extensions\redhat.java-1.12.0-win32-x64\jre\17.0.4.1-win32-x86_64\bin\java.dll
0x00007ffffec70000 - 0x00007ffffec88000 	c:\Users\LENOVO\.antigravity\extensions\redhat.java-1.12.0-win32-x64\jre\17.0.4.1-win32-x86_64\bin\zip.dll
0x00007ff81da60000 - 0x00007ff81e1a4000 	C:\Windows\System32\SHELL32.dll
0x00007ff81a8f0000 - 0x00007ff81b084000 	C:\Windows\SYSTEM32\windows.storage.dll
0x00007ff81e7b0000 - 0x00007ff81eb05000 	C:\Windows\System32\combase.dll
0x00007ff81c250000 - 0x00007ff81c27e000 	C:\Windows\SYSTEM32\Wldp.dll
0x00007ff81e570000 - 0x00007ff81e61d000 	C:\Windows\System32\SHCORE.dll
0x00007ff81e740000 - 0x00007ff81e795000 	C:\Windows\System32\shlwapi.dll
0x00007ff81c740000 - 0x00007ff81c75f000 	C:\Windows\SYSTEM32\profapi.dll
0x00007ffffec00000 - 0x00007ffffec19000 	C:\Users\LENOVO\.antigravity\extensions\redhat.java-1.12.0-win32-x64\jre\17.0.4.1-win32-x86_64\bin\net.dll
0x00007ff811180000 - 0x00007ff81128c000 	C:\Windows\SYSTEM32\WINHTTP.dll
0x00007ff81bfb0000 - 0x00007ff81c01a000 	C:\Windows\system32\mswsock.dll
0x00007ffff1ef0000 - 0x00007ffff1f05000 	C:\Users\LENOVO\.antigravity\extensions\redhat.java-1.12.0-win32-x64\jre\17.0.4.1-win32-x86_64\bin\nio.dll
0x00007ff8011c0000 - 0x00007ff8011d0000 	c:\Users\LENOVO\.antigravity\extensions\redhat.java-1.12.0-win32-x64\jre\17.0.4.1-win32-x86_64\bin\verify.dll
0x00007fffe9cd0000 - 0x00007fffe9d0e000 	C:\Users\LENOVO\AppData\Roaming\Antigravity\User\globalStorage\redhat.java\1.12.0\config_win\org.eclipse.equinox.launcher\org.eclipse.equinox.launcher.win32.win32.x86_64_1.2.600.v20220720-1916\eclipse_11700.dll
0x00007ff81d750000 - 0x00007ff81d87a000 	C:\Windows\System32\ole32.dll
0x00007ff81c1a0000 - 0x00007ff81c1b8000 	C:\Windows\SYSTEM32\CRYPTSP.dll
0x00007ff81b8c0000 - 0x00007ff81b8f4000 	C:\Windows\system32\rsaenh.dll
0x00007ff81d0d0000 - 0x00007ff81d0f7000 	C:\Windows\System32\bcrypt.dll
0x00007ff81c6c0000 - 0x00007ff81c6ee000 	C:\Windows\SYSTEM32\USERENV.dll
0x00007ff81c1c0000 - 0x00007ff81c1cc000 	C:\Windows\SYSTEM32\CRYPTBASE.dll
0x00007ff81bc50000 - 0x00007ff81bc8b000 	C:\Windows\SYSTEM32\IPHLPAPI.DLL
0x00007ff81f070000 - 0x00007ff81f078000 	C:\Windows\System32\NSI.dll
0x00007ff815a40000 - 0x00007ff815a57000 	C:\Windows\SYSTEM32\dhcpcsvc6.DLL
0x00007ff815a20000 - 0x00007ff815a3d000 	C:\Windows\SYSTEM32\dhcpcsvc.DLL
0x00007ff81bc90000 - 0x00007ff81bd5b000 	C:\Windows\SYSTEM32\DNSAPI.dll
0x00007fffe8260000 - 0x00007fffe82a0000 	C:\Program Files\KMSpico\temp\jna--2053026509\jna3052382581516451208.dll

dbghelp: loaded successfully - version: 4.0.5 - missing functions: none
symbol engine: initialized successfully - sym options: 0x614 - pdb path: .;c:\Users\LENOVO\.antigravity\extensions\redhat.java-1.12.0-win32-x64\jre\17.0.4.1-win32-x86_64\bin;C:\Windows\SYSTEM32;C:\Windows\WinSxS\amd64_microsoft.windows.common-controls_6595b64144ccf1df_6.0.19041.1110_none_60b5254171f9507e;c:\Users\LENOVO\.antigravity\extensions\redhat.java-1.12.0-win32-x64\jre\17.0.4.1-win32-x86_64\bin\server;C:\Users\LENOVO\AppData\Roaming\Antigravity\User\globalStorage\redhat.java\1.12.0\config_win\org.eclipse.equinox.launcher\org.eclipse.equinox.launcher.win32.win32.x86_64_1.2.600.v20220720-1916;C:\Program Files\KMSpico\temp\jna--2053026509

VM Arguments:
jvm_args: --add-modules=ALL-SYSTEM --add-opens=java.base/java.util=ALL-UNNAMED --add-opens=java.base/java.lang=ALL-UNNAMED --add-opens=java.base/sun.nio.fs=ALL-UNNAMED -Declipse.application=org.eclipse.jdt.ls.core.id1 -Dosgi.bundles.defaultStartLevel=4 -Declipse.product=org.eclipse.jdt.ls.core.product -Djava.import.generatesMetadataFilesAtProjectRoot=false -Dfile.encoding=utf8 -XX:+UseParallelGC -XX:GCTimeRatio=4 -XX:AdaptiveSizePolicyWeight=90 -Dsun.zip.disableMemoryMapping=true -Xmx1G -Xms100m -Xlog:disable -javaagent:c:\Users\LENOVO\.antigravity\extensions\redhat.java-1.12.0-win32-x64\lombok\lombok-1.18.24.jar -XX:+HeapDumpOnOutOfMemoryError -XX:HeapDumpPath=c:\Users\LENOVO\AppData\Roaming\Antigravity\User\workspaceStorage\5095996a89609635f6bad224ed7bf7e0\redhat.java 
java_command: c:\Users\LENOVO\.antigravity\extensions\redhat.java-1.12.0-win32-x64\server\plugins\org.eclipse.equinox.launcher_1.6.400.v20210924-0641.jar -configuration c:\Users\LENOVO\AppData\Roaming\Antigravity\User\globalStorage\redhat.java\1.12.0\config_win -data c:\Users\LENOVO\AppData\Roaming\Antigravity\User\workspaceStorage\5095996a89609635f6bad224ed7bf7e0\redhat.java\jdt_ws
java_class_path (initial): c:\Users\LENOVO\.antigravity\extensions\redhat.java-1.12.0-win32-x64\server\plugins\org.eclipse.equinox.launcher_1.6.400.v20210924-0641.jar
Launcher Type: SUN_STANDARD

[Global flags]
    uintx AdaptiveSizePolicyWeight                 = 90                                        {product} {command line}
     intx CICompilerCount                          = 4                                         {product} {ergonomic}
    uintx GCTimeRatio                              = 4                                         {product} {command line}
     bool HeapDumpOnOutOfMemoryError               = true                                   {manageable} {command line}
    ccstr HeapDumpPath                             = c:\Users\LENOVO\AppData\Roaming\Antigravity\User\workspaceStorage\5095996a89609635f6bad224ed7bf7e0\redhat.java         {manageable} {command line}
   size_t InitialHeapSize                          = 104857600                                 {product} {command line}
   size_t MaxHeapSize                              = 1073741824                                {product} {command line}
   size_t MaxNewSize                               = 357564416                                 {product} {ergonomic}
   size_t MinHeapDeltaBytes                        = 524288                                    {product} {ergonomic}
   size_t MinHeapSize                              = 104857600                                 {product} {command line}
   size_t NewSize                                  = 34603008                                  {product} {ergonomic}
    uintx NonNMethodCodeHeapSize                   = 5839372                                {pd product} {ergonomic}
    uintx NonProfiledCodeHeapSize                  = 122909434                              {pd product} {ergonomic}
   size_t OldSize                                  = 70254592                                  {product} {ergonomic}
    uintx ProfiledCodeHeapSize                     = 122909434                              {pd product} {ergonomic}
    uintx ReservedCodeCacheSize                    = 251658240                              {pd product} {ergonomic}
     bool SegmentedCodeCache                       = true                                      {product} {ergonomic}
   size_t SoftMaxHeapSize                          = 1073741824                             {manageable} {ergonomic}
     bool UseCompressedClassPointers               = true                           {product lp64_product} {ergonomic}
     bool UseCompressedOops                        = true                           {product lp64_product} {ergonomic}
     bool UseLargePagesIndividualAllocation        = false                                  {pd product} {ergonomic}
     bool UseParallelGC                            = true                                      {product} {command line}

Logging:
Log output configuration:
 #0: stdout all=off uptime,level,tags
 #1: stderr all=off uptime,level,tags

Environment Variables:
JAVA_HOME=C:\Program Files\Java\jdk-25
PATH=C:\Program Files\Java\jdk-25\bin;C:\Program Files\Common Files\Oracle\Java\javapath;C:\oraclexe\app\oracle\product\11.2.0\server\bin;C:\Program Files (x86)\VMware\VMware Workstation\bin\;C:\Windows\system32;C:\Windows;C:\Windows\System32\Wbem;C:\Windows\System32\WindowsPowerShell\v1.0\;C:\Windows\System32\OpenSSH\;C:\Program Files\Git\cmd;C:\ProgramData\ComposerSetup\bin;C:\Program Files\nodejs\;C:\Program Files\Vagrant\bin;C:\Users\LENOVO\Downloads\apache-maven-3.9.12-bin\bin;C:\Users\LENOVO\AppData\Local\Programs\Python\Python314\Scripts\;C:\Users\LENOVO\AppData\Local\Programs\Python\Python314\;C:\Users\LENOVO\AppData\Local\Programs\Python\Launcher\;C:\Users\LENOVO\scoop\shims;C:\Users\LENOVO\AppData\Local\Microsoft\WindowsApps;C:\Users\LENOVO\AppData\Local\Programs\Microsoft VS Code\bin;C:\xampp\php;C:\Users\LENOVO\AppData\Roaming\Composer\vendor\bin;C:\Users\LENOVO\AppData\Roaming\npm;C:\Users\LENOVO\Downloads\Antigravity\bin
USERNAME=LENOVO
OS=Windows_NT
PROCESSOR_IDENTIFIER=Intel64 Family 6 Model 142 Stepping 10, GenuineIntel
TMP=C:\PROGRA~1\KMSpico\temp
TEMP=C:\PROGRA~1\KMSpico\temp



---------------  S Y S T E M  ---------------

OS:
 Windows 10 , 64 bit Build 19041 (10.0.19041.1348)
OS uptime: 0 days 12:23 hours

CPU: total 8 (initial active 8) (4 cores per cpu, 2 threads per core) family 6 model 142 stepping 10 microcode 0xb4, cx8, cmov, fxsr, ht, mmx, 3dnowpref, sse, sse2, sse3, ssse3, sse4.1, sse4.2, popcnt, lzcnt, tsc, tscinvbit, avx, avx2, aes, erms, clmul, bmi1, bmi2, adx, fma, vzeroupper, clflush, clflushopt

Memory: 4k page, system-wide physical 8058M (408M free)
TotalPageFile size 16946M (AvailPageFile size 4M)
current process WorkingSet (physical memory assigned to process): 375M, peak: 413M
current process commit charge ("private bytes"): 407M, peak: 448M

vm_info: OpenJDK 64-Bit Server VM (17.0.4.1+1) for windows-amd64 JRE (17.0.4.1+1), built on Aug 17 2022 07:42:43 by "temurin" with MS VC++ 16.7 (VS2019)

END.
