#
# There is insufficient memory for the Java Runtime Environment to continue.
# Native memory allocation (mmap) failed to map 148897792 bytes. Error detail: G1 virtual space
# Possible reasons:
#   The system is out of physical RAM or swap space
#   This process is running with CompressedOops enabled, and the Java Heap may be blocking the growth of the native heap
# Possible solutions:
#   Reduce memory load on the system
#   Increase physical memory or swap space
#   Check if swap backing store is full
#   Decrease Java heap size (-Xmx/-Xms)
#   Decrease number of Java threads
#   Decrease Java thread stack sizes (-Xss)
#   Set larger code cache with -XX:ReservedCodeCacheSize=
#   JVM is running with Unscaled Compressed Oops mode in which the Java heap is
#     placed in the first 4GB address space. The Java Heap base address is the
#     maximum limit for the native heap growth. Please use -XX:HeapBaseMinAddress
#     to set the Java Heap base and to place the Java Heap above 4GB virtual address.
# This output file may be truncated or incomplete.
#
#  Out of Memory Error (os_windows.cpp:3830), pid=13548, tid=13756
#
# JRE version: OpenJDK Runtime Environment JBR-17.0.14+1-1367.22-nomod (17.0.14+1) (build 17.0.14+1-b1367.22)
# Java VM: OpenJDK 64-Bit Server VM JBR-17.0.14+1-1367.22-nomod (17.0.14+1-b1367.22, mixed mode, emulated-client, sharing, tiered, compressed oops, compressed class ptrs, g1 gc, windows-amd64)
# No core dump will be written. Minidumps are not enabled by default on client versions of Windows
#

---------------  S U M M A R Y ------------

Command Line: -XX:TieredStopAtLevel=1 -Dspring.output.ansi.enabled=always -Dcom.sun.management.jmxremote -Dspring.jmx.enabled=true -Dspring.liveBeansView.mbeanDomain -Dspring.application.admin.enabled=true -Dmanagement.endpoints.jmx.exposure.include=* -javaagent:C:\Program Files\JetBrains\IntelliJ IDEA 2024.3.2.1\lib\idea_rt.jar=62847:C:\Program Files\JetBrains\IntelliJ IDEA 2024.3.2.1\bin -Dfile.encoding=UTF-8 tn.esprit.projetintegre.ProjetIntegreApplication

Host: Intel(R) Core(TM) i5-8250U CPU @ 1.60GHz, 8 cores, 7G,  Windows 10 , 64 bit Build 19041 (10.0.19041.1348)
Time: Tue Mar  3 13:24:49 2026 Paris, Madrid elapsed time: 11.464121 seconds (0d 0h 0m 11s)

---------------  T H R E A D  ---------------

Current thread (0x00000153b9028b90):  VMThread "VM Thread" [stack: 0x000000099d600000,0x000000099d700000] [id=13756]

Stack: [0x000000099d600000,0x000000099d700000]
Native frames: (J=compiled Java code, j=interpreted, Vv=VM code, C=native code)
V  [jvm.dll+0x68b969]  os::platform_print_native_stack+0xd9  (os_windows_x86.cpp:235)
V  [jvm.dll+0x84572a]  VMError::report+0xc6a  (vmError.cpp:868)
V  [jvm.dll+0x8473ae]  VMError::report_and_die+0x78e  (vmError.cpp:1766)
V  [jvm.dll+0x847a13]  VMError::report_and_die+0x43  (vmError.cpp:1552)
V  [jvm.dll+0x24a83f]  report_vm_out_of_memory+0x8f  (debug.cpp:321)
V  [jvm.dll+0x688629]  os::pd_commit_memory_or_exit+0xc9  (os_windows.cpp:3838)
V  [jvm.dll+0x67cf3a]  os::commit_memory_or_exit+0x2a  (os.cpp:1768)
V  [jvm.dll+0x30b83b]  G1PageBasedVirtualSpace::commit+0x19b  (g1PageBasedVirtualSpace.cpp:204)
V  [jvm.dll+0x312d26]  G1RegionsLargerThanCommitSizeMapper::commit_regions+0x96  (g1RegionToSpaceMapper.cpp:100)
V  [jvm.dll+0x3630fe]  HeapRegionManager::expand_any+0xee  (heapRegionManager.cpp:363)
V  [jvm.dll+0x36333f]  HeapRegionManager::expand_by+0x7f  (heapRegionManager.cpp:380)
V  [jvm.dll+0x2e18cc]  G1CollectedHeap::expand+0xbc  (g1CollectedHeap.cpp:1292)
V  [jvm.dll+0x2dfc8f]  G1CollectedHeap::do_collection_pause_at_safepoint_helper+0x8bf  (g1CollectedHeap.cpp:3094)
V  [jvm.dll+0x2df3bc]  G1CollectedHeap::do_collection_pause_at_safepoint+0x5c  (g1CollectedHeap.cpp:2898)
V  [jvm.dll+0x323a7b]  VM_G1CollectForAllocation::doit+0x6b  (g1VMOperations.cpp:147)
V  [jvm.dll+0x84c11d]  VM_Operation::evaluate+0xfd  (vmOperations.cpp:73)
V  [jvm.dll+0x84ce62]  VMThread::evaluate_operation+0xd2  (vmThread.cpp:269)
V  [jvm.dll+0x84d38f]  VMThread::inner_execute+0x1af  (vmThread.cpp:417)
V  [jvm.dll+0x84d774]  VMThread::loop+0x254  (vmThread.cpp:481)
V  [jvm.dll+0x84d840]  VMThread::run+0x70  (vmThread.cpp:167)
V  [jvm.dll+0x7f3a1c]  Thread::call_run+0x8c  (thread.cpp:405)
V  [jvm.dll+0x68a7c7]  thread_native_entry+0x77  (os_windows.cpp:551)
C  [ucrtbase.dll+0x21bb2]
C  [KERNEL32.DLL+0x17034]
C  [ntdll.dll+0x52651]

VM_Operation (0x000000099f1fb800): G1CollectForAllocation, mode: safepoint, requested by thread 0x00000153b9e34bd0


---------------  P R O C E S S  ---------------

Threads class SMR info:
_java_thread_list=0x00000153b98ecc20, length=29, elements={
0x00000153ab25a010, 0x00000153b902f240, 0x00000153b90300c0, 0x00000153b903ffb0,
0x00000153b9040e30, 0x00000153b9045920, 0x00000153b904a2f0, 0x00000153b904e1b0,
0x00000153b9056bc0, 0x00000153b90162b0, 0x00000153b9016b90, 0x00000153b9867020,
0x00000153b9867500, 0x00000153b99c3f20, 0x00000153b9a49ac0, 0x00000153b9a68320,
0x00000153b9a57740, 0x00000153b9e36010, 0x00000153b9e34bd0, 0x00000153b9e350e0,
0x000001538070c070, 0x00000153806a1fb0, 0x00000153b9e35b00, 0x00000153b9e36a30,
0x00000153b9c7ec50, 0x00000153b9c80090, 0x00000153b9c805a0, 0x00000153b9c81ef0,
0x00000153b9c82400
}

Java Threads: ( => current thread )
  0x00000153ab25a010 JavaThread "main" [_thread_blocked, id=7144, stack(0x000000099d000000,0x000000099d100000)]
  0x00000153b902f240 JavaThread "Reference Handler" daemon [_thread_blocked, id=4564, stack(0x000000099d700000,0x000000099d800000)]
  0x00000153b90300c0 JavaThread "Finalizer" daemon [_thread_blocked, id=5344, stack(0x000000099d800000,0x000000099d900000)]
  0x00000153b903ffb0 JavaThread "Signal Dispatcher" daemon [_thread_blocked, id=9916, stack(0x000000099d900000,0x000000099da00000)]
  0x00000153b9040e30 JavaThread "Attach Listener" daemon [_thread_blocked, id=11852, stack(0x000000099da00000,0x000000099db00000)]
  0x00000153b9045920 JavaThread "Service Thread" daemon [_thread_blocked, id=1228, stack(0x000000099db00000,0x000000099dc00000)]
  0x00000153b904a2f0 JavaThread "Monitor Deflation Thread" daemon [_thread_blocked, id=13308, stack(0x000000099dc00000,0x000000099dd00000)]
  0x00000153b904e1b0 JavaThread "C1 CompilerThread0" daemon [_thread_blocked, id=1232, stack(0x000000099dd00000,0x000000099de00000)]
  0x00000153b9056bc0 JavaThread "Sweeper thread" daemon [_thread_blocked, id=8840, stack(0x000000099de00000,0x000000099df00000)]
  0x00000153b90162b0 JavaThread "Common-Cleaner" daemon [_thread_blocked, id=15332, stack(0x000000099df00000,0x000000099e000000)]
  0x00000153b9016b90 JavaThread "C1 CompilerThread1" daemon [_thread_blocked, id=14988, stack(0x000000099e000000,0x000000099e100000)]
  0x00000153b9867020 JavaThread "Monitor Ctrl-Break" daemon [_thread_in_native, id=5048, stack(0x000000099e100000,0x000000099e200000)]
  0x00000153b9867500 JavaThread "Notification Thread" daemon [_thread_blocked, id=12056, stack(0x000000099e200000,0x000000099e300000)]
  0x00000153b99c3f20 JavaThread "RMI TCP Accept-0" daemon [_thread_in_native, id=4704, stack(0x000000099e300000,0x000000099e400000)]
  0x00000153b9a49ac0 JavaThread "RMI TCP Connection(1)-192.168.56.1" daemon [_thread_in_native, id=16168, stack(0x000000099e500000,0x000000099e600000)]
  0x00000153b9a68320 JavaThread "RMI Scheduler(0)" daemon [_thread_blocked, id=4444, stack(0x000000099e600000,0x000000099e700000)]
  0x00000153b9a57740 JavaThread "JMX server connection timeout 20" daemon [_thread_blocked, id=15636, stack(0x000000099e700000,0x000000099e800000)]
  0x00000153b9e36010 JavaThread "Thread-0" [_thread_blocked, id=8016, stack(0x000000099f000000,0x000000099f100000)]
  0x00000153b9e34bd0 JavaThread "restartedMain" [_thread_blocked, id=7316, stack(0x000000099f100000,0x000000099f200000)]
  0x00000153b9e350e0 JavaThread "RMI TCP Connection(2)-192.168.56.1" daemon [_thread_in_native, id=15216, stack(0x000000099f200000,0x000000099f300000)]
  0x000001538070c070 JavaThread "C1 CompilerThread2" daemon [_thread_blocked, id=12424, stack(0x000000099f400000,0x000000099f500000)]
  0x00000153806a1fb0 JavaThread "C1 CompilerThread3" daemon [_thread_blocked, id=1816, stack(0x000000099f500000,0x000000099f600000)]
  0x00000153b9e35b00 JavaThread "mysql-cj-abandoned-connection-cleanup" daemon [_thread_blocked, id=3412, stack(0x000000099f300000,0x000000099f400000)]
  0x00000153b9e36a30 JavaThread "HikariPool-1 housekeeper" daemon [_thread_blocked, id=14852, stack(0x000000099f800000,0x000000099f900000)]
  0x00000153b9c7ec50 JavaThread "Catalina-utility-1" [_thread_blocked, id=1844, stack(0x000000099f900000,0x000000099fa00000)]
  0x00000153b9c80090 JavaThread "Catalina-utility-2" [_thread_blocked, id=7096, stack(0x000000099fa00000,0x000000099fb00000)]
  0x00000153b9c805a0 JavaThread "container-0" [_thread_blocked, id=11020, stack(0x000000099fb00000,0x000000099fc00000)]
  0x00000153b9c81ef0 JavaThread "SIGINT handler" daemon [_thread_blocked, id=11108, stack(0x000000099fd00000,0x000000099fe00000)]
  0x00000153b9c82400 JavaThread "SpringApplicationShutdownHook" [_thread_blocked, id=12272, stack(0x000000099fe00000,0x000000099ff00000)]

Other Threads:
=>0x00000153b9028b90 VMThread "VM Thread" [stack: 0x000000099d600000,0x000000099d700000] [id=13756]
  0x00000153b99c3a20 WatcherThread [stack: 0x000000099e400000,0x000000099e500000] [id=3520]
  0x00000153ab2b1ae0 GCTaskThread "GC Thread#0" [stack: 0x000000099d100000,0x000000099d200000] [id=2644]
  0x00000153b9e3a440 GCTaskThread "GC Thread#1" [stack: 0x000000099e800000,0x000000099e900000] [id=12760]
  0x00000153b9e03630 GCTaskThread "GC Thread#2" [stack: 0x000000099e900000,0x000000099ea00000] [id=6972]
  0x00000153b9e8ceb0 GCTaskThread "GC Thread#3" [stack: 0x000000099ea00000,0x000000099eb00000] [id=3664]
  0x00000153b9e8d170 GCTaskThread "GC Thread#4" [stack: 0x000000099eb00000,0x000000099ec00000] [id=15552]
  0x00000153b9e903e0 GCTaskThread "GC Thread#5" [stack: 0x000000099ec00000,0x000000099ed00000] [id=8544]
  0x00000153b9e906a0 GCTaskThread "GC Thread#6" [stack: 0x000000099ed00000,0x000000099ee00000] [id=12036]
  0x00000153b9e91170 GCTaskThread "GC Thread#7" [stack: 0x000000099ee00000,0x000000099ef00000] [id=14184]
  0x00000153ab2c4650 ConcurrentGCThread "G1 Main Marker" [stack: 0x000000099d200000,0x000000099d300000] [id=14536]
  0x00000153ab2c5810 ConcurrentGCThread "G1 Conc#0" [stack: 0x000000099d300000,0x000000099d400000] [id=11396]
  0x000001538091b460 ConcurrentGCThread "G1 Conc#1" [stack: 0x000000099f600000,0x000000099f700000] [id=14660]
  0x00000153b8ee20d0 ConcurrentGCThread "G1 Refine#0" [stack: 0x000000099d400000,0x000000099d500000] [id=14480]
  0x00000153b9dfd9a0 ConcurrentGCThread "G1 Refine#1" [stack: 0x000000099ef00000,0x000000099f000000] [id=15204]
  0x00000153824a6190 ConcurrentGCThread "G1 Refine#2" [stack: 0x000000099fc00000,0x000000099fd00000] [id=12432]
  0x00000153b8ee2b00 ConcurrentGCThread "G1 Service" [stack: 0x000000099d500000,0x000000099d600000] [id=13976]

Threads with active compile tasks:

VM state: at safepoint (normal execution)

VM Mutex/Monitor currently owned by a thread:  ([mutex/lock_event])
[0x00000153ab256170] Threads_lock - owner thread: 0x00000153b9028b90
[0x00000153ab255630] Heap_lock - owner thread: 0x00000153b9e34bd0

Heap address: 0x0000000082000000, size: 2016 MB, Compressed Oops mode: 32-bit

CDS archive(s) mapped at: [0x00000153ba000000-0x00000153bac00000-0x00000153bac00000), size 12582912, SharedBaseAddress: 0x00000153ba000000, ArchiveRelocationMode: 1.
Compressed class space mapped at: 0x00000153bb000000-0x00000153fb000000, reserved size: 1073741824
Narrow klass base: 0x00000153ba000000, Narrow klass shift: 0, Narrow klass range: 0x100000000

GC Precious Log:
 CPUs: 8 total, 8 available
 Memory: 8058M
 Large Page Support: Disabled
 NUMA Support: Disabled
 Compressed Oops: Enabled (32-bit)
 Heap Region Size: 1M
 Heap Min Capacity: 8M
 Heap Initial Capacity: 126M
 Heap Max Capacity: 2016M
 Pre-touch: Disabled
 Parallel Workers: 8
 Concurrent Workers: 2
 Concurrent Refinement Workers: 8
 Periodic GC: Disabled

Heap:
 garbage-first heap   total 145408K, used 82971K [0x0000000082000000, 0x0000000100000000)
  region size 1024K, 3 young (3072K), 3 survivors (3072K)
 Metaspace       used 75492K, committed 76224K, reserved 1179648K
  class space    used 11065K, committed 11392K, reserved 1048576K

Heap Regions: E=young(eden), S=young(survivor), O=old, HS=humongous(starts), HC=humongous(continues), CS=collection set, F=free, OA=open archive, CA=closed archive, TAMS=top-at-mark-start (previous, next)
|   0|0x0000000082000000, 0x0000000082100000, 0x0000000082100000|100%|HS|  |TAMS 0x0000000082100000, 0x0000000082100000| Complete 
|   1|0x0000000082100000, 0x0000000082200000, 0x0000000082200000|100%| O|  |TAMS 0x0000000082200000, 0x0000000082200000| Untracked 
|   2|0x0000000082200000, 0x0000000082300000, 0x0000000082300000|100%| O|  |TAMS 0x0000000082300000, 0x0000000082300000| Untracked 
|   3|0x0000000082300000, 0x0000000082400000, 0x0000000082400000|100%| O|  |TAMS 0x0000000082400000, 0x0000000082400000| Untracked 
|   4|0x0000000082400000, 0x0000000082500000, 0x0000000082500000|100%| O|  |TAMS 0x0000000082500000, 0x0000000082500000| Untracked 
|   5|0x0000000082500000, 0x0000000082600000, 0x0000000082600000|100%| O|  |TAMS 0x0000000082600000, 0x0000000082600000| Untracked 
|   6|0x0000000082600000, 0x0000000082700000, 0x0000000082700000|100%| O|  |TAMS 0x0000000082700000, 0x0000000082700000| Untracked 
|   7|0x0000000082700000, 0x0000000082800000, 0x0000000082800000|100%| O|  |TAMS 0x0000000082800000, 0x0000000082800000| Untracked 
|   8|0x0000000082800000, 0x0000000082824e00, 0x0000000082900000| 14%| O|  |TAMS 0x0000000082824e00, 0x0000000082824e00| Untracked 
|   9|0x0000000082900000, 0x0000000082a00000, 0x0000000082a00000|100%| O|  |TAMS 0x0000000082a00000, 0x0000000082a00000| Untracked 
|  10|0x0000000082a00000, 0x0000000082b00000, 0x0000000082b00000|100%| O|  |TAMS 0x0000000082b00000, 0x0000000082b00000| Untracked 
|  11|0x0000000082b00000, 0x0000000082c00000, 0x0000000082c00000|100%| O|  |TAMS 0x0000000082c00000, 0x0000000082c00000| Untracked 
|  12|0x0000000082c00000, 0x0000000082d00000, 0x0000000082d00000|100%| O|  |TAMS 0x0000000082d00000, 0x0000000082d00000| Untracked 
|  13|0x0000000082d00000, 0x0000000082e00000, 0x0000000082e00000|100%| O|  |TAMS 0x0000000082e00000, 0x0000000082e00000| Untracked 
|  14|0x0000000082e00000, 0x0000000082f00000, 0x0000000082f00000|100%| O|  |TAMS 0x0000000082f00000, 0x0000000082f00000| Untracked 
|  15|0x0000000082f00000, 0x0000000083000000, 0x0000000083000000|100%| O|  |TAMS 0x0000000083000000, 0x0000000083000000| Untracked 
|  16|0x0000000083000000, 0x0000000083100000, 0x0000000083100000|100%| O|  |TAMS 0x0000000083100000, 0x0000000083100000| Untracked 
|  17|0x0000000083100000, 0x0000000083200000, 0x0000000083200000|100%| O|  |TAMS 0x0000000083200000, 0x0000000083200000| Untracked 
|  18|0x0000000083200000, 0x0000000083300000, 0x0000000083300000|100%| O|  |TAMS 0x0000000083300000, 0x0000000083300000| Untracked 
|  19|0x0000000083300000, 0x0000000083400000, 0x0000000083400000|100%| O|  |TAMS 0x0000000083400000, 0x0000000083400000| Untracked 
|  20|0x0000000083400000, 0x0000000083500000, 0x0000000083500000|100%| O|  |TAMS 0x0000000083500000, 0x0000000083500000| Untracked 
|  21|0x0000000083500000, 0x0000000083600000, 0x0000000083600000|100%| O|  |TAMS 0x0000000083600000, 0x0000000083600000| Untracked 
|  22|0x0000000083600000, 0x0000000083700000, 0x0000000083700000|100%| O|  |TAMS 0x0000000083700000, 0x0000000083700000| Untracked 
|  23|0x0000000083700000, 0x0000000083800000, 0x0000000083800000|100%| O|  |TAMS 0x0000000083800000, 0x0000000083800000| Untracked 
|  24|0x0000000083800000, 0x0000000083900000, 0x0000000083900000|100%| O|  |TAMS 0x0000000083900000, 0x0000000083900000| Untracked 
|  25|0x0000000083900000, 0x0000000083a00000, 0x0000000083a00000|100%| O|  |TAMS 0x0000000083a00000, 0x0000000083a00000| Untracked 
|  26|0x0000000083a00000, 0x0000000083b00000, 0x0000000083b00000|100%| O|  |TAMS 0x0000000083b00000, 0x0000000083b00000| Untracked 
|  27|0x0000000083b00000, 0x0000000083c00000, 0x0000000083c00000|100%| O|  |TAMS 0x0000000083c00000, 0x0000000083c00000| Untracked 
|  28|0x0000000083c00000, 0x0000000083d00000, 0x0000000083d00000|100%| O|  |TAMS 0x0000000083d00000, 0x0000000083d00000| Untracked 
|  29|0x0000000083d00000, 0x0000000083e00000, 0x0000000083e00000|100%| O|  |TAMS 0x0000000083e00000, 0x0000000083e00000| Untracked 
|  30|0x0000000083e00000, 0x0000000083f00000, 0x0000000083f00000|100%| O|  |TAMS 0x0000000083f00000, 0x0000000083f00000| Untracked 
|  31|0x0000000083f00000, 0x0000000084000000, 0x0000000084000000|100%| O|  |TAMS 0x0000000084000000, 0x0000000084000000| Untracked 
|  32|0x0000000084000000, 0x0000000084100000, 0x0000000084100000|100%| O|  |TAMS 0x0000000084100000, 0x0000000084100000| Untracked 
|  33|0x0000000084100000, 0x0000000084200000, 0x0000000084200000|100%| O|  |TAMS 0x0000000084200000, 0x0000000084200000| Untracked 
|  34|0x0000000084200000, 0x0000000084300000, 0x0000000084300000|100%| O|  |TAMS 0x0000000084300000, 0x0000000084300000| Untracked 
|  35|0x0000000084300000, 0x0000000084400000, 0x0000000084400000|100%| O|  |TAMS 0x0000000084400000, 0x0000000084400000| Untracked 
|  36|0x0000000084400000, 0x0000000084500000, 0x0000000084500000|100%| O|  |TAMS 0x0000000084500000, 0x0000000084500000| Untracked 
|  37|0x0000000084500000, 0x0000000084600000, 0x0000000084600000|100%| O|  |TAMS 0x0000000084600000, 0x0000000084600000| Untracked 
|  38|0x0000000084600000, 0x0000000084700000, 0x0000000084700000|100%| O|  |TAMS 0x0000000084700000, 0x0000000084700000| Untracked 
|  39|0x0000000084700000, 0x0000000084800000, 0x0000000084800000|100%| O|  |TAMS 0x0000000084800000, 0x0000000084800000| Untracked 
|  40|0x0000000084800000, 0x0000000084900000, 0x0000000084900000|100%| O|  |TAMS 0x0000000084900000, 0x0000000084900000| Untracked 
|  41|0x0000000084900000, 0x0000000084a00000, 0x0000000084a00000|100%| O|  |TAMS 0x0000000084a00000, 0x0000000084a00000| Untracked 
|  42|0x0000000084a00000, 0x0000000084b00000, 0x0000000084b00000|100%| O|  |TAMS 0x0000000084b00000, 0x0000000084b00000| Untracked 
|  43|0x0000000084b00000, 0x0000000084c00000, 0x0000000084c00000|100%| O|  |TAMS 0x0000000084b76400, 0x0000000084c00000| Untracked 
|  44|0x0000000084c00000, 0x0000000084d00000, 0x0000000084d00000|100%| O|  |TAMS 0x0000000084c00000, 0x0000000084d00000| Untracked 
|  45|0x0000000084d00000, 0x0000000084e00000, 0x0000000084e00000|100%| O|  |TAMS 0x0000000084d00000, 0x0000000084e00000| Untracked 
|  46|0x0000000084e00000, 0x0000000084f00000, 0x0000000084f00000|100%| O|  |TAMS 0x0000000084e00000, 0x0000000084f00000| Untracked 
|  47|0x0000000084f00000, 0x0000000085000000, 0x0000000085000000|100%| O|  |TAMS 0x0000000084f00000, 0x0000000085000000| Untracked 
|  48|0x0000000085000000, 0x0000000085100000, 0x0000000085100000|100%| O|  |TAMS 0x0000000085000000, 0x0000000085100000| Untracked 
|  49|0x0000000085100000, 0x0000000085200000, 0x0000000085200000|100%| O|  |TAMS 0x0000000085100000, 0x0000000085200000| Untracked 
|  50|0x0000000085200000, 0x0000000085300000, 0x0000000085300000|100%| O|  |TAMS 0x0000000085200000, 0x0000000085300000| Untracked 
|  51|0x0000000085300000, 0x0000000085400000, 0x0000000085400000|100%| O|  |TAMS 0x0000000085300000, 0x0000000085400000| Untracked 
|  52|0x0000000085400000, 0x0000000085500000, 0x0000000085500000|100%| O|  |TAMS 0x0000000085400000, 0x0000000085500000| Untracked 
|  53|0x0000000085500000, 0x0000000085600000, 0x0000000085600000|100%| O|  |TAMS 0x0000000085500000, 0x0000000085600000| Untracked 
|  54|0x0000000085600000, 0x0000000085700000, 0x0000000085700000|100%| O|  |TAMS 0x0000000085600000, 0x0000000085700000| Untracked 
|  55|0x0000000085700000, 0x0000000085800000, 0x0000000085800000|100%| O|  |TAMS 0x0000000085700000, 0x0000000085800000| Untracked 
|  56|0x0000000085800000, 0x0000000085900000, 0x0000000085900000|100%| O|  |TAMS 0x0000000085800000, 0x0000000085900000| Untracked 
|  57|0x0000000085900000, 0x0000000085a00000, 0x0000000085a00000|100%| O|  |TAMS 0x0000000085900000, 0x0000000085a00000| Untracked 
|  58|0x0000000085a00000, 0x0000000085b00000, 0x0000000085b00000|100%| O|  |TAMS 0x0000000085a00000, 0x0000000085b00000| Untracked 
|  59|0x0000000085b00000, 0x0000000085c00000, 0x0000000085c00000|100%| O|  |TAMS 0x0000000085b00000, 0x0000000085c00000| Untracked 
|  60|0x0000000085c00000, 0x0000000085d00000, 0x0000000085d00000|100%| O|  |TAMS 0x0000000085c00000, 0x0000000085d00000| Untracked 
|  61|0x0000000085d00000, 0x0000000085e00000, 0x0000000085e00000|100%| O|  |TAMS 0x0000000085d00000, 0x0000000085e00000| Untracked 
|  62|0x0000000085e00000, 0x0000000085f00000, 0x0000000085f00000|100%| O|  |TAMS 0x0000000085e00000, 0x0000000085f00000| Untracked 
|  63|0x0000000085f00000, 0x0000000086000000, 0x0000000086000000|100%| O|  |TAMS 0x0000000085f00000, 0x0000000086000000| Untracked 
|  64|0x0000000086000000, 0x0000000086100000, 0x0000000086100000|100%| O|  |TAMS 0x0000000086000000, 0x0000000086100000| Untracked 
|  65|0x0000000086100000, 0x0000000086200000, 0x0000000086200000|100%| O|  |TAMS 0x0000000086100000, 0x0000000086200000| Untracked 
|  66|0x0000000086200000, 0x0000000086300000, 0x0000000086300000|100%| O|  |TAMS 0x0000000086200000, 0x0000000086300000| Untracked 
|  67|0x0000000086300000, 0x0000000086400000, 0x0000000086400000|100%| O|  |TAMS 0x0000000086300000, 0x0000000086400000| Untracked 
|  68|0x0000000086400000, 0x0000000086500000, 0x0000000086500000|100%| O|  |TAMS 0x0000000086400000, 0x0000000086500000| Untracked 
|  69|0x0000000086500000, 0x0000000086600000, 0x0000000086600000|100%| O|  |TAMS 0x0000000086500000, 0x0000000086600000| Untracked 
|  70|0x0000000086600000, 0x0000000086700000, 0x0000000086700000|100%| O|  |TAMS 0x0000000086600000, 0x0000000086700000| Untracked 
|  71|0x0000000086700000, 0x0000000086800000, 0x0000000086800000|100%| O|  |TAMS 0x0000000086700000, 0x000000008673d200| Untracked 
|  72|0x0000000086800000, 0x0000000086900000, 0x0000000086900000|100%| O|  |TAMS 0x0000000086800000, 0x0000000086800000| Untracked 
|  73|0x0000000086900000, 0x0000000086a00000, 0x0000000086a00000|100%| O|  |TAMS 0x0000000086900000, 0x0000000086900000| Untracked 
|  74|0x0000000086a00000, 0x0000000086b00000, 0x0000000086b00000|100%| O|  |TAMS 0x0000000086a00000, 0x0000000086a00000| Untracked 
|  75|0x0000000086b00000, 0x0000000086c00000, 0x0000000086c00000|100%| O|  |TAMS 0x0000000086b00000, 0x0000000086b00000| Untracked 
|  76|0x0000000086c00000, 0x0000000086d00000, 0x0000000086d00000|100%| O|  |TAMS 0x0000000086c00000, 0x0000000086c00000| Untracked 
|  77|0x0000000086d00000, 0x0000000086e00000, 0x0000000086e00000|100%| O|  |TAMS 0x0000000086d00000, 0x0000000086d00000| Untracked 
|  78|0x0000000086e00000, 0x0000000086f00000, 0x0000000086f00000|100%| O|  |TAMS 0x0000000086e00000, 0x0000000086e00000| Untracked 
|  79|0x0000000086f00000, 0x0000000086f00000, 0x0000000087000000|  0%| F|  |TAMS 0x0000000086f00000, 0x0000000086f00000| Untracked 
|  80|0x0000000087000000, 0x0000000087000000, 0x0000000087100000|  0%| F|  |TAMS 0x0000000087000000, 0x0000000087000000| Untracked 
|  81|0x0000000087100000, 0x0000000087100000, 0x0000000087200000|  0%| F|  |TAMS 0x0000000087100000, 0x0000000087100000| Untracked 
|  82|0x0000000087200000, 0x0000000087200000, 0x0000000087300000|  0%| F|  |TAMS 0x0000000087200000, 0x0000000087200000| Untracked 
|  83|0x0000000087300000, 0x0000000087300000, 0x0000000087400000|  0%| F|  |TAMS 0x0000000087300000, 0x0000000087300000| Untracked 
|  84|0x0000000087400000, 0x0000000087400000, 0x0000000087500000|  0%| F|  |TAMS 0x0000000087400000, 0x0000000087400000| Untracked 
|  85|0x0000000087500000, 0x0000000087500000, 0x0000000087600000|  0%| F|  |TAMS 0x0000000087500000, 0x0000000087500000| Untracked 
|  86|0x0000000087600000, 0x0000000087600000, 0x0000000087700000|  0%| F|  |TAMS 0x0000000087600000, 0x0000000087600000| Untracked 
|  87|0x0000000087700000, 0x0000000087700000, 0x0000000087800000|  0%| F|  |TAMS 0x0000000087700000, 0x0000000087700000| Untracked 
|  88|0x0000000087800000, 0x0000000087800000, 0x0000000087900000|  0%| F|  |TAMS 0x0000000087800000, 0x0000000087800000| Untracked 
|  89|0x0000000087900000, 0x0000000087900000, 0x0000000087a00000|  0%| F|  |TAMS 0x0000000087900000, 0x0000000087900000| Untracked 
|  90|0x0000000087a00000, 0x0000000087a00000, 0x0000000087b00000|  0%| F|  |TAMS 0x0000000087a00000, 0x0000000087a00000| Untracked 
|  91|0x0000000087b00000, 0x0000000087b00000, 0x0000000087c00000|  0%| F|  |TAMS 0x0000000087b00000, 0x0000000087b00000| Untracked 
|  92|0x0000000087c00000, 0x0000000087c00000, 0x0000000087d00000|  0%| F|  |TAMS 0x0000000087c00000, 0x0000000087c00000| Untracked 
|  93|0x0000000087d00000, 0x0000000087d00000, 0x0000000087e00000|  0%| F|  |TAMS 0x0000000087d00000, 0x0000000087d00000| Untracked 
|  94|0x0000000087e00000, 0x0000000087e00000, 0x0000000087f00000|  0%| F|  |TAMS 0x0000000087e00000, 0x0000000087e00000| Untracked 
|  95|0x0000000087f00000, 0x0000000087f00000, 0x0000000088000000|  0%| F|  |TAMS 0x0000000087f00000, 0x0000000087f00000| Untracked 
|  96|0x0000000088000000, 0x0000000088000000, 0x0000000088100000|  0%| F|  |TAMS 0x0000000088000000, 0x0000000088000000| Untracked 
|  97|0x0000000088100000, 0x0000000088100000, 0x0000000088200000|  0%| F|  |TAMS 0x0000000088100000, 0x0000000088100000| Untracked 
|  98|0x0000000088200000, 0x0000000088200000, 0x0000000088300000|  0%| F|  |TAMS 0x0000000088200000, 0x0000000088200000| Untracked 
|  99|0x0000000088300000, 0x0000000088300000, 0x0000000088400000|  0%| F|  |TAMS 0x0000000088300000, 0x0000000088300000| Untracked 
| 100|0x0000000088400000, 0x0000000088400000, 0x0000000088500000|  0%| F|  |TAMS 0x0000000088400000, 0x0000000088400000| Untracked 
| 101|0x0000000088500000, 0x0000000088500000, 0x0000000088600000|  0%| F|  |TAMS 0x0000000088500000, 0x0000000088500000| Untracked 
| 102|0x0000000088600000, 0x0000000088600000, 0x0000000088700000|  0%| F|  |TAMS 0x0000000088600000, 0x0000000088600000| Untracked 
| 103|0x0000000088700000, 0x0000000088700000, 0x0000000088800000|  0%| F|  |TAMS 0x0000000088700000, 0x0000000088700000| Untracked 
| 104|0x0000000088800000, 0x0000000088800000, 0x0000000088900000|  0%| F|  |TAMS 0x0000000088800000, 0x0000000088800000| Untracked 
| 105|0x0000000088900000, 0x0000000088900000, 0x0000000088a00000|  0%| F|  |TAMS 0x0000000088900000, 0x0000000088900000| Untracked 
| 106|0x0000000088a00000, 0x0000000088a00000, 0x0000000088b00000|  0%| F|  |TAMS 0x0000000088a00000, 0x0000000088a00000| Untracked 
| 107|0x0000000088b00000, 0x0000000088be20e0, 0x0000000088c00000| 88%| S|CS|TAMS 0x0000000088b00000, 0x0000000088b00000| Complete 
| 108|0x0000000088c00000, 0x0000000088d00000, 0x0000000088d00000|100%| S|CS|TAMS 0x0000000088c00000, 0x0000000088c00000| Complete 
| 109|0x0000000088d00000, 0x0000000088e00000, 0x0000000088e00000|100%| S|CS|TAMS 0x0000000088d00000, 0x0000000088d00000| Complete 
| 110|0x0000000088e00000, 0x0000000088e00000, 0x0000000088f00000|  0%| F|  |TAMS 0x0000000088e00000, 0x0000000088e00000| Untracked 
| 111|0x0000000088f00000, 0x0000000088f00000, 0x0000000089000000|  0%| F|  |TAMS 0x0000000088f00000, 0x0000000088f00000| Untracked 
| 112|0x0000000089000000, 0x0000000089000000, 0x0000000089100000|  0%| F|  |TAMS 0x0000000089000000, 0x0000000089000000| Untracked 
| 113|0x0000000089100000, 0x0000000089100000, 0x0000000089200000|  0%| F|  |TAMS 0x0000000089100000, 0x0000000089100000| Untracked 
| 114|0x0000000089200000, 0x0000000089200000, 0x0000000089300000|  0%| F|  |TAMS 0x0000000089200000, 0x0000000089200000| Untracked 
| 115|0x0000000089300000, 0x0000000089300000, 0x0000000089400000|  0%| F|  |TAMS 0x0000000089300000, 0x0000000089300000| Untracked 
| 116|0x0000000089400000, 0x0000000089400000, 0x0000000089500000|  0%| F|  |TAMS 0x0000000089400000, 0x0000000089400000| Untracked 
| 117|0x0000000089500000, 0x0000000089500000, 0x0000000089600000|  0%| F|  |TAMS 0x0000000089500000, 0x0000000089500000| Untracked 
| 118|0x0000000089600000, 0x0000000089600000, 0x0000000089700000|  0%| F|  |TAMS 0x0000000089600000, 0x0000000089600000| Untracked 
| 119|0x0000000089700000, 0x0000000089700000, 0x0000000089800000|  0%| F|  |TAMS 0x0000000089700000, 0x0000000089700000| Untracked 
| 120|0x0000000089800000, 0x0000000089800000, 0x0000000089900000|  0%| F|  |TAMS 0x0000000089800000, 0x0000000089800000| Untracked 
| 121|0x0000000089900000, 0x0000000089900000, 0x0000000089a00000|  0%| F|  |TAMS 0x0000000089900000, 0x0000000089900000| Untracked 
| 122|0x0000000089a00000, 0x0000000089a00000, 0x0000000089b00000|  0%| F|  |TAMS 0x0000000089a00000, 0x0000000089a00000| Untracked 
| 123|0x0000000089b00000, 0x0000000089b00000, 0x0000000089c00000|  0%| F|  |TAMS 0x0000000089b00000, 0x0000000089b00000| Untracked 
| 124|0x0000000089c00000, 0x0000000089c00000, 0x0000000089d00000|  0%| F|  |TAMS 0x0000000089c00000, 0x0000000089c00000| Untracked 
| 125|0x0000000089d00000, 0x0000000089d00000, 0x0000000089e00000|  0%| F|  |TAMS 0x0000000089d00000, 0x0000000089d00000| Untracked 
| 126|0x0000000089e00000, 0x0000000089e00000, 0x0000000089f00000|  0%| F|  |TAMS 0x0000000089e00000, 0x0000000089e00000| Untracked 
| 127|0x0000000089f00000, 0x0000000089f00000, 0x000000008a000000|  0%| F|  |TAMS 0x0000000089f00000, 0x0000000089f00000| Untracked 
| 128|0x000000008a000000, 0x000000008a000000, 0x000000008a100000|  0%| F|  |TAMS 0x000000008a000000, 0x000000008a000000| Untracked 
| 129|0x000000008a100000, 0x000000008a100000, 0x000000008a200000|  0%| F|  |TAMS 0x000000008a100000, 0x000000008a100000| Untracked 
| 130|0x000000008a200000, 0x000000008a200000, 0x000000008a300000|  0%| F|  |TAMS 0x000000008a200000, 0x000000008a200000| Untracked 
| 131|0x000000008a300000, 0x000000008a300000, 0x000000008a400000|  0%| F|  |TAMS 0x000000008a300000, 0x000000008a300000| Untracked 
| 132|0x000000008a400000, 0x000000008a400000, 0x000000008a500000|  0%| F|  |TAMS 0x000000008a400000, 0x000000008a400000| Untracked 
| 133|0x000000008a500000, 0x000000008a500000, 0x000000008a600000|  0%| F|  |TAMS 0x000000008a500000, 0x000000008a500000| Untracked 
| 134|0x000000008a600000, 0x000000008a600000, 0x000000008a700000|  0%| F|  |TAMS 0x000000008a600000, 0x000000008a600000| Untracked 
| 135|0x000000008a700000, 0x000000008a700000, 0x000000008a800000|  0%| F|  |TAMS 0x000000008a700000, 0x000000008a700000| Untracked 
| 136|0x000000008a800000, 0x000000008a800000, 0x000000008a900000|  0%| F|  |TAMS 0x000000008a800000, 0x000000008a800000| Untracked 
| 137|0x000000008a900000, 0x000000008a900000, 0x000000008aa00000|  0%| F|  |TAMS 0x000000008a900000, 0x000000008a900000| Untracked 
| 138|0x000000008aa00000, 0x000000008aa00000, 0x000000008ab00000|  0%| F|  |TAMS 0x000000008aa00000, 0x000000008aa00000| Untracked 
| 139|0x000000008ab00000, 0x000000008ab00000, 0x000000008ac00000|  0%| F|  |TAMS 0x000000008ab00000, 0x000000008ab00000| Untracked 
| 140|0x000000008ac00000, 0x000000008ac00000, 0x000000008ad00000|  0%| F|  |TAMS 0x000000008ac00000, 0x000000008ac00000| Untracked 
| 141|0x000000008ad00000, 0x000000008ad00000, 0x000000008ae00000|  0%| F|  |TAMS 0x000000008ad00000, 0x000000008ad00000| Untracked 

Card table byte_map: [0x00000153b1f40000,0x00000153b2330000] _byte_map_base: 0x00000153b1b30000

Marking Bits (Prev, Next): (CMBitMap*) 0x00000153ab2b2140, (CMBitMap*) 0x00000153ab2b2100
 Prev Bits: [0x00000153b46a0000, 0x00000153b6620000)
 Next Bits: [0x00000153b2720000, 0x00000153b46a0000)

Polling page: 0x00000153a91d0000

Metaspace:

Usage:
  Non-class:     62.92 MB used.
      Class:     10.81 MB used.
       Both:     73.72 MB used.

Virtual space:
  Non-class space:      128.00 MB reserved,      63.31 MB ( 49%) committed,  2 nodes.
      Class space:        1.00 GB reserved,      11.12 MB (  1%) committed,  1 nodes.
             Both:        1.12 GB reserved,      74.44 MB (  6%) committed. 

Chunk freelists:
   Non-Class:  15.92 MB
       Class:  4.86 MB
        Both:  20.78 MB

MaxMetaspaceSize: unlimited
CompressedClassSpaceSize: 1.00 GB
Initial GC threshold: 21.00 MB
Current GC threshold: 98.56 MB
CDS: on
MetaspaceReclaimPolicy: balanced
 - commit_granule_bytes: 65536.
 - commit_granule_words: 8192.
 - virtual_space_node_default_size: 8388608.
 - enlarge_chunks_in_place: 1.
 - new_chunks_are_fully_committed: 0.
 - uncommit_free_chunks: 1.
 - use_allocation_guard: 0.
 - handle_deallocations: 1.


Internal statistics:

num_allocs_failed_limit: 9.
num_arena_births: 1048.
num_arena_deaths: 0.
num_vsnodes_births: 3.
num_vsnodes_deaths: 0.
num_space_committed: 1191.
num_space_uncommitted: 0.
num_chunks_returned_to_freelist: 9.
num_chunks_taken_from_freelist: 3984.
num_chunk_merges: 9.
num_chunk_splits: 2822.
num_chunks_enlarged: 2116.
num_inconsistent_stats: 0.

CodeCache: size=49152Kb used=20135Kb max_used=20135Kb free=29016Kb
 bounds [0x00000153aea40000, 0x00000153afdf0000, 0x00000153b1a40000]
 total_blobs=11464 nmethods=10788 adapters=598
 compilation: enabled
              stopped_count=0, restarted_count=0
 full_count=0

Compilation events (20 events):
Event: 11.434 Thread 0x00000153b904e1b0 10780       1       org.hibernate.query.sqm.tree.select.SqmSelectClause::makeDistinct (6 bytes)
Event: 11.434 Thread 0x000001538070c070 10781       1       org.springframework.data.jpa.repository.query.ParameterMetadataProvider::getEscape (5 bytes)
Event: 11.434 Thread 0x00000153806a1fb0 nmethod 10778 0x00000153afde7790 code [0x00000153afde7920, 0x00000153afde79f8]
Event: 11.434 Thread 0x00000153b9016b90 nmethod 10779 0x00000153afde7a90 code [0x00000153afde7c20, 0x00000153afde7cf8]
Event: 11.434 Thread 0x000001538070c070 nmethod 10781 0x00000153afde7d90 code [0x00000153afde7f20, 0x00000153afde7ff8]
Event: 11.434 Thread 0x00000153b904e1b0 nmethod 10780 0x00000153afde8090 code [0x00000153afde8220, 0x00000153afde82f8]
Event: 11.446 Thread 0x00000153b904e1b0 10782       1       org.springframework.cglib.core.ClassEmitter$1::getSuperType (18 bytes)
Event: 11.446 Thread 0x00000153b904e1b0 nmethod 10782 0x00000153afde8390 code [0x00000153afde8520, 0x00000153afde85f8]
Event: 11.446 Thread 0x00000153b904e1b0 10783       1       org.springframework.cglib.core.CodeEmitter::if_jump (10 bytes)
Event: 11.446 Thread 0x00000153b904e1b0 nmethod 10783 0x00000153afde8690 code [0x00000153afde8820, 0x00000153afde8908]
Event: 11.446 Thread 0x00000153b904e1b0 10784       1       org.springframework.cglib.core.CodeEmitter::load_local (13 bytes)
Event: 11.446 Thread 0x00000153b904e1b0 nmethod 10784 0x00000153afde8990 code [0x00000153afde8b40, 0x00000153afde8c78]
Event: 11.446 Thread 0x00000153b904e1b0 10785       1       org.springframework.cglib.core.CodeEmitter::invoke (99 bytes)
Event: 11.446 Thread 0x000001538070c070 10786       1       org.springframework.cglib.core.ReflectUtils$3::getModifiers (8 bytes)
Event: 11.446 Thread 0x000001538070c070 nmethod 10786 0x00000153afde8d90 code [0x00000153afde8f20, 0x00000153afde8ff8]
Event: 11.447 Thread 0x00000153b904e1b0 nmethod 10785 0x00000153afde9090 code [0x00000153afde92c0, 0x00000153afde9688]
Event: 11.448 Thread 0x00000153b904e1b0 10787       1       org.springframework.aop.framework.AdvisedSupport::getTargetSource (5 bytes)
Event: 11.449 Thread 0x00000153b904e1b0 nmethod 10787 0x00000153afde9990 code [0x00000153afde9b20, 0x00000153afde9bf8]
Event: 11.449 Thread 0x00000153b904e1b0 10788       1       org.springframework.cglib.core.ClassEmitter::getSuperType (8 bytes)
Event: 11.450 Thread 0x00000153b904e1b0 nmethod 10788 0x00000153afde9c90 code [0x00000153afde9e20, 0x00000153afde9f08]

GC Heap History (20 events):
Event: 7.397 GC heap after
{Heap after GC invocations=20 (full 0):
 garbage-first heap   total 120832K, used 45971K [0x0000000082000000, 0x0000000100000000)
  region size 1024K, 3 young (3072K), 3 survivors (3072K)
 Metaspace       used 59891K, committed 60480K, reserved 1114112K
  class space    used 8630K, committed 8960K, reserved 1048576K
}
Event: 7.406 GC heap before
{Heap before GC invocations=20 (full 0):
 garbage-first heap   total 120832K, used 48019K [0x0000000082000000, 0x0000000100000000)
  region size 1024K, 6 young (6144K), 3 survivors (3072K)
 Metaspace       used 59897K, committed 60480K, reserved 1114112K
  class space    used 8630K, committed 8960K, reserved 1048576K
}
Event: 7.408 GC heap after
{Heap after GC invocations=21 (full 0):
 garbage-first heap   total 120832K, used 45751K [0x0000000082000000, 0x0000000100000000)
  region size 1024K, 3 young (3072K), 3 survivors (3072K)
 Metaspace       used 59897K, committed 60480K, reserved 1114112K
  class space    used 8630K, committed 8960K, reserved 1048576K
}
Event: 7.746 GC heap before
{Heap before GC invocations=22 (full 0):
 garbage-first heap   total 120832K, used 100023K [0x0000000082000000, 0x0000000100000000)
  region size 1024K, 56 young (57344K), 3 survivors (3072K)
 Metaspace       used 60295K, committed 60864K, reserved 1114112K
  class space    used 8671K, committed 8960K, reserved 1048576K
}
Event: 7.749 GC heap after
{Heap after GC invocations=23 (full 0):
 garbage-first heap   total 120832K, used 46413K [0x0000000082000000, 0x0000000100000000)
  region size 1024K, 3 young (3072K), 3 survivors (3072K)
 Metaspace       used 60295K, committed 60864K, reserved 1114112K
  class space    used 8671K, committed 8960K, reserved 1048576K
}
Event: 7.941 GC heap before
{Heap before GC invocations=23 (full 0):
 garbage-first heap   total 120832K, used 101709K [0x0000000082000000, 0x0000000100000000)
  region size 1024K, 57 young (58368K), 3 survivors (3072K)
 Metaspace       used 60678K, committed 61248K, reserved 1114112K
  class space    used 8709K, committed 9024K, reserved 1048576K
}
Event: 7.944 GC heap after
{Heap after GC invocations=24 (full 0):
 garbage-first heap   total 120832K, used 47192K [0x0000000082000000, 0x0000000100000000)
  region size 1024K, 4 young (4096K), 4 survivors (4096K)
 Metaspace       used 60678K, committed 61248K, reserved 1114112K
  class space    used 8709K, committed 9024K, reserved 1048576K
}
Event: 8.449 GC heap before
{Heap before GC invocations=24 (full 0):
 garbage-first heap   total 120832K, used 102488K [0x0000000082000000, 0x0000000100000000)
  region size 1024K, 58 young (59392K), 4 survivors (4096K)
 Metaspace       used 64237K, committed 64896K, reserved 1114112K
  class space    used 9316K, committed 9600K, reserved 1048576K
}
Event: 8.456 GC heap after
{Heap after GC invocations=25 (full 0):
 garbage-first heap   total 120832K, used 52013K [0x0000000082000000, 0x0000000100000000)
  region size 1024K, 8 young (8192K), 8 survivors (8192K)
 Metaspace       used 64237K, committed 64896K, reserved 1114112K
  class space    used 9316K, committed 9600K, reserved 1048576K
}
Event: 10.008 GC heap before
{Heap before GC invocations=25 (full 0):
 garbage-first heap   total 120832K, used 99117K [0x0000000082000000, 0x0000000100000000)
  region size 1024K, 54 young (55296K), 8 survivors (8192K)
 Metaspace       used 67467K, committed 68096K, reserved 1114112K
  class space    used 9735K, committed 10048K, reserved 1048576K
}
Event: 10.028 GC heap after
{Heap after GC invocations=26 (full 0):
 garbage-first heap   total 120832K, used 54961K [0x0000000082000000, 0x0000000100000000)
  region size 1024K, 3 young (3072K), 3 survivors (3072K)
 Metaspace       used 67467K, committed 68096K, reserved 1114112K
  class space    used 9735K, committed 10048K, reserved 1048576K
}
Event: 10.386 GC heap before
{Heap before GC invocations=26 (full 0):
 garbage-first heap   total 120832K, used 100017K [0x0000000082000000, 0x0000000100000000)
  region size 1024K, 47 young (48128K), 3 survivors (3072K)
 Metaspace       used 70901K, committed 71616K, reserved 1114112K
  class space    used 10478K, committed 10816K, reserved 1048576K
}
Event: 10.403 GC heap after
{Heap after GC invocations=27 (full 0):
 garbage-first heap   total 145408K, used 57679K [0x0000000082000000, 0x0000000100000000)
  region size 1024K, 6 young (6144K), 6 survivors (6144K)
 Metaspace       used 70901K, committed 71616K, reserved 1114112K
  class space    used 10478K, committed 10816K, reserved 1048576K
}
Event: 10.810 GC heap before
{Heap before GC invocations=27 (full 0):
 garbage-first heap   total 145408K, used 112975K [0x0000000082000000, 0x0000000100000000)
  region size 1024K, 61 young (62464K), 6 survivors (6144K)
 Metaspace       used 74341K, committed 75072K, reserved 1114112K
  class space    used 10936K, committed 11264K, reserved 1048576K
}
Event: 10.816 GC heap after
{Heap after GC invocations=28 (full 0):
 garbage-first heap   total 145408K, used 61053K [0x0000000082000000, 0x0000000100000000)
  region size 1024K, 7 young (7168K), 7 survivors (7168K)
 Metaspace       used 74341K, committed 75072K, reserved 1114112K
  class space    used 10936K, committed 11264K, reserved 1048576K
}
Event: 10.928 GC heap before
{Heap before GC invocations=28 (full 0):
 garbage-first heap   total 145408K, used 115325K [0x0000000082000000, 0x0000000100000000)
  region size 1024K, 60 young (61440K), 7 survivors (7168K)
 Metaspace       used 74374K, committed 75072K, reserved 1114112K
  class space    used 10938K, committed 11264K, reserved 1048576K
}
Event: 10.947 GC heap after
{Heap after GC invocations=29 (full 0):
 garbage-first heap   total 145408K, used 68744K [0x0000000082000000, 0x0000000100000000)
  region size 1024K, 8 young (8192K), 8 survivors (8192K)
 Metaspace       used 74374K, committed 75072K, reserved 1114112K
  class space    used 10938K, committed 11264K, reserved 1048576K
}
Event: 11.081 GC heap before
{Heap before GC invocations=29 (full 0):
 garbage-first heap   total 145408K, used 114824K [0x0000000082000000, 0x0000000100000000)
  region size 1024K, 53 young (54272K), 8 survivors (8192K)
 Metaspace       used 74537K, committed 75200K, reserved 1114112K
  class space    used 10953K, committed 11264K, reserved 1048576K
}
Event: 11.104 GC heap after
{Heap after GC invocations=30 (full 0):
 garbage-first heap   total 145408K, used 79240K [0x0000000082000000, 0x0000000100000000)
  region size 1024K, 7 young (7168K), 7 survivors (7168K)
 Metaspace       used 74537K, committed 75200K, reserved 1114112K
  class space    used 10953K, committed 11264K, reserved 1048576K
}
Event: 11.454 GC heap before
{Heap before GC invocations=30 (full 0):
 garbage-first heap   total 145408K, used 112008K [0x0000000082000000, 0x0000000100000000)
  region size 1024K, 39 young (39936K), 7 survivors (7168K)
 Metaspace       used 75492K, committed 76224K, reserved 1179648K
  class space    used 11065K, committed 11392K, reserved 1048576K
}

Dll operation events (4 events):
Event: 0.010 Loaded shared library C:\Users\LENOVO\.jdks\jbr-17.0.14-1\bin\java.dll
Event: 0.030 Loaded shared library C:\Users\LENOVO\.jdks\jbr-17.0.14-1\bin\jsvml.dll
Event: 0.171 Loaded shared library C:\Users\LENOVO\.jdks\jbr-17.0.14-1\bin\zip.dll
Event: 4.566 Loaded shared library C:\Users\LENOVO\.jdks\jbr-17.0.14-1\bin\verify.dll

Deoptimization events (8 events):
Event: 6.910 Thread 0x00000153b9e34bd0 DEOPT PACKING pc=0x00000153af7c6974 sp=0x000000099f1f85b0
Event: 6.910 Thread 0x00000153b9e34bd0 DEOPT UNPACKING pc=0x00000153aea97143 sp=0x000000099f1f7a38 mode 0
Event: 9.983 Thread 0x00000153b9e34bd0 DEOPT PACKING pc=0x00000153aeeff71c sp=0x000000099f1facd0
Event: 9.983 Thread 0x00000153b9e34bd0 DEOPT UNPACKING pc=0x00000153aea97143 sp=0x000000099f1fa228 mode 0
Event: 10.602 Thread 0x00000153b9e34bd0 DEOPT PACKING pc=0x00000153af0f4012 sp=0x000000099f1fc730
Event: 10.602 Thread 0x00000153b9e34bd0 DEOPT UNPACKING pc=0x00000153aea97143 sp=0x000000099f1fbc38 mode 3
Event: 10.602 Thread 0x00000153b9e34bd0 DEOPT PACKING pc=0x00000153aef0fc0d sp=0x000000099f1fc6f0
Event: 10.602 Thread 0x00000153b9e34bd0 DEOPT UNPACKING pc=0x00000153aea97143 sp=0x000000099f1fbc38 mode 3

Classes loaded (20 events):
Event: 11.148 Loading class java/net/spi/URLStreamHandlerProvider
Event: 11.149 Loading class java/net/spi/URLStreamHandlerProvider done
Event: 11.149 Loading class sun/net/www/protocol/http/Handler
Event: 11.149 Loading class sun/net/www/protocol/http/Handler done
Event: 11.150 Loading class javax/crypto/JceSecurity$WeakIdentityWrapper
Event: 11.150 Loading class javax/crypto/JceSecurity$WeakIdentityWrapper done
Event: 11.150 Loading class javax/crypto/JceSecurity$2
Event: 11.150 Loading class javax/crypto/JceSecurity$2 done
Event: 11.150 Loading class javax/crypto/JceSecurity$3
Event: 11.150 Loading class javax/crypto/JceSecurity$3 done
Event: 11.150 Loading class javax/crypto/ProviderVerifier
Event: 11.150 Loading class javax/crypto/ProviderVerifier done
Event: 11.150 Loading class com/sun/crypto/provider/PBKDF2Core$HmacSHA256
Event: 11.150 Loading class com/sun/crypto/provider/PBKDF2Core
Event: 11.150 Loading class javax/crypto/SecretKeyFactorySpi
Event: 11.150 Loading class javax/crypto/SecretKeyFactorySpi done
Event: 11.151 Loading class com/sun/crypto/provider/PBKDF2Core done
Event: 11.151 Loading class com/sun/crypto/provider/PBKDF2Core$HmacSHA256 done
Event: 11.385 Loading class jdk/internal/misc/Signal$1
Event: 11.388 Loading class jdk/internal/misc/Signal$1 done

Classes unloaded (0 events):
No events

Classes redefined (0 events):
No events

Internal exceptions (20 events):
Event: 10.546 Thread 0x00000153b9e34bd0 Exception <a 'java/lang/reflect/InvocationTargetException'{0x0000000089345e68}> (0x0000000089345e68) 
thrown [s\src\hotspot\share\runtime\reflection.cpp, line 1134]
Event: 10.553 Thread 0x00000153b9e34bd0 Exception <a 'java/lang/NoSuchMethodError'{0x00000000893a3350}: 'int java.lang.invoke.DirectMethodHandle$Holder.invokeStatic(java.lang.Object, java.lang.Object, int)'> (0x00000000893a3350) 
thrown [s\src\hotspot\share\interpreter\linkResolver.cpp, line 771]
Event: 10.558 Thread 0x00000153b9e34bd0 Exception <a 'java/lang/IncompatibleClassChangeError'{0x00000000893ec698}: Found class java.lang.Object, but interface was expected> (0x00000000893ec698) 
thrown [s\src\hotspot\share\interpreter\linkResolver.cpp, line 838]
Event: 10.570 Thread 0x00000153b9e34bd0 Exception <a 'java/lang/reflect/InvocationTargetException'{0x00000000892b95e8}> (0x00000000892b95e8) 
thrown [s\src\hotspot\share\runtime\reflection.cpp, line 1134]
Event: 10.572 Thread 0x00000153b9e34bd0 Exception <a 'java/lang/reflect/InvocationTargetException'{0x00000000892c6f28}> (0x00000000892c6f28) 
thrown [s\src\hotspot\share\runtime\reflection.cpp, line 1134]
Event: 10.572 Thread 0x00000153b9e34bd0 Exception <a 'java/lang/reflect/InvocationTargetException'{0x00000000892d4178}> (0x00000000892d4178) 
thrown [s\src\hotspot\share\runtime\reflection.cpp, line 1134]
Event: 10.575 Thread 0x00000153b9e34bd0 Exception <a 'java/lang/reflect/InvocationTargetException'{0x00000000892eaca0}> (0x00000000892eaca0) 
thrown [s\src\hotspot\share\runtime\reflection.cpp, line 1134]
Event: 10.578 Thread 0x00000153b9e34bd0 Exception <a 'java/lang/reflect/InvocationTargetException'{0x0000000089159b68}> (0x0000000089159b68) 
thrown [s\src\hotspot\share\runtime\reflection.cpp, line 1134]
Event: 10.588 Thread 0x00000153b9e34bd0 Exception <a 'java/lang/reflect/InvocationTargetException'{0x0000000088e60150}> (0x0000000088e60150) 
thrown [s\src\hotspot\share\runtime\reflection.cpp, line 1134]
Event: 10.589 Thread 0x00000153b9e34bd0 Exception <a 'java/lang/reflect/InvocationTargetException'{0x0000000088e6bd18}> (0x0000000088e6bd18) 
thrown [s\src\hotspot\share\runtime\reflection.cpp, line 1134]
Event: 10.644 Thread 0x00000153b9e34bd0 Exception <a 'java/lang/NoSuchMethodError'{0x0000000088935cf0}: 'long java.lang.invoke.DirectMethodHandle$Holder.invokeVirtual(java.lang.Object, java.lang.Object)'> (0x0000000088935cf0) 
thrown [s\src\hotspot\share\interpreter\linkResolver.cpp, line 771]
Event: 10.647 Thread 0x00000153b9e34bd0 Exception <a 'java/io/FileNotFoundException'{0x0000000088966478}> (0x0000000088966478) 
thrown [s\src\hotspot\share\prims\jni.cpp, line 531]
Event: 10.690 Thread 0x00000153b9e34bd0 Exception <a 'java/lang/reflect/InvocationTargetException'{0x00000000885e2758}> (0x00000000885e2758) 
thrown [s\src\hotspot\share\runtime\reflection.cpp, line 1134]
Event: 10.691 Thread 0x00000153b9e34bd0 Exception <a 'java/lang/reflect/InvocationTargetException'{0x00000000885f2f60}> (0x00000000885f2f60) 
thrown [s\src\hotspot\share\runtime\reflection.cpp, line 1134]
Event: 10.710 Thread 0x00000153b9e34bd0 Exception <a 'java/lang/reflect/InvocationTargetException'{0x0000000088248a70}> (0x0000000088248a70) 
thrown [s\src\hotspot\share\runtime\reflection.cpp, line 1134]
Event: 10.715 Thread 0x00000153b9e34bd0 Exception <a 'java/lang/reflect/InvocationTargetException'{0x000000008826a050}> (0x000000008826a050) 
thrown [s\src\hotspot\share\runtime\reflection.cpp, line 1134]
Event: 10.716 Thread 0x00000153b9e34bd0 Exception <a 'java/lang/reflect/InvocationTargetException'{0x0000000088279f28}> (0x0000000088279f28) 
thrown [s\src\hotspot\share\runtime\reflection.cpp, line 1134]
Event: 10.716 Thread 0x00000153b9e34bd0 Exception <a 'java/lang/reflect/InvocationTargetException'{0x0000000088284d40}> (0x0000000088284d40) 
thrown [s\src\hotspot\share\runtime\reflection.cpp, line 1134]
Event: 10.718 Thread 0x00000153b9e34bd0 Exception <a 'java/lang/reflect/InvocationTargetException'{0x0000000088296f30}> (0x0000000088296f30) 
thrown [s\src\hotspot\share\runtime\reflection.cpp, line 1134]
Event: 11.145 Thread 0x00000153b9e34bd0 Exception <a 'sun/nio/fs/WindowsException'{0x000000008aa21210}> (0x000000008aa21210) 
thrown [s\src\hotspot\share\prims\jni.cpp, line 531]

VM Operations (20 events):
Event: 10.513 Executing VM operation: HandshakeAllThreads done
Event: 10.616 Executing VM operation: HandshakeAllThreads
Event: 10.616 Executing VM operation: HandshakeAllThreads done
Event: 10.617 Executing VM operation: HandshakeAllThreads
Event: 10.617 Executing VM operation: HandshakeAllThreads done
Event: 10.650 Executing VM operation: HandshakeAllThreads
Event: 10.650 Executing VM operation: HandshakeAllThreads done
Event: 10.810 Executing VM operation: G1CollectForAllocation
Event: 10.816 Executing VM operation: G1CollectForAllocation done
Event: 10.928 Executing VM operation: G1CollectForAllocation
Event: 10.947 Executing VM operation: G1CollectForAllocation done
Event: 11.081 Executing VM operation: G1CollectForAllocation
Event: 11.104 Executing VM operation: G1CollectForAllocation done
Event: 11.144 Executing VM operation: HandshakeAllThreads
Event: 11.144 Executing VM operation: HandshakeAllThreads done
Event: 11.146 Executing VM operation: HandshakeAllThreads
Event: 11.146 Executing VM operation: HandshakeAllThreads done
Event: 11.150 Executing VM operation: HandshakeAllThreads
Event: 11.150 Executing VM operation: HandshakeAllThreads done
Event: 11.454 Executing VM operation: G1CollectForAllocation

Memory protections (0 events):
No events

Nmethod flushes (0 events):
No events

Events (20 events):
Event: 8.284 Thread 0x00000153b9a49ac0 Thread added: 0x00000153b9c82400
Event: 8.287 Thread 0x00000153b9c82400 Thread exited: 0x00000153b9c82400
Event: 8.790 Thread 0x00000153b9a49ac0 Thread added: 0x00000153b9c82e20
Event: 8.794 Thread 0x00000153b9c82e20 Thread exited: 0x00000153b9c82e20
Event: 9.295 Thread 0x00000153b9a49ac0 Thread added: 0x00000153b9c819e0
Event: 9.298 Thread 0x00000153b9c819e0 Thread exited: 0x00000153b9c819e0
Event: 9.800 Thread 0x00000153b9a49ac0 Thread added: 0x00000153b9c805a0
Event: 9.803 Thread 0x00000153b9c805a0 Thread exited: 0x00000153b9c805a0
Event: 10.188 Thread 0x00000153b9e341b0 Thread exited: 0x00000153b9e341b0
Event: 10.305 Thread 0x00000153b9a49ac0 Thread added: 0x00000153b9c7ec50
Event: 10.309 Thread 0x00000153b9c7ec50 Thread exited: 0x00000153b9c7ec50
Event: 10.656 Thread 0x00000153b9e34bd0 Thread added: 0x00000153b9c7ec50
Event: 10.657 Thread 0x00000153b9c7ec50 Thread added: 0x00000153b9c80090
Event: 10.660 Thread 0x00000153b9e34bd0 Thread added: 0x00000153b9c805a0
Event: 10.816 Thread 0x00000153b9a49ac0 Thread added: 0x00000153b9c819e0
Event: 10.819 Thread 0x00000153b9c819e0 Thread exited: 0x00000153b9c819e0
Event: 11.388 Thread 0x00000153b903ffb0 Thread added: 0x00000153b9c81ef0
Event: 11.389 Thread 0x00000153b9c81ef0 Thread added: 0x00000153b9c82400
Event: 11.389 Thread 0x00000153b9c81ef0 Thread added: 0x00000153b9c84260
Event: 11.390 Thread 0x00000153b9c84260 Thread exited: 0x00000153b9c84260


Dynamic libraries:
0x00007ff67c8f0000 - 0x00007ff67c8fa000 	C:\Users\LENOVO\.jdks\jbr-17.0.14-1\bin\java.exe
0x00007fffd5450000 - 0x00007fffd5645000 	C:\Windows\SYSTEM32\ntdll.dll
0x00007fffd5270000 - 0x00007fffd532e000 	C:\Windows\System32\KERNEL32.DLL
0x00007fffd2b60000 - 0x00007fffd2e28000 	C:\Windows\System32\KERNELBASE.dll
0x00007fffd3390000 - 0x00007fffd3490000 	C:\Windows\System32\ucrtbase.dll
0x00007fffce640000 - 0x00007fffce657000 	C:\Users\LENOVO\.jdks\jbr-17.0.14-1\bin\jli.dll
0x00007fffc6c90000 - 0x00007fffc6cab000 	C:\Users\LENOVO\.jdks\jbr-17.0.14-1\bin\VCRUNTIME140.dll
0x00007fffd3600000 - 0x00007fffd37a1000 	C:\Windows\System32\USER32.dll
0x00007fffd2ff0000 - 0x00007fffd3012000 	C:\Windows\System32\win32u.dll
0x00007fffc00b0000 - 0x00007fffc034a000 	C:\Windows\WinSxS\amd64_microsoft.windows.common-controls_6595b64144ccf1df_6.0.19041.1110_none_60b5254171f9507e\COMCTL32.dll
0x00007fffd3570000 - 0x00007fffd359b000 	C:\Windows\System32\GDI32.dll
0x00007fffd2e30000 - 0x00007fffd2f3d000 	C:\Windows\System32\gdi32full.dll
0x00007fffd3d00000 - 0x00007fffd3d9e000 	C:\Windows\System32\msvcrt.dll
0x00007fffd3020000 - 0x00007fffd30bd000 	C:\Windows\System32\msvcp_win.dll
0x00007fffd45e0000 - 0x00007fffd4610000 	C:\Windows\System32\IMM32.DLL
0x00007fffce630000 - 0x00007fffce63c000 	C:\Users\LENOVO\.jdks\jbr-17.0.14-1\bin\vcruntime140_1.dll
0x00007fff9e4a0000 - 0x00007fff9e52d000 	C:\Users\LENOVO\.jdks\jbr-17.0.14-1\bin\msvcp140.dll
0x00007fff67670000 - 0x00007fff682fe000 	C:\Users\LENOVO\.jdks\jbr-17.0.14-1\bin\server\jvm.dll
0x00007fffd4440000 - 0x00007fffd44ec000 	C:\Windows\System32\ADVAPI32.dll
0x00007fffd4d60000 - 0x00007fffd4dfb000 	C:\Windows\System32\sechost.dll
0x00007fffd37e0000 - 0x00007fffd390a000 	C:\Windows\System32\RPCRT4.dll
0x00007fffd3da0000 - 0x00007fffd3e0b000 	C:\Windows\System32\WS2_32.dll
0x00007fffd2120000 - 0x00007fffd216b000 	C:\Windows\SYSTEM32\POWRPROF.dll
0x00007fffc68b0000 - 0x00007fffc68d7000 	C:\Windows\SYSTEM32\WINMM.dll
0x00007fffcc660000 - 0x00007fffcc66a000 	C:\Windows\SYSTEM32\VERSION.dll
0x00007fffd1f90000 - 0x00007fffd1fa2000 	C:\Windows\SYSTEM32\UMPDC.dll
0x00007fffd0a50000 - 0x00007fffd0a62000 	C:\Windows\SYSTEM32\kernel.appcore.dll
0x00007fffcab20000 - 0x00007fffcab2a000 	C:\Users\LENOVO\.jdks\jbr-17.0.14-1\bin\jimage.dll
0x00007fffc9b30000 - 0x00007fffc9d14000 	C:\Windows\SYSTEM32\DBGHELP.DLL
0x00007fffca600000 - 0x00007fffca62c000 	C:\Windows\SYSTEM32\dbgcore.DLL
0x00007fffd32d0000 - 0x00007fffd3352000 	C:\Windows\System32\bcryptPrimitives.dll
0x00007fffbf690000 - 0x00007fffbf69e000 	C:\Users\LENOVO\.jdks\jbr-17.0.14-1\bin\instrument.dll
0x00007fffbfea0000 - 0x00007fffbfec5000 	C:\Users\LENOVO\.jdks\jbr-17.0.14-1\bin\java.dll
0x00007fff9e3c0000 - 0x00007fff9e497000 	C:\Users\LENOVO\.jdks\jbr-17.0.14-1\bin\jsvml.dll
0x00007fffd4610000 - 0x00007fffd4d54000 	C:\Windows\System32\SHELL32.dll
0x00007fffd0c50000 - 0x00007fffd13e4000 	C:\Windows\SYSTEM32\windows.storage.dll
0x00007fffd4e60000 - 0x00007fffd51b5000 	C:\Windows\System32\combase.dll
0x00007fffd25b0000 - 0x00007fffd25de000 	C:\Windows\SYSTEM32\Wldp.dll
0x00007fffd51c0000 - 0x00007fffd526d000 	C:\Windows\System32\SHCORE.dll
0x00007fffd4580000 - 0x00007fffd45d5000 	C:\Windows\System32\shlwapi.dll
0x00007fffd2aa0000 - 0x00007fffd2abf000 	C:\Windows\SYSTEM32\profapi.dll
0x00007fffbfba0000 - 0x00007fffbfbb8000 	C:\Users\LENOVO\.jdks\jbr-17.0.14-1\bin\zip.dll
0x00007fffbf760000 - 0x00007fffbf779000 	C:\Users\LENOVO\.jdks\jbr-17.0.14-1\bin\net.dll
0x00007fffc70a0000 - 0x00007fffc71ac000 	C:\Windows\SYSTEM32\WINHTTP.dll
0x00007fffd2310000 - 0x00007fffd237a000 	C:\Windows\system32\mswsock.dll
0x00007fffbf740000 - 0x00007fffbf756000 	C:\Users\LENOVO\.jdks\jbr-17.0.14-1\bin\nio.dll
0x00007fffbeb60000 - 0x00007fffbeb7a000 	C:\Program Files\JetBrains\IntelliJ IDEA 2024.3.2.1\bin\breakgen64.dll
0x00007fffd1ff0000 - 0x00007fffd20bb000 	C:\Windows\SYSTEM32\DNSAPI.dll
0x00007fffd1fb0000 - 0x00007fffd1feb000 	C:\Windows\SYSTEM32\IPHLPAPI.DLL
0x00007fffd37c0000 - 0x00007fffd37c8000 	C:\Windows\System32\NSI.dll
0x00007fffc4a70000 - 0x00007fffc4a7a000 	C:\Windows\System32\rasadhlp.dll
0x00007fffc50b0000 - 0x00007fffc512f000 	C:\Windows\System32\fwpuclnt.dll
0x00007fffd3360000 - 0x00007fffd3387000 	C:\Windows\System32\bcrypt.dll
0x00007fffb8900000 - 0x00007fffb8909000 	C:\Users\LENOVO\.jdks\jbr-17.0.14-1\bin\extnet.dll
0x00007fffb7770000 - 0x00007fffb7779000 	C:\Users\LENOVO\.jdks\jbr-17.0.14-1\bin\management.dll
0x00007fffb7760000 - 0x00007fffb776b000 	C:\Users\LENOVO\.jdks\jbr-17.0.14-1\bin\management_ext.dll
0x00007fffd37b0000 - 0x00007fffd37b8000 	C:\Windows\System32\PSAPI.DLL
0x00007fffd2500000 - 0x00007fffd2518000 	C:\Windows\SYSTEM32\CRYPTSP.dll
0x00007fffd1c20000 - 0x00007fffd1c54000 	C:\Windows\system32\rsaenh.dll
0x00007fffd2a60000 - 0x00007fffd2a8e000 	C:\Windows\SYSTEM32\USERENV.dll
0x00007fffd2520000 - 0x00007fffd252c000 	C:\Windows\SYSTEM32\CRYPTBASE.dll
0x00007fffcb900000 - 0x00007fffcb917000 	C:\Windows\SYSTEM32\dhcpcsvc6.DLL
0x00007fffcb870000 - 0x00007fffcb88d000 	C:\Windows\SYSTEM32\dhcpcsvc.DLL
0x00007fffae4a0000 - 0x00007fffae4b7000 	C:\Windows\system32\napinsp.dll
0x00007fffae480000 - 0x00007fffae49b000 	C:\Windows\system32\pnrpnsp.dll
0x00007fffcc5d0000 - 0x00007fffcc5e5000 	C:\Windows\system32\wshbth.dll
0x00007fffce530000 - 0x00007fffce54d000 	C:\Windows\system32\NLAapi.dll
0x00007fffae460000 - 0x00007fffae472000 	C:\Windows\System32\winrnr.dll
0x00007fffb9b80000 - 0x00007fffb9bc9000 	C:\Windows\SYSTEM32\pdh.dll
0x00007fffb43f0000 - 0x00007fffb43ff000 	C:\Windows\System32\perfproc.dll
0x00007fffb3dc0000 - 0x00007fffb3dcf000 	C:\Windows\System32\perfos.dll
0x00007fffbf670000 - 0x00007fffbf67e000 	C:\Users\LENOVO\.jdks\jbr-17.0.14-1\bin\sunmscapi.dll
0x00007fffd30c0000 - 0x00007fffd3216000 	C:\Windows\System32\CRYPT32.dll
0x00007fffd2620000 - 0x00007fffd2647000 	C:\Windows\SYSTEM32\ncrypt.dll
0x00007fffd25e0000 - 0x00007fffd261b000 	C:\Windows\SYSTEM32\NTASN1.dll
0x00007fffb71b0000 - 0x00007fffb71c0000 	C:\Users\LENOVO\.jdks\jbr-17.0.14-1\bin\verify.dll

dbghelp: loaded successfully - version: 4.0.5 - missing functions: none
symbol engine: initialized successfully - sym options: 0x614 - pdb path: .;C:\Users\LENOVO\.jdks\jbr-17.0.14-1\bin;C:\Windows\SYSTEM32;C:\Windows\WinSxS\amd64_microsoft.windows.common-controls_6595b64144ccf1df_6.0.19041.1110_none_60b5254171f9507e;C:\Users\LENOVO\.jdks\jbr-17.0.14-1\bin\server;C:\Program Files\JetBrains\IntelliJ IDEA 2024.3.2.1\bin

VM Arguments:
jvm_args: -XX:TieredStopAtLevel=1 -Dspring.output.ansi.enabled=always -Dcom.sun.management.jmxremote -Dspring.jmx.enabled=true -Dspring.liveBeansView.mbeanDomain -Dspring.application.admin.enabled=true -Dmanagement.endpoints.jmx.exposure.include=* -javaagent:C:\Program Files\JetBrains\IntelliJ IDEA 2024.3.2.1\lib\idea_rt.jar=62847:C:\Program Files\JetBrains\IntelliJ IDEA 2024.3.2.1\bin -Dfile.encoding=UTF-8 
java_command: tn.esprit.projetintegre.ProjetIntegreApplication
java_class_path (initial): C:\Users\LENOVO\OneDrive - ESPRIT\Bureau\integrationback\backConnect\target\classes;C:\Users\LENOVO\.m2\repository\org\springframework\boot\spring-boot-starter-web\3.2.5\spring-boot-starter-web-3.2.5.jar;C:\Users\LENOVO\.m2\repository\org\springframework\boot\spring-boot-starter\3.2.5\spring-boot-starter-3.2.5.jar;C:\Users\LENOVO\.m2\repository\org\springframework\boot\spring-boot-starter-logging\3.2.5\spring-boot-starter-logging-3.2.5.jar;C:\Users\LENOVO\.m2\repository\ch\qos\logback\logback-classic\1.4.14\logback-classic-1.4.14.jar;C:\Users\LENOVO\.m2\repository\ch\qos\logback\logback-core\1.4.14\logback-core-1.4.14.jar;C:\Users\LENOVO\.m2\repository\org\apache\logging\log4j\log4j-to-slf4j\2.21.1\log4j-to-slf4j-2.21.1.jar;C:\Users\LENOVO\.m2\repository\org\apache\logging\log4j\log4j-api\2.21.1\log4j-api-2.21.1.jar;C:\Users\LENOVO\.m2\repository\org\slf4j\jul-to-slf4j\2.0.13\jul-to-slf4j-2.0.13.jar;C:\Users\LENOVO\.m2\repository\jakarta\annotation\jakarta.annotation-api\2.1.1\jakarta.annotation-api-2.1.1.jar;C:\Users\LENOVO\.m2\repository\org\yaml\snakeyaml\2.2\snakeyaml-2.2.jar;C:\Users\LENOVO\.m2\repository\org\springframework\boot\spring-boot-starter-json\3.2.5\spring-boot-starter-json-3.2.5.jar;C:\Users\LENOVO\.m2\repository\com\fasterxml\jackson\datatype\jackson-datatype-jdk8\2.15.4\jackson-datatype-jdk8-2.15.4.jar;C:\Users\LENOVO\.m2\repository\com\fasterxml\jackson\datatype\jackson-datatype-jsr310\2.15.4\jackson-datatype-jsr310-2.15.4.jar;C:\Users\LENOVO\.m2\repository\com\fasterxml\jackson\module\jackson-module-parameter-names\2.15.4\jackson-module-parameter-names-2.15.4.jar;C:\Users\LENOVO\.m2\repository\org\springframework\boot\spring-boot-starter-tomcat\3.2.5\spring-boot-starter-tomcat-3.2.5.jar;C:\Users\LENOVO\.m2\repository\org\apache\tomcat\embed\tomcat-embed-core\10.1.20\tomcat-embed-core-10.1.20.jar;C:\Users\LENOVO\.m2\repository\org\apache\tomcat\embed\tomcat-embed-websocket\10.1.20\tomcat-embed-websocket-10.1.20.jar;C:
Launcher Type: SUN_STANDARD

[Global flags]
     intx CICompilerCount                          = 4                                         {product} {ergonomic}
     uint ConcGCThreads                            = 2                                         {product} {ergonomic}
     uint G1ConcRefinementThreads                  = 8                                         {product} {ergonomic}
   size_t G1HeapRegionSize                         = 1048576                                   {product} {ergonomic}
    uintx GCDrainStackTargetSize                   = 64                                        {product} {ergonomic}
   size_t InitialHeapSize                          = 132120576                                 {product} {ergonomic}
     bool ManagementServer                         = true                                      {product} {command line}
   size_t MarkStackSize                            = 4194304                                   {product} {ergonomic}
   size_t MaxHeapSize                              = 2113929216                                {product} {ergonomic}
   size_t MaxNewSize                               = 1267728384                                {product} {ergonomic}
   size_t MinHeapDeltaBytes                        = 1048576                                   {product} {ergonomic}
   size_t MinHeapSize                              = 8388608                                   {product} {ergonomic}
    uintx NonProfiledCodeHeapSize                  = 0                                      {pd product} {ergonomic}
     bool ProfileInterpreter                       = false                                  {pd product} {command line}
    uintx ProfiledCodeHeapSize                     = 0                                      {pd product} {ergonomic}
   size_t SoftMaxHeapSize                          = 2113929216                             {manageable} {ergonomic}
     intx TieredStopAtLevel                        = 1                                         {product} {command line}
     bool UseCompressedClassPointers               = true                           {product lp64_product} {ergonomic}
     bool UseCompressedOops                        = true                           {product lp64_product} {ergonomic}
     bool UseG1GC                                  = true                                      {product} {ergonomic}
     bool UseLargePagesIndividualAllocation        = false                                  {pd product} {ergonomic}

Logging:
Log output configuration:
 #0: stdout all=warning uptime,level,tags
 #1: stderr all=off uptime,level,tags

Environment Variables:
JAVA_HOME=C:\Program Files\Java\jdk-25
PATH=C:\Program Files\Java\jdk-25\bin;C:\Program Files\Common Files\Oracle\Java\javapath;C:\oraclexe\app\oracle\product\11.2.0\server\bin;C:\Program Files (x86)\VMware\VMware Workstation\bin\;C:\Windows\system32;C:\Windows;C:\Windows\System32\Wbem;C:\Windows\System32\WindowsPowerShell\v1.0\;C:\Windows\System32\OpenSSH\;C:\Program Files\Git\cmd;C:\ProgramData\ComposerSetup\bin;C:\Program Files\nodejs\;C:\Program Files\Vagrant\bin;C:\Users\LENOVO\Downloads\apache-maven-3.9.12-bin\bin;C:\Users\LENOVO\AppData\Local\Programs\Python\Python314\Scripts\;C:\Users\LENOVO\AppData\Local\Programs\Python\Python314\;C:\Users\LENOVO\AppData\Local\Programs\Python\Launcher\;C:\Users\LENOVO\scoop\shims;C:\Users\LENOVO\AppData\Local\Microsoft\WindowsApps;C:\Users\LENOVO\AppData\Local\Programs\Microsoft VS Code\bin;C:\xampp\php;C:\Users\LENOVO\AppData\Roaming\Composer\vendor\bin;C:\Users\LENOVO\AppData\Roaming\npm;C:\Users\LENOVO\AppData\Local\Programs\Antigravity\bin
USERNAME=LENOVO
OS=Windows_NT
PROCESSOR_IDENTIFIER=Intel64 Family 6 Model 142 Stepping 10, GenuineIntel
TMP=C:\PROGRA~1\KMSpico\temp
TEMP=C:\PROGRA~1\KMSpico\temp



Periodic native trim disabled

JNI global refs:
JNI global refs: 18, weak refs: 0

JNI global refs memory usage: 843, weak refs: 841

Process memory usage:
Resident Set Size: 354416K (4% of 8251700K total physical memory with 912476K free physical memory)

OOME stack traces (most recent first):
Classloader memory used:
Loader jdk.internal.loader.ClassLoaders$AppClassLoader                                 : 7351K
Loader bootstrap                                                                       : 1171K
Loader org.springframework.boot.devtools.restart.classloader.RestartClassLoader        : 775K
Loader jdk.internal.reflect.DelegatingClassLoader                                      : 72190B
Loader jdk.internal.loader.ClassLoaders$PlatformClassLoader                            : 68487B
Loader sun.reflect.misc.MethodUtil                                                     : 373B
Loader net.bytebuddy.utility.dispatcher.JavaDispatcher$DynamicClassLoader              : 231B

Classes loaded by more than one classloader:
Class tn.esprit.projetintegre.ProjetIntegreApplication                                : loaded 2 times (x 69B)


---------------  S Y S T E M  ---------------

OS:
 Windows 10 , 64 bit Build 19041 (10.0.19041.1348)
OS uptime: 0 days 1:15 hours

CPU: total 8 (initial active 8) (4 cores per cpu, 2 threads per core) family 6 model 142 stepping 10 microcode 0xb4, cx8, cmov, fxsr, ht, mmx, 3dnowpref, sse, sse2, sse3, ssse3, sse4.1, sse4.2, popcnt, lzcnt, tsc, tscinvbit, avx, avx2, aes, erms, clmul, bmi1, bmi2, adx, fma, vzeroupper, clflush, clflushopt
Processor Information for all 8 processors :
  Max Mhz: 1801, Current Mhz: 1801, Mhz Limit: 1801

Memory: 4k page, system-wide physical 8058M (891M free)
TotalPageFile size 12495M (AvailPageFile size 88M)
current process WorkingSet (physical memory assigned to process): 346M, peak: 346M
current process commit charge ("private bytes"): 386M, peak: 507M

vm_info: OpenJDK 64-Bit Server VM (17.0.14+1-b1367.22) for windows-amd64 JRE (17.0.14+1-b1367.22), built on 2025-01-30 by "builduser" with MS VC++ 16.10 / 16.11 (VS2019)

END.
