#
# There is insufficient memory for the Java Runtime Environment to continue.
# Native memory allocation (malloc) failed to allocate 1048576 bytes. Error detail: AllocateHeap
# Possible reasons:
#   The system is out of physical RAM or swap space
#   This process is running with CompressedOops enabled, and the Java Heap may be blocking the growth of the native heap
# Possible solutions:
#   Reduce memory load on the system
#   Increase physical memory or swap space
#   Check if swap backing store is full
#   Decrease Java heap size (-Xmx/-Xms)
#   Decrease number of Java threads
#   Decrease Java thread stack sizes (-Xss)
#   Set larger code cache with -XX:ReservedCodeCacheSize=
#   JVM is running with Unscaled Compressed Oops mode in which the Java heap is
#     placed in the first 4GB address space. The Java Heap base address is the
#     maximum limit for the native heap growth. Please use -XX:HeapBaseMinAddress
#     to set the Java Heap base and to place the Java Heap above 4GB virtual address.
# This output file may be truncated or incomplete.
#
#  Out of Memory Error (allocation.cpp:44), pid=9384, tid=9348
#
# JRE version: OpenJDK Runtime Environment Temurin-21.0.10+7 (21.0.10+7) (build 21.0.10+7-LTS)
# Java VM: OpenJDK 64-Bit Server VM Temurin-21.0.10+7 (21.0.10+7-LTS, mixed mode, sharing, tiered, compressed oops, compressed class ptrs, parallel gc, windows-amd64)
# No core dump will be written. Minidumps are not enabled by default on client versions of Windows
#

---------------  S U M M A R Y ------------

Command Line: --add-modules=ALL-SYSTEM --add-opens=java.base/java.util=ALL-UNNAMED --add-opens=java.base/java.lang=ALL-UNNAMED --add-opens=java.base/sun.nio.fs=ALL-UNNAMED -Declipse.application=org.eclipse.jdt.ls.core.id1 -Dosgi.bundles.defaultStartLevel=4 -Declipse.product=org.eclipse.jdt.ls.core.product -Djava.import.generatesMetadataFilesAtProjectRoot=false -DDetectVMInstallationsJob.disabled=true -Dfile.encoding=utf8 -XX:+UseParallelGC -XX:GCTimeRatio=4 -XX:AdaptiveSizePolicyWeight=90 -Dsun.zip.disableMemoryMapping=true -Xmx2G -Xms100m -Xlog:disable -javaagent:c:\Users\LENOVO\.antigravity\extensions\redhat.java-1.53.0-win32-x64\lombok\lombok-1.18.39-4050.jar -XX:+HeapDumpOnOutOfMemoryError -XX:HeapDumpPath=c:\Users\LENOVO\AppData\Roaming\Antigravity\User\workspaceStorage\5095996a89609635f6bad224ed7bf7e0\redhat.java -Daether.dependencyCollector.impl=bf c:\Users\LENOVO\.antigravity\extensions\redhat.java-1.53.0-win32-x64\server\plugins\org.eclipse.equinox.launcher_1.7.100.v20251111-0406.jar -configuration c:\Users\LENOVO\AppData\Roaming\Antigravity\User\globalStorage\redhat.java\1.53.0\config_win -data c:\Users\LENOVO\AppData\Roaming\Antigravity\User\workspaceStorage\5095996a89609635f6bad224ed7bf7e0\redhat.java\jdt_ws --pipe=\\.\pipe\lsp-75629be50eed98a69465ad5f4d2bd66d-sock

Host: Intel(R) Core(TM) i5-8250U CPU @ 1.60GHz, 8 cores, 7G,  Windows 10 , 64 bit Build 19041 (10.0.19041.1348)
Time: Sat Feb 28 01:56:13 2026 Paris, Madrid elapsed time: 22920.808583 seconds (0d 6h 22m 0s)

---------------  T H R E A D  ---------------

Current thread (0x0000018e982ac340):  JavaThread "Attach Listener" daemon [_thread_in_vm, id=9348, stack(0x0000008d09f00000,0x0000008d0a000000) (1024K)]

Stack: [0x0000008d09f00000,0x0000008d0a000000]
Native frames: (J=compiled Java code, j=interpreted, Vv=VM code, C=native code)
V  [jvm.dll+0x6d7a39]
V  [jvm.dll+0x8b4b26]
V  [jvm.dll+0x8b70de]
V  [jvm.dll+0x8b77c3]
V  [jvm.dll+0x284346]
V  [jvm.dll+0xc1277]
V  [jvm.dll+0x6d82e9]
V  [jvm.dll+0x1334a6]
V  [jvm.dll+0x3f857e]
V  [jvm.dll+0x85f59d]
V  [jvm.dll+0x6d626d]
C  [ucrtbase.dll+0x21bb2]
C  [KERNEL32.DLL+0x17034]
C  [ntdll.dll+0x52651]


---------------  P R O C E S S  ---------------

Threads class SMR info:
_java_thread_list=0x0000018ee2b27750, length=35, elements={
0x0000018effdf58f0, 0x0000018e982a3ee0, 0x0000018e982a5aa0, 0x0000018e982a97d0,
0x0000018e982ac340, 0x0000018e982acda0, 0x0000018e982ad800, 0x0000018e982af8e0,
0x0000018e982cdee0, 0x0000018edf1b0fe0, 0x0000018edf2ed330, 0x0000018edf8e4200,
0x0000018edf66c5f0, 0x0000018edfc6eb00, 0x0000018edfc6f950, 0x0000018ee0043930,
0x0000018edf375370, 0x0000018edf23bc40, 0x0000018edf3f0500, 0x0000018edf3f2c60,
0x0000018edf3f18b0, 0x0000018ee17a17c0, 0x0000018ee179f6f0, 0x0000018ee179fd80,
0x0000018ee17a0410, 0x0000018ee17a1e50, 0x0000018ee17a0aa0, 0x0000018ee17a1130,
0x0000018ee17a24e0, 0x0000018ee179f060, 0x0000018ee299e930, 0x0000018ee299e2a0,
0x0000018ee29a0a00, 0x0000018ee2140dc0, 0x0000018ee2142e90
}

Java Threads: ( => current thread )
  0x0000018effdf58f0 JavaThread "main"                              [_thread_blocked, id=6484, stack(0x0000008d09800000,0x0000008d09900000) (1024K)]
  0x0000018e982a3ee0 JavaThread "Reference Handler"          daemon [_thread_blocked, id=9316, stack(0x0000008d09c00000,0x0000008d09d00000) (1024K)]
  0x0000018e982a5aa0 JavaThread "Finalizer"                  daemon [_thread_blocked, id=1684, stack(0x0000008d09d00000,0x0000008d09e00000) (1024K)]
  0x0000018e982a97d0 JavaThread "Signal Dispatcher"          daemon [_thread_blocked, id=9860, stack(0x0000008d09e00000,0x0000008d09f00000) (1024K)]
=>0x0000018e982ac340 JavaThread "Attach Listener"            daemon [_thread_in_vm, id=9348, stack(0x0000008d09f00000,0x0000008d0a000000) (1024K)]
  0x0000018e982acda0 JavaThread "Service Thread"             daemon [_thread_blocked, id=12760, stack(0x0000008d0a000000,0x0000008d0a100000) (1024K)]
  0x0000018e982ad800 JavaThread "Monitor Deflation Thread"   daemon [_thread_blocked, id=7240, stack(0x0000008d0a100000,0x0000008d0a200000) (1024K)]
  0x0000018e982af8e0 JavaThread "C2 CompilerThread0"         daemon [_thread_blocked, id=3584, stack(0x0000008d0a200000,0x0000008d0a300000) (1024K)]
  0x0000018e982cdee0 JavaThread "C1 CompilerThread0"         daemon [_thread_blocked, id=11852, stack(0x0000008d0a300000,0x0000008d0a400000) (1024K)]
  0x0000018edf1b0fe0 JavaThread "Common-Cleaner"             daemon [_thread_blocked, id=13920, stack(0x0000008d0a400000,0x0000008d0a500000) (1024K)]
  0x0000018edf2ed330 JavaThread "Notification Thread"        daemon [_thread_blocked, id=4108, stack(0x0000008d0a500000,0x0000008d0a600000) (1024K)]
  0x0000018edf8e4200 JavaThread "Active Thread: Equinox Container: be13cbf7-498d-4ae7-9add-43be2bfb0c86"        [_thread_blocked, id=996, stack(0x0000008d0ac00000,0x0000008d0ad00000) (1024K)]
  0x0000018edf66c5f0 JavaThread "Refresh Thread: Equinox Container: be13cbf7-498d-4ae7-9add-43be2bfb0c86" daemon [_thread_blocked, id=10728, stack(0x0000008d0af00000,0x0000008d0b000000) (1024K)]
  0x0000018edfc6eb00 JavaThread "Framework Event Dispatcher: Equinox Container: be13cbf7-498d-4ae7-9add-43be2bfb0c86" daemon [_thread_blocked, id=11432, stack(0x0000008d0ad00000,0x0000008d0ae00000) (1024K)]
  0x0000018edfc6f950 JavaThread "Start Level: Equinox Container: be13cbf7-498d-4ae7-9add-43be2bfb0c86" daemon [_thread_blocked, id=6900, stack(0x0000008d0b000000,0x0000008d0b100000) (1024K)]
  0x0000018ee0043930 JavaThread "Bundle File Closer"         daemon [_thread_blocked, id=3788, stack(0x0000008d0b100000,0x0000008d0b200000) (1024K)]
  0x0000018edf375370 JavaThread "SCR Component Actor"        daemon [_thread_blocked, id=2980, stack(0x0000008d0b200000,0x0000008d0b300000) (1024K)]
  0x0000018edf23bc40 JavaThread "Worker-JM"                         [_thread_blocked, id=840, stack(0x0000008d0b300000,0x0000008d0b400000) (1024K)]
  0x0000018edf3f0500 JavaThread "JNA Cleaner"                daemon [_thread_blocked, id=5360, stack(0x0000008d0b400000,0x0000008d0b500000) (1024K)]
  0x0000018edf3f2c60 JavaThread "Java indexing"              daemon [_thread_blocked, id=7076, stack(0x0000008d0b900000,0x0000008d0ba00000) (1024K)]
  0x0000018edf3f18b0 JavaThread "Thread-1"                   daemon [_thread_in_native, id=2100, stack(0x0000008d0be00000,0x0000008d0bf00000) (1024K)]
  0x0000018ee17a17c0 JavaThread "Thread-2"                   daemon [_thread_in_native, id=10440, stack(0x0000008d0bf00000,0x0000008d0c000000) (1024K)]
  0x0000018ee179f6f0 JavaThread "Thread-3"                   daemon [_thread_in_native, id=11304, stack(0x0000008d0c000000,0x0000008d0c100000) (1024K)]
  0x0000018ee179fd80 JavaThread "Thread-4"                   daemon [_thread_in_native, id=5640, stack(0x0000008d0c100000,0x0000008d0c200000) (1024K)]
  0x0000018ee17a0410 JavaThread "Thread-5"                   daemon [_thread_in_native, id=3012, stack(0x0000008d0c200000,0x0000008d0c300000) (1024K)]
  0x0000018ee17a1e50 JavaThread "Thread-6"                   daemon [_thread_in_native, id=9336, stack(0x0000008d0c300000,0x0000008d0c400000) (1024K)]
  0x0000018ee17a0aa0 JavaThread "Thread-7"                   daemon [_thread_in_native, id=12864, stack(0x0000008d0c400000,0x0000008d0c500000) (1024K)]
  0x0000018ee17a1130 JavaThread "Thread-8"                   daemon [_thread_in_native, id=10888, stack(0x0000008d0c500000,0x0000008d0c600000) (1024K)]
  0x0000018ee17a24e0 JavaThread "Thread-9"                   daemon [_thread_in_native, id=2540, stack(0x0000008d0c600000,0x0000008d0c700000) (1024K)]
  0x0000018ee179f060 JavaThread "pool-2-thread-1"                   [_thread_blocked, id=9880, stack(0x0000008d0c700000,0x0000008d0c800000) (1024K)]
  0x0000018ee299e930 JavaThread "WorkspaceEventsHandler"            [_thread_blocked, id=14344, stack(0x0000008d0c800000,0x0000008d0c900000) (1024K)]
  0x0000018ee299e2a0 JavaThread "pool-1-thread-1"                   [_thread_blocked, id=14348, stack(0x0000008d0c900000,0x0000008d0ca00000) (1024K)]
  0x0000018ee29a0a00 JavaThread "Cleaner-0"                  daemon [_thread_blocked, id=3864, stack(0x0000008d0d100000,0x0000008d0d200000) (1024K)]
  0x0000018ee2140dc0 JavaThread "Worker-40"                         [_thread_blocked, id=9292, stack(0x0000008d0cb00000,0x0000008d0cc00000) (1024K)]
  0x0000018ee2142e90 JavaThread "Worker-43"                         [_thread_blocked, id=7164, stack(0x0000008d0ba00000,0x0000008d0bb00000) (1024K)]
Total: 35

Other Threads:
  0x0000018e9828c030 VMThread "VM Thread"                           [id=8600, stack(0x0000008d09b00000,0x0000008d09c00000) (1024K)]
  0x0000018effebe1e0 WatcherThread "VM Periodic Task Thread"        [id=10672, stack(0x0000008d09a00000,0x0000008d09b00000) (1024K)]
  0x0000018effe148d0 WorkerThread "GC Thread#0"                     [id=2412, stack(0x0000008d09900000,0x0000008d09a00000) (1024K)]
  0x0000018edf5ba3b0 WorkerThread "GC Thread#1"                     [id=13168, stack(0x0000008d0a600000,0x0000008d0a700000) (1024K)]
  0x0000018edf3fbee0 WorkerThread "GC Thread#2"                     [id=4268, stack(0x0000008d0a700000,0x0000008d0a800000) (1024K)]
  0x0000018edf3fc290 WorkerThread "GC Thread#3"                     [id=6480, stack(0x0000008d0a800000,0x0000008d0a900000) (1024K)]
  0x0000018edf3fe650 WorkerThread "GC Thread#4"                     [id=5296, stack(0x0000008d0a900000,0x0000008d0aa00000) (1024K)]
  0x0000018edf3fea00 WorkerThread "GC Thread#5"                     [id=13156, stack(0x0000008d0aa00000,0x0000008d0ab00000) (1024K)]
  0x0000018edf950080 WorkerThread "GC Thread#6"                     [id=11384, stack(0x0000008d0ab00000,0x0000008d0ac00000) (1024K)]
  0x0000018edfc82180 WorkerThread "GC Thread#7"                     [id=7680, stack(0x0000008d0ae00000,0x0000008d0af00000) (1024K)]
Total: 10

Threads with active compile tasks:
Total: 0

VM state: not at safepoint (normal execution)

VM Mutex/Monitor currently owned by a thread: None

Heap address: 0x0000000080000000, size: 2048 MB, Compressed Oops mode: 32-bit

CDS archive(s) mapped at: [0x0000018e99000000-0x0000018e99ba0000-0x0000018e99ba0000), size 12189696, SharedBaseAddress: 0x0000018e99000000, ArchiveRelocationMode: 1.
Compressed class space mapped at: 0x0000018e9a000000-0x0000018eda000000, reserved size: 1073741824
Narrow klass base: 0x0000018e99000000, Narrow klass shift: 0, Narrow klass range: 0x100000000

GC Precious Log:
 CardTable entry size: 512
 CPUs: 8 total, 8 available
 Memory: 8058M
 Large Page Support: Disabled
 NUMA Support: Disabled
 Compressed Oops: Enabled (32-bit)
 Alignments: Space 512K, Generation 512K, Heap 2M
 Heap Min Capacity: 100M
 Heap Initial Capacity: 100M
 Heap Max Capacity: 2G
 Pre-touch: Disabled
 Parallel Workers: 8

Heap:
 PSYoungGen      total 237568K, used 192164K [0x00000000d5580000, 0x00000000e6100000, 0x0000000100000000)
  eden space 212992K, 88% used [0x00000000d5580000,0x00000000e0d022a0,0x00000000e2580000)
  from space 24576K, 17% used [0x00000000e2580000,0x00000000e29a7060,0x00000000e3d80000)
  to   space 11776K, 0% used [0x00000000e5580000,0x00000000e5580000,0x00000000e6100000)
 ParOldGen       total 933376K, used 860746K [0x0000000080000000, 0x00000000b8f80000, 0x00000000d5580000)
  object space 933376K, 92% used [0x0000000080000000,0x00000000b4892bb0,0x00000000b8f80000)
 Metaspace       used 82344K, committed 84032K, reserved 1179648K
  class space    used 7954K, committed 8768K, reserved 1048576K

Card table byte_map: [0x0000018e93640000,0x0000018e93a50000] _byte_map_base: 0x0000018e93240000

Marking Bits: (ParMarkBitMap*) 0x00007ff9039b3450
 Begin Bits: [0x0000018e93d00000, 0x0000018e95d00000)
 End Bits:   [0x0000018e95d00000, 0x0000018e97d00000)

Polling page: 0x0000018eff9e0000

Metaspace:

Usage:
  Non-class:     72.65 MB used.
      Class:      7.77 MB used.
       Both:     80.41 MB used.

Virtual space:
  Non-class space:      128.00 MB reserved,      73.50 MB ( 57%) committed,  2 nodes.
      Class space:        1.00 GB reserved,       8.56 MB ( <1%) committed,  1 nodes.
             Both:        1.12 GB reserved,      82.06 MB (  7%) committed. 

Chunk freelists:
   Non-Class:  6.44 MB
       Class:  7.45 MB
        Both:  13.89 MB

MaxMetaspaceSize: unlimited
CompressedClassSpaceSize: 1.00 GB
Initial GC threshold: 21.00 MB
Current GC threshold: 134.94 MB
CDS: on
 - commit_granule_bytes: 65536.
 - commit_granule_words: 8192.
 - virtual_space_node_default_size: 8388608.
 - enlarge_chunks_in_place: 1.
 - use_allocation_guard: 0.


Internal statistics:

num_allocs_failed_limit: 9.
num_arena_births: 1896.
num_arena_deaths: 572.
num_vsnodes_births: 3.
num_vsnodes_deaths: 0.
num_space_committed: 1313.
num_space_uncommitted: 0.
num_chunks_returned_to_freelist: 697.
num_chunks_taken_from_freelist: 6378.
num_chunk_merges: 213.
num_chunk_splits: 3570.
num_chunks_enlarged: 1834.
num_inconsistent_stats: 0.

CodeHeap 'non-profiled nmethods': size=120000Kb used=28817Kb max_used=28817Kb free=91183Kb
 bounds [0x0000018e8c020000, 0x0000018e8dc50000, 0x0000018e93550000]
CodeHeap 'profiled nmethods': size=120000Kb used=51546Kb max_used=51830Kb free=68453Kb
 bounds [0x0000018e84550000, 0x0000018e877f0000, 0x0000018e8ba80000]
CodeHeap 'non-nmethods': size=5760Kb used=1486Kb max_used=1593Kb free=4273Kb
 bounds [0x0000018e8ba80000, 0x0000018e8bcf0000, 0x0000018e8c020000]
CodeCache: size=245760Kb, used=81849Kb, max_used=82240Kb, free=163909Kb
 total_blobs=21629, nmethods=20828, adapters=703, full_count=0
Compilation: enabled, stopped_count=0, restarted_count=0

Compilation events (20 events):
Event: 22290.329 Thread 0x0000018ee169eb70 nmethod 25513 0x0000018e8dc3db10 code [0x0000018e8dc3dcc0, 0x0000018e8dc3de18]
Event: 22290.335 Thread 0x0000018e982cdee0 25514   !   3       org.eclipse.jdt.internal.core.SortElementsOperation$2::removeGeneratedNodes (63 bytes)
Event: 22290.375 Thread 0x0000018e982af8e0 nmethod 25511 0x0000018e8dc3df90 code [0x0000018e8dc3e280, 0x0000018e8dc3f808]
Event: 22290.375 Thread 0x0000018ee169eb70 25515       4       org.eclipse.jdt.core.dom.StructuralPropertyDescriptor::isChildListProperty (5 bytes)
Event: 22290.376 Thread 0x0000018ee169eb70 nmethod 25515 0x0000018e8dc40190 code [0x0000018e8dc40320, 0x0000018e8dc403c0]
Event: 22290.380 Thread 0x0000018e982cdee0 nmethod 25514 0x0000018e865eef90 code [0x0000018e865ef200, 0x0000018e865efdd8]
Event: 22290.396 Thread 0x0000018e982af8e0 25516       4       org.eclipse.jdt.core.dom.BooleanLiteral::accept0 (12 bytes)
Event: 22290.396 Thread 0x0000018ee169eb70 25517       4       org.eclipse.jdt.core.dom.ASTNode::setProperty (215 bytes)
Event: 22290.396 Thread 0x0000018e982cdee0 25518   !   3       org.eclipse.jdt.core.dom.CastExpression::getExpression (60 bytes)
Event: 22290.396 Thread 0x0000018e982af8e0 nmethod 25516 0x0000018e8dc40490 code [0x0000018e8dc40620, 0x0000018e8dc40700]
Event: 22290.407 Thread 0x0000018e982af8e0 25519   !   4       org.eclipse.jdt.core.dom.IfStatement::getThenStatement (60 bytes)
Event: 22290.408 Thread 0x0000018e982af8e0 nmethod 25519 0x0000018e8dc40810 code [0x0000018e8dc409a0, 0x0000018e8dc40a50]
Event: 22290.408 Thread 0x0000018e982af8e0 25520       4       org.eclipse.jdt.core.dom.IfStatement::accept0 (43 bytes)
Event: 22290.427 Thread 0x0000018ee169eb70 nmethod 25517 0x0000018e8dc40b10 code [0x0000018e8dc40d00, 0x0000018e8dc41180]
Event: 22290.506 Thread 0x0000018e982cdee0 nmethod 25518 0x0000018e865edb10 code [0x0000018e865edd80, 0x0000018e865ee878]
Event: 22290.555 Thread 0x0000018e982af8e0 nmethod 25520 0x0000018e8dc41490 code [0x0000018e8dc41820, 0x0000018e8dc43788]
Event: 22470.546 Thread 0x0000018e982cdee0 25521   !   3       java.lang.Thread::exit (80 bytes)
Event: 22470.595 Thread 0x0000018e982cdee0 nmethod 25521 0x0000018e865ecd10 code [0x0000018e865ecf40, 0x0000018e865ed888]
Event: 22470.595 Thread 0x0000018e982cdee0 25522       3       java.lang.Thread::clearReferences (40 bytes)
Event: 22470.603 Thread 0x0000018e982cdee0 nmethod 25522 0x0000018e865ec890 code [0x0000018e865eca40, 0x0000018e865ecc48]

GC Heap History (20 events):
Event: 21689.177 GC heap before
{Heap before GC invocations=1235 (full 5):
 PSYoungGen      total 91136K, used 91008K [0x00000000d5580000, 0x00000000dc680000, 0x0000000100000000)
  eden space 86016K, 99% used [0x00000000d5580000,0x00000000da97fff8,0x00000000da980000)
  from space 5120K, 97% used [0x00000000dc080000,0x00000000dc560180,0x00000000dc580000)
  to   space 1024K, 0% used [0x00000000dc580000,0x00000000dc580000,0x00000000dc680000)
 ParOldGen       total 933376K, used 776394K [0x0000000080000000, 0x00000000b8f80000, 0x00000000d5580000)
  object space 933376K, 83% used [0x0000000080000000,0x00000000af632bd8,0x00000000b8f80000)
 Metaspace       used 81936K, committed 83584K, reserved 1179648K
  class space    used 7938K, committed 8768K, reserved 1048576K
}
Event: 21689.663 GC heap after
{Heap after GC invocations=1235 (full 5):
 PSYoungGen      total 104448K, used 1008K [0x00000000d5580000, 0x00000000dcf80000, 0x0000000100000000)
  eden space 103424K, 0% used [0x00000000d5580000,0x00000000d5580000,0x00000000dba80000)
  from space 1024K, 98% used [0x00000000dc580000,0x00000000dc67c030,0x00000000dc680000)
  to   space 10752K, 0% used [0x00000000dba80000,0x00000000dba80000,0x00000000dc500000)
 ParOldGen       total 933376K, used 784908K [0x0000000080000000, 0x00000000b8f80000, 0x00000000d5580000)
  object space 933376K, 84% used [0x0000000080000000,0x00000000afe831a0,0x00000000b8f80000)
 Metaspace       used 81936K, committed 83584K, reserved 1179648K
  class space    used 7938K, committed 8768K, reserved 1048576K
}
Event: 21691.249 GC heap before
{Heap before GC invocations=1236 (full 5):
 PSYoungGen      total 104448K, used 104432K [0x00000000d5580000, 0x00000000dcf80000, 0x0000000100000000)
  eden space 103424K, 100% used [0x00000000d5580000,0x00000000dba80000,0x00000000dba80000)
  from space 1024K, 98% used [0x00000000dc580000,0x00000000dc67c030,0x00000000dc680000)
  to   space 10752K, 0% used [0x00000000dba80000,0x00000000dba80000,0x00000000dc500000)
 ParOldGen       total 933376K, used 784908K [0x0000000080000000, 0x00000000b8f80000, 0x00000000d5580000)
  object space 933376K, 84% used [0x0000000080000000,0x00000000afe831a0,0x00000000b8f80000)
 Metaspace       used 81941K, committed 83584K, reserved 1179648K
  class space    used 7939K, committed 8768K, reserved 1048576K
}
Event: 21691.500 GC heap after
{Heap after GC invocations=1236 (full 5):
 PSYoungGen      total 114176K, used 10726K [0x00000000d5580000, 0x00000000dec00000, 0x0000000100000000)
  eden space 103424K, 0% used [0x00000000d5580000,0x00000000d5580000,0x00000000dba80000)
  from space 10752K, 99% used [0x00000000dba80000,0x00000000dc4f9bb8,0x00000000dc500000)
  to   space 14848K, 0% used [0x00000000ddd80000,0x00000000ddd80000,0x00000000dec00000)
 ParOldGen       total 933376K, used 788060K [0x0000000080000000, 0x00000000b8f80000, 0x00000000d5580000)
  object space 933376K, 84% used [0x0000000080000000,0x00000000b0197250,0x00000000b8f80000)
 Metaspace       used 81941K, committed 83584K, reserved 1179648K
  class space    used 7939K, committed 8768K, reserved 1048576K
}
Event: 21691.672 GC heap before
{Heap before GC invocations=1237 (full 5):
 PSYoungGen      total 114176K, used 114150K [0x00000000d5580000, 0x00000000dec00000, 0x0000000100000000)
  eden space 103424K, 100% used [0x00000000d5580000,0x00000000dba80000,0x00000000dba80000)
  from space 10752K, 99% used [0x00000000dba80000,0x00000000dc4f9bb8,0x00000000dc500000)
  to   space 14848K, 0% used [0x00000000ddd80000,0x00000000ddd80000,0x00000000dec00000)
 ParOldGen       total 933376K, used 788060K [0x0000000080000000, 0x00000000b8f80000, 0x00000000d5580000)
  object space 933376K, 84% used [0x0000000080000000,0x00000000b0197250,0x00000000b8f80000)
 Metaspace       used 81944K, committed 83584K, reserved 1179648K
  class space    used 7939K, committed 8768K, reserved 1048576K
}
Event: 21692.441 GC heap after
{Heap after GC invocations=1237 (full 5):
 PSYoungGen      total 126464K, used 1952K [0x00000000d5580000, 0x00000000ddf80000, 0x0000000100000000)
  eden space 124416K, 0% used [0x00000000d5580000,0x00000000d5580000,0x00000000dcf00000)
  from space 2048K, 95% used [0x00000000ddd80000,0x00000000ddf68010,0x00000000ddf80000)
  to   space 6656K, 0% used [0x00000000dd280000,0x00000000dd280000,0x00000000dd900000)
 ParOldGen       total 933376K, used 798799K [0x0000000080000000, 0x00000000b8f80000, 0x00000000d5580000)
  object space 933376K, 85% used [0x0000000080000000,0x00000000b0c13cc8,0x00000000b8f80000)
 Metaspace       used 81944K, committed 83584K, reserved 1179648K
  class space    used 7939K, committed 8768K, reserved 1048576K
}
Event: 21692.678 GC heap before
{Heap before GC invocations=1238 (full 5):
 PSYoungGen      total 126464K, used 126368K [0x00000000d5580000, 0x00000000ddf80000, 0x0000000100000000)
  eden space 124416K, 100% used [0x00000000d5580000,0x00000000dcf00000,0x00000000dcf00000)
  from space 2048K, 95% used [0x00000000ddd80000,0x00000000ddf68010,0x00000000ddf80000)
  to   space 6656K, 0% used [0x00000000dd280000,0x00000000dd280000,0x00000000dd900000)
 ParOldGen       total 933376K, used 798799K [0x0000000080000000, 0x00000000b8f80000, 0x00000000d5580000)
  object space 933376K, 85% used [0x0000000080000000,0x00000000b0c13cc8,0x00000000b8f80000)
 Metaspace       used 81948K, committed 83584K, reserved 1179648K
  class space    used 7939K, committed 8768K, reserved 1048576K
}
Event: 21692.830 GC heap after
{Heap after GC invocations=1238 (full 5):
 PSYoungGen      total 134656K, used 2624K [0x00000000d5580000, 0x00000000dee80000, 0x0000000100000000)
  eden space 128000K, 0% used [0x00000000d5580000,0x00000000d5580000,0x00000000dd280000)
  from space 6656K, 39% used [0x00000000dd280000,0x00000000dd510030,0x00000000dd900000)
  to   space 3584K, 0% used [0x00000000deb00000,0x00000000deb00000,0x00000000dee80000)
 ParOldGen       total 933376K, used 800567K [0x0000000080000000, 0x00000000b8f80000, 0x00000000d5580000)
  object space 933376K, 85% used [0x0000000080000000,0x00000000b0dcdcc8,0x00000000b8f80000)
 Metaspace       used 81948K, committed 83584K, reserved 1179648K
  class space    used 7939K, committed 8768K, reserved 1048576K
}
Event: 21693.066 GC heap before
{Heap before GC invocations=1239 (full 5):
 PSYoungGen      total 134656K, used 130624K [0x00000000d5580000, 0x00000000dee80000, 0x0000000100000000)
  eden space 128000K, 100% used [0x00000000d5580000,0x00000000dd280000,0x00000000dd280000)
  from space 6656K, 39% used [0x00000000dd280000,0x00000000dd510030,0x00000000dd900000)
  to   space 3584K, 0% used [0x00000000deb00000,0x00000000deb00000,0x00000000dee80000)
 ParOldGen       total 933376K, used 800567K [0x0000000080000000, 0x00000000b8f80000, 0x00000000d5580000)
  object space 933376K, 85% used [0x0000000080000000,0x00000000b0dcdcc8,0x00000000b8f80000)
 Metaspace       used 81951K, committed 83648K, reserved 1179648K
  class space    used 7939K, committed 8768K, reserved 1048576K
}
Event: 21693.252 GC heap after
{Heap after GC invocations=1239 (full 5):
 PSYoungGen      total 153088K, used 3008K [0x00000000d5580000, 0x00000000df280000, 0x0000000100000000)
  eden space 149504K, 0% used [0x00000000d5580000,0x00000000d5580000,0x00000000de780000)
  from space 3584K, 83% used [0x00000000deb00000,0x00000000dedf0020,0x00000000dee80000)
  to   space 3584K, 0% used [0x00000000de780000,0x00000000de780000,0x00000000deb00000)
 ParOldGen       total 933376K, used 803019K [0x0000000080000000, 0x00000000b8f80000, 0x00000000d5580000)
  object space 933376K, 86% used [0x0000000080000000,0x00000000b1032c40,0x00000000b8f80000)
 Metaspace       used 81951K, committed 83648K, reserved 1179648K
  class space    used 7939K, committed 8768K, reserved 1048576K
}
Event: 21693.448 GC heap before
{Heap before GC invocations=1240 (full 5):
 PSYoungGen      total 153088K, used 152512K [0x00000000d5580000, 0x00000000df280000, 0x0000000100000000)
  eden space 149504K, 100% used [0x00000000d5580000,0x00000000de780000,0x00000000de780000)
  from space 3584K, 83% used [0x00000000deb00000,0x00000000dedf0020,0x00000000dee80000)
  to   space 3584K, 0% used [0x00000000de780000,0x00000000de780000,0x00000000deb00000)
 ParOldGen       total 933376K, used 803019K [0x0000000080000000, 0x00000000b8f80000, 0x00000000d5580000)
  object space 933376K, 86% used [0x0000000080000000,0x00000000b1032c40,0x00000000b8f80000)
 Metaspace       used 81951K, committed 83648K, reserved 1179648K
  class space    used 7939K, committed 8768K, reserved 1048576K
}
Event: 21693.816 GC heap after
{Heap after GC invocations=1240 (full 5):
 PSYoungGen      total 153088K, used 3552K [0x00000000d5580000, 0x00000000e1400000, 0x0000000100000000)
  eden space 149504K, 0% used [0x00000000d5580000,0x00000000d5580000,0x00000000de780000)
  from space 3584K, 99% used [0x00000000de780000,0x00000000deaf8010,0x00000000deb00000)
  to   space 7680K, 0% used [0x00000000e0c80000,0x00000000e0c80000,0x00000000e1400000)
 ParOldGen       total 933376K, used 806163K [0x0000000080000000, 0x00000000b8f80000, 0x00000000d5580000)
  object space 933376K, 86% used [0x0000000080000000,0x00000000b1344c60,0x00000000b8f80000)
 Metaspace       used 81951K, committed 83648K, reserved 1179648K
  class space    used 7939K, committed 8768K, reserved 1048576K
}
Event: 21696.682 GC heap before
{Heap before GC invocations=1241 (full 5):
 PSYoungGen      total 153088K, used 153056K [0x00000000d5580000, 0x00000000e1400000, 0x0000000100000000)
  eden space 149504K, 100% used [0x00000000d5580000,0x00000000de780000,0x00000000de780000)
  from space 3584K, 99% used [0x00000000de780000,0x00000000deaf8010,0x00000000deb00000)
  to   space 7680K, 0% used [0x00000000e0c80000,0x00000000e0c80000,0x00000000e1400000)
 ParOldGen       total 933376K, used 806163K [0x0000000080000000, 0x00000000b8f80000, 0x00000000d5580000)
  object space 933376K, 86% used [0x0000000080000000,0x00000000b1344c60,0x00000000b8f80000)
 Metaspace       used 82000K, committed 83648K, reserved 1179648K
  class space    used 7948K, committed 8768K, reserved 1048576K
}
Event: 21697.102 GC heap after
{Heap after GC invocations=1241 (full 5):
 PSYoungGen      total 181248K, used 7673K [0x00000000d5580000, 0x00000000e2000000, 0x0000000100000000)
  eden space 173568K, 0% used [0x00000000d5580000,0x00000000d5580000,0x00000000dff00000)
  from space 7680K, 99% used [0x00000000e0c80000,0x00000000e13fe5c0,0x00000000e1400000)
  to   space 13824K, 0% used [0x00000000dff00000,0x00000000dff00000,0x00000000e0c80000)
 ParOldGen       total 933376K, used 810915K [0x0000000080000000, 0x00000000b8f80000, 0x00000000d5580000)
  object space 933376K, 86% used [0x0000000080000000,0x00000000b17e8c90,0x00000000b8f80000)
 Metaspace       used 82000K, committed 83648K, reserved 1179648K
  class space    used 7948K, committed 8768K, reserved 1048576K
}
Event: 21698.101 GC heap before
{Heap before GC invocations=1242 (full 5):
 PSYoungGen      total 181248K, used 181241K [0x00000000d5580000, 0x00000000e2000000, 0x0000000100000000)
  eden space 173568K, 100% used [0x00000000d5580000,0x00000000dff00000,0x00000000dff00000)
  from space 7680K, 99% used [0x00000000e0c80000,0x00000000e13fe5c0,0x00000000e1400000)
  to   space 13824K, 0% used [0x00000000dff00000,0x00000000dff00000,0x00000000e0c80000)
 ParOldGen       total 933376K, used 810915K [0x0000000080000000, 0x00000000b8f80000, 0x00000000d5580000)
  object space 933376K, 86% used [0x0000000080000000,0x00000000b17e8c90,0x00000000b8f80000)
 Metaspace       used 82095K, committed 83776K, reserved 1179648K
  class space    used 7948K, committed 8768K, reserved 1048576K
}
Event: 21698.418 GC heap after
{Heap after GC invocations=1242 (full 5):
 PSYoungGen      total 187392K, used 13808K [0x00000000d5580000, 0x00000000e5c00000, 0x0000000100000000)
  eden space 173568K, 0% used [0x00000000d5580000,0x00000000d5580000,0x00000000dff00000)
  from space 13824K, 99% used [0x00000000dff00000,0x00000000e0c7c1e0,0x00000000e0c80000)
  to   space 30208K, 0% used [0x00000000e3e80000,0x00000000e3e80000,0x00000000e5c00000)
 ParOldGen       total 933376K, used 824318K [0x0000000080000000, 0x00000000b8f80000, 0x00000000d5580000)
  object space 933376K, 88% used [0x0000000080000000,0x00000000b24ffa50,0x00000000b8f80000)
 Metaspace       used 82095K, committed 83776K, reserved 1179648K
  class space    used 7948K, committed 8768K, reserved 1048576K
}
Event: 21706.119 GC heap before
{Heap before GC invocations=1243 (full 5):
 PSYoungGen      total 187392K, used 187376K [0x00000000d5580000, 0x00000000e5c00000, 0x0000000100000000)
  eden space 173568K, 100% used [0x00000000d5580000,0x00000000dff00000,0x00000000dff00000)
  from space 13824K, 99% used [0x00000000dff00000,0x00000000e0c7c1e0,0x00000000e0c80000)
  to   space 30208K, 0% used [0x00000000e3e80000,0x00000000e3e80000,0x00000000e5c00000)
 ParOldGen       total 933376K, used 824318K [0x0000000080000000, 0x00000000b8f80000, 0x00000000d5580000)
  object space 933376K, 88% used [0x0000000080000000,0x00000000b24ffa50,0x00000000b8f80000)
 Metaspace       used 82305K, committed 84032K, reserved 1179648K
  class space    used 7954K, committed 8768K, reserved 1048576K
}
Event: 21706.305 GC heap after
{Heap after GC invocations=1243 (full 5):
 PSYoungGen      total 231936K, used 23046K [0x00000000d5580000, 0x00000000e5580000, 0x0000000100000000)
  eden space 208384K, 0% used [0x00000000d5580000,0x00000000d5580000,0x00000000e2100000)
  from space 23552K, 97% used [0x00000000e3e80000,0x00000000e5501b58,0x00000000e5580000)
  to   space 24576K, 0% used [0x00000000e2580000,0x00000000e2580000,0x00000000e3d80000)
 ParOldGen       total 933376K, used 837786K [0x0000000080000000, 0x00000000b8f80000, 0x00000000d5580000)
  object space 933376K, 89% used [0x0000000080000000,0x00000000b3226b30,0x00000000b8f80000)
 Metaspace       used 82305K, committed 84032K, reserved 1179648K
  class space    used 7954K, committed 8768K, reserved 1048576K
}
Event: 21707.491 GC heap before
{Heap before GC invocations=1244 (full 5):
 PSYoungGen      total 231936K, used 231430K [0x00000000d5580000, 0x00000000e5580000, 0x0000000100000000)
  eden space 208384K, 100% used [0x00000000d5580000,0x00000000e2100000,0x00000000e2100000)
  from space 23552K, 97% used [0x00000000e3e80000,0x00000000e5501b58,0x00000000e5580000)
  to   space 24576K, 0% used [0x00000000e2580000,0x00000000e2580000,0x00000000e3d80000)
 ParOldGen       total 933376K, used 837786K [0x0000000080000000, 0x00000000b8f80000, 0x00000000d5580000)
  object space 933376K, 89% used [0x0000000080000000,0x00000000b3226b30,0x00000000b8f80000)
 Metaspace       used 82315K, committed 84032K, reserved 1179648K
  class space    used 7954K, committed 8768K, reserved 1048576K
}
Event: 21707.985 GC heap after
{Heap after GC invocations=1244 (full 5):
 PSYoungGen      total 237568K, used 4252K [0x00000000d5580000, 0x00000000e6100000, 0x0000000100000000)
  eden space 212992K, 0% used [0x00000000d5580000,0x00000000d5580000,0x00000000e2580000)
  from space 24576K, 17% used [0x00000000e2580000,0x00000000e29a7060,0x00000000e3d80000)
  to   space 11776K, 0% used [0x00000000e5580000,0x00000000e5580000,0x00000000e6100000)
 ParOldGen       total 933376K, used 860746K [0x0000000080000000, 0x00000000b8f80000, 0x00000000d5580000)
  object space 933376K, 92% used [0x0000000080000000,0x00000000b4892bb0,0x00000000b8f80000)
 Metaspace       used 82315K, committed 84032K, reserved 1179648K
  class space    used 7954K, committed 8768K, reserved 1048576K
}

Dll operation events (10 events):
Event: 0.026 Loaded shared library c:\Users\LENOVO\.antigravity\extensions\redhat.java-1.53.0-win32-x64\jre\21.0.10-win32-x86_64\bin\java.dll
Event: 0.517 Loaded shared library c:\Users\LENOVO\.antigravity\extensions\redhat.java-1.53.0-win32-x64\jre\21.0.10-win32-x86_64\bin\zip.dll
Event: 0.635 Loaded shared library C:\Users\LENOVO\.antigravity\extensions\redhat.java-1.53.0-win32-x64\jre\21.0.10-win32-x86_64\bin\instrument.dll
Event: 0.658 Loaded shared library C:\Users\LENOVO\.antigravity\extensions\redhat.java-1.53.0-win32-x64\jre\21.0.10-win32-x86_64\bin\net.dll
Event: 0.665 Loaded shared library C:\Users\LENOVO\.antigravity\extensions\redhat.java-1.53.0-win32-x64\jre\21.0.10-win32-x86_64\bin\nio.dll
Event: 0.674 Loaded shared library C:\Users\LENOVO\.antigravity\extensions\redhat.java-1.53.0-win32-x64\jre\21.0.10-win32-x86_64\bin\zip.dll
Event: 0.750 Loaded shared library C:\Users\LENOVO\.antigravity\extensions\redhat.java-1.53.0-win32-x64\jre\21.0.10-win32-x86_64\bin\jimage.dll
Event: 1.165 Loaded shared library c:\Users\LENOVO\.antigravity\extensions\redhat.java-1.53.0-win32-x64\jre\21.0.10-win32-x86_64\bin\verify.dll
Event: 7.571 Loaded shared library C:\Users\LENOVO\AppData\Roaming\Antigravity\User\globalStorage\redhat.java\1.53.0\config_win\org.eclipse.equinox.launcher\org.eclipse.equinox.launcher.win32.win32.x86_64_1.3.0.v20260203-2149\eclipse_11919.dll
Event: 17.213 Loaded shared library C:\Program Files\KMSpico\temp\jna--2053026509\jna17183676417589182139.dll

Deoptimization events (20 events):
Event: 22286.531 Thread 0x0000018ee2364f30 Uncommon trap: trap_request=0xffffff6e fr.pc=0x0000018e8daece14 relative=0x0000000000005af4
Event: 22286.532 Thread 0x0000018ee2364f30 Uncommon trap: reason=loop_limit_check action=maybe_recompile pc=0x0000018e8daece14 method=org.eclipse.jdt.internal.compiler.lookup.MethodVerifier15.checkMethods()V @ 516 c2
Event: 22286.533 Thread 0x0000018ee2364f30 DEOPT PACKING pc=0x0000018e8daece14 sp=0x0000008d0b5fe1c0
Event: 22286.533 Thread 0x0000018ee2364f30 DEOPT UNPACKING pc=0x0000018e8bad3aa2 sp=0x0000008d0b5fe1d8 mode 2
Event: 22289.422 Thread 0x0000018ee23627d0 Uncommon trap: trap_request=0xffffff45 fr.pc=0x0000018e8c442884 relative=0x0000000000001604
Event: 22289.433 Thread 0x0000018ee23627d0 Uncommon trap: reason=unstable_if action=reinterpret pc=0x0000018e8c442884 method=org.eclipse.jdt.internal.compiler.parser.Scanner.getNextCharAsDigit(I)Z @ 8 c2
Event: 22289.437 Thread 0x0000018ee23627d0 DEOPT PACKING pc=0x0000018e8c442884 sp=0x0000008d096fe730
Event: 22289.451 Thread 0x0000018ee23627d0 DEOPT UNPACKING pc=0x0000018e8bad3aa2 sp=0x0000008d096fe5b8 mode 2
Event: 22289.463 Thread 0x0000018ee23627d0 Uncommon trap: trap_request=0xffffff45 fr.pc=0x0000018e8d6fefb4 relative=0x0000000000000174
Event: 22289.464 Thread 0x0000018ee23627d0 Uncommon trap: reason=unstable_if action=reinterpret pc=0x0000018e8d6fefb4 method=org.eclipse.jdt.internal.compiler.parser.Scanner.getNextChar(C)Z @ 8 c2
Event: 22289.464 Thread 0x0000018ee23627d0 DEOPT PACKING pc=0x0000018e8d6fefb4 sp=0x0000008d096fe590
Event: 22289.464 Thread 0x0000018ee23627d0 DEOPT UNPACKING pc=0x0000018e8bad3aa2 sp=0x0000008d096fe518 mode 2
Event: 22289.465 Thread 0x0000018ee23627d0 Uncommon trap: trap_request=0xffffff45 fr.pc=0x0000018e8d9b16f0 relative=0x0000000000000c10
Event: 22289.468 Thread 0x0000018ee23627d0 Uncommon trap: reason=unstable_if action=reinterpret pc=0x0000018e8d9b16f0 method=org.eclipse.jdt.internal.compiler.parser.Scanner.getNextChar(CC)I @ 8 c2
Event: 22289.468 Thread 0x0000018ee23627d0 DEOPT PACKING pc=0x0000018e8d9b16f0 sp=0x0000008d096fe780
Event: 22289.489 Thread 0x0000018ee23627d0 DEOPT UNPACKING pc=0x0000018e8bad3aa2 sp=0x0000008d096fe678 mode 2
Event: 22289.494 Thread 0x0000018ee23627d0 Uncommon trap: trap_request=0xffffff45 fr.pc=0x0000018e8c03777c relative=0x00000000000001bc
Event: 22289.494 Thread 0x0000018ee23627d0 Uncommon trap: reason=unstable_if action=reinterpret pc=0x0000018e8c03777c method=org.eclipse.jdt.internal.compiler.parser.Scanner.getNextChar(CC)I @ 8 c2
Event: 22289.494 Thread 0x0000018ee23627d0 DEOPT PACKING pc=0x0000018e8c03777c sp=0x0000008d096fe6e0
Event: 22289.494 Thread 0x0000018ee23627d0 DEOPT UNPACKING pc=0x0000018e8bad3aa2 sp=0x0000008d096fe678 mode 2

Classes loaded (20 events):
Event: 16635.460 Loading class jdk/internal/module/IllegalAccessLogger
Event: 16635.460 Loading class jdk/internal/module/IllegalAccessLogger done
Event: 19640.222 Loading class jdk/internal/module/IllegalAccessLogger
Event: 19640.247 Loading class jdk/internal/module/IllegalAccessLogger done
Event: 19647.350 Loading class jdk/internal/module/IllegalAccessLogger
Event: 19647.350 Loading class jdk/internal/module/IllegalAccessLogger done
Event: 21192.792 Loading class jdk/internal/module/IllegalAccessLogger
Event: 21192.861 Loading class jdk/internal/module/IllegalAccessLogger done
Event: 21484.955 Loading class jdk/internal/module/IllegalAccessLogger
Event: 21484.980 Loading class jdk/internal/module/IllegalAccessLogger done
Event: 21665.463 Loading class jdk/internal/module/IllegalAccessLogger
Event: 21665.481 Loading class jdk/internal/module/IllegalAccessLogger done
Event: 21681.859 Loading class java/lang/Throwable$WrappedPrintWriter
Event: 21681.935 Loading class java/lang/Throwable$PrintStreamOrWriter
Event: 21681.968 Loading class java/lang/Throwable$PrintStreamOrWriter done
Event: 21681.968 Loading class java/lang/Throwable$WrappedPrintWriter done
Event: 21694.297 Loading class jdk/internal/module/IllegalAccessLogger
Event: 21694.308 Loading class jdk/internal/module/IllegalAccessLogger done
Event: 21695.675 Loading class java/util/concurrent/ConcurrentHashMap$KeySpliterator
Event: 21695.838 Loading class java/util/concurrent/ConcurrentHashMap$KeySpliterator done

Classes unloaded (20 events):
Event: 10008.310 Thread 0x0000018e9828c030 Unloading class 0x0000018e9a00d800 'java/lang/invoke/LambdaForm$MH+0x0000018e9a00d800'
Event: 10008.310 Thread 0x0000018e9828c030 Unloading class 0x0000018e9a00d400 'java/lang/invoke/LambdaForm$MH+0x0000018e9a00d400'
Event: 10008.310 Thread 0x0000018e9828c030 Unloading class 0x0000018e9a00d000 'java/lang/invoke/LambdaForm$MH+0x0000018e9a00d000'
Event: 10008.310 Thread 0x0000018e9828c030 Unloading class 0x0000018e9a00cc00 'java/lang/invoke/LambdaForm$MH+0x0000018e9a00cc00'
Event: 10008.310 Thread 0x0000018e9828c030 Unloading class 0x0000018e9a00c800 'java/lang/invoke/LambdaForm$BMH+0x0000018e9a00c800'
Event: 10008.310 Thread 0x0000018e9828c030 Unloading class 0x0000018e9a00c000 'java/lang/invoke/LambdaForm$DMH+0x0000018e9a00c000'
Event: 10008.311 Thread 0x0000018e9828c030 Unloading class 0x0000018e9a008c00 'java/lang/invoke/LambdaForm$MH+0x0000018e9a008c00'
Event: 10008.311 Thread 0x0000018e9828c030 Unloading class 0x0000018e9a008800 'java/lang/invoke/LambdaForm$MH+0x0000018e9a008800'
Event: 10008.311 Thread 0x0000018e9828c030 Unloading class 0x0000018e9a008400 'java/lang/invoke/LambdaForm$MH+0x0000018e9a008400'
Event: 10008.312 Thread 0x0000018e9828c030 Unloading class 0x0000018e9a007000 'java/lang/invoke/LambdaForm$MH+0x0000018e9a007000'
Event: 10008.312 Thread 0x0000018e9828c030 Unloading class 0x0000018e9a006800 'java/lang/invoke/LambdaForm$MH+0x0000018e9a006800'
Event: 10008.312 Thread 0x0000018e9828c030 Unloading class 0x0000018e9a006400 'java/lang/invoke/LambdaForm$MH+0x0000018e9a006400'
Event: 10008.312 Thread 0x0000018e9828c030 Unloading class 0x0000018e9a006000 'java/lang/invoke/LambdaForm$MH+0x0000018e9a006000'
Event: 10008.312 Thread 0x0000018e9828c030 Unloading class 0x0000018e9a005c00 'java/lang/invoke/LambdaForm$BMH+0x0000018e9a005c00'
Event: 10008.312 Thread 0x0000018e9828c030 Unloading class 0x0000018e9a004800 'java/lang/invoke/LambdaForm$DMH+0x0000018e9a004800'
Event: 10008.312 Thread 0x0000018e9828c030 Unloading class 0x0000018e9a002800 'java/lang/invoke/LambdaForm$MH+0x0000018e9a002800'
Event: 10008.313 Thread 0x0000018e9828c030 Unloading class 0x0000018e9a002400 'java/lang/invoke/LambdaForm$MH+0x0000018e9a002400'
Event: 10008.313 Thread 0x0000018e9828c030 Unloading class 0x0000018e9a002000 'java/lang/invoke/LambdaForm$MH+0x0000018e9a002000'
Event: 10008.313 Thread 0x0000018e9828c030 Unloading class 0x0000018e9a001800 'java/lang/invoke/LambdaForm$MH+0x0000018e9a001800'
Event: 10008.313 Thread 0x0000018e9828c030 Unloading class 0x0000018e9a000400 'java/lang/invoke/LambdaForm$MH+0x0000018e9a000400'

Classes redefined (0 events):
No events

Internal exceptions (20 events):
Event: 21694.073 Thread 0x0000018edf3f32f0 Implicit null exception at 0x0000018e8d5b2918 to 0x0000018e8d5b4b78
Event: 21694.083 Thread 0x0000018edf3f32f0 Implicit null exception at 0x0000018e8d3f4973 to 0x0000018e8d3f4c50
Event: 21694.803 Thread 0x0000018ee2143520 Exception <a 'java/lang/NoSuchMethodError'{0x00000000dc7e3560}: 'void java.lang.invoke.DirectMethodHandle$Holder.invokeStatic(java.lang.Object, int, java.lang.Object)'> (0x00000000dc7e3560) 
thrown [s\src\hotspot\share\interpreter\linkResolver.cpp, line 773]
Event: 21696.014 Thread 0x0000018ee2143520 Implicit null exception at 0x0000018e8c733487 to 0x0000018e8c7341d0
Event: 21696.072 Thread 0x0000018ee2143520 Implicit null exception at 0x0000018e8d391906 to 0x0000018e8d3919de
Event: 21696.222 Thread 0x0000018ee2143520 Implicit null exception at 0x0000018e8d4692ee to 0x0000018e8d469ae8
Event: 21696.223 Thread 0x0000018ee2143520 Implicit null exception at 0x0000018e8d8b3609 to 0x0000018e8d8b3bbc
Event: 21696.223 Thread 0x0000018ee2143520 Implicit null exception at 0x0000018e8d5df86b to 0x0000018e8d5e1864
Event: 21696.245 Thread 0x0000018edf3f32f0 Exception <a 'java/lang/NoSuchMethodError'{0x00000000dc6ca9a0}: 'java.lang.Object java.lang.invoke.DirectMethodHandle$Holder.newInvokeSpecial(java.lang.Object, java.lang.Object, int, int, java.lang.Object)'> (0x00000000dc6ca9a0) 
thrown [s\src\hotspot\share\interpreter\linkResolver.cpp, line 773]
Event: 21698.757 Thread 0x0000018ee2143520 Implicit null exception at 0x0000018e8da57924 to 0x0000018e8da57c90
Event: 21700.804 Thread 0x0000018ee2143520 Implicit null exception at 0x0000018e8da6dd31 to 0x0000018e8da70330
Event: 21700.804 Thread 0x0000018ee2143520 Implicit null exception at 0x0000018e8cbdba60 to 0x0000018e8cbdbaa5
Event: 21700.805 Thread 0x0000018ee2143520 Implicit null exception at 0x0000018e8d989711 to 0x0000018e8d98a6a4
Event: 21700.883 Thread 0x0000018ee2143520 Implicit null exception at 0x0000018e8d0b0172 to 0x0000018e8d0b0530
Event: 21701.053 Thread 0x0000018ee2143520 Implicit null exception at 0x0000018e8da94eda to 0x0000018e8da955b4
Event: 21701.311 Thread 0x0000018ee2143520 Implicit null exception at 0x0000018e8d8bc91a to 0x0000018e8d8bca74
Event: 21701.767 Thread 0x0000018edf3f32f0 Exception <a 'sun/nio/fs/WindowsException'{0x00000000dd9f3828}> (0x00000000dd9f3828) 
thrown [s\src\hotspot\share\prims\jni.cpp, line 520]
Event: 21701.770 Thread 0x0000018edf3f32f0 Exception <a 'sun/nio/fs/WindowsException'{0x00000000dd9f3e70}> (0x00000000dd9f3e70) 
thrown [s\src\hotspot\share\prims\jni.cpp, line 520]
Event: 21784.117 Thread 0x0000018ee2140dc0 Exception <a 'sun/nio/fs/WindowsException'{0x00000000dacbe418}> (0x00000000dacbe418) 
thrown [s\src\hotspot\share\prims\jni.cpp, line 520]
Event: 21784.117 Thread 0x0000018ee2140dc0 Exception <a 'sun/nio/fs/WindowsException'{0x00000000dacbed10}> (0x00000000dacbed10) 
thrown [s\src\hotspot\share\prims\jni.cpp, line 520]

ZGC Phase Switch (0 events):
No events

VM Operations (20 events):
Event: 22288.349 Executing safepoint VM operation: Cleanup
Event: 22288.441 Executing safepoint VM operation: Cleanup done
Event: 22289.447 Executing safepoint VM operation: Cleanup
Event: 22289.462 Executing safepoint VM operation: Cleanup done
Event: 22290.467 Executing safepoint VM operation: Cleanup
Event: 22290.513 Executing safepoint VM operation: Cleanup done
Event: 22304.158 Executing non-safepoint VM operation: HandshakeAllThreads (HandshakeForDeflation)
Event: 22304.158 Executing non-safepoint VM operation: HandshakeAllThreads (HandshakeForDeflation) done
Event: 22304.159 Executing non-safepoint VM operation: RendezvousGCThreads
Event: 22304.159 Executing non-safepoint VM operation: RendezvousGCThreads done
Event: 22530.952 Executing safepoint VM operation: Cleanup
Event: 22530.952 Executing safepoint VM operation: Cleanup done
Event: 22845.204 Executing non-safepoint VM operation: HandshakeAllThreads (HandshakeForDeflation)
Event: 22845.204 Executing non-safepoint VM operation: HandshakeAllThreads (HandshakeForDeflation) done
Event: 22845.204 Executing non-safepoint VM operation: RendezvousGCThreads
Event: 22845.204 Executing non-safepoint VM operation: RendezvousGCThreads done
Event: 22905.313 Executing non-safepoint VM operation: HandshakeAllThreads (HandshakeForDeflation)
Event: 22905.313 Executing non-safepoint VM operation: HandshakeAllThreads (HandshakeForDeflation) done
Event: 22905.313 Executing non-safepoint VM operation: RendezvousGCThreads
Event: 22905.313 Executing non-safepoint VM operation: RendezvousGCThreads done

Memory protections (0 events):
No events

Nmethod flushes (20 events):
Event: 10018.692 Thread 0x0000018e9828c030 flushing  nmethod 0x0000018e867d9390
Event: 10018.692 Thread 0x0000018e9828c030 flushing  nmethod 0x0000018e86848d10
Event: 10018.692 Thread 0x0000018e9828c030 flushing  nmethod 0x0000018e86863f90
Event: 10018.693 Thread 0x0000018e9828c030 flushing  nmethod 0x0000018e86867390
Event: 10018.694 Thread 0x0000018e9828c030 flushing  nmethod 0x0000018e86875590
Event: 10018.702 Thread 0x0000018e9828c030 flushing  nmethod 0x0000018e868b9e90
Event: 10018.702 Thread 0x0000018e9828c030 flushing  nmethod 0x0000018e868bf490
Event: 10018.702 Thread 0x0000018e9828c030 flushing  nmethod 0x0000018e86942290
Event: 10018.709 Thread 0x0000018e9828c030 flushing  nmethod 0x0000018e86945e90
Event: 10018.710 Thread 0x0000018e9828c030 flushing  nmethod 0x0000018e86964790
Event: 10018.710 Thread 0x0000018e9828c030 flushing  nmethod 0x0000018e86993210
Event: 10018.710 Thread 0x0000018e9828c030 flushing osr nmethod 0x0000018e86a3df90
Event: 10018.711 Thread 0x0000018e9828c030 flushing  nmethod 0x0000018e86ae2310
Event: 10018.711 Thread 0x0000018e9828c030 flushing  nmethod 0x0000018e86b21190
Event: 10018.711 Thread 0x0000018e9828c030 flushing  nmethod 0x0000018e86b56510
Event: 10018.711 Thread 0x0000018e9828c030 flushing  nmethod 0x0000018e86b88490
Event: 10018.714 Thread 0x0000018e9828c030 flushing  nmethod 0x0000018e86b8d590
Event: 10018.717 Thread 0x0000018e9828c030 flushing  nmethod 0x0000018e86c1c090
Event: 10018.717 Thread 0x0000018e9828c030 flushing  nmethod 0x0000018e870c0110
Event: 10018.717 Thread 0x0000018e9828c030 flushing  nmethod 0x0000018e871e3510

Events (20 events):
Event: 22001.449 Thread 0x0000018ee2c8e840 Thread exited: 0x0000018ee2c8e840
Event: 22041.468 Thread 0x0000018ee2c8fbf0 Thread exited: 0x0000018ee2c8fbf0
Event: 22101.476 Thread 0x0000018ee2c94420 Thread exited: 0x0000018ee2c94420
Event: 22161.533 Thread 0x0000018ee2c90fa0 Thread exited: 0x0000018ee2c90fa0
Event: 22282.270 Thread 0x0000018ee299e2a0 Thread added: 0x0000018ee23627d0
Event: 22282.352 Thread 0x0000018ee299e2a0 Thread added: 0x0000018ee23648a0
Event: 22283.131 Thread 0x0000018ee299e2a0 Thread added: 0x0000018ee2364f30
Event: 22283.153 Thread 0x0000018ee299e2a0 Thread added: 0x0000018ee23683b0
Event: 22283.178 Thread 0x0000018ee299e2a0 Thread added: 0x0000018ee23655c0
Event: 22283.201 Thread 0x0000018ee23655c0 Thread added: 0x0000018ee2368a40
Event: 22283.343 Thread 0x0000018ee23627d0 Thread added: 0x0000018ee2362e60
Event: 22284.100 Thread 0x0000018e982cdee0 Thread added: 0x0000018ee169eb70
Event: 22295.429 Thread 0x0000018ee169eb70 Thread exited: 0x0000018ee169eb70
Event: 22350.529 Thread 0x0000018ee23627d0 Thread exited: 0x0000018ee23627d0
Event: 22410.540 Thread 0x0000018ee2364f30 Thread exited: 0x0000018ee2364f30
Event: 22470.548 Thread 0x0000018ee2362e60 Thread exited: 0x0000018ee2362e60
Event: 22530.550 Thread 0x0000018ee23648a0 Thread exited: 0x0000018ee23648a0
Event: 22590.557 Thread 0x0000018ee2368a40 Thread exited: 0x0000018ee2368a40
Event: 22650.561 Thread 0x0000018ee23655c0 Thread exited: 0x0000018ee23655c0
Event: 22710.563 Thread 0x0000018ee23683b0 Thread exited: 0x0000018ee23683b0


Dynamic libraries:
0x00007ff770260000 - 0x00007ff77026e000 	c:\Users\LENOVO\.antigravity\extensions\redhat.java-1.53.0-win32-x64\jre\21.0.10-win32-x86_64\bin\java.exe
0x00007ff96e1f0000 - 0x00007ff96e3e5000 	C:\Windows\SYSTEM32\ntdll.dll
0x00007ff96d340000 - 0x00007ff96d3fe000 	C:\Windows\System32\KERNEL32.DLL
0x00007ff96bf60000 - 0x00007ff96c228000 	C:\Windows\System32\KERNELBASE.dll
0x00007ff96bdb0000 - 0x00007ff96beb0000 	C:\Windows\System32\ucrtbase.dll
0x00007ff944390000 - 0x00007ff9443a8000 	c:\Users\LENOVO\.antigravity\extensions\redhat.java-1.53.0-win32-x64\jre\21.0.10-win32-x86_64\bin\jli.dll
0x00007ff96c410000 - 0x00007ff96c5b1000 	C:\Windows\System32\USER32.dll
0x00007ff96bbd0000 - 0x00007ff96bbf2000 	C:\Windows\System32\win32u.dll
0x00007ff96dd70000 - 0x00007ff96dd9b000 	C:\Windows\System32\GDI32.dll
0x00007ff96bca0000 - 0x00007ff96bdad000 	C:\Windows\System32\gdi32full.dll
0x00007ff96bc00000 - 0x00007ff96bc9d000 	C:\Windows\System32\msvcp_win.dll
0x00007ff94bc10000 - 0x00007ff94bc2e000 	c:\Users\LENOVO\.antigravity\extensions\redhat.java-1.53.0-win32-x64\jre\21.0.10-win32-x86_64\bin\VCRUNTIME140.dll
0x00007ff959270000 - 0x00007ff95950a000 	C:\Windows\WinSxS\amd64_microsoft.windows.common-controls_6595b64144ccf1df_6.0.19041.1110_none_60b5254171f9507e\COMCTL32.dll
0x00007ff96c5c0000 - 0x00007ff96c65e000 	C:\Windows\System32\msvcrt.dll
0x00007ff96dbf0000 - 0x00007ff96dc20000 	C:\Windows\System32\IMM32.DLL
0x00007ff966c40000 - 0x00007ff966c4c000 	c:\Users\LENOVO\.antigravity\extensions\redhat.java-1.53.0-win32-x64\jre\21.0.10-win32-x86_64\bin\vcruntime140_1.dll
0x00007ff9377b0000 - 0x00007ff93783d000 	c:\Users\LENOVO\.antigravity\extensions\redhat.java-1.53.0-win32-x64\jre\21.0.10-win32-x86_64\bin\msvcp140.dll
0x00007ff902cf0000 - 0x00007ff903a91000 	c:\Users\LENOVO\.antigravity\extensions\redhat.java-1.53.0-win32-x64\jre\21.0.10-win32-x86_64\bin\server\jvm.dll
0x00007ff96ce70000 - 0x00007ff96cf1c000 	C:\Windows\System32\ADVAPI32.dll
0x00007ff96c370000 - 0x00007ff96c40b000 	C:\Windows\System32\sechost.dll
0x00007ff96c230000 - 0x00007ff96c35a000 	C:\Windows\System32\RPCRT4.dll
0x00007ff96da00000 - 0x00007ff96da6b000 	C:\Windows\System32\WS2_32.dll
0x00007ff96aeb0000 - 0x00007ff96aefb000 	C:\Windows\SYSTEM32\POWRPROF.dll
0x00007ff95ff20000 - 0x00007ff95ff47000 	C:\Windows\SYSTEM32\WINMM.dll
0x00007ff9658b0000 - 0x00007ff9658ba000 	C:\Windows\SYSTEM32\VERSION.dll
0x00007ff96ad30000 - 0x00007ff96ad42000 	C:\Windows\SYSTEM32\UMPDC.dll
0x00007ff9697f0000 - 0x00007ff969802000 	C:\Windows\SYSTEM32\kernel.appcore.dll
0x00007ff958d60000 - 0x00007ff958d6a000 	c:\Users\LENOVO\.antigravity\extensions\redhat.java-1.53.0-win32-x64\jre\21.0.10-win32-x86_64\bin\jimage.dll
0x00007ff961eb0000 - 0x00007ff962094000 	C:\Windows\SYSTEM32\DBGHELP.DLL
0x00007ff962240000 - 0x00007ff96226c000 	C:\Windows\SYSTEM32\dbgcore.DLL
0x00007ff96b900000 - 0x00007ff96b982000 	C:\Windows\System32\bcryptPrimitives.dll
0x00007ff958a30000 - 0x00007ff958a3f000 	c:\Users\LENOVO\.antigravity\extensions\redhat.java-1.53.0-win32-x64\jre\21.0.10-win32-x86_64\bin\instrument.dll
0x00007ff941ba0000 - 0x00007ff941bc0000 	c:\Users\LENOVO\.antigravity\extensions\redhat.java-1.53.0-win32-x64\jre\21.0.10-win32-x86_64\bin\java.dll
0x00007ff96c6c0000 - 0x00007ff96ce04000 	C:\Windows\System32\SHELL32.dll
0x00007ff9699f0000 - 0x00007ff96a184000 	C:\Windows\SYSTEM32\windows.storage.dll
0x00007ff96de50000 - 0x00007ff96e1a5000 	C:\Windows\System32\combase.dll
0x00007ff96b350000 - 0x00007ff96b37e000 	C:\Windows\SYSTEM32\Wldp.dll
0x00007ff96d0d0000 - 0x00007ff96d17d000 	C:\Windows\System32\SHCORE.dll
0x00007ff96dc40000 - 0x00007ff96dc95000 	C:\Windows\System32\shlwapi.dll
0x00007ff96b840000 - 0x00007ff96b85f000 	C:\Windows\SYSTEM32\profapi.dll
0x00007ff966ca0000 - 0x00007ff966cb8000 	c:\Users\LENOVO\.antigravity\extensions\redhat.java-1.53.0-win32-x64\jre\21.0.10-win32-x86_64\bin\zip.dll
0x00007ff94e550000 - 0x00007ff94e560000 	C:\Users\LENOVO\.antigravity\extensions\redhat.java-1.53.0-win32-x64\jre\21.0.10-win32-x86_64\bin\net.dll
0x00007ff9602c0000 - 0x00007ff9603cc000 	C:\Windows\SYSTEM32\WINHTTP.dll
0x00007ff96b0b0000 - 0x00007ff96b11a000 	C:\Windows\system32\mswsock.dll
0x00007ff93fe80000 - 0x00007ff93fe96000 	C:\Users\LENOVO\.antigravity\extensions\redhat.java-1.53.0-win32-x64\jre\21.0.10-win32-x86_64\bin\nio.dll
0x00007ff94dd60000 - 0x00007ff94dd70000 	c:\Users\LENOVO\.antigravity\extensions\redhat.java-1.53.0-win32-x64\jre\21.0.10-win32-x86_64\bin\verify.dll
0x00007ff9378c0000 - 0x00007ff937905000 	C:\Users\LENOVO\AppData\Roaming\Antigravity\User\globalStorage\redhat.java\1.53.0\config_win\org.eclipse.equinox.launcher\org.eclipse.equinox.launcher.win32.win32.x86_64_1.3.0.v20260203-2149\eclipse_11919.dll
0x00007ff96d200000 - 0x00007ff96d32a000 	C:\Windows\System32\ole32.dll
0x00007ff96b2a0000 - 0x00007ff96b2b8000 	C:\Windows\SYSTEM32\CRYPTSP.dll
0x00007ff96a9c0000 - 0x00007ff96a9f4000 	C:\Windows\system32\rsaenh.dll
0x00007ff96bba0000 - 0x00007ff96bbc7000 	C:\Windows\System32\bcrypt.dll
0x00007ff96b7c0000 - 0x00007ff96b7ee000 	C:\Windows\SYSTEM32\USERENV.dll
0x00007ff96b2c0000 - 0x00007ff96b2cc000 	C:\Windows\SYSTEM32\CRYPTBASE.dll
0x00007ff96ad50000 - 0x00007ff96ad8b000 	C:\Windows\SYSTEM32\IPHLPAPI.DLL
0x00007ff96c360000 - 0x00007ff96c368000 	C:\Windows\System32\NSI.dll
0x00007ff937760000 - 0x00007ff9377a9000 	C:\Program Files\KMSpico\temp\jna--2053026509\jna17183676417589182139.dll
0x00007ff96d330000 - 0x00007ff96d338000 	C:\Windows\System32\PSAPI.DLL
0x00007ff9645d0000 - 0x00007ff9645e7000 	C:\Windows\SYSTEM32\dhcpcsvc6.DLL
0x00007ff964590000 - 0x00007ff9645ad000 	C:\Windows\SYSTEM32\dhcpcsvc.DLL

JVMTI agents:
c:\Users\LENOVO\.antigravity\extensions\redhat.java-1.53.0-win32-x64\lombok\lombok-1.18.39-4050.jar path:c:\Users\LENOVO\.antigravity\extensions\redhat.java-1.53.0-win32-x64\jre\21.0.10-win32-x86_64\bin\instrument.dll, loaded, initialized, instrumentlib options:none

dbghelp: loaded successfully - version: 4.0.5 - missing functions: none
symbol engine: initialized successfully - sym options: 0x614 - pdb path: .;c:\Users\LENOVO\.antigravity\extensions\redhat.java-1.53.0-win32-x64\jre\21.0.10-win32-x86_64\bin;C:\Windows\SYSTEM32;C:\Windows\WinSxS\amd64_microsoft.windows.common-controls_6595b64144ccf1df_6.0.19041.1110_none_60b5254171f9507e;c:\Users\LENOVO\.antigravity\extensions\redhat.java-1.53.0-win32-x64\jre\21.0.10-win32-x86_64\bin\server;C:\Users\LENOVO\AppData\Roaming\Antigravity\User\globalStorage\redhat.java\1.53.0\config_win\org.eclipse.equinox.launcher\org.eclipse.equinox.launcher.win32.win32.x86_64_1.3.0.v20260203-2149;C:\Program Files\KMSpico\temp\jna--2053026509

VM Arguments:
jvm_args: --add-modules=ALL-SYSTEM --add-opens=java.base/java.util=ALL-UNNAMED --add-opens=java.base/java.lang=ALL-UNNAMED --add-opens=java.base/sun.nio.fs=ALL-UNNAMED -Declipse.application=org.eclipse.jdt.ls.core.id1 -Dosgi.bundles.defaultStartLevel=4 -Declipse.product=org.eclipse.jdt.ls.core.product -Djava.import.generatesMetadataFilesAtProjectRoot=false -DDetectVMInstallationsJob.disabled=true -Dfile.encoding=utf8 -XX:+UseParallelGC -XX:GCTimeRatio=4 -XX:AdaptiveSizePolicyWeight=90 -Dsun.zip.disableMemoryMapping=true -Xmx2G -Xms100m -Xlog:disable -javaagent:c:\Users\LENOVO\.antigravity\extensions\redhat.java-1.53.0-win32-x64\lombok\lombok-1.18.39-4050.jar -XX:+HeapDumpOnOutOfMemoryError -XX:HeapDumpPath=c:\Users\LENOVO\AppData\Roaming\Antigravity\User\workspaceStorage\5095996a89609635f6bad224ed7bf7e0\redhat.java -Daether.dependencyCollector.impl=bf 
java_command: c:\Users\LENOVO\.antigravity\extensions\redhat.java-1.53.0-win32-x64\server\plugins\org.eclipse.equinox.launcher_1.7.100.v20251111-0406.jar -configuration c:\Users\LENOVO\AppData\Roaming\Antigravity\User\globalStorage\redhat.java\1.53.0\config_win -data c:\Users\LENOVO\AppData\Roaming\Antigravity\User\workspaceStorage\5095996a89609635f6bad224ed7bf7e0\redhat.java\jdt_ws --pipe=\\.\pipe\lsp-75629be50eed98a69465ad5f4d2bd66d-sock
java_class_path (initial): c:\Users\LENOVO\.antigravity\extensions\redhat.java-1.53.0-win32-x64\server\plugins\org.eclipse.equinox.launcher_1.7.100.v20251111-0406.jar
Launcher Type: SUN_STANDARD

[Global flags]
    uintx AdaptiveSizePolicyWeight                 = 90                                        {product} {command line}
     intx CICompilerCount                          = 4                                         {product} {ergonomic}
    uintx GCTimeRatio                              = 4                                         {product} {command line}
     bool HeapDumpOnOutOfMemoryError               = true                                   {manageable} {command line}
    ccstr HeapDumpPath                             = c:\Users\LENOVO\AppData\Roaming\Antigravity\User\workspaceStorage\5095996a89609635f6bad224ed7bf7e0\redhat.java         {manageable} {command line}
   size_t InitialHeapSize                          = 104857600                                 {product} {command line}
   size_t MaxHeapSize                              = 2147483648                                {product} {command line}
   size_t MaxNewSize                               = 715653120                                 {product} {ergonomic}
   size_t MinHeapDeltaBytes                        = 524288                                    {product} {ergonomic}
   size_t MinHeapSize                              = 104857600                                 {product} {command line}
   size_t NewSize                                  = 34603008                                  {product} {ergonomic}
    uintx NonNMethodCodeHeapSize                   = 5839372                                {pd product} {ergonomic}
    uintx NonProfiledCodeHeapSize                  = 122909434                              {pd product} {ergonomic}
   size_t OldSize                                  = 70254592                                  {product} {ergonomic}
    uintx ProfiledCodeHeapSize                     = 122909434                              {pd product} {ergonomic}
    uintx ReservedCodeCacheSize                    = 251658240                              {pd product} {ergonomic}
     bool SegmentedCodeCache                       = true                                      {product} {ergonomic}
   size_t SoftMaxHeapSize                          = 2147483648                             {manageable} {ergonomic}
     bool UseCompressedOops                        = true                           {product lp64_product} {ergonomic}
     bool UseLargePagesIndividualAllocation        = false                                  {pd product} {ergonomic}
     bool UseParallelGC                            = true                                      {product} {command line}

Logging:
Log output configuration:
 #0: stdout all=off uptime,level,tags foldmultilines=false
 #1: stderr all=off uptime,level,tags foldmultilines=false

Release file:
JAVA_VERSION="21.0.10" 
MODULES="java.base java.compiler java.datatransfer java.xml java.prefs java.desktop java.instrument java.logging java.management java.security.sasl java.naming java.rmi java.management.rmi java.net.http java.scripting java.security.jgss java.transaction.xa java.sql java.sql.rowset java.xml.crypto java.se java.smartcardio jdk.accessibility jdk.internal.jvmstat jdk.attach jdk.charsets jdk.internal.opt jdk.zipfs jdk.compiler jdk.crypto.ec jdk.crypto.cryptoki jdk.crypto.mscapi jdk.dynalink jdk.internal.ed jdk.editpad jdk.hotspot.agent jdk.httpserver jdk.internal.le jdk.internal.vm.ci jdk.internal.vm.compiler jdk.internal.vm.compiler.management jdk.jartool jdk.javadoc jdk.jcmd jdk.management jdk.management.agent jdk.jconsole jdk.jdeps jdk.jdwp.agent jdk.jdi jdk.jfr jdk.jshell jdk.jsobject jdk.jstatd jdk.localedata jdk.management.jfr jdk.naming.dns jdk.naming.rmi jdk.net jdk.nio.mapmode jdk.random jdk.sctp jdk.security.auth jdk.security.jgss jdk.unsupported jdk.unsupported.desktop jdk.xml.dom" 

Environment Variables:
JAVA_HOME=C:\Program Files\Java\jdk-25
PATH=C:\Program Files\Java\jdk-25\bin;C:\Program Files\Common Files\Oracle\Java\javapath;C:\oraclexe\app\oracle\product\11.2.0\server\bin;C:\Program Files (x86)\VMware\VMware Workstation\bin\;C:\Windows\system32;C:\Windows;C:\Windows\System32\Wbem;C:\Windows\System32\WindowsPowerShell\v1.0\;C:\Windows\System32\OpenSSH\;C:\Program Files\Git\cmd;C:\ProgramData\ComposerSetup\bin;C:\Program Files\nodejs\;C:\Program Files\Vagrant\bin;C:\Users\LENOVO\Downloads\apache-maven-3.9.12-bin\bin;C:\Users\LENOVO\AppData\Local\Programs\Python\Python314\Scripts\;C:\Users\LENOVO\AppData\Local\Programs\Python\Python314\;C:\Users\LENOVO\AppData\Local\Programs\Python\Launcher\;C:\Users\LENOVO\scoop\shims;C:\Users\LENOVO\AppData\Local\Microsoft\WindowsApps;C:\Users\LENOVO\AppData\Local\Programs\Microsoft VS Code\bin;C:\xampp\php;C:\Users\LENOVO\AppData\Roaming\Composer\vendor\bin;C:\Users\LENOVO\AppData\Roaming\npm
USERNAME=LENOVO
OS=Windows_NT
PROCESSOR_IDENTIFIER=Intel64 Family 6 Model 142 Stepping 10, GenuineIntel
TMP=C:\PROGRA~1\KMSpico\temp
TEMP=C:\PROGRA~1\KMSpico\temp




Periodic native trim disabled

---------------  S Y S T E M  ---------------

OS:
 Windows 10 , 64 bit Build 19041 (10.0.19041.1348)
OS uptime: 0 days 6:51 hours

CPU: total 8 (initial active 8) (4 cores per cpu, 2 threads per core) family 6 model 142 stepping 10 microcode 0xb4, cx8, cmov, fxsr, ht, mmx, 3dnowpref, sse, sse2, sse3, ssse3, sse4.1, sse4.2, popcnt, lzcnt, tsc, tscinvbit, avx, avx2, aes, erms, clmul, bmi1, bmi2, adx, fma, vzeroupper, clflush, clflushopt, rdtscp, f16c
Processor Information for the first 8 processors :
  Max Mhz: 1801, Current Mhz: 1600, Mhz Limit: 1584

Memory: 4k page, system-wide physical 8058M (365M free)
TotalPageFile size 19387M (AvailPageFile size 73M)
current process WorkingSet (physical memory assigned to process): 67M, peak: 833M
current process commit charge ("private bytes"): 1577M, peak: 1584M

vm_info: OpenJDK 64-Bit Server VM (21.0.10+7-LTS) for windows-amd64 JRE (21.0.10+7-LTS), built on 2026-01-20T00:00:00Z by "admin" with MS VC++ 17.12 (VS2022)

END.
