#
# There is insufficient memory for the Java Runtime Environment to continue.
# Native memory allocation (mmap) failed to map 105906176 bytes. Error detail: G1 virtual space
# Possible reasons:
#   The system is out of physical RAM or swap space
#   This process is running with CompressedOops enabled, and the Java Heap may be blocking the growth of the native heap
# Possible solutions:
#   Reduce memory load on the system
#   Increase physical memory or swap space
#   Check if swap backing store is full
#   Decrease Java heap size (-Xmx/-Xms)
#   Decrease number of Java threads
#   Decrease Java thread stack sizes (-Xss)
#   Set larger code cache with -XX:ReservedCodeCacheSize=
#   JVM is running with Unscaled Compressed Oops mode in which the Java heap is
#     placed in the first 4GB address space. The Java Heap base address is the
#     maximum limit for the native heap growth. Please use -XX:HeapBaseMinAddress
#     to set the Java Heap base and to place the Java Heap above 4GB virtual address.
# This output file may be truncated or incomplete.
#
#  Out of Memory Error (os_windows.cpp:3830), pid=15464, tid=9264
#
# JRE version: OpenJDK Runtime Environment JBR-17.0.14+1-1367.22-nomod (17.0.14+1) (build 17.0.14+1-b1367.22)
# Java VM: OpenJDK 64-Bit Server VM JBR-17.0.14+1-1367.22-nomod (17.0.14+1-b1367.22, mixed mode, emulated-client, sharing, tiered, compressed oops, compressed class ptrs, g1 gc, windows-amd64)
# No core dump will be written. Minidumps are not enabled by default on client versions of Windows
#

---------------  S U M M A R Y ------------

Command Line: -XX:TieredStopAtLevel=1 -Dspring.output.ansi.enabled=always -Dcom.sun.management.jmxremote -Dspring.jmx.enabled=true -Dspring.liveBeansView.mbeanDomain -Dspring.application.admin.enabled=true -Dmanagement.endpoints.jmx.exposure.include=* -javaagent:C:\Program Files\JetBrains\IntelliJ IDEA 2024.3.2.1\lib\idea_rt.jar=62927:C:\Program Files\JetBrains\IntelliJ IDEA 2024.3.2.1\bin -Dfile.encoding=UTF-8 tn.esprit.projetintegre.ProjetIntegreApplication

Host: Intel(R) Core(TM) i5-8250U CPU @ 1.60GHz, 8 cores, 7G,  Windows 10 , 64 bit Build 19041 (10.0.19041.1348)
Time: Tue Mar  3 13:25:48 2026 Paris, Madrid elapsed time: 17.161820 seconds (0d 0h 0m 17s)

---------------  T H R E A D  ---------------

Current thread (0x000002d695f71c30):  VMThread "VM Thread" [stack: 0x000000e3c8900000,0x000000e3c8a00000] [id=9264]

Stack: [0x000000e3c8900000,0x000000e3c8a00000]
Native frames: (J=compiled Java code, j=interpreted, Vv=VM code, C=native code)
V  [jvm.dll+0x68b969]

VM_Operation (0x000000e3ca7f0220): G1CollectForAllocation, mode: safepoint, requested by thread 0x000002d6d7de6950


---------------  P R O C E S S  ---------------

Threads class SMR info:
_java_thread_list=0x000002d6de7d7730, length=27, elements={
0x000002d6881a65a0, 0x000002d695f78e80, 0x000002d695f7a4a0, 0x000002d695f887d0,
0x000002d695f89650, 0x000002d695f8e8e0, 0x000002d695f902b0, 0x000002d695f9c250,
0x000002d695fa2420, 0x000002d6d72f26c0, 0x000002d695f5fbb0, 0x000002d6d72fe350,
0x000002d6d7302880, 0x000002d6d72f0d70, 0x000002d6d72f21b0, 0x000002d6d72f1ca0,
0x000002d6d72f0350, 0x000002d6d72f1280, 0x000002d6d72f2bd0, 0x000002d6d72f30e0,
0x000002d6d72f1790, 0x000002d6d7de6950, 0x000002d6d7de6440, 0x000002d6d7de4af0,
0x000002d6d7de2270, 0x000002d6d7de2780, 0x000002d6d7de5000
}

Java Threads: ( => current thread )
  0x000002d6881a65a0 JavaThread "main" [_thread_blocked, id=15840, stack(0x000000e3c8300000,0x000000e3c8400000)]
  0x000002d695f78e80 JavaThread "Reference Handler" daemon [_thread_blocked, id=14472, stack(0x000000e3c8a00000,0x000000e3c8b00000)]
  0x000002d695f7a4a0 JavaThread "Finalizer" daemon [_thread_blocked, id=8196, stack(0x000000e3c8b00000,0x000000e3c8c00000)]
  0x000002d695f887d0 JavaThread "Signal Dispatcher" daemon [_thread_blocked, id=14388, stack(0x000000e3c8c00000,0x000000e3c8d00000)]
  0x000002d695f89650 JavaThread "Attach Listener" daemon [_thread_blocked, id=1392, stack(0x000000e3c8d00000,0x000000e3c8e00000)]
  0x000002d695f8e8e0 JavaThread "Service Thread" daemon [_thread_blocked, id=7544, stack(0x000000e3c8e00000,0x000000e3c8f00000)]
  0x000002d695f902b0 JavaThread "Monitor Deflation Thread" daemon [_thread_blocked, id=15620, stack(0x000000e3c8f00000,0x000000e3c9000000)]
  0x000002d695f9c250 JavaThread "C1 CompilerThread0" daemon [_thread_blocked, id=15608, stack(0x000000e3c9000000,0x000000e3c9100000)]
  0x000002d695fa2420 JavaThread "Sweeper thread" daemon [_thread_blocked, id=7020, stack(0x000000e3c9100000,0x000000e3c9200000)]
  0x000002d6d72f26c0 JavaThread "Common-Cleaner" daemon [_thread_blocked, id=11064, stack(0x000000e3c9200000,0x000000e3c9300000)]
  0x000002d695f5fbb0 JavaThread "C1 CompilerThread1" daemon [_thread_blocked, id=15472, stack(0x000000e3c9300000,0x000000e3c9400000)]
  0x000002d6d72fe350 JavaThread "C1 CompilerThread2" daemon [_thread_blocked, id=14832, stack(0x000000e3c9400000,0x000000e3c9500000)]
  0x000002d6d7302880 JavaThread "C1 CompilerThread3" daemon [_thread_blocked, id=5560, stack(0x000000e3c9500000,0x000000e3c9600000)]
  0x000002d6d72f0d70 JavaThread "Monitor Ctrl-Break" daemon [_thread_in_native, id=8708, stack(0x000000e3c9600000,0x000000e3c9700000)]
  0x000002d6d72f21b0 JavaThread "Notification Thread" daemon [_thread_blocked, id=13096, stack(0x000000e3c9700000,0x000000e3c9800000)]
  0x000002d6d72f1ca0 JavaThread "RMI TCP Accept-0" daemon [_thread_in_native, id=12152, stack(0x000000e3c9800000,0x000000e3c9900000)]
  0x000002d6d72f0350 JavaThread "RMI TCP Connection(1)-192.168.56.1" daemon [_thread_blocked, id=15220, stack(0x000000e3c9a00000,0x000000e3c9b00000)]
  0x000002d6d72f1280 JavaThread "RMI Scheduler(0)" daemon [_thread_blocked, id=15440, stack(0x000000e3c9b00000,0x000000e3c9c00000)]
  0x000002d6d72f2bd0 JavaThread "JMX server connection timeout 20" daemon [_thread_blocked, id=11024, stack(0x000000e3c9c00000,0x000000e3c9d00000)]
  0x000002d6d72f30e0 JavaThread "RMI TCP Connection(2)-192.168.56.1" daemon [_thread_blocked, id=15488, stack(0x000000e3c9d00000,0x000000e3c9e00000)]
  0x000002d6d72f1790 JavaThread "Thread-0" [_thread_blocked, id=15916, stack(0x000000e3c9e00000,0x000000e3c9f00000)]
  0x000002d6d7de6950 JavaThread "restartedMain" [_thread_blocked, id=11628, stack(0x000000e3ca700000,0x000000e3ca800000)]
  0x000002d6d7de6440 JavaThread "mysql-cj-abandoned-connection-cleanup" daemon [_thread_blocked, id=3840, stack(0x000000e3ca800000,0x000000e3ca900000)]
  0x000002d6d7de4af0 JavaThread "HikariPool-1 housekeeper" daemon [_thread_blocked, id=4444, stack(0x000000e3cab00000,0x000000e3cac00000)]
  0x000002d6d7de2270 JavaThread "Catalina-utility-1" [_thread_blocked, id=264, stack(0x000000e3cac00000,0x000000e3cad00000)]
  0x000002d6d7de2780 JavaThread "Catalina-utility-2" [_thread_blocked, id=13776, stack(0x000000e3cad00000,0x000000e3cae00000)]
  0x000002d6d7de5000 JavaThread "container-0" [_thread_blocked, id=11376, stack(0x000000e3cae00000,0x000000e3caf00000)]

Other Threads:
=>0x000002d695f71c30 VMThread "VM Thread" [stack: 0x000000e3c8900000,0x000000e3c8a00000] [id=9264]
  0x000002d6881a7560 WatcherThread [stack: 0x000000e3c9900000,0x000000e3c9a00000] [id=520]
  0x000002d6882004f0 GCTaskThread "GC Thread#0" [stack: 0x000000e3c8400000,0x000000e3c8500000] [id=16196]
  0x000002d6d7d1fdf0 GCTaskThread "GC Thread#1" [stack: 0x000000e3c9f00000,0x000000e3ca000000] [id=14536]
  0x000002d6d7d1e1d0 GCTaskThread "GC Thread#2" [stack: 0x000000e3ca000000,0x000000e3ca100000] [id=15016]
  0x000002d6d7c624f0 GCTaskThread "GC Thread#3" [stack: 0x000000e3ca100000,0x000000e3ca200000] [id=13308]
  0x000002d6d7d17a30 GCTaskThread "GC Thread#4" [stack: 0x000000e3ca200000,0x000000e3ca300000] [id=15524]
  0x000002d6d7d39ac0 GCTaskThread "GC Thread#5" [stack: 0x000000e3ca300000,0x000000e3ca400000] [id=15324]
  0x000002d6d7ce01f0 GCTaskThread "GC Thread#6" [stack: 0x000000e3ca400000,0x000000e3ca500000] [id=14044]
  0x000002d6d7ce04b0 GCTaskThread "GC Thread#7" [stack: 0x000000e3ca500000,0x000000e3ca600000] [id=11956]
  0x000002d688211040 ConcurrentGCThread "G1 Main Marker" [stack: 0x000000e3c8500000,0x000000e3c8600000] [id=8456]
  0x000002d688212200 ConcurrentGCThread "G1 Conc#0" [stack: 0x000000e3c8600000,0x000000e3c8700000] [id=15676]
  0x000002d6dcc536c0 ConcurrentGCThread "G1 Conc#1" [stack: 0x000000e3ca900000,0x000000e3caa00000] [id=16300]
  0x000002d68825ea70 ConcurrentGCThread "G1 Refine#0" [stack: 0x000000e3c8700000,0x000000e3c8800000] [id=13864]
  0x000002d6d7d16060 ConcurrentGCThread "G1 Refine#1" [stack: 0x000000e3ca600000,0x000000e3ca700000] [id=15312]
  0x000002d6de1f0ed0 ConcurrentGCThread "G1 Refine#2" [stack: 0x000000e3caf00000,0x000000e3cb000000] [id=10384]
  0x000002d695e2b660 ConcurrentGCThread "G1 Service" [stack: 0x000000e3c8800000,0x000000e3c8900000] [id=15828]

Threads with active compile tasks:

VM state: at safepoint (normal execution)

VM Mutex/Monitor currently owned by a thread:  ([mutex/lock_event])
[0x000002d6881a2430] Threads_lock - owner thread: 0x000002d695f71c30
[0x000002d6881a2940] Heap_lock - owner thread: 0x000002d6d7de6950

Heap address: 0x0000000082000000, size: 2016 MB, Compressed Oops mode: 32-bit

CDS archive(s) mapped at: [0x000002d696000000-0x000002d696c00000-0x000002d696c00000), size 12582912, SharedBaseAddress: 0x000002d696000000, ArchiveRelocationMode: 1.
Compressed class space mapped at: 0x000002d697000000-0x000002d6d7000000, reserved size: 1073741824
Narrow klass base: 0x000002d696000000, Narrow klass shift: 0, Narrow klass range: 0x100000000

GC Precious Log:
 CPUs: 8 total, 8 available
 Memory: 8058M
 Large Page Support: Disabled
 NUMA Support: Disabled
 Compressed Oops: Enabled (32-bit)
 Heap Region Size: 1M
 Heap Min Capacity: 8M
 Heap Initial Capacity: 126M
 Heap Max Capacity: 2016M
 Pre-touch: Disabled
 Parallel Workers: 8
 Concurrent Workers: 2
 Concurrent Refinement Workers: 8
 Periodic GC: Disabled

Heap:
 garbage-first heap   total 211968K, used 96938K [0x0000000082000000, 0x0000000100000000)
  region size 1024K, 9 young (9216K), 9 survivors (9216K)
 Metaspace       used 80933K, committed 81664K, reserved 1179648K
  class space    used 11627K, committed 11968K, reserved 1048576K

Heap Regions: E=young(eden), S=young(survivor), O=old, HS=humongous(starts), HC=humongous(continues), CS=collection set, F=free, OA=open archive, CA=closed archive, TAMS=top-at-mark-start (previous, next)
|   0|0x0000000082000000, 0x0000000082100000, 0x0000000082100000|100%|HS|  |TAMS 0x0000000082100000, 0x0000000082000000| Complete 
|   1|0x0000000082100000, 0x0000000082200000, 0x0000000082200000|100%| O|  |TAMS 0x0000000082200000, 0x0000000082100000| Untracked 
|   2|0x0000000082200000, 0x0000000082300000, 0x0000000082300000|100%| O|  |TAMS 0x0000000082300000, 0x0000000082200000| Untracked 
|   3|0x0000000082300000, 0x0000000082400000, 0x0000000082400000|100%| O|  |TAMS 0x0000000082400000, 0x0000000082300000| Untracked 
|   4|0x0000000082400000, 0x0000000082500000, 0x0000000082500000|100%| O|  |TAMS 0x0000000082500000, 0x0000000082400000| Untracked 
|   5|0x0000000082500000, 0x0000000082600000, 0x0000000082600000|100%| O|  |TAMS 0x0000000082600000, 0x0000000082500000| Untracked 
|   6|0x0000000082600000, 0x0000000082700000, 0x0000000082700000|100%| O|  |TAMS 0x0000000082700000, 0x0000000082600000| Untracked 
|   7|0x0000000082700000, 0x0000000082800000, 0x0000000082800000|100%| O|  |TAMS 0x0000000082800000, 0x0000000082700000| Untracked 
|   8|0x0000000082800000, 0x0000000082900000, 0x0000000082900000|100%| O|  |TAMS 0x0000000082900000, 0x0000000082800000| Untracked 
|   9|0x0000000082900000, 0x0000000082a00000, 0x0000000082a00000|100%| O|  |TAMS 0x0000000082a00000, 0x0000000082900000| Untracked 
|  10|0x0000000082a00000, 0x0000000082b00000, 0x0000000082b00000|100%| O|  |TAMS 0x0000000082b00000, 0x0000000082a00000| Untracked 
|  11|0x0000000082b00000, 0x0000000082c00000, 0x0000000082c00000|100%| O|  |TAMS 0x0000000082c00000, 0x0000000082b00000| Untracked 
|  12|0x0000000082c00000, 0x0000000082d00000, 0x0000000082d00000|100%| O|  |TAMS 0x0000000082d00000, 0x0000000082c00000| Untracked 
|  13|0x0000000082d00000, 0x0000000082e00000, 0x0000000082e00000|100%| O|  |TAMS 0x0000000082e00000, 0x0000000082d00000| Untracked 
|  14|0x0000000082e00000, 0x0000000082f00000, 0x0000000082f00000|100%| O|  |TAMS 0x0000000082f00000, 0x0000000082e00000| Untracked 
|  15|0x0000000082f00000, 0x0000000083000000, 0x0000000083000000|100%| O|  |TAMS 0x0000000083000000, 0x0000000082f00000| Untracked 
|  16|0x0000000083000000, 0x0000000083100000, 0x0000000083100000|100%| O|  |TAMS 0x0000000083100000, 0x0000000083000000| Untracked 
|  17|0x0000000083100000, 0x0000000083200000, 0x0000000083200000|100%| O|  |TAMS 0x0000000083200000, 0x0000000083100000| Untracked 
|  18|0x0000000083200000, 0x0000000083300000, 0x0000000083300000|100%| O|  |TAMS 0x0000000083300000, 0x0000000083200000| Untracked 
|  19|0x0000000083300000, 0x0000000083400000, 0x0000000083400000|100%| O|  |TAMS 0x0000000083400000, 0x0000000083300000| Untracked 
|  20|0x0000000083400000, 0x0000000083500000, 0x0000000083500000|100%| O|  |TAMS 0x0000000083500000, 0x0000000083400000| Untracked 
|  21|0x0000000083500000, 0x0000000083600000, 0x0000000083600000|100%| O|  |TAMS 0x0000000083600000, 0x0000000083500000| Untracked 
|  22|0x0000000083600000, 0x0000000083700000, 0x0000000083700000|100%| O|  |TAMS 0x0000000083700000, 0x0000000083600000| Untracked 
|  23|0x0000000083700000, 0x0000000083800000, 0x0000000083800000|100%| O|  |TAMS 0x0000000083800000, 0x0000000083700000| Untracked 
|  24|0x0000000083800000, 0x0000000083900000, 0x0000000083900000|100%| O|  |TAMS 0x0000000083900000, 0x0000000083800000| Untracked 
|  25|0x0000000083900000, 0x0000000083a00000, 0x0000000083a00000|100%| O|  |TAMS 0x0000000083a00000, 0x0000000083900000| Untracked 
|  26|0x0000000083a00000, 0x0000000083b00000, 0x0000000083b00000|100%| O|  |TAMS 0x0000000083b00000, 0x0000000083a00000| Untracked 
|  27|0x0000000083b00000, 0x0000000083c00000, 0x0000000083c00000|100%| O|  |TAMS 0x0000000083c00000, 0x0000000083b00000| Untracked 
|  28|0x0000000083c00000, 0x0000000083d00000, 0x0000000083d00000|100%| O|  |TAMS 0x0000000083d00000, 0x0000000083c00000| Untracked 
|  29|0x0000000083d00000, 0x0000000083e00000, 0x0000000083e00000|100%| O|  |TAMS 0x0000000083e00000, 0x0000000083d00000| Untracked 
|  30|0x0000000083e00000, 0x0000000083f00000, 0x0000000083f00000|100%| O|  |TAMS 0x0000000083f00000, 0x0000000083e00000| Untracked 
|  31|0x0000000083f00000, 0x0000000084000000, 0x0000000084000000|100%| O|  |TAMS 0x0000000084000000, 0x0000000083f00000| Untracked 
|  32|0x0000000084000000, 0x0000000084100000, 0x0000000084100000|100%| O|  |TAMS 0x0000000084100000, 0x0000000084000000| Untracked 
|  33|0x0000000084100000, 0x0000000084200000, 0x0000000084200000|100%| O|  |TAMS 0x0000000084200000, 0x0000000084100000| Untracked 
|  34|0x0000000084200000, 0x0000000084300000, 0x0000000084300000|100%| O|  |TAMS 0x0000000084300000, 0x0000000084200000| Untracked 
|  35|0x0000000084300000, 0x0000000084400000, 0x0000000084400000|100%| O|  |TAMS 0x0000000084300000, 0x0000000084300000| Untracked 
|  36|0x0000000084400000, 0x0000000084500000, 0x0000000084500000|100%| O|  |TAMS 0x0000000084500000, 0x0000000084400000| Untracked 
|  37|0x0000000084500000, 0x0000000084600000, 0x0000000084600000|100%| O|  |TAMS 0x0000000084600000, 0x0000000084500000| Untracked 
|  38|0x0000000084600000, 0x0000000084700000, 0x0000000084700000|100%| O|  |TAMS 0x0000000084700000, 0x0000000084600000| Untracked 
|  39|0x0000000084700000, 0x0000000084800000, 0x0000000084800000|100%| O|  |TAMS 0x0000000084800000, 0x0000000084700000| Untracked 
|  40|0x0000000084800000, 0x0000000084900000, 0x0000000084900000|100%| O|  |TAMS 0x0000000084900000, 0x0000000084800000| Untracked 
|  41|0x0000000084900000, 0x0000000084a00000, 0x0000000084a00000|100%| O|  |TAMS 0x0000000084a00000, 0x0000000084900000| Untracked 
|  42|0x0000000084a00000, 0x0000000084b00000, 0x0000000084b00000|100%| O|  |TAMS 0x0000000084b00000, 0x0000000084a00000| Untracked 
|  43|0x0000000084b00000, 0x0000000084c00000, 0x0000000084c00000|100%| O|  |TAMS 0x0000000084c00000, 0x0000000084b00000| Untracked 
|  44|0x0000000084c00000, 0x0000000084d00000, 0x0000000084d00000|100%| O|  |TAMS 0x0000000084d00000, 0x0000000084c00000| Untracked 
|  45|0x0000000084d00000, 0x0000000084e00000, 0x0000000084e00000|100%| O|  |TAMS 0x0000000084e00000, 0x0000000084d00000| Untracked 
|  46|0x0000000084e00000, 0x0000000084f00000, 0x0000000084f00000|100%| O|  |TAMS 0x0000000084f00000, 0x0000000084e00000| Untracked 
|  47|0x0000000084f00000, 0x0000000085000000, 0x0000000085000000|100%| O|  |TAMS 0x0000000085000000, 0x0000000084f00000| Untracked 
|  48|0x0000000085000000, 0x0000000085100000, 0x0000000085100000|100%| O|  |TAMS 0x0000000085100000, 0x0000000085000000| Untracked 
|  49|0x0000000085100000, 0x0000000085200000, 0x0000000085200000|100%| O|  |TAMS 0x0000000085200000, 0x0000000085100000| Untracked 
|  50|0x0000000085200000, 0x0000000085300000, 0x0000000085300000|100%| O|  |TAMS 0x0000000085300000, 0x0000000085200000| Untracked 
|  51|0x0000000085300000, 0x0000000085400000, 0x0000000085400000|100%| O|  |TAMS 0x0000000085400000, 0x0000000085300000| Untracked 
|  52|0x0000000085400000, 0x0000000085500000, 0x0000000085500000|100%| O|  |TAMS 0x0000000085500000, 0x0000000085400000| Untracked 
|  53|0x0000000085500000, 0x0000000085600000, 0x0000000085600000|100%| O|  |TAMS 0x0000000085600000, 0x0000000085500000| Untracked 
|  54|0x0000000085600000, 0x0000000085700000, 0x0000000085700000|100%| O|  |TAMS 0x0000000085700000, 0x0000000085600000| Untracked 
|  55|0x0000000085700000, 0x0000000085800000, 0x0000000085800000|100%| O|  |TAMS 0x0000000085800000, 0x0000000085700000| Untracked 
|  56|0x0000000085800000, 0x0000000085900000, 0x0000000085900000|100%| O|  |TAMS 0x0000000085900000, 0x0000000085800000| Untracked 
|  57|0x0000000085900000, 0x0000000085a00000, 0x0000000085a00000|100%| O|  |TAMS 0x0000000085a00000, 0x0000000085900000| Untracked 
|  58|0x0000000085a00000, 0x0000000085b00000, 0x0000000085b00000|100%| O|  |TAMS 0x0000000085a53000, 0x0000000085a00000| Untracked 
|  59|0x0000000085b00000, 0x0000000085c00000, 0x0000000085c00000|100%| O|  |TAMS 0x0000000085b00000, 0x0000000085b00000| Untracked 
|  60|0x0000000085c00000, 0x0000000085d00000, 0x0000000085d00000|100%| O|  |TAMS 0x0000000085c00000, 0x0000000085c00000| Untracked 
|  61|0x0000000085d00000, 0x0000000085e00000, 0x0000000085e00000|100%| O|  |TAMS 0x0000000085d00000, 0x0000000085d00000| Untracked 
|  62|0x0000000085e00000, 0x0000000085f00000, 0x0000000085f00000|100%| O|  |TAMS 0x0000000085e00000, 0x0000000085e00000| Untracked 
|  63|0x0000000085f00000, 0x0000000086000000, 0x0000000086000000|100%| O|  |TAMS 0x0000000085f00000, 0x0000000085f00000| Untracked 
|  64|0x0000000086000000, 0x0000000086100000, 0x0000000086100000|100%| O|  |TAMS 0x0000000086000000, 0x0000000086000000| Untracked 
|  65|0x0000000086100000, 0x0000000086200000, 0x0000000086200000|100%| O|  |TAMS 0x0000000086100000, 0x0000000086100000| Untracked 
|  66|0x0000000086200000, 0x0000000086300000, 0x0000000086300000|100%| O|  |TAMS 0x0000000086200000, 0x0000000086200000| Untracked 
|  67|0x0000000086300000, 0x0000000086400000, 0x0000000086400000|100%| O|  |TAMS 0x0000000086300000, 0x0000000086300000| Untracked 
|  68|0x0000000086400000, 0x0000000086500000, 0x0000000086500000|100%| O|  |TAMS 0x0000000086400000, 0x0000000086400000| Untracked 
|  69|0x0000000086500000, 0x0000000086600000, 0x0000000086600000|100%| O|  |TAMS 0x0000000086500000, 0x0000000086500000| Untracked 
|  70|0x0000000086600000, 0x0000000086700000, 0x0000000086700000|100%| O|  |TAMS 0x0000000086600000, 0x0000000086600000| Untracked 
|  71|0x0000000086700000, 0x0000000086800000, 0x0000000086800000|100%| O|  |TAMS 0x0000000086700000, 0x0000000086700000| Untracked 
|  72|0x0000000086800000, 0x0000000086900000, 0x0000000086900000|100%| O|  |TAMS 0x0000000086800000, 0x0000000086800000| Untracked 
|  73|0x0000000086900000, 0x0000000086a00000, 0x0000000086a00000|100%| O|  |TAMS 0x0000000086900000, 0x0000000086900000| Untracked 
|  74|0x0000000086a00000, 0x0000000086b00000, 0x0000000086b00000|100%| O|  |TAMS 0x0000000086a00000, 0x0000000086a00000| Untracked 
|  75|0x0000000086b00000, 0x0000000086c00000, 0x0000000086c00000|100%| O|  |TAMS 0x0000000086b00000, 0x0000000086b00000| Untracked 
|  76|0x0000000086c00000, 0x0000000086d00000, 0x0000000086d00000|100%| O|  |TAMS 0x0000000086c00000, 0x0000000086c00000| Untracked 
|  77|0x0000000086d00000, 0x0000000086e00000, 0x0000000086e00000|100%| O|  |TAMS 0x0000000086d00000, 0x0000000086d00000| Untracked 
|  78|0x0000000086e00000, 0x0000000086f00000, 0x0000000086f00000|100%| O|  |TAMS 0x0000000086e00000, 0x0000000086e00000| Untracked 
|  79|0x0000000086f00000, 0x0000000087000000, 0x0000000087000000|100%| O|  |TAMS 0x0000000086f00000, 0x0000000086f00000| Untracked 
|  80|0x0000000087000000, 0x0000000087100000, 0x0000000087100000|100%| O|  |TAMS 0x0000000087000000, 0x0000000087000000| Untracked 
|  81|0x0000000087100000, 0x0000000087200000, 0x0000000087200000|100%| O|  |TAMS 0x0000000087100000, 0x0000000087100000| Untracked 
|  82|0x0000000087200000, 0x0000000087300000, 0x0000000087300000|100%| O|  |TAMS 0x0000000087200000, 0x0000000087200000| Untracked 
|  83|0x0000000087300000, 0x0000000087400000, 0x0000000087400000|100%| O|  |TAMS 0x0000000087300000, 0x0000000087300000| Untracked 
|  84|0x0000000087400000, 0x0000000087500000, 0x0000000087500000|100%| O|  |TAMS 0x0000000087400000, 0x0000000087400000| Untracked 
|  85|0x0000000087500000, 0x00000000875d0e00, 0x0000000087600000| 81%| O|  |TAMS 0x0000000087500000, 0x0000000087500000| Untracked 
|  86|0x0000000087600000, 0x0000000087600000, 0x0000000087700000|  0%| F|  |TAMS 0x0000000087600000, 0x0000000087600000| Untracked 
|  87|0x0000000087700000, 0x0000000087700000, 0x0000000087800000|  0%| F|  |TAMS 0x0000000087700000, 0x0000000087700000| Untracked 
|  88|0x0000000087800000, 0x0000000087800000, 0x0000000087900000|  0%| F|  |TAMS 0x0000000087800000, 0x0000000087800000| Untracked 
|  89|0x0000000087900000, 0x0000000087900000, 0x0000000087a00000|  0%| F|  |TAMS 0x0000000087900000, 0x0000000087900000| Untracked 
|  90|0x0000000087a00000, 0x0000000087a00000, 0x0000000087b00000|  0%| F|  |TAMS 0x0000000087a00000, 0x0000000087a00000| Untracked 
|  91|0x0000000087b00000, 0x0000000087b00000, 0x0000000087c00000|  0%| F|  |TAMS 0x0000000087b00000, 0x0000000087b00000| Untracked 
|  92|0x0000000087c00000, 0x0000000087c00000, 0x0000000087d00000|  0%| F|  |TAMS 0x0000000087c00000, 0x0000000087c00000| Untracked 
|  93|0x0000000087d00000, 0x0000000087d00000, 0x0000000087e00000|  0%| F|  |TAMS 0x0000000087d00000, 0x0000000087d00000| Untracked 
|  94|0x0000000087e00000, 0x0000000087e00000, 0x0000000087f00000|  0%| F|  |TAMS 0x0000000087e00000, 0x0000000087e00000| Untracked 
|  95|0x0000000087f00000, 0x0000000087f00000, 0x0000000088000000|  0%| F|  |TAMS 0x0000000087f00000, 0x0000000087f00000| Untracked 
|  96|0x0000000088000000, 0x0000000088000000, 0x0000000088100000|  0%| F|  |TAMS 0x0000000088000000, 0x0000000088000000| Untracked 
|  97|0x0000000088100000, 0x0000000088100000, 0x0000000088200000|  0%| F|  |TAMS 0x0000000088100000, 0x0000000088100000| Untracked 
|  98|0x0000000088200000, 0x0000000088200000, 0x0000000088300000|  0%| F|  |TAMS 0x0000000088200000, 0x0000000088200000| Untracked 
|  99|0x0000000088300000, 0x0000000088300000, 0x0000000088400000|  0%| F|  |TAMS 0x0000000088300000, 0x0000000088300000| Untracked 
| 100|0x0000000088400000, 0x0000000088400000, 0x0000000088500000|  0%| F|  |TAMS 0x0000000088400000, 0x0000000088400000| Untracked 
| 101|0x0000000088500000, 0x0000000088500000, 0x0000000088600000|  0%| F|  |TAMS 0x0000000088500000, 0x0000000088500000| Untracked 
| 102|0x0000000088600000, 0x0000000088600000, 0x0000000088700000|  0%| F|  |TAMS 0x0000000088600000, 0x0000000088600000| Untracked 
| 103|0x0000000088700000, 0x0000000088700000, 0x0000000088800000|  0%| F|  |TAMS 0x0000000088700000, 0x0000000088700000| Untracked 
| 104|0x0000000088800000, 0x0000000088800000, 0x0000000088900000|  0%| F|  |TAMS 0x0000000088800000, 0x0000000088800000| Untracked 
| 105|0x0000000088900000, 0x0000000088900000, 0x0000000088a00000|  0%| F|  |TAMS 0x0000000088900000, 0x0000000088900000| Untracked 
| 106|0x0000000088a00000, 0x0000000088a00000, 0x0000000088b00000|  0%| F|  |TAMS 0x0000000088a00000, 0x0000000088a00000| Untracked 
| 107|0x0000000088b00000, 0x0000000088b00000, 0x0000000088c00000|  0%| F|  |TAMS 0x0000000088b00000, 0x0000000088b00000| Untracked 
| 108|0x0000000088c00000, 0x0000000088c00000, 0x0000000088d00000|  0%| F|  |TAMS 0x0000000088c00000, 0x0000000088c00000| Untracked 
| 109|0x0000000088d00000, 0x0000000088d00000, 0x0000000088e00000|  0%| F|  |TAMS 0x0000000088d00000, 0x0000000088d00000| Untracked 
| 110|0x0000000088e00000, 0x0000000088e00000, 0x0000000088f00000|  0%| F|  |TAMS 0x0000000088e00000, 0x0000000088e00000| Untracked 
| 111|0x0000000088f00000, 0x0000000088f00000, 0x0000000089000000|  0%| F|  |TAMS 0x0000000088f00000, 0x0000000088f00000| Untracked 
| 112|0x0000000089000000, 0x0000000089000000, 0x0000000089100000|  0%| F|  |TAMS 0x0000000089000000, 0x0000000089000000| Untracked 
| 113|0x0000000089100000, 0x0000000089100000, 0x0000000089200000|  0%| F|  |TAMS 0x0000000089100000, 0x0000000089100000| Untracked 
| 114|0x0000000089200000, 0x0000000089200000, 0x0000000089300000|  0%| F|  |TAMS 0x0000000089200000, 0x0000000089200000| Untracked 
| 115|0x0000000089300000, 0x0000000089300000, 0x0000000089400000|  0%| F|  |TAMS 0x0000000089300000, 0x0000000089300000| Untracked 
| 116|0x0000000089400000, 0x0000000089400000, 0x0000000089500000|  0%| F|  |TAMS 0x0000000089400000, 0x0000000089400000| Untracked 
| 117|0x0000000089500000, 0x0000000089500000, 0x0000000089600000|  0%| F|  |TAMS 0x0000000089500000, 0x0000000089500000| Untracked 
| 118|0x0000000089600000, 0x00000000896d9c60, 0x0000000089700000| 85%| S|CS|TAMS 0x0000000089600000, 0x0000000089600000| Complete 
| 119|0x0000000089700000, 0x0000000089800000, 0x0000000089800000|100%| S|CS|TAMS 0x0000000089700000, 0x0000000089700000| Complete 
| 120|0x0000000089800000, 0x0000000089900000, 0x0000000089900000|100%| S|CS|TAMS 0x0000000089800000, 0x0000000089800000| Complete 
| 121|0x0000000089900000, 0x0000000089a00000, 0x0000000089a00000|100%| S|CS|TAMS 0x0000000089900000, 0x0000000089900000| Complete 
| 122|0x0000000089a00000, 0x0000000089b00000, 0x0000000089b00000|100%| S|CS|TAMS 0x0000000089a00000, 0x0000000089a00000| Complete 
| 123|0x0000000089b00000, 0x0000000089b00000, 0x0000000089c00000|  0%| F|  |TAMS 0x0000000089b00000, 0x0000000089b00000| Untracked 
| 124|0x0000000089c00000, 0x0000000089c00000, 0x0000000089d00000|  0%| F|  |TAMS 0x0000000089c00000, 0x0000000089c00000| Untracked 
| 125|0x0000000089d00000, 0x0000000089d00000, 0x0000000089e00000|  0%| F|  |TAMS 0x0000000089d00000, 0x0000000089d00000| Untracked 
| 126|0x0000000089e00000, 0x0000000089e00000, 0x0000000089f00000|  0%| F|  |TAMS 0x0000000089e00000, 0x0000000089e00000| Untracked 
| 127|0x0000000089f00000, 0x0000000089f00000, 0x000000008a000000|  0%| F|  |TAMS 0x0000000089f00000, 0x0000000089f00000| Untracked 
| 128|0x000000008a000000, 0x000000008a000000, 0x000000008a100000|  0%| F|  |TAMS 0x000000008a000000, 0x000000008a000000| Untracked 
| 129|0x000000008a100000, 0x000000008a100000, 0x000000008a200000|  0%| F|  |TAMS 0x000000008a100000, 0x000000008a100000| Untracked 
| 130|0x000000008a200000, 0x000000008a200000, 0x000000008a300000|  0%| F|  |TAMS 0x000000008a200000, 0x000000008a200000| Untracked 
| 131|0x000000008a300000, 0x000000008a400000, 0x000000008a400000|100%| S|CS|TAMS 0x000000008a300000, 0x000000008a300000| Complete 
| 132|0x000000008a400000, 0x000000008a500000, 0x000000008a500000|100%| S|CS|TAMS 0x000000008a400000, 0x000000008a400000| Complete 
| 133|0x000000008a500000, 0x000000008a600000, 0x000000008a600000|100%| S|CS|TAMS 0x000000008a500000, 0x000000008a500000| Complete 
| 134|0x000000008a600000, 0x000000008a700000, 0x000000008a700000|100%| S|CS|TAMS 0x000000008a600000, 0x000000008a600000| Complete 
| 135|0x000000008a700000, 0x000000008a700000, 0x000000008a800000|  0%| F|  |TAMS 0x000000008a700000, 0x000000008a700000| Untracked 
| 136|0x000000008a800000, 0x000000008a800000, 0x000000008a900000|  0%| F|  |TAMS 0x000000008a800000, 0x000000008a800000| Untracked 
| 137|0x000000008a900000, 0x000000008a900000, 0x000000008aa00000|  0%| F|  |TAMS 0x000000008a900000, 0x000000008a900000| Untracked 
| 138|0x000000008aa00000, 0x000000008aa00000, 0x000000008ab00000|  0%| F|  |TAMS 0x000000008aa00000, 0x000000008aa00000| Untracked 
| 139|0x000000008ab00000, 0x000000008ab00000, 0x000000008ac00000|  0%| F|  |TAMS 0x000000008ab00000, 0x000000008ab00000| Untracked 
| 140|0x000000008ac00000, 0x000000008ac00000, 0x000000008ad00000|  0%| F|  |TAMS 0x000000008ac00000, 0x000000008ac00000| Untracked 
| 141|0x000000008ad00000, 0x000000008ad00000, 0x000000008ae00000|  0%| F|  |TAMS 0x000000008ad00000, 0x000000008ad00000| Untracked 
| 142|0x000000008ae00000, 0x000000008ae00000, 0x000000008af00000|  0%| F|  |TAMS 0x000000008ae00000, 0x000000008ae00000| Untracked 
| 143|0x000000008af00000, 0x000000008af00000, 0x000000008b000000|  0%| F|  |TAMS 0x000000008af00000, 0x000000008af00000| Untracked 
| 144|0x000000008b000000, 0x000000008b000000, 0x000000008b100000|  0%| F|  |TAMS 0x000000008b000000, 0x000000008b000000| Untracked 
| 145|0x000000008b100000, 0x000000008b100000, 0x000000008b200000|  0%| F|  |TAMS 0x000000008b100000, 0x000000008b100000| Untracked 
| 146|0x000000008b200000, 0x000000008b200000, 0x000000008b300000|  0%| F|  |TAMS 0x000000008b200000, 0x000000008b200000| Untracked 
| 147|0x000000008b300000, 0x000000008b300000, 0x000000008b400000|  0%| F|  |TAMS 0x000000008b300000, 0x000000008b300000| Untracked 
| 148|0x000000008b400000, 0x000000008b400000, 0x000000008b500000|  0%| F|  |TAMS 0x000000008b400000, 0x000000008b400000| Untracked 
| 149|0x000000008b500000, 0x000000008b500000, 0x000000008b600000|  0%| F|  |TAMS 0x000000008b500000, 0x000000008b500000| Untracked 
| 150|0x000000008b600000, 0x000000008b600000, 0x000000008b700000|  0%| F|  |TAMS 0x000000008b600000, 0x000000008b600000| Untracked 
| 151|0x000000008b700000, 0x000000008b700000, 0x000000008b800000|  0%| F|  |TAMS 0x000000008b700000, 0x000000008b700000| Untracked 
| 152|0x000000008b800000, 0x000000008b800000, 0x000000008b900000|  0%| F|  |TAMS 0x000000008b800000, 0x000000008b800000| Untracked 
| 153|0x000000008b900000, 0x000000008b900000, 0x000000008ba00000|  0%| F|  |TAMS 0x000000008b900000, 0x000000008b900000| Untracked 
| 154|0x000000008ba00000, 0x000000008ba00000, 0x000000008bb00000|  0%| F|  |TAMS 0x000000008ba00000, 0x000000008ba00000| Untracked 
| 155|0x000000008bb00000, 0x000000008bb00000, 0x000000008bc00000|  0%| F|  |TAMS 0x000000008bb00000, 0x000000008bb00000| Untracked 
| 156|0x000000008bc00000, 0x000000008bc00000, 0x000000008bd00000|  0%| F|  |TAMS 0x000000008bc00000, 0x000000008bc00000| Untracked 
| 157|0x000000008bd00000, 0x000000008bd00000, 0x000000008be00000|  0%| F|  |TAMS 0x000000008bd00000, 0x000000008bd00000| Untracked 
| 158|0x000000008be00000, 0x000000008be00000, 0x000000008bf00000|  0%| F|  |TAMS 0x000000008be00000, 0x000000008be00000| Untracked 
| 159|0x000000008bf00000, 0x000000008bf00000, 0x000000008c000000|  0%| F|  |TAMS 0x000000008bf00000, 0x000000008bf00000| Untracked 
| 160|0x000000008c000000, 0x000000008c000000, 0x000000008c100000|  0%| F|  |TAMS 0x000000008c000000, 0x000000008c000000| Untracked 
| 161|0x000000008c100000, 0x000000008c100000, 0x000000008c200000|  0%| F|  |TAMS 0x000000008c100000, 0x000000008c100000| Untracked 
| 162|0x000000008c200000, 0x000000008c200000, 0x000000008c300000|  0%| F|  |TAMS 0x000000008c200000, 0x000000008c200000| Untracked 
| 163|0x000000008c300000, 0x000000008c300000, 0x000000008c400000|  0%| F|  |TAMS 0x000000008c300000, 0x000000008c300000| Untracked 
| 164|0x000000008c400000, 0x000000008c400000, 0x000000008c500000|  0%| F|  |TAMS 0x000000008c400000, 0x000000008c400000| Untracked 
| 165|0x000000008c500000, 0x000000008c500000, 0x000000008c600000|  0%| F|  |TAMS 0x000000008c500000, 0x000000008c500000| Untracked 
| 166|0x000000008c600000, 0x000000008c600000, 0x000000008c700000|  0%| F|  |TAMS 0x000000008c600000, 0x000000008c600000| Untracked 
| 167|0x000000008c700000, 0x000000008c700000, 0x000000008c800000|  0%| F|  |TAMS 0x000000008c700000, 0x000000008c700000| Untracked 
| 168|0x000000008c800000, 0x000000008c800000, 0x000000008c900000|  0%| F|  |TAMS 0x000000008c800000, 0x000000008c800000| Untracked 
| 169|0x000000008c900000, 0x000000008c900000, 0x000000008ca00000|  0%| F|  |TAMS 0x000000008c900000, 0x000000008c900000| Untracked 
| 170|0x000000008ca00000, 0x000000008ca00000, 0x000000008cb00000|  0%| F|  |TAMS 0x000000008ca00000, 0x000000008ca00000| Untracked 
| 171|0x000000008cb00000, 0x000000008cb00000, 0x000000008cc00000|  0%| F|  |TAMS 0x000000008cb00000, 0x000000008cb00000| Untracked 
| 172|0x000000008cc00000, 0x000000008cc00000, 0x000000008cd00000|  0%| F|  |TAMS 0x000000008cc00000, 0x000000008cc00000| Untracked 
| 173|0x000000008cd00000, 0x000000008cd00000, 0x000000008ce00000|  0%| F|  |TAMS 0x000000008cd00000, 0x000000008cd00000| Untracked 
| 174|0x000000008ce00000, 0x000000008ce00000, 0x000000008cf00000|  0%| F|  |TAMS 0x000000008ce00000, 0x000000008ce00000| Untracked 
| 175|0x000000008cf00000, 0x000000008cf00000, 0x000000008d000000|  0%| F|  |TAMS 0x000000008cf00000, 0x000000008cf00000| Untracked 
| 176|0x000000008d000000, 0x000000008d000000, 0x000000008d100000|  0%| F|  |TAMS 0x000000008d000000, 0x000000008d000000| Untracked 
| 177|0x000000008d100000, 0x000000008d100000, 0x000000008d200000|  0%| F|  |TAMS 0x000000008d100000, 0x000000008d100000| Untracked 
| 178|0x000000008d200000, 0x000000008d200000, 0x000000008d300000|  0%| F|  |TAMS 0x000000008d200000, 0x000000008d200000| Untracked 
| 179|0x000000008d300000, 0x000000008d300000, 0x000000008d400000|  0%| F|  |TAMS 0x000000008d300000, 0x000000008d300000| Untracked 
| 180|0x000000008d400000, 0x000000008d400000, 0x000000008d500000|  0%| F|  |TAMS 0x000000008d400000, 0x000000008d400000| Untracked 
| 181|0x000000008d500000, 0x000000008d500000, 0x000000008d600000|  0%| F|  |TAMS 0x000000008d500000, 0x000000008d500000| Untracked 
| 182|0x000000008d600000, 0x000000008d600000, 0x000000008d700000|  0%| F|  |TAMS 0x000000008d600000, 0x000000008d600000| Untracked 
| 183|0x000000008d700000, 0x000000008d700000, 0x000000008d800000|  0%| F|  |TAMS 0x000000008d700000, 0x000000008d700000| Untracked 
| 184|0x000000008d800000, 0x000000008d800000, 0x000000008d900000|  0%| F|  |TAMS 0x000000008d800000, 0x000000008d800000| Untracked 
| 185|0x000000008d900000, 0x000000008d900000, 0x000000008da00000|  0%| F|  |TAMS 0x000000008d900000, 0x000000008d900000| Untracked 
| 186|0x000000008da00000, 0x000000008da00000, 0x000000008db00000|  0%| F|  |TAMS 0x000000008da00000, 0x000000008da00000| Untracked 
| 187|0x000000008db00000, 0x000000008db00000, 0x000000008dc00000|  0%| F|  |TAMS 0x000000008db00000, 0x000000008db00000| Untracked 
| 188|0x000000008dc00000, 0x000000008dc00000, 0x000000008dd00000|  0%| F|  |TAMS 0x000000008dc00000, 0x000000008dc00000| Untracked 
| 189|0x000000008dd00000, 0x000000008dd00000, 0x000000008de00000|  0%| F|  |TAMS 0x000000008dd00000, 0x000000008dd00000| Untracked 
| 190|0x000000008de00000, 0x000000008de00000, 0x000000008df00000|  0%| F|  |TAMS 0x000000008de00000, 0x000000008de00000| Untracked 
| 191|0x000000008df00000, 0x000000008df00000, 0x000000008e000000|  0%| F|  |TAMS 0x000000008df00000, 0x000000008df00000| Untracked 
| 192|0x000000008e000000, 0x000000008e000000, 0x000000008e100000|  0%| F|  |TAMS 0x000000008e000000, 0x000000008e000000| Untracked 
| 193|0x000000008e100000, 0x000000008e100000, 0x000000008e200000|  0%| F|  |TAMS 0x000000008e100000, 0x000000008e100000| Untracked 
| 194|0x000000008e200000, 0x000000008e200000, 0x000000008e300000|  0%| F|  |TAMS 0x000000008e200000, 0x000000008e200000| Untracked 
| 195|0x000000008e300000, 0x000000008e300000, 0x000000008e400000|  0%| F|  |TAMS 0x000000008e300000, 0x000000008e300000| Untracked 
| 196|0x000000008e400000, 0x000000008e400000, 0x000000008e500000|  0%| F|  |TAMS 0x000000008e400000, 0x000000008e400000| Untracked 
| 197|0x000000008e500000, 0x000000008e500000, 0x000000008e600000|  0%| F|  |TAMS 0x000000008e500000, 0x000000008e500000| Untracked 
| 198|0x000000008e600000, 0x000000008e600000, 0x000000008e700000|  0%| F|  |TAMS 0x000000008e600000, 0x000000008e600000| Untracked 
| 199|0x000000008e700000, 0x000000008e700000, 0x000000008e800000|  0%| F|  |TAMS 0x000000008e700000, 0x000000008e700000| Untracked 
| 200|0x000000008e800000, 0x000000008e800000, 0x000000008e900000|  0%| F|  |TAMS 0x000000008e800000, 0x000000008e800000| Untracked 
| 201|0x000000008e900000, 0x000000008e900000, 0x000000008ea00000|  0%| F|  |TAMS 0x000000008e900000, 0x000000008e900000| Untracked 
| 202|0x000000008ea00000, 0x000000008ea00000, 0x000000008eb00000|  0%| F|  |TAMS 0x000000008ea00000, 0x000000008ea00000| Untracked 
| 203|0x000000008eb00000, 0x000000008eb00000, 0x000000008ec00000|  0%| F|  |TAMS 0x000000008eb00000, 0x000000008eb00000| Untracked 
| 204|0x000000008ec00000, 0x000000008ec00000, 0x000000008ed00000|  0%| F|  |TAMS 0x000000008ec00000, 0x000000008ec00000| Untracked 
| 205|0x000000008ed00000, 0x000000008ed00000, 0x000000008ee00000|  0%| F|  |TAMS 0x000000008ed00000, 0x000000008ed00000| Untracked 
| 206|0x000000008ee00000, 0x000000008ee00000, 0x000000008ef00000|  0%| F|  |TAMS 0x000000008ee00000, 0x000000008ee00000| Untracked 

Card table byte_map: [0x000002d68ee90000,0x000002d68f280000] _byte_map_base: 0x000002d68ea80000

Marking Bits (Prev, Next): (CMBitMap*) 0x000002d688200b10, (CMBitMap*) 0x000002d688200b50
 Prev Bits: [0x000002d68f670000, 0x000002d6915f0000)
 Next Bits: [0x000002d6915f0000, 0x000002d693570000)

Polling page: 0x000002d686130000

Metaspace:

Usage:
  Non-class:     67.68 MB used.
      Class:     11.35 MB used.
       Both:     79.04 MB used.

Virtual space:
  Non-class space:      128.00 MB reserved,      68.06 MB ( 53%) committed,  2 nodes.
      Class space:        1.00 GB reserved,      11.69 MB (  1%) committed,  1 nodes.
             Both:        1.12 GB reserved,      79.75 MB (  7%) committed. 

Chunk freelists:
   Non-Class:  11.41 MB
       Class:  4.29 MB
        Both:  15.70 MB

MaxMetaspaceSize: unlimited
CompressedClassSpaceSize: 1.00 GB
Initial GC threshold: 21.00 MB
Current GC threshold: 122.44 MB
CDS: on
MetaspaceReclaimPolicy: balanced
 - commit_granule_bytes: 65536.
 - commit_granule_words: 8192.
 - virtual_space_node_default_size: 8388608.
 - enlarge_chunks_in_place: 1.
 - new_chunks_are_fully_committed: 0.
 - uncommit_free_chunks: 1.
 - use_allocation_guard: 0.
 - handle_deallocations: 1.


Internal statistics:

num_allocs_failed_limit: 9.
num_arena_births: 1200.
num_arena_deaths: 0.
num_vsnodes_births: 3.
num_vsnodes_deaths: 0.
num_space_committed: 1276.
num_space_uncommitted: 0.
num_chunks_returned_to_freelist: 9.
num_chunks_taken_from_freelist: 4472.
num_chunk_merges: 9.
num_chunk_splits: 3127.
num_chunks_enlarged: 2270.
num_inconsistent_stats: 0.

CodeCache: size=49152Kb used=22490Kb max_used=22490Kb free=26661Kb
 bounds [0x000002d68b990000, 0x000002d68cf90000, 0x000002d68e990000]
 total_blobs=12814 nmethods=12139 adapters=598
 compilation: enabled
              stopped_count=0, restarted_count=0
 full_count=0

Compilation events (20 events):
Event: 17.098 Thread 0x000002d695f9c250 nmethod 12248 0x000002d68cf83690 code [0x000002d68cf83840, 0x000002d68cf83958]
Event: 17.098 Thread 0x000002d6d72fe350 nmethod 12247 0x000002d68cf83a10 code [0x000002d68cf83bc0, 0x000002d68cf83d48]
Event: 17.098 Thread 0x000002d695f9c250 12249       1       java.util.stream.ForEachOps$ForEachOp$OfInt::accept (11 bytes)
Event: 17.098 Thread 0x000002d695f5fbb0 nmethod 12245 0x000002d68cf83e90 code [0x000002d68cf84040, 0x000002d68cf84178]
Event: 17.098 Thread 0x000002d6d72fe350 12250       1       org.springframework.boot.convert.LenientObjectToEnumConverterFactory$LenientToEnumConverter$$Lambda$288/0x000002d6971ba480::accept (9 bytes)
Event: 17.098 Thread 0x000002d6d7302880 nmethod 12246 0x000002d68cf84290 code [0x000002d68cf84440, 0x000002d68cf84578]
Event: 17.098 Thread 0x000002d695f5fbb0 12251       1       org.springframework.boot.convert.LenientObjectToEnumConverterFactory$LenientToEnumConverter::lambda$getCanonicalName$0 (8 bytes)
Event: 17.098 Thread 0x000002d6d7302880 12252       1       org.springframework.boot.context.properties.bind.Binder$Context::getConfigurationProperty (5 bytes)
Event: 17.098 Thread 0x000002d695f9c250 nmethod 12249 0x000002d68cf84690 code [0x000002d68cf84820, 0x000002d68cf84908]
Event: 17.098 Thread 0x000002d6d72fe350 nmethod 12250 0x000002d68cf84990 code [0x000002d68cf84b20, 0x000002d68cf84c28]
Event: 17.098 Thread 0x000002d6d7302880 nmethod 12252 0x000002d68cf84d10 code [0x000002d68cf84ea0, 0x000002d68cf84f78]
Event: 17.098 Thread 0x000002d695f5fbb0 nmethod 12251 0x000002d68cf85010 code [0x000002d68cf851a0, 0x000002d68cf85288]
Event: 17.099 Thread 0x000002d6d72fe350 12253       1       sun.reflect.generics.reflectiveObjects.LazyReflectiveObjectGenerator::getFactory (5 bytes)
Event: 17.099 Thread 0x000002d6d72fe350 nmethod 12253 0x000002d68cf85390 code [0x000002d68cf85520, 0x000002d68cf855f8]
Event: 17.113 Thread 0x000002d6d7302880 12254       1       org.springframework.core.type.filter.AbstractTypeHierarchyTraversingFilter::<init> (26 bytes)
Event: 17.113 Thread 0x000002d6d7302880 nmethod 12254 0x000002d68cf85690 code [0x000002d68cf85840, 0x000002d68cf85a78]
Event: 17.114 Thread 0x000002d695f9c250 12255   !   1       sun.nio.fs.WindowsDirectoryStream$WindowsDirectoryIterator::acceptEntry (71 bytes)
Event: 17.114 Thread 0x000002d695f5fbb0 12256       1       java.nio.file.Files$AcceptAllFilter::accept (9 bytes)
Event: 17.114 Thread 0x000002d695f5fbb0 nmethod 12256 0x000002d68cf85c10 code [0x000002d68cf85da0, 0x000002d68cf85eb8]
Event: 17.115 Thread 0x000002d695f9c250 nmethod 12255 0x000002d68cf85f90 code [0x000002d68cf861a0, 0x000002d68cf86638]

GC Heap History (20 events):
Event: 10.459 GC heap after
{Heap after GC invocations=24 (full 0):
 garbage-first heap   total 129024K, used 49793K [0x0000000082000000, 0x0000000100000000)
  region size 1024K, 7 young (7168K), 7 survivors (7168K)
 Metaspace       used 64105K, committed 64704K, reserved 1114112K
  class space    used 9286K, committed 9600K, reserved 1048576K
}
Event: 12.979 GC heap before
{Heap before GC invocations=24 (full 0):
 garbage-first heap   total 129024K, used 107137K [0x0000000082000000, 0x0000000100000000)
  region size 1024K, 63 young (64512K), 7 survivors (7168K)
 Metaspace       used 67494K, committed 68160K, reserved 1114112K
  class space    used 9746K, committed 10048K, reserved 1048576K
}
Event: 13.001 GC heap after
{Heap after GC invocations=25 (full 0):
 garbage-first heap   total 129024K, used 54564K [0x0000000082000000, 0x0000000100000000)
  region size 1024K, 8 young (8192K), 8 survivors (8192K)
 Metaspace       used 67494K, committed 68160K, reserved 1114112K
  class space    used 9746K, committed 10048K, reserved 1048576K
}
Event: 13.512 GC heap before
{Heap before GC invocations=25 (full 0):
 garbage-first heap   total 129024K, used 106788K [0x0000000082000000, 0x0000000100000000)
  region size 1024K, 59 young (60416K), 8 survivors (8192K)
 Metaspace       used 70908K, committed 71616K, reserved 1114112K
  class space    used 10478K, committed 10816K, reserved 1048576K
}
Event: 13.534 GC heap after
{Heap after GC invocations=26 (full 0):
 garbage-first heap   total 129024K, used 58807K [0x0000000082000000, 0x0000000100000000)
  region size 1024K, 4 young (4096K), 4 survivors (4096K)
 Metaspace       used 70908K, committed 71616K, reserved 1114112K
  class space    used 10478K, committed 10816K, reserved 1048576K
}
Event: 14.087 GC heap before
{Heap before GC invocations=26 (full 0):
 garbage-first heap   total 129024K, used 105911K [0x0000000082000000, 0x0000000100000000)
  region size 1024K, 51 young (52224K), 4 survivors (4096K)
 Metaspace       used 74375K, committed 75072K, reserved 1114112K
  class space    used 10940K, committed 11264K, reserved 1048576K
}
Event: 14.092 GC heap after
{Heap after GC invocations=27 (full 0):
 garbage-first heap   total 129024K, used 60855K [0x0000000082000000, 0x0000000100000000)
  region size 1024K, 6 young (6144K), 6 survivors (6144K)
 Metaspace       used 74375K, committed 75072K, reserved 1114112K
  class space    used 10940K, committed 11264K, reserved 1048576K
}
Event: 14.188 GC heap before
{Heap before GC invocations=27 (full 0):
 garbage-first heap   total 129024K, used 106935K [0x0000000082000000, 0x0000000100000000)
  region size 1024K, 51 young (52224K), 6 survivors (6144K)
 Metaspace       used 74375K, committed 75072K, reserved 1114112K
  class space    used 10940K, committed 11264K, reserved 1048576K
}
Event: 14.206 GC heap after
{Heap after GC invocations=28 (full 0):
 garbage-first heap   total 129024K, used 66892K [0x0000000082000000, 0x0000000100000000)
  region size 1024K, 7 young (7168K), 7 survivors (7168K)
 Metaspace       used 74375K, committed 75072K, reserved 1114112K
  class space    used 10940K, committed 11264K, reserved 1048576K
}
Event: 14.277 GC heap before
{Heap before GC invocations=28 (full 0):
 garbage-first heap   total 129024K, used 103756K [0x0000000082000000, 0x0000000100000000)
  region size 1024K, 43 young (44032K), 7 survivors (7168K)
 Metaspace       used 74375K, committed 75072K, reserved 1114112K
  class space    used 10940K, committed 11264K, reserved 1048576K
}
Event: 14.302 GC heap after
{Heap after GC invocations=29 (full 0):
 garbage-first heap   total 211968K, used 78178K [0x0000000082000000, 0x0000000100000000)
  region size 1024K, 6 young (6144K), 6 survivors (6144K)
 Metaspace       used 74375K, committed 75072K, reserved 1114112K
  class space    used 10940K, committed 11264K, reserved 1048576K
}
Event: 15.017 GC heap before
{Heap before GC invocations=30 (full 0):
 garbage-first heap   total 211968K, used 149858K [0x0000000082000000, 0x0000000100000000)
  region size 1024K, 76 young (77824K), 6 survivors (6144K)
 Metaspace       used 75583K, committed 76288K, reserved 1114112K
  class space    used 11086K, committed 11392K, reserved 1048576K
}
Event: 15.039 GC heap after
{Heap after GC invocations=31 (full 0):
 garbage-first heap   total 211968K, used 83968K [0x0000000082000000, 0x0000000100000000)
  region size 1024K, 5 young (5120K), 5 survivors (5120K)
 Metaspace       used 75583K, committed 76288K, reserved 1114112K
  class space    used 11086K, committed 11392K, reserved 1048576K
}
Event: 15.101 GC heap before
{Heap before GC invocations=31 (full 0):
 garbage-first heap   total 211968K, used 89088K [0x0000000082000000, 0x0000000100000000)
  region size 1024K, 10 young (10240K), 5 survivors (5120K)
 Metaspace       used 75730K, committed 76416K, reserved 1179648K
  class space    used 11094K, committed 11392K, reserved 1048576K
}
Event: 15.111 GC heap after
{Heap after GC invocations=32 (full 0):
 garbage-first heap   total 211968K, used 84132K [0x0000000082000000, 0x0000000100000000)
  region size 1024K, 1 young (1024K), 1 survivors (1024K)
 Metaspace       used 75730K, committed 76416K, reserved 1179648K
  class space    used 11094K, committed 11392K, reserved 1048576K
}
Event: 15.709 GC heap before
{Heap before GC invocations=32 (full 0):
 garbage-first heap   total 211968K, used 155812K [0x0000000082000000, 0x0000000100000000)
  region size 1024K, 71 young (72704K), 1 survivors (1024K)
 Metaspace       used 77081K, committed 77824K, reserved 1179648K
  class space    used 11182K, committed 11520K, reserved 1048576K
}
Event: 15.723 GC heap after
{Heap after GC invocations=33 (full 0):
 garbage-first heap   total 211968K, used 88030K [0x0000000082000000, 0x0000000100000000)
  region size 1024K, 5 young (5120K), 5 survivors (5120K)
 Metaspace       used 77081K, committed 77824K, reserved 1179648K
  class space    used 11182K, committed 11520K, reserved 1048576K
}
Event: 16.251 GC heap before
{Heap before GC invocations=33 (full 0):
 garbage-first heap   total 211968K, used 159710K [0x0000000082000000, 0x0000000100000000)
  region size 1024K, 75 young (76800K), 5 survivors (5120K)
 Metaspace       used 77763K, committed 78464K, reserved 1179648K
  class space    used 11221K, committed 11520K, reserved 1048576K
}
Event: 16.260 GC heap after
{Heap after GC invocations=34 (full 0):
 garbage-first heap   total 211968K, used 91705K [0x0000000082000000, 0x0000000100000000)
  region size 1024K, 9 young (9216K), 9 survivors (9216K)
 Metaspace       used 77763K, committed 78464K, reserved 1179648K
  class space    used 11221K, committed 11520K, reserved 1048576K
}
Event: 17.127 GC heap before
{Heap before GC invocations=34 (full 0):
 garbage-first heap   total 211968K, used 164409K [0x0000000082000000, 0x0000000100000000)
  region size 1024K, 80 young (81920K), 9 survivors (9216K)
 Metaspace       used 80933K, committed 81664K, reserved 1179648K
  class space    used 11627K, committed 11968K, reserved 1048576K
}

Dll operation events (4 events):
Event: 0.011 Loaded shared library C:\Users\LENOVO\.jdks\jbr-17.0.14-1\bin\java.dll
Event: 0.031 Loaded shared library C:\Users\LENOVO\.jdks\jbr-17.0.14-1\bin\jsvml.dll
Event: 0.232 Loaded shared library C:\Users\LENOVO\.jdks\jbr-17.0.14-1\bin\zip.dll
Event: 5.703 Loaded shared library C:\Users\LENOVO\.jdks\jbr-17.0.14-1\bin\verify.dll

Deoptimization events (16 events):
Event: 8.368 Thread 0x000002d6d7de6950 DEOPT PACKING pc=0x000002d68c71fef4 sp=0x000000e3ca7f7e50
Event: 8.368 Thread 0x000002d6d7de6950 DEOPT UNPACKING pc=0x000002d68b9e7143 sp=0x000000e3ca7f72d8 mode 0
Event: 12.603 Thread 0x000002d6d7de6950 DEOPT PACKING pc=0x000002d68c32f73c sp=0x000000e3ca7fa910
Event: 12.603 Thread 0x000002d6d7de6950 DEOPT UNPACKING pc=0x000002d68b9e7143 sp=0x000000e3ca7f9dd0 mode 0
Event: 12.861 Thread 0x000002d6d7de6950 DEOPT PACKING pc=0x000002d68bf7a69c sp=0x000000e3ca7fa590
Event: 12.861 Thread 0x000002d6d7de6950 DEOPT UNPACKING pc=0x000002d68b9e7143 sp=0x000000e3ca7f9ae8 mode 0
Event: 13.808 Thread 0x000002d6d7de6950 DEOPT PACKING pc=0x000002d68c32f53c sp=0x000000e3ca7fbdb0
Event: 13.808 Thread 0x000002d6d7de6950 DEOPT UNPACKING pc=0x000002d68b9e7143 sp=0x000000e3ca7fb268 mode 0
Event: 13.808 Thread 0x000002d6d7de6950 DEOPT PACKING pc=0x000002d68c32f53c sp=0x000000e3ca7fc970
Event: 13.808 Thread 0x000002d6d7de6950 DEOPT UNPACKING pc=0x000002d68b9e7143 sp=0x000000e3ca7fbe28 mode 0
Event: 13.811 Thread 0x000002d6d7de6950 DEOPT PACKING pc=0x000002d68bff8912 sp=0x000000e3ca7fbff0
Event: 13.811 Thread 0x000002d6d7de6950 DEOPT UNPACKING pc=0x000002d68b9e7143 sp=0x000000e3ca7fb4f8 mode 3
Event: 16.604 Thread 0x000002d6d7de6950 DEOPT PACKING pc=0x000002d68ce8732c sp=0x000000e3ca7fba10
Event: 16.604 Thread 0x000002d6d7de6950 DEOPT UNPACKING pc=0x000002d68b9e7143 sp=0x000000e3ca7fafd8 mode 0
Event: 16.655 Thread 0x000002d6d7de6950 DEOPT PACKING pc=0x000002d68ce8732c sp=0x000000e3ca7fd090
Event: 16.655 Thread 0x000002d6d7de6950 DEOPT UNPACKING pc=0x000002d68b9e7143 sp=0x000000e3ca7fc658 mode 0

Classes loaded (20 events):
Event: 14.556 Loading class javax/crypto/SecretKeyFactorySpi
Event: 14.556 Loading class javax/crypto/SecretKeyFactorySpi done
Event: 14.556 Loading class com/sun/crypto/provider/PBKDF2Core done
Event: 14.556 Loading class com/sun/crypto/provider/PBKDF2Core$HmacSHA256 done
Event: 16.485 Loading class java/time/DurationEditor
Event: 16.485 Loading class java/time/DurationEditor done
Event: 16.543 Loading class java/util/Collections$SynchronizedRandomAccessList
Event: 16.543 Loading class java/util/Collections$SynchronizedList
Event: 16.543 Loading class java/util/Collections$SynchronizedList done
Event: 16.543 Loading class java/util/Collections$SynchronizedRandomAccessList done
Event: 16.666 Loading class java/util/Comparators$NullComparator
Event: 16.666 Loading class java/util/Comparators$NullComparator done
Event: 17.099 Loading class java/util/EnumMap$EntrySet
Event: 17.103 Loading class java/util/EnumMap$EntrySet done
Event: 17.104 Loading class java/util/EnumMap$EntryIterator
Event: 17.104 Loading class java/util/EnumMap$EnumMapIterator
Event: 17.104 Loading class java/util/EnumMap$EnumMapIterator done
Event: 17.104 Loading class java/util/EnumMap$EntryIterator done
Event: 17.104 Loading class java/util/EnumMap$EntryIterator$Entry
Event: 17.104 Loading class java/util/EnumMap$EntryIterator$Entry done

Classes unloaded (0 events):
No events

Classes redefined (0 events):
No events

Internal exceptions (20 events):
Event: 13.735 Thread 0x000002d6d7de6950 Exception <a 'java/lang/reflect/InvocationTargetException'{0x0000000088f455e8}> (0x0000000088f455e8) 
thrown [s\src\hotspot\share\runtime\reflection.cpp, line 1134]
Event: 13.746 Thread 0x000002d6d7de6950 Exception <a 'java/lang/NoSuchMethodError'{0x0000000088fa3b18}: 'int java.lang.invoke.DirectMethodHandle$Holder.invokeStatic(java.lang.Object, java.lang.Object, int)'> (0x0000000088fa3b18) 
thrown [s\src\hotspot\share\interpreter\linkResolver.cpp, line 771]
Event: 13.753 Thread 0x000002d6d7de6950 Exception <a 'java/lang/IncompatibleClassChangeError'{0x0000000088fece60}: Found class java.lang.Object, but interface was expected> (0x0000000088fece60) 
thrown [s\src\hotspot\share\interpreter\linkResolver.cpp, line 838]
Event: 13.771 Thread 0x000002d6d7de6950 Exception <a 'java/lang/reflect/InvocationTargetException'{0x0000000088ebab80}> (0x0000000088ebab80) 
thrown [s\src\hotspot\share\runtime\reflection.cpp, line 1134]
Event: 13.772 Thread 0x000002d6d7de6950 Exception <a 'java/lang/reflect/InvocationTargetException'{0x0000000088ec84c0}> (0x0000000088ec84c0) 
thrown [s\src\hotspot\share\runtime\reflection.cpp, line 1134]
Event: 13.774 Thread 0x000002d6d7de6950 Exception <a 'java/lang/reflect/InvocationTargetException'{0x0000000088ed56c8}> (0x0000000088ed56c8) 
thrown [s\src\hotspot\share\runtime\reflection.cpp, line 1134]
Event: 13.777 Thread 0x000002d6d7de6950 Exception <a 'java/lang/reflect/InvocationTargetException'{0x0000000088eec270}> (0x0000000088eec270) 
thrown [s\src\hotspot\share\runtime\reflection.cpp, line 1134]
Event: 13.782 Thread 0x000002d6d7de6950 Exception <a 'java/lang/reflect/InvocationTargetException'{0x0000000088d5b0d0}> (0x0000000088d5b0d0) 
thrown [s\src\hotspot\share\runtime\reflection.cpp, line 1134]
Event: 13.794 Thread 0x000002d6d7de6950 Exception <a 'java/lang/reflect/InvocationTargetException'{0x0000000088a61f20}> (0x0000000088a61f20) 
thrown [s\src\hotspot\share\runtime\reflection.cpp, line 1134]
Event: 13.795 Thread 0x000002d6d7de6950 Exception <a 'java/lang/reflect/InvocationTargetException'{0x0000000088a6da68}> (0x0000000088a6da68) 
thrown [s\src\hotspot\share\runtime\reflection.cpp, line 1134]
Event: 13.863 Thread 0x000002d6d7de6950 Exception <a 'java/lang/NoSuchMethodError'{0x000000008852e200}: 'long java.lang.invoke.DirectMethodHandle$Holder.invokeVirtual(java.lang.Object, java.lang.Object)'> (0x000000008852e200) 
thrown [s\src\hotspot\share\interpreter\linkResolver.cpp, line 771]
Event: 13.867 Thread 0x000002d6d7de6950 Exception <a 'java/io/FileNotFoundException'{0x000000008855e988}> (0x000000008855e988) 
thrown [s\src\hotspot\share\prims\jni.cpp, line 531]
Event: 13.939 Thread 0x000002d6d7de6950 Exception <a 'java/lang/reflect/InvocationTargetException'{0x00000000880021a8}> (0x00000000880021a8) 
thrown [s\src\hotspot\share\runtime\reflection.cpp, line 1134]
Event: 13.941 Thread 0x000002d6d7de6950 Exception <a 'java/lang/reflect/InvocationTargetException'{0x00000000880129b0}> (0x00000000880129b0) 
thrown [s\src\hotspot\share\runtime\reflection.cpp, line 1134]
Event: 13.960 Thread 0x000002d6d7de6950 Exception <a 'java/lang/reflect/InvocationTargetException'{0x0000000087e65560}> (0x0000000087e65560) 
thrown [s\src\hotspot\share\runtime\reflection.cpp, line 1134]
Event: 13.965 Thread 0x000002d6d7de6950 Exception <a 'java/lang/reflect/InvocationTargetException'{0x0000000087e86ba8}> (0x0000000087e86ba8) 
thrown [s\src\hotspot\share\runtime\reflection.cpp, line 1134]
Event: 13.966 Thread 0x000002d6d7de6950 Exception <a 'java/lang/reflect/InvocationTargetException'{0x0000000087e96a80}> (0x0000000087e96a80) 
thrown [s\src\hotspot\share\runtime\reflection.cpp, line 1134]
Event: 13.967 Thread 0x000002d6d7de6950 Exception <a 'java/lang/reflect/InvocationTargetException'{0x0000000087ea1858}> (0x0000000087ea1858) 
thrown [s\src\hotspot\share\runtime\reflection.cpp, line 1134]
Event: 13.968 Thread 0x000002d6d7de6950 Exception <a 'java/lang/reflect/InvocationTargetException'{0x0000000087eb39c8}> (0x0000000087eb39c8) 
thrown [s\src\hotspot\share\runtime\reflection.cpp, line 1134]
Event: 14.536 Thread 0x000002d6d7de6950 Exception <a 'sun/nio/fs/WindowsException'{0x000000008de13298}> (0x000000008de13298) 
thrown [s\src\hotspot\share\prims\jni.cpp, line 531]

VM Operations (20 events):
Event: 15.111 Executing VM operation: G1CollectForAllocation done
Event: 15.709 Executing VM operation: G1CollectForAllocation
Event: 15.723 Executing VM operation: G1CollectForAllocation done
Event: 16.251 Executing VM operation: G1CollectForAllocation
Event: 16.260 Executing VM operation: G1CollectForAllocation done
Event: 16.467 Executing VM operation: HandshakeAllThreads
Event: 16.467 Executing VM operation: HandshakeAllThreads done
Event: 16.493 Executing VM operation: HandshakeAllThreads
Event: 16.493 Executing VM operation: HandshakeAllThreads done
Event: 16.493 Executing VM operation: HandshakeAllThreads
Event: 16.493 Executing VM operation: HandshakeAllThreads done
Event: 16.744 Executing VM operation: HandshakeAllThreads
Event: 16.744 Executing VM operation: HandshakeAllThreads done
Event: 16.745 Executing VM operation: HandshakeAllThreads
Event: 16.745 Executing VM operation: HandshakeAllThreads done
Event: 16.783 Executing VM operation: HandshakeAllThreads
Event: 16.783 Executing VM operation: HandshakeAllThreads done
Event: 16.785 Executing VM operation: HandshakeAllThreads
Event: 16.785 Executing VM operation: HandshakeAllThreads done
Event: 17.127 Executing VM operation: G1CollectForAllocation

Memory protections (0 events):
No events

Nmethod flushes (20 events):
Event: 16.754 Thread 0x000002d695fa2420 flushing  nmethod 0x000002d68c5d4890
Event: 16.754 Thread 0x000002d695fa2420 flushing  nmethod 0x000002d68c5d5a10
Event: 16.754 Thread 0x000002d695fa2420 flushing  nmethod 0x000002d68c5dca10
Event: 16.754 Thread 0x000002d695fa2420 flushing  nmethod 0x000002d68c5dd510
Event: 16.754 Thread 0x000002d695fa2420 flushing  nmethod 0x000002d68c5e2910
Event: 16.754 Thread 0x000002d695fa2420 flushing  nmethod 0x000002d68c5e8c10
Event: 16.754 Thread 0x000002d695fa2420 flushing  nmethod 0x000002d68c6a0b10
Event: 16.755 Thread 0x000002d695fa2420 flushing  nmethod 0x000002d68c6a2210
Event: 16.755 Thread 0x000002d695fa2420 flushing  nmethod 0x000002d68c707b10
Event: 16.755 Thread 0x000002d695fa2420 flushing  nmethod 0x000002d68c71fb90
Event: 16.756 Thread 0x000002d695fa2420 flushing  nmethod 0x000002d68c7d1010
Event: 16.756 Thread 0x000002d695fa2420 flushing  nmethod 0x000002d68c841b10
Event: 16.756 Thread 0x000002d695fa2420 flushing  nmethod 0x000002d68c844590
Event: 16.756 Thread 0x000002d695fa2420 flushing  nmethod 0x000002d68c84a790
Event: 16.756 Thread 0x000002d695fa2420 flushing  nmethod 0x000002d68c84b690
Event: 16.757 Thread 0x000002d695fa2420 flushing  nmethod 0x000002d68c8de210
Event: 16.757 Thread 0x000002d695fa2420 flushing  nmethod 0x000002d68c906b10
Event: 16.757 Thread 0x000002d695fa2420 flushing  nmethod 0x000002d68c924b90
Event: 16.757 Thread 0x000002d695fa2420 flushing  nmethod 0x000002d68c945c10
Event: 16.757 Thread 0x000002d695fa2420 flushing  nmethod 0x000002d68c94a110

Events (20 events):
Event: 12.908 Thread 0x000002d6d7de2780 Thread exited: 0x000002d6d7de2780
Event: 13.410 Thread 0x000002d6d72f0350 Thread added: 0x000002d6d7de5a20
Event: 13.414 Thread 0x000002d6d7de5a20 Thread exited: 0x000002d6d7de5a20
Event: 13.888 Thread 0x000002d6d7de6950 Thread added: 0x000002d6d7de2270
Event: 13.890 Thread 0x000002d6d7de2270 Thread added: 0x000002d6d7de2780
Event: 13.893 Thread 0x000002d6d7de6950 Thread added: 0x000002d6d7de5000
Event: 13.916 Thread 0x000002d6d72f0350 Thread added: 0x000002d6d7de7880
Event: 13.920 Thread 0x000002d6d7de7880 Thread exited: 0x000002d6d7de7880
Event: 14.422 Thread 0x000002d6d72f0350 Thread added: 0x000002d6d7de5a20
Event: 14.428 Thread 0x000002d6d7de5a20 Thread exited: 0x000002d6d7de5a20
Event: 14.930 Thread 0x000002d6d72f0350 Thread added: 0x000002d6d7de6e60
Event: 14.933 Thread 0x000002d6d7de6e60 Thread exited: 0x000002d6d7de6e60
Event: 15.435 Thread 0x000002d6d72f0350 Thread added: 0x000002d6d7de5f30
Event: 15.438 Thread 0x000002d6d7de5f30 Thread exited: 0x000002d6d7de5f30
Event: 15.941 Thread 0x000002d6d72f0350 Thread added: 0x000002d6d7de5f30
Event: 15.944 Thread 0x000002d6d7de5f30 Thread exited: 0x000002d6d7de5f30
Event: 16.445 Thread 0x000002d6d72f0350 Thread added: 0x000002d6d7de82a0
Event: 16.448 Thread 0x000002d6d7de82a0 Thread exited: 0x000002d6d7de82a0
Event: 16.951 Thread 0x000002d6d72f0350 Thread added: 0x000002d6d7de6e60
Event: 16.955 Thread 0x000002d6d7de6e60 Thread exited: 0x000002d6d7de6e60


Dynamic libraries:
0x00007ff67c8f0000 - 0x00007ff67c8fa000 	C:\Users\LENOVO\.jdks\jbr-17.0.14-1\bin\java.exe
0x00007fffd5450000 - 0x00007fffd5645000 	C:\Windows\SYSTEM32\ntdll.dll
0x00007fffd5270000 - 0x00007fffd532e000 	C:\Windows\System32\KERNEL32.DLL
0x00007fffd2b60000 - 0x00007fffd2e28000 	C:\Windows\System32\KERNELBASE.dll
0x00007fffd3390000 - 0x00007fffd3490000 	C:\Windows\System32\ucrtbase.dll
0x00007fffc6c90000 - 0x00007fffc6cab000 	C:\Users\LENOVO\.jdks\jbr-17.0.14-1\bin\VCRUNTIME140.dll
0x00007fffce640000 - 0x00007fffce657000 	C:\Users\LENOVO\.jdks\jbr-17.0.14-1\bin\jli.dll
0x00007fffd3600000 - 0x00007fffd37a1000 	C:\Windows\System32\USER32.dll
0x00007fffd2ff0000 - 0x00007fffd3012000 	C:\Windows\System32\win32u.dll
0x00007fffc00b0000 - 0x00007fffc034a000 	C:\Windows\WinSxS\amd64_microsoft.windows.common-controls_6595b64144ccf1df_6.0.19041.1110_none_60b5254171f9507e\COMCTL32.dll
0x00007fffd3570000 - 0x00007fffd359b000 	C:\Windows\System32\GDI32.dll
0x00007fffd3d00000 - 0x00007fffd3d9e000 	C:\Windows\System32\msvcrt.dll
0x00007fffd2e30000 - 0x00007fffd2f3d000 	C:\Windows\System32\gdi32full.dll
0x00007fffd3020000 - 0x00007fffd30bd000 	C:\Windows\System32\msvcp_win.dll
0x00007fffd45e0000 - 0x00007fffd4610000 	C:\Windows\System32\IMM32.DLL
0x00007fffce630000 - 0x00007fffce63c000 	C:\Users\LENOVO\.jdks\jbr-17.0.14-1\bin\vcruntime140_1.dll
0x00007fff9e4a0000 - 0x00007fff9e52d000 	C:\Users\LENOVO\.jdks\jbr-17.0.14-1\bin\msvcp140.dll
0x00007fff67670000 - 0x00007fff682fe000 	C:\Users\LENOVO\.jdks\jbr-17.0.14-1\bin\server\jvm.dll
0x00007fffd4440000 - 0x00007fffd44ec000 	C:\Windows\System32\ADVAPI32.dll
0x00007fffd4d60000 - 0x00007fffd4dfb000 	C:\Windows\System32\sechost.dll
0x00007fffd37e0000 - 0x00007fffd390a000 	C:\Windows\System32\RPCRT4.dll
0x00007fffd3da0000 - 0x00007fffd3e0b000 	C:\Windows\System32\WS2_32.dll
0x00007fffd2120000 - 0x00007fffd216b000 	C:\Windows\SYSTEM32\POWRPROF.dll
0x00007fffc68b0000 - 0x00007fffc68d7000 	C:\Windows\SYSTEM32\WINMM.dll
0x00007fffcc660000 - 0x00007fffcc66a000 	C:\Windows\SYSTEM32\VERSION.dll
0x00007fffd1f90000 - 0x00007fffd1fa2000 	C:\Windows\SYSTEM32\UMPDC.dll
0x00007fffd0a50000 - 0x00007fffd0a62000 	C:\Windows\SYSTEM32\kernel.appcore.dll
0x00007fffcab20000 - 0x00007fffcab2a000 	C:\Users\LENOVO\.jdks\jbr-17.0.14-1\bin\jimage.dll
0x00007fffc9b30000 - 0x00007fffc9d14000 	C:\Windows\SYSTEM32\DBGHELP.DLL
0x00007fffca600000 - 0x00007fffca62c000 	C:\Windows\SYSTEM32\dbgcore.DLL
0x00007fffd32d0000 - 0x00007fffd3352000 	C:\Windows\System32\bcryptPrimitives.dll
0x00007fffbf690000 - 0x00007fffbf69e000 	C:\Users\LENOVO\.jdks\jbr-17.0.14-1\bin\instrument.dll
0x00007fffbfea0000 - 0x00007fffbfec5000 	C:\Users\LENOVO\.jdks\jbr-17.0.14-1\bin\java.dll
0x00007fff9e3c0000 - 0x00007fff9e497000 	C:\Users\LENOVO\.jdks\jbr-17.0.14-1\bin\jsvml.dll
0x00007fffd4610000 - 0x00007fffd4d54000 	C:\Windows\System32\SHELL32.dll
0x00007fffd0c50000 - 0x00007fffd13e4000 	C:\Windows\SYSTEM32\windows.storage.dll
0x00007fffd4e60000 - 0x00007fffd51b5000 	C:\Windows\System32\combase.dll
0x00007fffd25b0000 - 0x00007fffd25de000 	C:\Windows\SYSTEM32\Wldp.dll
0x00007fffd51c0000 - 0x00007fffd526d000 	C:\Windows\System32\SHCORE.dll
0x00007fffd4580000 - 0x00007fffd45d5000 	C:\Windows\System32\shlwapi.dll
0x00007fffd2aa0000 - 0x00007fffd2abf000 	C:\Windows\SYSTEM32\profapi.dll
0x00007fffbfba0000 - 0x00007fffbfbb8000 	C:\Users\LENOVO\.jdks\jbr-17.0.14-1\bin\zip.dll
0x00007fffbf760000 - 0x00007fffbf779000 	C:\Users\LENOVO\.jdks\jbr-17.0.14-1\bin\net.dll
0x00007fffc70a0000 - 0x00007fffc71ac000 	C:\Windows\SYSTEM32\WINHTTP.dll
0x00007fffd2310000 - 0x00007fffd237a000 	C:\Windows\system32\mswsock.dll
0x00007fffbf740000 - 0x00007fffbf756000 	C:\Users\LENOVO\.jdks\jbr-17.0.14-1\bin\nio.dll
0x00007fffbeb60000 - 0x00007fffbeb7a000 	C:\Program Files\JetBrains\IntelliJ IDEA 2024.3.2.1\bin\breakgen64.dll
0x00007fffd1ff0000 - 0x00007fffd20bb000 	C:\Windows\SYSTEM32\DNSAPI.dll
0x00007fffd1fb0000 - 0x00007fffd1feb000 	C:\Windows\SYSTEM32\IPHLPAPI.DLL
0x00007fffd37c0000 - 0x00007fffd37c8000 	C:\Windows\System32\NSI.dll
0x00007fffc4a70000 - 0x00007fffc4a7a000 	C:\Windows\System32\rasadhlp.dll
0x00007fffc50b0000 - 0x00007fffc512f000 	C:\Windows\System32\fwpuclnt.dll
0x00007fffd3360000 - 0x00007fffd3387000 	C:\Windows\System32\bcrypt.dll
0x00007fffb8900000 - 0x00007fffb8909000 	C:\Users\LENOVO\.jdks\jbr-17.0.14-1\bin\extnet.dll
0x00007fffb7770000 - 0x00007fffb7779000 	C:\Users\LENOVO\.jdks\jbr-17.0.14-1\bin\management.dll
0x00007fffb7760000 - 0x00007fffb776b000 	C:\Users\LENOVO\.jdks\jbr-17.0.14-1\bin\management_ext.dll
0x00007fffd37b0000 - 0x00007fffd37b8000 	C:\Windows\System32\PSAPI.DLL
0x00007fffd2500000 - 0x00007fffd2518000 	C:\Windows\SYSTEM32\CRYPTSP.dll
0x00007fffd1c20000 - 0x00007fffd1c54000 	C:\Windows\system32\rsaenh.dll
0x00007fffd2a60000 - 0x00007fffd2a8e000 	C:\Windows\SYSTEM32\USERENV.dll
0x00007fffd2520000 - 0x00007fffd252c000 	C:\Windows\SYSTEM32\CRYPTBASE.dll
0x00007fffcb900000 - 0x00007fffcb917000 	C:\Windows\SYSTEM32\dhcpcsvc6.DLL
0x00007fffcb870000 - 0x00007fffcb88d000 	C:\Windows\SYSTEM32\dhcpcsvc.DLL
0x00007fffae4a0000 - 0x00007fffae4b7000 	C:\Windows\system32\napinsp.dll
0x00007fffae480000 - 0x00007fffae49b000 	C:\Windows\system32\pnrpnsp.dll
0x00007fffcc5d0000 - 0x00007fffcc5e5000 	C:\Windows\system32\wshbth.dll
0x00007fffce530000 - 0x00007fffce54d000 	C:\Windows\system32\NLAapi.dll
0x00007fffae460000 - 0x00007fffae472000 	C:\Windows\System32\winrnr.dll
0x00007fffb9b80000 - 0x00007fffb9bc9000 	C:\Windows\SYSTEM32\pdh.dll
0x00007fffb43f0000 - 0x00007fffb43ff000 	C:\Windows\System32\perfproc.dll
0x00007fffb3dc0000 - 0x00007fffb3dcf000 	C:\Windows\System32\perfos.dll
0x00007fffbf670000 - 0x00007fffbf67e000 	C:\Users\LENOVO\.jdks\jbr-17.0.14-1\bin\sunmscapi.dll
0x00007fffd30c0000 - 0x00007fffd3216000 	C:\Windows\System32\CRYPT32.dll
0x00007fffd2620000 - 0x00007fffd2647000 	C:\Windows\SYSTEM32\ncrypt.dll
0x00007fffd25e0000 - 0x00007fffd261b000 	C:\Windows\SYSTEM32\NTASN1.dll
0x00007fffb71b0000 - 0x00007fffb71c0000 	C:\Users\LENOVO\.jdks\jbr-17.0.14-1\bin\verify.dll

dbghelp: loaded successfully - version: 4.0.5 - missing functions: none
symbol engine: initialized successfully - sym options: 0x614 - pdb path: .;C:\Users\LENOVO\.jdks\jbr-17.0.14-1\bin;C:\Windows\SYSTEM32;C:\Windows\WinSxS\amd64_microsoft.windows.common-controls_6595b64144ccf1df_6.0.19041.1110_none_60b5254171f9507e;C:\Users\LENOVO\.jdks\jbr-17.0.14-1\bin\server;C:\Program Files\JetBrains\IntelliJ IDEA 2024.3.2.1\bin

VM Arguments:
jvm_args: -XX:TieredStopAtLevel=1 -Dspring.output.ansi.enabled=always -Dcom.sun.management.jmxremote -Dspring.jmx.enabled=true -Dspring.liveBeansView.mbeanDomain -Dspring.application.admin.enabled=true -Dmanagement.endpoints.jmx.exposure.include=* -javaagent:C:\Program Files\JetBrains\IntelliJ IDEA 2024.3.2.1\lib\idea_rt.jar=62927:C:\Program Files\JetBrains\IntelliJ IDEA 2024.3.2.1\bin -Dfile.encoding=UTF-8 
java_command: tn.esprit.projetintegre.ProjetIntegreApplication
java_class_path (initial): C:\Users\LENOVO\OneDrive - ESPRIT\Bureau\integrationback\backConnect\target\classes;C:\Users\LENOVO\.m2\repository\org\springframework\boot\spring-boot-starter-web\3.2.5\spring-boot-starter-web-3.2.5.jar;C:\Users\LENOVO\.m2\repository\org\springframework\boot\spring-boot-starter\3.2.5\spring-boot-starter-3.2.5.jar;C:\Users\LENOVO\.m2\repository\org\springframework\boot\spring-boot-starter-logging\3.2.5\spring-boot-starter-logging-3.2.5.jar;C:\Users\LENOVO\.m2\repository\ch\qos\logback\logback-classic\1.4.14\logback-classic-1.4.14.jar;C:\Users\LENOVO\.m2\repository\ch\qos\logback\logback-core\1.4.14\logback-core-1.4.14.jar;C:\Users\LENOVO\.m2\repository\org\apache\logging\log4j\log4j-to-slf4j\2.21.1\log4j-to-slf4j-2.21.1.jar;C:\Users\LENOVO\.m2\repository\org\apache\logging\log4j\log4j-api\2.21.1\log4j-api-2.21.1.jar;C:\Users\LENOVO\.m2\repository\org\slf4j\jul-to-slf4j\2.0.13\jul-to-slf4j-2.0.13.jar;C:\Users\LENOVO\.m2\repository\jakarta\annotation\jakarta.annotation-api\2.1.1\jakarta.annotation-api-2.1.1.jar;C:\Users\LENOVO\.m2\repository\org\yaml\snakeyaml\2.2\snakeyaml-2.2.jar;C:\Users\LENOVO\.m2\repository\org\springframework\boot\spring-boot-starter-json\3.2.5\spring-boot-starter-json-3.2.5.jar;C:\Users\LENOVO\.m2\repository\com\fasterxml\jackson\datatype\jackson-datatype-jdk8\2.15.4\jackson-datatype-jdk8-2.15.4.jar;C:\Users\LENOVO\.m2\repository\com\fasterxml\jackson\datatype\jackson-datatype-jsr310\2.15.4\jackson-datatype-jsr310-2.15.4.jar;C:\Users\LENOVO\.m2\repository\com\fasterxml\jackson\module\jackson-module-parameter-names\2.15.4\jackson-module-parameter-names-2.15.4.jar;C:\Users\LENOVO\.m2\repository\org\springframework\boot\spring-boot-starter-tomcat\3.2.5\spring-boot-starter-tomcat-3.2.5.jar;C:\Users\LENOVO\.m2\repository\org\apache\tomcat\embed\tomcat-embed-core\10.1.20\tomcat-embed-core-10.1.20.jar;C:\Users\LENOVO\.m2\repository\org\apache\tomcat\embed\tomcat-embed-websocket\10.1.20\tomcat-embed-websocket-10.1.20.jar;C:
Launcher Type: SUN_STANDARD

[Global flags]
     intx CICompilerCount                          = 4                                         {product} {ergonomic}
     uint ConcGCThreads                            = 2                                         {product} {ergonomic}
     uint G1ConcRefinementThreads                  = 8                                         {product} {ergonomic}
   size_t G1HeapRegionSize                         = 1048576                                   {product} {ergonomic}
    uintx GCDrainStackTargetSize                   = 64                                        {product} {ergonomic}
   size_t InitialHeapSize                          = 132120576                                 {product} {ergonomic}
     bool ManagementServer                         = true                                      {product} {command line}
   size_t MarkStackSize                            = 4194304                                   {product} {ergonomic}
   size_t MaxHeapSize                              = 2113929216                                {product} {ergonomic}
   size_t MaxNewSize                               = 1267728384                                {product} {ergonomic}
   size_t MinHeapDeltaBytes                        = 1048576                                   {product} {ergonomic}
   size_t MinHeapSize                              = 8388608                                   {product} {ergonomic}
    uintx NonProfiledCodeHeapSize                  = 0                                      {pd product} {ergonomic}
     bool ProfileInterpreter                       = false                                  {pd product} {command line}
    uintx ProfiledCodeHeapSize                     = 0                                      {pd product} {ergonomic}
   size_t SoftMaxHeapSize                          = 2113929216                             {manageable} {ergonomic}
     intx TieredStopAtLevel                        = 1                                         {product} {command line}
     bool UseCompressedClassPointers               = true                           {product lp64_product} {ergonomic}
     bool UseCompressedOops                        = true                           {product lp64_product} {ergonomic}
     bool UseG1GC                                  = true                                      {product} {ergonomic}
     bool UseLargePagesIndividualAllocation        = false                                  {pd product} {ergonomic}

Logging:
Log output configuration:
 #0: stdout all=warning uptime,level,tags
 #1: stderr all=off uptime,level,tags

Environment Variables:
JAVA_HOME=C:\Program Files\Java\jdk-25
PATH=C:\Program Files\Java\jdk-25\bin;C:\Program Files\Common Files\Oracle\Java\javapath;C:\oraclexe\app\oracle\product\11.2.0\server\bin;C:\Program Files (x86)\VMware\VMware Workstation\bin\;C:\Windows\system32;C:\Windows;C:\Windows\System32\Wbem;C:\Windows\System32\WindowsPowerShell\v1.0\;C:\Windows\System32\OpenSSH\;C:\Program Files\Git\cmd;C:\ProgramData\ComposerSetup\bin;C:\Program Files\nodejs\;C:\Program Files\Vagrant\bin;C:\Users\LENOVO\Downloads\apache-maven-3.9.12-bin\bin;C:\Users\LENOVO\AppData\Local\Programs\Python\Python314\Scripts\;C:\Users\LENOVO\AppData\Local\Programs\Python\Python314\;C:\Users\LENOVO\AppData\Local\Programs\Python\Launcher\;C:\Users\LENOVO\scoop\shims;C:\Users\LENOVO\AppData\Local\Microsoft\WindowsApps;C:\Users\LENOVO\AppData\Local\Programs\Microsoft VS Code\bin;C:\xampp\php;C:\Users\LENOVO\AppData\Roaming\Composer\vendor\bin;C:\Users\LENOVO\AppData\Roaming\npm;C:\Users\LENOVO\AppData\Local\Programs\Antigravity\bin
USERNAME=LENOVO
OS=Windows_NT
PROCESSOR_IDENTIFIER=Intel64 Family 6 Model 142 Stepping 10, GenuineIntel
TMP=C:\PROGRA~1\KMSpico\temp
TEMP=C:\PROGRA~1\KMSpico\temp



Periodic native trim disabled

JNI global refs:
JNI global refs: 18, weak refs: 0

JNI global refs memory usage: 843, weak refs: 841

Process memory usage:
Resident Set Size: 422504K (5% of 8251700K total physical memory with 759376K free physical memory)

OOME stack traces (most recent first):
Classloader memory used:
Loader jdk.internal.loader.ClassLoaders$AppClassLoader                                 : 7662K
Loader bootstrap                                                                       : 1174K
Loader org.springframework.boot.devtools.restart.classloader.RestartClassLoader        : 1110K
Loader jdk.internal.reflect.DelegatingClassLoader                                      : 101K
Loader jdk.internal.loader.ClassLoaders$PlatformClassLoader                            : 68390B
Loader sun.reflect.misc.MethodUtil                                                     : 373B
Loader net.bytebuddy.utility.dispatcher.JavaDispatcher$DynamicClassLoader              : 231B

Classes loaded by more than one classloader:
Class tn.esprit.projetintegre.ProjetIntegreApplication                                : loaded 2 times (x 69B)


---------------  S Y S T E M  ---------------

OS:
 Windows 10 , 64 bit Build 19041 (10.0.19041.1348)
OS uptime: 0 days 1:16 hours

CPU: total 8 (initial active 8) (4 cores per cpu, 2 threads per core) family 6 model 142 stepping 10 microcode 0xb4, cx8, cmov, fxsr, ht, mmx, 3dnowpref, sse, sse2, sse3, ssse3, sse4.1, sse4.2, popcnt, lzcnt, tsc, tscinvbit, avx, avx2, aes, erms, clmul, bmi1, bmi2, adx, fma, vzeroupper, clflush, clflushopt
Processor Information for processor 0
  Max Mhz: 1801, Current Mhz: 1500, Mhz Limit: 1801
Processor Information for processor 1
  Max Mhz: 1801, Current Mhz: 1801, Mhz Limit: 1801
Processor Information for processor 2
  Max Mhz: 1801, Current Mhz: 1801, Mhz Limit: 1801
Processor Information for processor 3
  Max Mhz: 1801, Current Mhz: 1500, Mhz Limit: 1801
Processor Information for processor 4
  Max Mhz: 1801, Current Mhz: 1801, Mhz Limit: 1801
Processor Information for processor 5
  Max Mhz: 1801, Current Mhz: 1500, Mhz Limit: 1801
Processor Information for processor 6
  Max Mhz: 1801, Current Mhz: 1500, Mhz Limit: 1801
Processor Information for processor 7
  Max Mhz: 1801, Current Mhz: 1801, Mhz Limit: 1801

Memory: 4k page, system-wide physical 8058M (743M free)
TotalPageFile size 12495M (AvailPageFile size 18M)
current process WorkingSet (physical memory assigned to process): 413M, peak: 413M
current process commit charge ("private bytes"): 451M, peak: 544M

vm_info: OpenJDK 64-Bit Server VM (17.0.14+1-b1367.22) for windows-amd64 JRE (17.0.14+1-b1367.22), built on 2025-01-30 by "builduser" with MS VC++ 16.10 / 16.11 (VS2019)

END.
